Invalid equal sign (=) encountered while parsing (tag "%COR_LINHA" with attributes). 
Invalid equal sign (=) encountered while parsing (tag "%COR_LINHA" with attributes). 
Invalid equal sign (=) encountered while parsing (tag "%COR_LINHA" with attributes). 
Invalid equal sign (=) encountered while parsing (tag "%COR_LINHA" with attributes). 
Invalid equal sign (=) encountered while parsing (tag "%COR_LINHA" with attributes). 
Invalid equal sign (=) encountered while parsing (tag "%COR_LINHA" with attributes). 
Invalid equal sign (=) encountered while parsing (tag "%COR_LINHA" with attributes). 
Invalid equal sign (=) encountered while parsing (tag "%COR_LINHA" with attributes). 
Invalid equal sign (=) encountered while parsing (tag "%COR_LINHA" with attributes). 
Invalid equal sign (=) encountered while parsing (tag "%COR_LINHA" with attributes). 
Invalid equal sign (=) encountered while parsing (tag "%COR_LINHA" with attributes). 
Invalid equal sign (=) encountered while parsing (tag "%COR_LINHA" with attributes). 
Invalid equal sign (=) encountered while parsing (tag "%COR_LINHA" with attributes). 
Invalid equal sign (=) encountered while parsing (tag "%COR_LINHA" with attributes). 
Invalid equal sign (=) encountered while parsing (tag "%COR_LINHA" with attributes). 
Invalid equal sign (=) encountered while parsing (tag "%COR_LINHA" with attributes). 
Invalid equal sign (=) encountered while parsing (tag "%COR_LINHA" with attributes). 
Invalid equal sign (=) encountered while parsing (tag "%COR_LINHA" with attributes). 
Invalid equal sign (=) encountered while parsing (tag "%COR_LINHA" with attributes). 
Invalid equal sign (=) encountered while parsing (tag "%COR_LINHA" with attributes). 
Invalid equal sign (=) encountered while parsing (tag "%COR_LINHA" with attributes). 
Invalid equal sign (=) encountered while parsing (tag "%CABECA" with attributes). 
Invalid equal sign (=) encountered while parsing (tag "%CABECA" with attributes). 
Invalid equal sign (=) encountered while parsing (tag "%COR_LINHA" with attributes). 
Invalid equal sign (=) encountered while parsing (tag "%COR_LINHA" with attributes). 
Invalid equal sign (=) encountered while parsing (tag "%COR_LINHA" with attributes). 
Invalid character (+) encountered while parsing (tag "%END" with attributes if= CONTA_GERAL=conta_geral). 
Invalid character (+) encountered while parsing (tag "%END" with attributes if= CONTA_GERAL=conta_geral). 
Invalid character (+) encountered while parsing (tag "%END" with attributes if= CONTA_GERAL=conta_geral). 
Invalid character (+) encountered while parsing (tag "%END" with attributes if= CONTA_GERAL=conta_geral). 
Invalid equal sign (=) encountered while parsing (tag "%COR_LINHA" with attributes). 
Invalid equal sign (=) encountered while parsing (tag "%COR_LINHA" with attributes). 
Invalid quoted string 'qtd_linha_pagina' encountered while parsing (tag "%WHILE" with attributes not= NUM_LINHA=40). 
Invalid quoted string 'qtd_linha_pagina' encountered while parsing (tag "%WHILE" with attributes not= NUM_LINHA=40). 
Invalid quoted string 'qtd_linha_pagina' encountered while parsing (tag "%WHILE" with attributes not= NUM_LINHA=40). 
Invalid quoted string 'qtd_linha_pagina' encountered while parsing (tag "%WHILE" with attributes not= NUM_LINHA=40). 
Invalid character (*) encountered while parsing (tag "%'***" with attributes Datas=). 
Invalid character (*) encountered while parsing (tag "%'***" with attributes Datas=). 
Invalid equal sign (=) encountered while parsing (tag "%CONTA_LINHAS" with attributes). 
Invalid equal sign (=) encountered while parsing (tag "%CONTA_LINHAS" with attributes). 
Invalid equal sign (=) encountered while parsing (tag "%CONTA_LINHAS" with attributes). 
Invalid equal sign (=) encountered while parsing (tag "%CONTA_LINHAS" with attributes). 
Invalid equal sign (=) encountered while parsing (tag "%CONTA_LINHAS" with attributes). 
Invalid equal sign (=) encountered while parsing (tag "%CONTA_LINHAS" with attributes). 
Invalid equal sign (=) encountered while parsing (tag "%CONTA_LINHAS" with attributes). 
Invalid equal sign (=) encountered while parsing (tag "%CONTA_LINHAS" with attributes). 
Invalid equal sign (=) encountered while parsing (tag "%CONTA_LINHAS" with attributes). 
Invalid equal sign (=) encountered while parsing (tag "%CONTA_LINHAS" with attributes). 
Invalid equal sign (=) encountered while parsing (tag "%CONTA_LINHAS" with attributes). 
Invalid equal sign (=) encountered while parsing (tag "%CONTA_LINHAS" with attributes). 
Invalid equal sign (=) encountered while parsing (tag "%CONTA_LINHAS" with attributes). 
Invalid character (*) encountered while parsing (tag "%'***" with attributes Idade= DO= TITULAR= CONVÍNIO=). 
Invalid character (*) encountered while parsing (tag "%'***" with attributes Idade= DO= TITULAR= CONVÍNIO=). 
Invalid character (*) encountered while parsing (tag "%'***" with attributes Idade= DO= TITULAR= CONVÍNIO=). 
Invalid character (*) encountered while parsing (tag "%'***" with attributes Idade= DO= TITULAR= CONVÍNIO=). 
Invalid character (*) encountered while parsing (tag "%'***" with attributes Idade= DO= TITULAR= CONVÍNIO=). 
Invalid character (*) encountered while parsing (tag "%'***" with attributes Idade= DO= TITULAR= CONVÍNIO=). 
Invalid character (*) encountered while parsing (tag "%'***" with attributes Idade= DO= TITULAR= CONVÍNIO=). 
Invalid character (*) encountered while parsing (tag "%'***" with attributes Idade= DO= TITULAR= CONVÍNIO=). 
Invalid character (*) encountered while parsing (tag "%'***" with attributes Idade= DO= TITULAR= CONVÍNIO=). 
Invalid character (*) encountered while parsing (tag "%'***" with attributes Idade= DO= TITULAR= CONVÍNIO=). 
Invalid character (*) encountered while parsing (tag "%'***" with attributes Idade= DO= TITULAR= CONVÍNIO=). 
Invalid character (*) encountered while parsing (tag "%'***" with attributes Idade= DO= TITULAR= CONVÍNIO=). 
Invalid character (*) encountered while parsing (tag "%'***" with attributes Idade= DO= TITULAR= CONVÍNIO=). 
Invalid character (*) encountered while parsing (tag "%'***" with attributes Idade= DO= TITULAR= CONVÍNIO=). 
Invalid character (*) encountered while parsing (tag "%'***" with attributes Idade= DO= TITULAR= CONVÍNIO=). 
Invalid character (*) encountered while parsing (tag "%'***" with attributes Idade= DO= TITULAR= CONVÍNIO=). 
Invalid character (*) encountered while parsing (tag "%'***" with attributes Idade= DO= TITULAR= CONVÍNIO=). 
Invalid character (*) encountered while parsing (tag "%'***" with attributes Idade= DO= TITULAR= CONVÍNIO=). 
Invalid character (*) encountered while parsing (tag "%'***" with attributes Idade= DO= TITULAR= CONVÍNIO=). 
Invalid character (*) encountered while parsing (tag "%'***" with attributes Idade= DO= TITULAR= CONVÍNIO=). 
Invalid quoted string 'Masc' encountered while parsing (tag "%IF" with attributes dependentes_sexo=1 then=). 
Invalid quoted string 'Masc' encountered while parsing (tag "%IF" with attributes dependentes_sexo=1 then=). 
Invalid quoted string 'Masc' encountered while parsing (tag "%IF" with attributes dependentes_sexo=1 then=). 
Invalid quoted string 'Masc' encountered while parsing (tag "%IF" with attributes dependentes_sexo=1 then=). 
Invalid quoted string 'Masc' encountered while parsing (tag "%IF" with attributes dependentes_sexo=1 then=). 
Invalid quoted string 'Masc' encountered while parsing (tag "%IF" with attributes cd_dependente_sexo=1 then=). 
Invalid quoted string 'Masc' encountered while parsing (tag "%IF" with attributes cd_dependente_sexo=1 then=). 
Invalid quoted string 'Masc' encountered while parsing (tag "%IF" with attributes cd_dependente_sexo=1 then=). 
Invalid quoted string 'Masc' encountered while parsing (tag "%IF" with attributes cd_dependente_sexo=1 then=). 
Invalid quoted string 'Masc' encountered while parsing (tag "%IF" with attributes cd_dependente_sexo=1 then=). 
