Invalid character (,) encountered while parsing (tag "%" with attributes procedimentos=1,2,3,4,5 virgula=InStr(1,). 
Invalid character (,) encountered while parsing (tag "%" with attributes procedimentos=1,2,3,4,5 virgula=InStr(1,). 
Invalid character (,) encountered while parsing (tag "%" with attributes procedimentos=1,2,3,4,5 virgula=InStr(1,). 
Invalid character (,) encountered while parsing (tag "%" with attributes procedimentos=1,2,3,4,5 virgula=InStr(1,). 
Invalid character (,) encountered while parsing (tag "%" with attributes procedimentos=1,2,3,4,5 virgula=InStr(1,). 
Invalid character (,) encountered while parsing (tag "%" with attributes procedimentos=1,2,3,4,5 virgula=InStr(1,). 
Invalid character (,) encountered while parsing (tag "%" with attributes procedimentos=1,2,3,4,5 virgula=InStr(1,). 
Invalid character (,) encountered while parsing (tag "%" with attributes procedimentos=1,2,3,4,5 virgula=InStr(1,). 
Invalid character (,) encountered while parsing (tag "%" with attributes procedimentos=1,2,3,4,5 virgula=InStr(1,). 
Invalid character (,) encountered while parsing (tag "%" with attributes procedimentos=12,3,4,5 virgula=InStr(1,). 
Invalid character (,) encountered while parsing (tag "%" with attributes procedimentos=12,3,4,5 virgula=InStr(1,). 
Invalid character (,) encountered while parsing (tag "%" with attributes procedimentos=12,3,4,5 virgula=InStr(1,). 
Invalid character (,) encountered while parsing (tag "%" with attributes procedimentos=12,3,4,5 virgula=InStr(1,). 
Invalid quoted string '***** Variáveis ******' encountered while parsing (tag "%" with attributes). 
Invalid quoted string '***** Variáveis ******' encountered while parsing (tag "%" with attributes). 
Invalid quoted string '***** Variáveis ******' encountered while parsing (tag "%" with attributes). 
Invalid quoted string '***** Variáveis ******' encountered while parsing (tag "%" with attributes). 
Invalid quoted string '***** Variáveis ******' encountered while parsing (tag "%" with attributes). 
Invalid quoted string '***** Variáveis ******' encountered while parsing (tag "%" with attributes). 
Invalid quoted string '***** Variáveis ******' encountered while parsing (tag "%" with attributes). 
Invalid quoted string '***** Variáveis ******' encountered while parsing (tag "%" with attributes). 
Invalid quoted string '***** Variáveis ******' encountered while parsing (tag "%" with attributes). 
Invalid quoted string '***** Variáveis ******' encountered while parsing (tag "%" with attributes). 
Invalid quoted string '***** Variáveis ******' encountered while parsing (tag "%" with attributes). 
Invalid quoted string '***** Variáveis ******' encountered while parsing (tag "%" with attributes). 
Invalid quoted string '***** Variáveis ******' encountered while parsing (tag "%" with attributes). 
Invalid quoted string '***** Variáveis ******' encountered while parsing (tag "%" with attributes). 
Invalid equal sign (=) encountered while parsing (tag "%'TXTBUSCA" with attributes). 
Invalid equal sign (=) encountered while parsing (tag "%'TXTBUSCA" with attributes). 
Invalid equal sign (=) encountered while parsing (tag "%'TXTBUSCA" with attributes). 
Invalid equal sign (=) encountered while parsing (tag "%'TXTBUSCA" with attributes). 
Invalid equal sign (=) encountered while parsing (tag "%'TXTBUSCA" with attributes). 
Invalid equal sign (=) encountered while parsing (tag "%'TXTBUSCA" with attributes). 
Invalid equal sign (=) encountered while parsing (tag "%'TXTBUSCA" with attributes). 
Invalid equal sign (=) encountered while parsing (tag "%X" with attributes). 
Invalid equal sign (=) encountered while parsing (tag "%X" with attributes). 
Invalid character (&) encountered while parsing (tag "%" with attributes ordem=Order by sequencia ). 
Invalid character (&) encountered while parsing (tag "%" with attributes ordem=Order by sequencia ). 
Invalid equal sign (=) encountered while parsing (tag "%X" with attributes). 
Invalid equal sign (=) encountered while parsing (tag "%X" with attributes). 
Invalid character (&) encountered while parsing (tag "%" with attributes sequencia=1 ordem=Order by ). 
Invalid quoted string '1' encountered while parsing (tag "%'0" with attributes if= ANDDEM_PROTOCOLO=11 Then= ULTIMO= Elseif= PRIMEIRO=a002_numpro SEGUNDO=,a002_numpro TERCEIRO=,a002_numpro QUARTO=,a002_numpro QUINTO=,a002_numpro SEXTO=,a002_numpro SETIMO=,a002_numpro OITAVO=,a002_numpro NONO=,a002_numpro DECIMO=,a002_numpro DECIMO_PRI=,a002_numpro End=). 
Invalid quoted string '1' encountered while parsing (tag "%'0" with attributes if= ANDDEM_PROTOCOLO=11 Then= ULTIMO= Elseif= PRIMEIRO=a002_numpro SEGUNDO=,a002_numpro TERCEIRO=,a002_numpro QUARTO=,a002_numpro QUINTO=,a002_numpro SEXTO=,a002_numpro SETIMO=,a002_numpro OITAVO=,a002_numpro NONO=,a002_numpro DECIMO=,a002_numpro DECIMO_PRI=,a002_numpro End=). 
Invalid quoted string '1' encountered while parsing (tag "%'0" with attributes if= ANDDEM_PROTOCOLO=11 Then= ULTIMO= Elseif= PRIMEIRO=a002_numpro SEGUNDO=,a002_numpro TERCEIRO=,a002_numpro QUARTO=,a002_numpro QUINTO=,a002_numpro SEXTO=,a002_numpro SETIMO=,a002_numpro OITAVO=,a002_numpro NONO=,a002_numpro DECIMO=,a002_numpro DECIMO_PRI=,a002_numpro End=). 
Invalid quoted string '1' encountered while parsing (tag "%'0" with attributes if= ANDDEM_PROTOCOLO=11 Then= ULTIMO= Elseif= PRIMEIRO=a002_numpro SEGUNDO=,a002_numpro TERCEIRO=,a002_numpro QUARTO=,a002_numpro QUINTO=,a002_numpro SEXTO=,a002_numpro SETIMO=,a002_numpro OITAVO=,a002_numpro NONO=,a002_numpro DECIMO=,a002_numpro DECIMO_PRI=,a002_numpro End=). 
Invalid quoted string '1' encountered while parsing (tag "%'0" with attributes if= ANDDEM_PROTOCOLO=11 Then= ULTIMO= Elseif= PRIMEIRO=a002_numpro SEGUNDO=,a002_numpro TERCEIRO=,a002_numpro QUARTO=,a002_numpro QUINTO=,a002_numpro SEXTO=,a002_numpro SETIMO=,a002_numpro OITAVO=,a002_numpro NONO=,a002_numpro DECIMO=,a002_numpro DECIMO_PRI=,a002_numpro End=). 
Invalid quoted string '1' encountered while parsing (tag "%'0" with attributes if= ANDDEM_PROTOCOLO=11 Then= ULTIMO= Elseif= PRIMEIRO=a002_numpro SEGUNDO=,a002_numpro TERCEIRO=,a002_numpro QUARTO=,a002_numpro QUINTO=,a002_numpro SEXTO=,a002_numpro SETIMO=,a002_numpro OITAVO=,a002_numpro NONO=,a002_numpro DECIMO=,a002_numpro DECIMO_PRI=,a002_numpro End=). 
Invalid quoted string '>' encountered while parsing (tag "%'0" with attributes if= ORDEM_PROTOCOLO=11 Then= ULTIMO= Elseif= PRIMEIRO=a002_numpro SEGUNDO=,a002_numpro TERCEIRO=,a002_numpro QUARTO=,a002_numpro QUINTO=,a002_numpro SEXTO=,a002_numpro SETIMO=,a002_numpro OITAVO=,a002_numpro NONO=,a002_numpro DECIMO=,a002_numpro DECIMO_PRI=,a002_numpro End=). 
End of file encountered while parsing (tag "%'0" with attributes if= ORDEM_PROTOCOLO=11 Then= ULTIMO= Elseif= PRIMEIRO=a002_numpro SEGUNDO=,a002_numpro TERCEIRO=,a002_numpro QUARTO=,a002_numpro QUINTO=,a002_numpro SEXTO=,a002_numpro SETIMO=,a002_numpro OITAVO=,a002_numpro NONO=,a002_numpro DECIMO=,a002_numpro DECIMO_PRI=,a002_numpro End= ORD=>). 
Invalid character (+) encountered while parsing (tag "%'0" with attributes if= ORDEM_PROTOCOLO=11 Then= ULTIMO= Elseif= PRIMEIRO=a002_numpro SEGUNDO=,a002_numpro TERCEIRO=,a002_numpro QUARTO=,a002_numpro QUINTO=,a002_numpro SEXTO=,a002_numpro SETIMO=,a002_numpro OITAVO=,a002_numpro NONO=,a002_numpro DECIMO=,a002_numpro DECIMO_PRI=,a002_numpro End= ORD=1). 
Invalid character (+) encountered while parsing (tag "%'0" with attributes if= ORDEM_PROTOCOLO=11 Then= ULTIMO= Elseif= PRIMEIRO=a002_numpro SEGUNDO=,a002_numpro TERCEIRO=,a002_numpro QUARTO=,a002_numpro QUINTO=,a002_numpro SEXTO=,a002_numpro SETIMO=,a002_numpro OITAVO=,a002_numpro NONO=,a002_numpro DECIMO=,a002_numpro DECIMO_PRI=,a002_numpro End= ORD=1). 
Invalid character (+) encountered while parsing (tag "%'0" with attributes if= ORDEM_PROTOCOLO=11 Then= ULTIMO= Elseif= PRIMEIRO=a002_numpro SEGUNDO=,a002_numpro TERCEIRO=,a002_numpro QUARTO=,a002_numpro QUINTO=,a002_numpro SEXTO=,a002_numpro SETIMO=,a002_numpro OITAVO=,a002_numpro NONO=,a002_numpro DECIMO=,a002_numpro DECIMO_PRI=,a002_numpro End= ORD=ord1). 
Invalid character (+) encountered while parsing (tag "%'0" with attributes if= ORDEM_PROTOCOLO=11 Then= ULTIMO= Elseif= PRIMEIRO=a002_numpro SEGUNDO=,a002_numpro TERCEIRO=,a002_numpro QUARTO=,a002_numpro QUINTO=,a002_numpro SEXTO=,a002_numpro SETIMO=,a002_numpro OITAVO=,a002_numpro NONO=,a002_numpro DECIMO=,a002_numpro DECIMO_PRI=,a002_numpro End= ORD=ord). 
Invalid character (+) encountered while parsing (tag "%'0" with attributes if= ORDEM_PROTOCOLO=11 Then= ULTIMO= Elseif= PRIMEIRO=a002_numpro SEGUNDO=,a002_numpro TERCEIRO=,a002_numpro QUARTO=,a002_numpro QUINTO=,a002_numpro SEXTO=,a002_numpro SETIMO=,a002_numpro OITAVO=,a002_numpro NONO=,a002_numpro DECIMO=,a002_numpro DECIMO_PRI=,a002_numpro End= ORD=ord). 
Invalid equal sign (=) encountered while parsing (tag "%XSQL_UND" with attributes). 
Invalid equal sign (=) encountered while parsing (tag "%XSQL_UND" with attributes). 
Invalid equal sign (=) encountered while parsing (tag "%X" with attributes). 
Invalid equal sign (=) encountered while parsing (tag "%X" with attributes). 
Invalid equal sign (=) encountered while parsing (tag "%X" with attributes). 
Invalid equal sign (=) encountered while parsing (tag "%X" with attributes). 
Invalid quoted string 'acao' encountered while parsing (tag "%" with attributes acao=request(). 
Invalid quoted string 'acao' encountered while parsing (tag "%" with attributes acao=request(). 
Invalid quoted string 'acao' encountered while parsing (tag "%" with attributes acao=request(). 
Invalid quoted string 'acao' encountered while parsing (tag "%" with attributes acao=request(). 
Invalid quoted string 'acao' encountered while parsing (tag "%" with attributes acao=request(). 
Invalid quoted string 'cd_codigo' encountered while parsing (tag "%" with attributes cd_codigo=request(). 
Invalid quoted string 'cd_codigo' encountered while parsing (tag "%" with attributes cd_codigo=request(). 
Invalid quoted string '************** Período ***********************' encountered while parsing (tag "%'********************************************" with attributes). 
Invalid quoted string '************** Período ***********************' encountered while parsing (tag "%'********************************************" with attributes). 
Invalid quoted string '************** Período ***********************' encountered while parsing (tag "%'********************************************" with attributes). 
Invalid quoted string '************** Período ***********************' encountered while parsing (tag "%'********************************************" with attributes). 
Invalid quoted string '************** Período ***********************' encountered while parsing (tag "%'********************************************" with attributes). 
Invalid quoted string '*** limpa dia de folga' encountered while parsing (tag "%'END" with attributes if= RS3.MOVENEXT=). 
Invalid quoted string '*** limpa dia de folga' encountered while parsing (tag "%'END" with attributes if= RS3.MOVENEXT=). 
Invalid quoted string '*** limpa dia de folga' encountered while parsing (tag "%'END" with attributes if= RS3.MOVENEXT=). 
Invalid quoted string '*** limpa dia de folga' encountered while parsing (tag "%'END" with attributes if= RS3.MOVENEXT=). 
Invalid quoted string 'Wscript.Shell' encountered while parsing (tag "%SET" with attributes WshShell=CreateObject(). 
Invalid quoted string 'Wscript.Shell' encountered while parsing (tag "%SET" with attributes WshShell=CreateObject(). 
Invalid equal sign (=) encountered while parsing (tag "%'XSQL" with attributes). 
Invalid equal sign (=) encountered while parsing (tag "%'XSQL" with attributes). 
Invalid equal sign (=) encountered while parsing (tag "%'XSQL" with attributes). 
Invalid equal sign (=) encountered while parsing (tag "%'XSQL" with attributes). 
Invalid equal sign (=) encountered while parsing (tag "%'XSQL" with attributes). 
Invalid equal sign (=) encountered while parsing (tag "%'XSQL" with attributes). 
Invalid quoted string '************** Período ***********************' encountered while parsing (tag "%'********************************************" with attributes). 
Invalid quoted string '************** Período ***********************' encountered while parsing (tag "%'********************************************" with attributes). 
Invalid quoted string '************** Período ***********************' encountered while parsing (tag "%'********************************************" with attributes). 
Invalid equal sign (=) encountered while parsing (tag "%'XSQL" with attributes). 
Invalid equal sign (=) encountered while parsing (tag "%'XSQL" with attributes). 
Invalid equal sign (=) encountered while parsing (tag "%'XSQL" with attributes). 
Invalid equal sign (=) encountered while parsing (tag "%'XSQL" with attributes). 
Invalid equal sign (=) encountered while parsing (tag "%'XSQL" with attributes). 
Invalid equal sign (=) encountered while parsing (tag "%'XSQL" with attributes). 
Invalid equal sign (=) encountered while parsing (tag "%'XSQL" with attributes). 
Invalid equal sign (=) encountered while parsing (tag "%ORDEM" with attributes). 
Invalid equal sign (=) encountered while parsing (tag "%ORDEM" with attributes). 
Invalid equal sign (=) encountered while parsing (tag "%ORDEM" with attributes). 
Invalid equal sign (=) encountered while parsing (tag "%ORDEM" with attributes). 
Invalid equal sign (=) encountered while parsing (tag "%ORDEM" with attributes). 
Invalid equal sign (=) encountered while parsing (tag "%ORDEM" with attributes). 
Invalid equal sign (=) encountered while parsing (tag "%ORDEM" with attributes). 
Invalid equal sign (=) encountered while parsing (tag "%ORDEM" with attributes). 
Invalid equal sign (=) encountered while parsing (tag "%ORDEM" with attributes). 
Invalid equal sign (=) encountered while parsing (tag "%ORDEM" with attributes). 
Invalid equal sign (=) encountered while parsing (tag "%ORDEM" with attributes). 
Invalid equal sign (=) encountered while parsing (tag "%ORDEM" with attributes). 
Invalid equal sign (=) encountered while parsing (tag "%ORDEM" with attributes). 
Invalid equal sign (=) encountered while parsing (tag "%ORDEM" with attributes). 
Invalid equal sign (=) encountered while parsing (tag "%ORDEM" with attributes). 
Invalid equal sign (=) encountered while parsing (tag "%ORDEM" with attributes). 
Invalid equal sign (=) encountered while parsing (tag "%ORDEM" with attributes). 
Invalid equal sign (=) encountered while parsing (tag "%ORDEM" with attributes). 
Invalid equal sign (=) encountered while parsing (tag "%ORDEM" with attributes). 
Invalid equal sign (=) encountered while parsing (tag "%ORDEM" with attributes). 
Invalid equal sign (=) encountered while parsing (tag "%ORDEM" with attributes). 
Invalid equal sign (=) encountered while parsing (tag "%ORDEM" with attributes). 
Invalid equal sign (=) encountered while parsing (tag "%ORDEM" with attributes). 
Invalid equal sign (=) encountered while parsing (tag "%ORDEM" with attributes). 
Invalid equal sign (=) encountered while parsing (tag "%ORDEM" with attributes). 
Invalid equal sign (=) encountered while parsing (tag "%ORDEM" with attributes). 
Invalid quoted string '0' encountered while parsing (tag "%" with attributes). 
Invalid quoted string '0' encountered while parsing (tag "%" with attributes). 
Invalid equal sign (=) encountered while parsing (tag "%'XSQL" with attributes). 
Invalid equal sign (=) encountered while parsing (tag "%'XSQL" with attributes). 
Invalid equal sign (=) encountered while parsing (tag "%'XSQL" with attributes). 
Invalid equal sign (=) encountered while parsing (tag "%'XSQL" with attributes). 
Invalid equal sign (=) encountered while parsing (tag "%'XSQL" with attributes). 
Invalid equal sign (=) encountered while parsing (tag "%'XSQL" with attributes). 
Invalid equal sign (=) encountered while parsing (tag "%'XSQL" with attributes). 
Invalid equal sign (=) encountered while parsing (tag "%'XSQL" with attributes). 
Invalid equal sign (=) encountered while parsing (tag "%'XSQL" with attributes). 
Invalid equal sign (=) encountered while parsing (tag "%'XSQL" with attributes). 
Invalid quoted string '0' encountered while parsing (tag "%" with attributes). 
Invalid quoted string '0' encountered while parsing (tag "%" with attributes). 
Invalid quoted string '0' encountered while parsing (tag "%" with attributes). 
Invalid quoted string '0' encountered while parsing (tag "%" with attributes). 
Invalid quoted string '0' encountered while parsing (tag "%" with attributes). 
Invalid quoted string '0' encountered while parsing (tag "%" with attributes). 
Invalid quoted string '0' encountered while parsing (tag "%" with attributes). 
Invalid equal sign (=) encountered while parsing (tag "%STRSQL" with attributes). 
Invalid equal sign (=) encountered while parsing (tag "%STRSQL" with attributes). 
Invalid equal sign (=) encountered while parsing (tag "%STRSQL" with attributes). 
Invalid equal sign (=) encountered while parsing (tag "%STRSQL" with attributes). 
Invalid equal sign (=) encountered while parsing (tag "%STRSQL" with attributes). 
Invalid quoted string '**********************************************' encountered while parsing (tag "%" with attributes). 
Invalid quoted string '**********************************************' encountered while parsing (tag "%" with attributes). 
Invalid quoted string '**********************************************' encountered while parsing (tag "%" with attributes). 
Invalid quoted string '**********************************************' encountered while parsing (tag "%" with attributes). 
Invalid quoted string '**********************************************' encountered while parsing (tag "%" with attributes). 
Invalid quoted string '**********************************************' encountered while parsing (tag "%" with attributes). 
Invalid quoted string '**********************************************' encountered while parsing (tag "%" with attributes). 
Invalid quoted string '**********************************************' encountered while parsing (tag "%" with attributes). 
Invalid quoted string '**********************************************' encountered while parsing (tag "%" with attributes). 
Invalid character (*) encountered while parsing (tag "%'***" with attributes). 
Invalid equal sign (=) encountered while parsing (tag "%NUMERO" with attributes). 
Invalid equal sign (=) encountered while parsing (tag "%NUMERO" with attributes). 
Invalid quoted string '**********************************************' encountered while parsing (tag "%" with attributes). 
Invalid quoted string '**********************************************' encountered while parsing (tag "%" with attributes). 
End of file encountered while parsing (tag "%" with attributes strsql_proc=SELECT * FROM TBL_protocolo_procedimento WHEREOrder by '>). 
End of file encountered while parsing (tag "%" with attributes strsql_proc=SELECT * FROM TBL_protocolo_procedimento WHERE a001_numseqOrder by '>). 
End of file encountered while parsing (tag "%" with attributes strsql_proc=SELECT * FROM TBL_protocolo_procedimento WHERE a001_numseq ORDEROrder by '>). 
End of file encountered while parsing (tag "%" with attributes strsql_proc=SELECT * FROM TBL_protocolo_procedimento WHERE a001_numseq =ORDER BY '>). 
End of file encountered while parsing (tag "%" with attributes strsql_proc=SELECT * FROM TBL_protocolo_procedimento WHERE a001_numseq = a001_numseqORDER BY '>). 
Invalid quoted string '**********************************************' encountered while parsing (tag "%" with attributes). 
Invalid quoted string '**********************************************' encountered while parsing (tag "%" with attributes). 
Invalid equal sign (=) encountered while parsing (tag "%STRSQL_PROC" with attributes). 
Invalid equal sign (=) encountered while parsing (tag "%STRSQL_PROC" with attributes). 
Invalid equal sign (=) encountered while parsing (tag "%STRSQL_PROC" with attributes). 
Invalid equal sign (=) encountered while parsing (tag "%STRSQL_PROC" with attributes). 
Invalid equal sign (=) encountered while parsing (tag "%STRSQL_PROC" with attributes). 
Invalid equal sign (=) encountered while parsing (tag "%STRSQL_PROC" with attributes). 
Invalid equal sign (=) encountered while parsing (tag "%'CD_UNIDADE" with attributes). 
Invalid equal sign (=) encountered while parsing (tag "%'CD_UNIDADE" with attributes). 
Invalid equal sign (=) encountered while parsing (tag "%STRSQL_RACK" with attributes). 
Invalid equal sign (=) encountered while parsing (tag "%STRSQL_RACK" with attributes). 
Invalid equal sign (=) encountered while parsing (tag "%STRSQL_RACK" with attributes). 
Invalid equal sign (=) encountered while parsing (tag "%STRSQL_RACK" with attributes). 
Invalid quoted string '**********************************************' encountered while parsing (tag "%" with attributes). 
Invalid quoted string '**********************************************' encountered while parsing (tag "%" with attributes). 
Invalid quoted string '**********************************************' encountered while parsing (tag "%" with attributes). 
Invalid quoted string '**********************************************' encountered while parsing (tag "%" with attributes). 
Invalid quoted string '**********************************************' encountered while parsing (tag "%" with attributes). 
Invalid quoted string '**********************************************' encountered while parsing (tag "%" with attributes). 
Invalid quoted string '**********************************************' encountered while parsing (tag "%" with attributes). 
Invalid quoted string '**********************************************' encountered while parsing (tag "%" with attributes). 
Invalid quoted string '**********************************************' encountered while parsing (tag "%" with attributes). 
Invalid quoted string '**********************************************' encountered while parsing (tag "%" with attributes). 
Invalid quoted string '**********************************************' encountered while parsing (tag "%" with attributes). 
Invalid quoted string '**********************************************' encountered while parsing (tag "%" with attributes). 
Invalid quoted string '**********************************************' encountered while parsing (tag "%" with attributes). 
Invalid quoted string '**********************************************' encountered while parsing (tag "%" with attributes). 
Invalid quoted string '**********************************************' encountered while parsing (tag "%" with attributes). 
Invalid quoted string '**********************************************' encountered while parsing (tag "%" with attributes). 
Invalid equal sign (=) encountered while parsing (tag "%STRSQL" with attributes). 
Invalid equal sign (=) encountered while parsing (tag "%STRSQL" with attributes). 
Invalid equal sign (=) encountered while parsing (tag "%STRSQL" with attributes). 
Invalid equal sign (=) encountered while parsing (tag "%STRSQL" with attributes). 
Invalid equal sign (=) encountered while parsing (tag "%STRSQL" with attributes). 
Invalid equal sign (=) encountered while parsing (tag "%STRSQL" with attributes). 
Invalid quoted string 'acao' encountered while parsing (tag "%" with attributes acao=request(). 
Invalid quoted string 'acao' encountered while parsing (tag "%" with attributes acao=request(). 
Invalid quoted string 'acao' encountered while parsing (tag "%" with attributes acao=request(). 
Invalid quoted string 'acao' encountered while parsing (tag "%" with attributes acao=request(). 
Invalid quoted string 'acao' encountered while parsing (tag "%" with attributes acao=request(). 
Invalid quoted string 'acao' encountered while parsing (tag "%" with attributes acao=request(). 
Invalid quoted string 'acao' encountered while parsing (tag "%" with attributes acao=request(). 
Invalid quoted string 'acao' encountered while parsing (tag "%" with attributes acao=request(). 
Invalid equal sign (=) encountered while parsing (tag "%STRSQL" with attributes). 
Invalid equal sign (=) encountered while parsing (tag "%STRSQL" with attributes). 
Invalid equal sign (=) encountered while parsing (tag "%STRSQL" with attributes). 
Invalid equal sign (=) encountered while parsing (tag "%'TXTBUSCA" with attributes). 
Invalid equal sign (=) encountered while parsing (tag "%'TXTBUSCA" with attributes). 
Invalid equal sign (=) encountered while parsing (tag "%'TXTBUSCA" with attributes). 
Invalid equal sign (=) encountered while parsing (tag "%'TXTBUSCA" with attributes). 
Invalid equal sign (=) encountered while parsing (tag "%'TXTBUSCA" with attributes). 
Invalid equal sign (=) encountered while parsing (tag "%'TXTBUSCA" with attributes). 
Invalid equal sign (=) encountered while parsing (tag "%'TXTBUSCA" with attributes). 
Invalid equal sign (=) encountered while parsing (tag "%'TXTBUSCA" with attributes). 
Invalid equal sign (=) encountered while parsing (tag "%'TXTBUSCA" with attributes). 
Invalid equal sign (=) encountered while parsing (tag "%'TXTBUSCA" with attributes). 
Invalid equal sign (=) encountered while parsing (tag "%'TXTBUSCA" with attributes). 
Invalid equal sign (=) encountered while parsing (tag "%'TXTBUSCA" with attributes). 
Invalid equal sign (=) encountered while parsing (tag "%'TXTBUSCA" with attributes). 
Invalid equal sign (=) encountered while parsing (tag "%'TXTBUSCA" with attributes). 
Invalid equal sign (=) encountered while parsing (tag "%'TXTBUSCA" with attributes). 
Invalid equal sign (=) encountered while parsing (tag "%'TXTBUSCA" with attributes). 
Invalid equal sign (=) encountered while parsing (tag "%'TXTBUSCA" with attributes). 
Invalid equal sign (=) encountered while parsing (tag "%'TXTBUSCA" with attributes). 
Invalid equal sign (=) encountered while parsing (tag "%'TXTBUSCA" with attributes). 
Invalid equal sign (=) encountered while parsing (tag "%'TXTBUSCA" with attributes). 
Invalid equal sign (=) encountered while parsing (tag "%'TXTBUSCA" with attributes). 
Invalid quoted string 'acao' encountered while parsing (tag "%" with attributes acao=request(). 
Invalid quoted string 'acao' encountered while parsing (tag "%" with attributes acao=request(). 
Invalid quoted string 'acao' encountered while parsing (tag "%" with attributes acao=request(). 
Invalid quoted string 'acao' encountered while parsing (tag "%" with attributes acao=request(). 
Invalid quoted string 'acao' encountered while parsing (tag "%" with attributes acao=request(). 
Invalid quoted string 'acao' encountered while parsing (tag "%" with attributes acao=request(). 
Invalid quoted string 'acao' encountered while parsing (tag "%" with attributes acao=request(). 
Invalid quoted string 'acao' encountered while parsing (tag "%" with attributes acao=request(). 
Invalid quoted string 'acao' encountered while parsing (tag "%" with attributes acao=request(). 
Invalid quoted string 'acao' encountered while parsing (tag "%" with attributes acao=request(). 
Invalid quoted string 'acao' encountered while parsing (tag "%" with attributes acao=request(). 
Invalid quoted string 'acao' encountered while parsing (tag "%" with attributes acao=request(). 
Invalid quoted string 'acao' encountered while parsing (tag "%" with attributes acao=request(). 
Invalid quoted string 'acao' encountered while parsing (tag "%" with attributes acao=request(). 
Invalid quoted string 'acao' encountered while parsing (tag "%" with attributes acao=request(). 
Invalid quoted string 'acao' encountered while parsing (tag "%" with attributes acao=request(). 
Invalid quoted string 'acao' encountered while parsing (tag "%" with attributes acao=request(). 
Invalid quoted string 'acao' encountered while parsing (tag "%" with attributes acao=request(). 
Invalid equal sign (=) encountered while parsing (tag "%'TXTBUSCA" with attributes). 
Invalid equal sign (=) encountered while parsing (tag "%'TXTBUSCA" with attributes). 
Invalid equal sign (=) encountered while parsing (tag "%CD_COD_CRM" with attributes). 
Invalid equal sign (=) encountered while parsing (tag "%CD_COD_CRM" with attributes). 
Invalid equal sign (=) encountered while parsing (tag "%'TXTBUSCA" with attributes). 
Invalid equal sign (=) encountered while parsing (tag "%PROC_ARRAY" with attributes). 
Invalid equal sign (=) encountered while parsing (tag "%PROC_ARRAY" with attributes). 
Invalid equal sign (=) encountered while parsing (tag "%PROC_ARRAY" with attributes). 
Invalid equal sign (=) encountered while parsing (tag "%PROC_ARRAY" with attributes). 
Invalid equal sign (=) encountered while parsing (tag "%PROC_ARRAY" with attributes). 
Invalid equal sign (=) encountered while parsing (tag "%PROC_ARRAY" with attributes). 
Invalid character (+) encountered while parsing (tag "%RS_PROC1.MOVENEXT" with attributes wend= RS_PROC1.CLOSE= SET= RS_PROC1=nothing end= IF= COR_NUM=cor_num). 
Invalid character (+) encountered while parsing (tag "%RS_PROC1.MOVENEXT" with attributes wend= RS_PROC1.CLOSE= SET= RS_PROC1=nothing end= IF= COR_NUM=cor_num then= ELSE=). 
Invalid equal sign (=) encountered while parsing (tag "%PROC_ARRAY" with attributes). 
Invalid equal sign (=) encountered while parsing (tag "%PROC_ARRAY" with attributes). 
Invalid character (+) encountered while parsing (tag "%RS_PROC1.MOVENEXT" with attributes wend= RS_PROC1.CLOSE= SET= RS_PROC1=nothing end= IF= COR_NUM=cor_num then= else=). 
Invalid character (+) encountered while parsing (tag "%RS_PROC1.MOVENEXT" with attributes wend= RS_PROC1.CLOSE= SET= RS_PROC1=nothing end= IF= COR_NUM=cor_num then= else=). 
Invalid equal sign (=) encountered while parsing (tag "%XSQL" with attributes). 
Invalid equal sign (=) encountered while parsing (tag "%XSQL" with attributes). 
Invalid equal sign (=) encountered while parsing (tag "%XSQL" with attributes). 
Invalid quoted string ' *** Mostra Campo numérico ***' encountered while parsing (tag "%ELSEIF" with attributes IsNumeric(cd_procedimento)=). 
Invalid quoted string ' *** Mostra Campo numérico ***' encountered while parsing (tag "%ELSEIF" with attributes IsNumeric(cd_procedimento)=). 
Invalid quoted string '' encountered while parsing (tag "%DO" with attributes while= NOT=). 
Invalid equal sign (=) encountered while parsing (tag "%MAT_ARRAY" with attributes). 
Invalid equal sign (=) encountered while parsing (tag "%MAT_ARRAY" with attributes). 
Invalid equal sign (=) encountered while parsing (tag "%MAT_ARRAY" with attributes). 
Invalid equal sign (=) encountered while parsing (tag "%MAT_ARRAY" with attributes). 
Invalid quoted string '***** Variáveis ******' encountered while parsing (tag "%" with attributes). 
Invalid quoted string '***** Variáveis ******' encountered while parsing (tag "%" with attributes). 
Invalid quoted string '***** Variáveis ******' encountered while parsing (tag "%" with attributes). 
