Invalid quoted string 'cd_pat_codigo' encountered while parsing (tag "%" with attributes cd_pat_codigo=request(). 
Invalid quoted string 'cd_pat_codigo' encountered while parsing (tag "%" with attributes cd_pat_codigo=request(). 
Invalid quoted string 'cd_pat_codigo' encountered while parsing (tag "%" with attributes cd_pat_codigo=request(). 
Invalid quoted string 'cd_pat_codigo' encountered while parsing (tag "%" with attributes cd_pat_codigo=request(). 
Invalid quoted string 'cd_pat_codigo' encountered while parsing (tag "%" with attributes cd_pat_codigo=request(). 
Invalid quoted string 'cd_pat_codigo' encountered while parsing (tag "%" with attributes cd_pat_codigo=request(). 
Invalid quoted string 'cd_pat_codigo' encountered while parsing (tag "%" with attributes cd_pat_codigo=request(). 
Invalid quoted string 'cd_pat_codigo' encountered while parsing (tag "%" with attributes cd_pat_codigo=request(). 
Invalid quoted string 'cd_pat_codigo' encountered while parsing (tag "%" with attributes cd_pat_codigo=request(). 
Invalid quoted string 'cd_pat_codigo' encountered while parsing (tag "%" with attributes cd_pat_codigo=request(). 
Invalid quoted string 'cd_pat_codigo' encountered while parsing (tag "%" with attributes cd_pat_codigo=request(). 
Invalid quoted string 'cd_pat_codigo' encountered while parsing (tag "%" with attributes cd_pat_codigo=request(). 
Invalid quoted string 'cd_pat_codigo' encountered while parsing (tag "%" with attributes cd_pat_codigo=request(). 
Invalid quoted string 'cd_codigo' encountered while parsing (tag "%" with attributes cd_user=session(). 
Invalid quoted string 'cd_codigo' encountered while parsing (tag "%" with attributes cd_user=session(). 
Invalid quoted string 'cd_codigo' encountered while parsing (tag "%" with attributes cd_user=session(). 
Invalid quoted string 'cd_codigo' encountered while parsing (tag "%" with attributes cd_user=session(). 
Invalid quoted string 'cd_codigo' encountered while parsing (tag "%" with attributes cd_user=session(). 
Invalid equal sign (=) encountered while parsing (tag "%STR_PATRIMONIO" with attributes). 
Invalid equal sign (=) encountered while parsing (tag "%STR_PATRIMONIO" with attributes). 
Invalid equal sign (=) encountered while parsing (tag "%STR_PATRIMONIO" with attributes). 
Invalid equal sign (=) encountered while parsing (tag "%STR_PATRIMONIO" with attributes). 
Invalid equal sign (=) encountered while parsing (tag "%STR_PATRIMONIO" with attributes). 
Invalid equal sign (=) encountered while parsing (tag "%STR_PATRIMONIO" with attributes). 
Invalid equal sign (=) encountered while parsing (tag "%STR_PATRIMONIO" with attributes). 
Invalid equal sign (=) encountered while parsing (tag "%STR_PATRIMONIO" with attributes). 
Invalid equal sign (=) encountered while parsing (tag "%STR_PATRIMONIO" with attributes). 
Invalid equal sign (=) encountered while parsing (tag "%STR_PATRIMONIO" with attributes). 
Invalid equal sign (=) encountered while parsing (tag "%STR_PATRIMONIO" with attributes). 
Invalid equal sign (=) encountered while parsing (tag "%STR_PATRIMONIO" with attributes). 
Invalid equal sign (=) encountered while parsing (tag "%STR_PATRIMONIO" with attributes). 
Invalid equal sign (=) encountered while parsing (tag "%STR_PATRIMONIO" with attributes). 
Invalid equal sign (=) encountered while parsing (tag "%STR_PATRIMONIO" with attributes). 
Invalid equal sign (=) encountered while parsing (tag "%STR_PATRIMONIO" with attributes). 
Invalid equal sign (=) encountered while parsing (tag "%STR_PATRIMONIO" with attributes). 
Invalid equal sign (=) encountered while parsing (tag "%STR_PATRIMONIO" with attributes). 
Invalid equal sign (=) encountered while parsing (tag "%STR_PATRIMONIO" with attributes). 
Invalid equal sign (=) encountered while parsing (tag "%STR_PATRIMONIO" with attributes). 
Invalid quoted string ' ****  AÇÕES  ****' encountered while parsing (tag "%IF" with attributes x=). 
Invalid quoted string ' ****  AÇÕES  ****' encountered while parsing (tag "%IF" with attributes x=). 
Invalid quoted string ' ****  AÇÕES  ****' encountered while parsing (tag "%IF" with attributes x=). 
Invalid quoted string ' ****  AÇÕES  ****' encountered while parsing (tag "%IF" with attributes x=). 
Invalid quoted string ' ****  AÇÕES  ****' encountered while parsing (tag "%IF" with attributes x=). 
Invalid quoted string ' ****  AÇÕES  ****' encountered while parsing (tag "%IF" with attributes x=). 
Invalid equal sign (=) encountered while parsing (tag "%NO_PATRIMONIO" with attributes). 
Invalid equal sign (=) encountered while parsing (tag "%NO_PATRIMONIO" with attributes). 
Invalid quoted string 'cd_codigo' encountered while parsing (tag "%" with attributes cd_user=session(). 
Invalid quoted string 'cd_codigo' encountered while parsing (tag "%" with attributes cd_user=session(). 
Invalid quoted string 'cd_codigo' encountered while parsing (tag "%" with attributes cd_user=session(). 
Invalid quoted string 'cd_codigo' encountered while parsing (tag "%" with attributes cd_user=session(). 
Invalid quoted string 'cd_codigo' encountered while parsing (tag "%" with attributes cd_user=session(). 
Invalid quoted string 'cd_codigo' encountered while parsing (tag "%" with attributes cd_user=session(). 
Invalid quoted string 'cd_codigo' encountered while parsing (tag "%" with attributes cd_user=session(). 
Invalid quoted string ' ****  AÇÕES  ****' encountered while parsing (tag "%IF" with attributes x=). 
Invalid quoted string ' ****  AÇÕES  ****' encountered while parsing (tag "%IF" with attributes x=). 
Invalid equal sign (=) encountered while parsing (tag "%NO_PATRIMONIO" with attributes). 
Invalid equal sign (=) encountered while parsing (tag "%NO_PATRIMONIO" with attributes). 
Invalid equal sign (=) encountered while parsing (tag "%NO_PATRIMONIO" with attributes). 
Invalid equal sign (=) encountered while parsing (tag "%NO_PATRIMONIO" with attributes). 
Invalid equal sign (=) encountered while parsing (tag "%NO_PATRIMONIO" with attributes). 
Invalid equal sign (=) encountered while parsing (tag "%NO_PATRIMONIO" with attributes). 
Invalid equal sign (=) encountered while parsing (tag "%NO_PATRIMONIO" with attributes). 
Invalid equal sign (=) encountered while parsing (tag "%NO_PATRIMONIO" with attributes). 
Invalid equal sign (=) encountered while parsing (tag "%NO_PATRIMONIO" with attributes). 
Invalid equal sign (=) encountered while parsing (tag "%NO_PATRIMONIO" with attributes). 
Invalid equal sign (=) encountered while parsing (tag "%NO_PATRIMONIO" with attributes). 
Invalid equal sign (=) encountered while parsing (tag "%NO_PATRIMONIO" with attributes). 
Invalid equal sign (=) encountered while parsing (tag "%NO_PATRIMONIO" with attributes). 
Invalid equal sign (=) encountered while parsing (tag "%NO_PATRIMONIO" with attributes). 
Invalid equal sign (=) encountered while parsing (tag "%NO_PATRIMONIO" with attributes). 
Invalid equal sign (=) encountered while parsing (tag "%NO_PATRIMONIO" with attributes). 
Invalid equal sign (=) encountered while parsing (tag "%NO_PATRIMONIO" with attributes). 
Invalid equal sign (=) encountered while parsing (tag "%NO_PATRIMONIO" with attributes). 
Invalid equal sign (=) encountered while parsing (tag "%NO_PATRIMONIO" with attributes). 
Invalid equal sign (=) encountered while parsing (tag "%NO_PATRIMONIO" with attributes). 
Invalid quoted string 'cd_codigo' encountered while parsing (tag "%" with attributes cd_user=session(). 
Invalid quoted string 'cd_codigo' encountered while parsing (tag "%" with attributes cd_user=session(). 
Invalid character (&) encountered while parsing (tag "%" with attributes strsql=SELECT * FROM TBL_patrimonio_emprestimos where cd_patrimonio = '). 
Invalid character (&) encountered while parsing (tag "%" with attributes strsql=SELECT * FROM TBL_patrimonio_emprestimos where cd_patrimonio = '). 
Invalid character (&) encountered while parsing (tag "%" with attributes strsql=SELECT * FROM TBL_patrimonio_emprestimos where cd_patrimonio = '). 
Invalid character (&) encountered while parsing (tag "%" with attributes strsql=SELECT * FROM TBL_patrimonio_emprestimos where cd_patrimonio = '). 
Invalid character (&) encountered while parsing (tag "%" with attributes strsql=SELECT * FROM TBL_patrimonio_emprestimos where cd_patrimonio = '). 
Invalid equal sign (=) encountered while parsing (tag "%BGC_LINHA" with attributes). 
Invalid equal sign (=) encountered while parsing (tag "%BGC_LINHA" with attributes). 
Invalid equal sign (=) encountered while parsing (tag "%BGC_LINHA" with attributes). 
Invalid equal sign (=) encountered while parsing (tag "%BGC_LINHA" with attributes). 
Invalid equal sign (=) encountered while parsing (tag "%CD_EMPRESA" with attributes). 
Invalid equal sign (=) encountered while parsing (tag "%CD_EMPRESA" with attributes). 
Invalid equal sign (=) encountered while parsing (tag "%'TXTBUSCA" with attributes). 
Invalid equal sign (=) encountered while parsing (tag "%'TXTBUSCA" with attributes). 
Invalid equal sign (=) encountered while parsing (tag "%'TXTBUSCA" with attributes). 
Invalid equal sign (=) encountered while parsing (tag "%'TXTBUSCA" with attributes). 
Invalid equal sign (=) encountered while parsing (tag "%'TXTBUSCA" with attributes). 
Invalid quoted string ' *** Mostra Campo numérico ***' encountered while parsing (tag "%'ELSEIF" with attributes IsNumeric= (BUSCA_EMPRESA)=). 
Invalid quoted string 'wend' encountered while parsing (tag "%" with attributes). 
Invalid quoted string 'wend' encountered while parsing (tag "%" with attributes). 
Invalid quoted string 'wend' encountered while parsing (tag "%" with attributes). 
Invalid quoted string 'wend' encountered while parsing (tag "%" with attributes). 
Invalid quoted string 'wend' encountered while parsing (tag "%" with attributes). 
Invalid quoted string 'wend' encountered while parsing (tag "%" with attributes). 
Invalid quoted string '***** Variáveis ******' encountered while parsing (tag "%" with attributes). 
Invalid quoted string '***** Variáveis ******' encountered while parsing (tag "%" with attributes). 
Invalid quoted string '***** Variáveis ******' encountered while parsing (tag "%" with attributes). 
Invalid quoted string '***** Variáveis ******' encountered while parsing (tag "%" with attributes). 
Invalid quoted string '***** Variáveis ******' encountered while parsing (tag "%" with attributes). 
Invalid quoted string '***** Variáveis ******' encountered while parsing (tag "%" with attributes). 
Invalid quoted string '***** Variáveis ******' encountered while parsing (tag "%" with attributes). 
Invalid quoted string '***** Variáveis ******' encountered while parsing (tag "%" with attributes). 
Invalid quoted string '***** Variáveis ******' encountered while parsing (tag "%" with attributes). 
Invalid quoted string '***** Variáveis ******' encountered while parsing (tag "%" with attributes). 
Invalid quoted string '***** Variáveis ******' encountered while parsing (tag "%" with attributes). 
Invalid quoted string '***** Variáveis ******' encountered while parsing (tag "%" with attributes). 
