Invalid quoted string 'cd_sessao' encountered while parsing (tag "%" with attributes cd_user=request(). 
Invalid quoted string 'cd_sessao' encountered while parsing (tag "%" with attributes cd_user=request(). 
Invalid quoted string '**********************************************************************' encountered while parsing (tag "%" with attributes). 
Invalid quoted string '**********************************************************************' encountered while parsing (tag "%" with attributes). 
Invalid quoted string '**********************************************************************' encountered while parsing (tag "%" with attributes). 
Invalid quoted string '**********************************************************************' encountered while parsing (tag "%" with attributes). 
Invalid quoted string '**********************************************************************' encountered while parsing (tag "%" with attributes). 
Invalid quoted string '**********************************************************************' encountered while parsing (tag "%" with attributes). 
Invalid quoted string '**********************************************************************' encountered while parsing (tag "%" with attributes). 
Invalid quoted string '**********************************************************************' encountered while parsing (tag "%" with attributes). 
Invalid quoted string '**********************************************************************' encountered while parsing (tag "%" with attributes). 
Invalid quoted string '**********************************************************************' encountered while parsing (tag "%" with attributes). 
Invalid quoted string '**********************************************************************' encountered while parsing (tag "%" with attributes). 
Invalid quoted string '**********************************************************************' encountered while parsing (tag "%" with attributes). 
Invalid quoted string '**********************************************************************' encountered while parsing (tag "%" with attributes). 
Invalid quoted string '**********************************************************************' encountered while parsing (tag "%" with attributes). 
Invalid quoted string '**********************************************************************' encountered while parsing (tag "%" with attributes). 
Invalid quoted string '**********************************************************************' encountered while parsing (tag "%" with attributes). 
Invalid quoted string '**********************************************************************' encountered while parsing (tag "%" with attributes). 
Invalid quoted string '**********************************************************************' encountered while parsing (tag "%" with attributes). 
Invalid quoted string '**********************************************************************' encountered while parsing (tag "%" with attributes). 
Invalid quoted string '**********************************************************************' encountered while parsing (tag "%" with attributes). 
Invalid quoted string '**********************************************************************' encountered while parsing (tag "%" with attributes). 
Invalid quoted string '**********************************************************************' encountered while parsing (tag "%" with attributes). 
Invalid quoted string '**********************************************************************' encountered while parsing (tag "%" with attributes). 
Invalid quoted string 'cd_user' encountered while parsing (tag "%" with attributes cd_user=request(). 
Invalid quoted string 'cd_user' encountered while parsing (tag "%" with attributes cd_user=request(). 
Invalid quoted string 'cd_user' encountered while parsing (tag "%" with attributes cd_user=request(). 
Invalid quoted string 'cd_user' encountered while parsing (tag "%" with attributes cd_user=request(). 
Invalid quoted string '**********************************************************************' encountered while parsing (tag "%" with attributes). 
Invalid quoted string '**********************************************************************' encountered while parsing (tag "%" with attributes). 
Invalid quoted string '**********************************************************************' encountered while parsing (tag "%" with attributes). 
Invalid quoted string '**********************************************************************' encountered while parsing (tag "%" with attributes). 
Invalid quoted string '**********************************************************************' encountered while parsing (tag "%" with attributes). 
Invalid quoted string '**********************************************************************' encountered while parsing (tag "%" with attributes). 
Invalid quoted string '**********************************************************************' encountered while parsing (tag "%" with attributes). 
Invalid quoted string '**********************************************************************' encountered while parsing (tag "%" with attributes). 
Invalid quoted string '**********************************************************************' encountered while parsing (tag "%" with attributes). 
Invalid quoted string '**********************************************************************' encountered while parsing (tag "%" with attributes). 
Invalid quoted string '**********************************************************************' encountered while parsing (tag "%" with attributes). 
Invalid equal sign (=) encountered while parsing (tag "%TOTAL_RECEBER" with attributes). 
Invalid equal sign (=) encountered while parsing (tag "%TOTAL_RECEBER" with attributes). 
Invalid equal sign (=) encountered while parsing (tag "%TOTAL_RECEBER" with attributes). 
Invalid equal sign (=) encountered while parsing (tag "%TOTAL_RECEBER" with attributes). 
Invalid equal sign (=) encountered while parsing (tag "%TOTAL_RECEBER" with attributes). 
Invalid equal sign (=) encountered while parsing (tag "%TOTAL_RECEBER" with attributes). 
Invalid equal sign (=) encountered while parsing (tag "%TOTAL_RECEBER" with attributes). 
Invalid equal sign (=) encountered while parsing (tag "%TOTAL_RECEBER" with attributes). 
Invalid equal sign (=) encountered while parsing (tag "%TOTAL_RECEBER" with attributes). 
Invalid equal sign (=) encountered while parsing (tag "%TOTAL_RECEBER" with attributes). 
Invalid equal sign (=) encountered while parsing (tag "%TOTAL_RECEBER" with attributes). 
Invalid equal sign (=) encountered while parsing (tag "%TOTAL_RECEBER" with attributes). 
Invalid equal sign (=) encountered while parsing (tag "%TOTAL_RECEBER" with attributes). 
Invalid equal sign (=) encountered while parsing (tag "%TOTAL_RECEBER" with attributes). 
Invalid equal sign (=) encountered while parsing (tag "%TOTAL_RECEBER" with attributes). 
Invalid equal sign (=) encountered while parsing (tag "%TOTAL_RECEBER" with attributes). 
Invalid equal sign (=) encountered while parsing (tag "%TOTAL_RECEBER" with attributes). 
Invalid equal sign (=) encountered while parsing (tag "%TOTAL_RECEBER" with attributes). 
Invalid equal sign (=) encountered while parsing (tag "%TOTAL_RECEBER" with attributes). 
Invalid equal sign (=) encountered while parsing (tag "%TOTAL_RECEBER" with attributes). 
Invalid equal sign (=) encountered while parsing (tag "%TOTAL_RECEBER" with attributes). 
Invalid equal sign (=) encountered while parsing (tag "%TOTAL_RECEBER" with attributes). 
Invalid equal sign (=) encountered while parsing (tag "%TOTAL_RECEBER" with attributes). 
Invalid equal sign (=) encountered while parsing (tag "%TOTAL_RECEBER" with attributes). 
Invalid equal sign (=) encountered while parsing (tag "%TOTAL_RECEBER" with attributes). 
Invalid equal sign (=) encountered while parsing (tag "%TOTAL_RECEBER" with attributes). 
Invalid equal sign (=) encountered while parsing (tag "%TOTAL_RECEBER" with attributes). 
Invalid equal sign (=) encountered while parsing (tag "%TOTAL_RECEBER" with attributes). 
Invalid equal sign (=) encountered while parsing (tag "%TOTAL_RECEBER" with attributes). 
Invalid equal sign (=) encountered while parsing (tag "%TOTAL_RECEBER" with attributes). 
Invalid equal sign (=) encountered while parsing (tag "%'TOTAL_VENCIMENTO" with attributes). 
Invalid equal sign (=) encountered while parsing (tag "%'TOTAL_VENCIMENTO" with attributes). 
Invalid equal sign (=) encountered while parsing (tag "%'TOTAL_VENCIMENTO" with attributes). 
Invalid equal sign (=) encountered while parsing (tag "%'TOTAL_VENCIMENTO" with attributes). 
Invalid equal sign (=) encountered while parsing (tag "%'TOTAL_VENCIMENTO" with attributes). 
Invalid equal sign (=) encountered while parsing (tag "%'TOTAL_VENCIMENTO" with attributes). 
Invalid equal sign (=) encountered while parsing (tag "%'TOTAL_VENCIMENTO" with attributes). 
Invalid equal sign (=) encountered while parsing (tag "%'TOTAL_VENCIMENTO" with attributes). 
Invalid equal sign (=) encountered while parsing (tag "%'TOTAL_VENCIMENTO" with attributes). 
Invalid equal sign (=) encountered while parsing (tag "%'TOTAL_VENCIMENTO" with attributes). 
Invalid equal sign (=) encountered while parsing (tag "%'TOTAL_VENCIMENTO" with attributes). 
Invalid equal sign (=) encountered while parsing (tag "%'TOTAL_VENCIMENTO" with attributes). 
Invalid equal sign (=) encountered while parsing (tag "%'TOTAL_VENCIMENTO" with attributes). 
Invalid equal sign (=) encountered while parsing (tag "%'TOTAL_VENCIMENTO" with attributes). 
Invalid equal sign (=) encountered while parsing (tag "%'TOTAL_VENCIMENTO" with attributes). 
Invalid equal sign (=) encountered while parsing (tag "%'TOTAL_VENCIMENTO" with attributes). 
End of file encountered while parsing (tag "TD" with attributes align=>). 
Invalid equal sign (=) encountered while parsing (tag "%'TOTAL_VENCIMENTO" with attributes). 
Invalid equal sign (=) encountered while parsing (tag "%'TOTAL_VENCIMENTO" with attributes). 
Invalid equal sign (=) encountered while parsing (tag "%'TOTAL_VENCIMENTO" with attributes). 
Invalid equal sign (=) encountered while parsing (tag "%'TOTAL_VENCIMENTO" with attributes). 
Invalid quoted string 'cd_codigo' encountered while parsing (tag "%" with attributes cd_user=session(). 
Invalid quoted string 'cd_codigo' encountered while parsing (tag "%" with attributes cd_user=session(). 
End of file encountered while parsing (tag "TD" with attributes align=>). 
End of file encountered while parsing (tag "TD" with attributes align=>). 
Invalid equal sign (=) encountered while parsing (tag "%STRCOD" with attributes). 
Invalid equal sign (=) encountered while parsing (tag "%STRCOD" with attributes). 
Invalid equal sign (=) encountered while parsing (tag "%STRCOD" with attributes). 
Invalid equal sign (=) encountered while parsing (tag "%STRCOD" with attributes). 
Invalid equal sign (=) encountered while parsing (tag "%STRCOD" with attributes). 
Invalid equal sign (=) encountered while parsing (tag "%STRCOD" with attributes). 
Invalid equal sign (=) encountered while parsing (tag "%STRCOD" with attributes). 
Invalid equal sign (=) encountered while parsing (tag "%STRCOD" with attributes). 
Invalid equal sign (=) encountered while parsing (tag "%STRCOD" with attributes). 
Invalid equal sign (=) encountered while parsing (tag "%STRCOD" with attributes). 
Invalid equal sign (=) encountered while parsing (tag "%STRCOD" with attributes). 
Invalid equal sign (=) encountered while parsing (tag "%STRCOD" with attributes). 
Invalid equal sign (=) encountered while parsing (tag "%STRCOD" with attributes). 
Invalid equal sign (=) encountered while parsing (tag "%STRCOD" with attributes). 
Invalid equal sign (=) encountered while parsing (tag "%STRCOD" with attributes). 
Invalid equal sign (=) encountered while parsing (tag "%STRCOD" with attributes). 
Invalid equal sign (=) encountered while parsing (tag "%STRCOD" with attributes). 
Invalid equal sign (=) encountered while parsing (tag "%STRCOD" with attributes). 
Invalid equal sign (=) encountered while parsing (tag "%STRCOD" with attributes). 
Invalid equal sign (=) encountered while parsing (tag "%STRCOD" with attributes). 
Invalid equal sign (=) encountered while parsing (tag "%STRCOD" with attributes). 
Invalid equal sign (=) encountered while parsing (tag "%STRCOD" with attributes). 
Invalid equal sign (=) encountered while parsing (tag "%STRCOD" with attributes). 
Invalid equal sign (=) encountered while parsing (tag "%STRCOD" with attributes). 
End of file encountered while parsing (tag "TR" with attributes onmouseover=>). 
End of file encountered while parsing (tag "TR" with attributes onmouseover=>). 
End of file encountered while parsing (tag "TR" with attributes onmouseover=>). 
End of file encountered while parsing (tag "TR" with attributes onmouseover=>). 
End of file encountered while parsing (tag "TR" with attributes onmouseover=>). 
End of file encountered while parsing (tag "TR" with attributes onmouseover=>). 
End of file encountered while parsing (tag "TR" with attributes onmouseover=>). 
End of file encountered while parsing (tag "TR" with attributes onmouseover=>). 
End of file encountered while parsing (tag "TR" with attributes onmouseover=>). 
End of file encountered while parsing (tag "TR" with attributes onmouseover=>). 
End of file encountered while parsing (tag "TR" with attributes onmouseover=>). 
End of file encountered while parsing (tag "TR" with attributes onmouseover=>). 
End of file encountered while parsing (tag "TR" with attributes onmouseover=>). 
End of file encountered while parsing (tag "TR" with attributes onmouseover=>). 
Invalid equal sign (=) encountered while parsing (tag "%STRCOD" with attributes). 
Invalid equal sign (=) encountered while parsing (tag "%STRCOD" with attributes). 
Invalid equal sign (=) encountered while parsing (tag "%TT_SALARIO" with attributes). 
Invalid equal sign (=) encountered while parsing (tag "%TT_SALARIO" with attributes). 
Invalid equal sign (=) encountered while parsing (tag "%TT_SALARIO" with attributes). 
Invalid equal sign (=) encountered while parsing (tag "%TT_SALARIO" with attributes). 
Invalid equal sign (=) encountered while parsing (tag "%TT_SALARIO" with attributes). 
Invalid equal sign (=) encountered while parsing (tag "%TT_SALARIO" with attributes). 
Invalid equal sign (=) encountered while parsing (tag "%TT_SALARIO" with attributes). 
Invalid equal sign (=) encountered while parsing (tag "%TT_SALARIO" with attributes). 
Invalid equal sign (=) encountered while parsing (tag "%TT_SALARIO" with attributes). 
Invalid equal sign (=) encountered while parsing (tag "%TT_SALARIO" with attributes). 
Invalid equal sign (=) encountered while parsing (tag "%MES_PAGAMENTO" with attributes). 
Invalid equal sign (=) encountered while parsing (tag "%MES_PAGAMENTO" with attributes). 
Invalid equal sign (=) encountered while parsing (tag "%MES_PAGAMENTO" with attributes). 
Invalid equal sign (=) encountered while parsing (tag "%MES_PAGAMENTO" with attributes). 
Invalid equal sign (=) encountered while parsing (tag "%MES_PAGAMENTO" with attributes). 
Invalid equal sign (=) encountered while parsing (tag "%COR_LINHA" with attributes). 
Invalid equal sign (=) encountered while parsing (tag "%COR_LINHA" with attributes). 
Invalid equal sign (=) encountered while parsing (tag "%COR_LINHA" with attributes). 
Invalid equal sign (=) encountered while parsing (tag "%COR_LINHA" with attributes). 
Invalid equal sign (=) encountered while parsing (tag "%COR_LINHA" with attributes). 
End of file encountered while parsing (tag "TD" with attributes align=>). 
End of file encountered while parsing (tag "TD" with attributes align=>). 
End of file encountered while parsing (tag "TD" with attributes align=>). 
End of file encountered while parsing (tag "TD" with attributes align=>). 
End of file encountered while parsing (tag "TD" with attributes align=>). 
Invalid equal sign (=) encountered while parsing (tag "%TT_SALARIO" with attributes). 
Invalid equal sign (=) encountered while parsing (tag "%TT_SALARIO" with attributes). 
End of file encountered while parsing (tag "TR" with attributes style=>). 
End of file encountered while parsing (tag "TR" with attributes style=>). 
End of file encountered while parsing (tag "TR" with attributes style=>). 
End of file encountered while parsing (tag "TR" with attributes style=>). 
End of file encountered while parsing (tag "TR" with attributes style=>). 
End of file encountered while parsing (tag "TR" with attributes style=>). 
End of file encountered while parsing (tag "TR" with attributes style=>). 
End of file encountered while parsing (tag "TR" with attributes style=>). 
End of file encountered while parsing (tag "TR" with attributes style=>). 
End of file encountered while parsing (tag "TR" with attributes style=>). 
End of file encountered while parsing (tag "TR" with attributes style=>). 
Invalid equal sign (=) encountered while parsing (tag "%TT_SALARIO" with attributes). 
Invalid equal sign (=) encountered while parsing (tag "%TT_SALARIO" with attributes). 
Invalid equal sign (=) encountered while parsing (tag "%TT_SALARIO" with attributes). 
Invalid equal sign (=) encountered while parsing (tag "%TT_SALARIO" with attributes). 
Invalid character (*) encountered while parsing (tag "%'***" with attributes Informa= OS= DADOS= O=). 
Invalid equal sign (=) encountered while parsing (tag "%TT_SALARIO" with attributes). 
Invalid equal sign (=) encountered while parsing (tag "%TT_SALARIO" with attributes). 
Invalid equal sign (=) encountered while parsing (tag "%TT_SALARIO" with attributes). 
Invalid equal sign (=) encountered while parsing (tag "%TT_SALARIO" with attributes). 
Invalid equal sign (=) encountered while parsing (tag "%TT_SALARIO" with attributes). 
Invalid equal sign (=) encountered while parsing (tag "%TT_SALARIO" with attributes). 
Invalid quoted string 'response.redirect "../../empresa.asp?tipo=cadastro&pag=&cod="&strcod&""' encountered while parsing (tag "%ELSE" with attributes). 
Invalid quoted string 'response.redirect "../../empresa.asp?tipo=cadastro&pag=&cod="&strcod&""' encountered while parsing (tag "%ELSE" with attributes). 
Invalid quoted string 'response.redirect "../../empresa.asp?tipo=cadastro&pag=&cod="&strcod&""' encountered while parsing (tag "%ELSE" with attributes). 
Invalid quoted string 'response.redirect "../../empresa.asp?tipo=cadastro&pag=&cod="&strcod&""' encountered while parsing (tag "%ELSE" with attributes). 
Invalid equal sign (=) encountered while parsing (tag "%FGTS" with attributes). 
Invalid equal sign (=) encountered while parsing (tag "%FGTS" with attributes). 
Invalid equal sign (=) encountered while parsing (tag "%'TOTAL_DESCONTO" with attributes). 
Invalid equal sign (=) encountered while parsing (tag "%'TOTAL_DESCONTO" with attributes). 
Invalid equal sign (=) encountered while parsing (tag "%TT_SALARIO" with attributes). 
Invalid equal sign (=) encountered while parsing (tag "%TT_SALARIO" with attributes). 
Invalid equal sign (=) encountered while parsing (tag "%TT_SALARIO" with attributes). 
Invalid equal sign (=) encountered while parsing (tag "%TT_SALARIO" with attributes). 
Invalid character (*) encountered while parsing (tag "%" with attributes fgts=nr_salario). 
Invalid character (*) encountered while parsing (tag "%" with attributes fgts=nr_salario). 
Invalid equal sign (=) encountered while parsing (tag "%'TOTAL_DESCONTO" with attributes). 
Invalid equal sign (=) encountered while parsing (tag "%'TOTAL_DESCONTO" with attributes). 
Invalid quoted string '*** 1   - Feriados Nascionais ***' encountered while parsing (tag "%'*********************************" with attributes). 
Invalid quoted string '*** 1   - Feriados Nascionais ***' encountered while parsing (tag "%'*********************************" with attributes). 
Invalid equal sign (=) encountered while parsing (tag "%COR_LINHA" with attributes). 
Invalid equal sign (=) encountered while parsing (tag "%COR_LINHA" with attributes). 
Invalid equal sign (=) encountered while parsing (tag "%COR_LINHA" with attributes). 
Invalid equal sign (=) encountered while parsing (tag "%COR_LINHA" with attributes). 
Invalid equal sign (=) encountered while parsing (tag "%COR_LINHA" with attributes). 
Invalid equal sign (=) encountered while parsing (tag "%COR_LINHA" with attributes). 
Invalid quoted string 'cd_codigo' encountered while parsing (tag "%DO" with attributes While= NOT= RS_UNI.EOF= COD_UNIDADE=rs_uni(). 
Invalid quoted string 'cd_codigo' encountered while parsing (tag "%DO" with attributes While= NOT= RS_UNI.EOF= COD_UNIDADE=rs_uni(). 
Invalid equal sign (=) encountered while parsing (tag "%CABECA_ATIVO" with attributes). 
Invalid quoted string 'cd_codigo' encountered while parsing (tag "%DO" with attributes While= NOT= RS_UNI.EOF= COD_UNIDADE=rs_uni(). 
Invalid quoted string 'cd_codigo' encountered while parsing (tag "%DO" with attributes While= NOT= RS_UNI.EOF= COD_UNIDADE=rs_uni(). 
Invalid equal sign (=) encountered while parsing (tag "%CABECA_ATIVO" with attributes). 
Invalid equal sign (=) encountered while parsing (tag "%CABECA_ATIVO" with attributes). 
Invalid equal sign (=) encountered while parsing (tag "%CABECA_ATIVO" with attributes). 
Invalid equal sign (=) encountered while parsing (tag "%CABECA_ATIVO" with attributes). 
Invalid equal sign (=) encountered while parsing (tag "%CABECA_ATIVO" with attributes). 
Invalid equal sign (=) encountered while parsing (tag "%CABECA_ATIVO" with attributes). 
Invalid equal sign (=) encountered while parsing (tag "%CABECA_ATIVO" with attributes). 
Invalid character (*) encountered while parsing (tag "%'***" with attributes Datas=). 
Invalid character (*) encountered while parsing (tag "%'***" with attributes Datas=). 
Invalid quoted string 'cd_codigo' encountered while parsing (tag "%IF" with attributes not= RS_UNI.EOF= THEN= COD_UNIDADE=rs_uni(). 
Invalid quoted string 'cd_codigo' encountered while parsing (tag "%IF" with attributes not= RS_UNI.EOF= THEN= COD_UNIDADE=rs_uni(). 
Invalid character (*) encountered while parsing (tag "%'***" with attributes Datas=). 
Invalid character (*) encountered while parsing (tag "%'***" with attributes Datas=). 
Invalid equal sign (=) encountered while parsing (tag "%CABECA_ATIVO" with attributes). 
Invalid equal sign (=) encountered while parsing (tag "%CABECA_ATIVO" with attributes). 
Invalid equal sign (=) encountered while parsing (tag "%CABECA_ATIVO" with attributes). 
Invalid equal sign (=) encountered while parsing (tag "%CABECA_ATIVO" with attributes). 
Invalid quoted string ' Writes file listing of the given folder' encountered while parsing (tag "%" with attributes End=). 
Invalid quoted string 'Scripting.FileSystemObject' encountered while parsing (tag "%SET" with attributes FSO=Server.CreateObject(). 
Invalid quoted string 'Scripting.FileSystemObject' encountered while parsing (tag "%SET" with attributes FSO_txt=Server.CreateObject(). 
Invalid quoted string 'Dim FSO' encountered while parsing (tag "%" with attributes). 
Invalid character (*) encountered while parsing (tag "%'***" with attributes Datas=). 
Invalid character (*) encountered while parsing (tag "%'***" with attributes Datas=). 
Invalid character (*) encountered while parsing (tag "%'***" with attributes Datas=). 
Invalid character (*) encountered while parsing (tag "%'***" with attributes Datas=). 
Invalid character (*) encountered while parsing (tag "%'***" with attributes Datas=). 
Invalid character (*) encountered while parsing (tag "%'***" with attributes Datas=). 
Invalid character (*) encountered while parsing (tag "%'***" with attributes Datas=). 
Invalid character (*) encountered while parsing (tag "%'***" with attributes Datas=). 
Invalid character (*) encountered while parsing (tag "%'***" with attributes Datas=). 
Invalid character (*) encountered while parsing (tag "%'***" with attributes Datas=). 
Invalid character (*) encountered while parsing (tag "%'***" with attributes Datas=). 
Invalid character (*) encountered while parsing (tag "%'***" with attributes Datas=). 
Invalid character (*) encountered while parsing (tag "%'***" with attributes Datas=). 
Invalid character (*) encountered while parsing (tag "%'***" with attributes Datas=). 
Invalid character (*) encountered while parsing (tag "%'***" with attributes Datas=). 
Invalid character (+) encountered while parsing (tag "%END" with attributes if= CONTA_LINHA=contalinha). 
Invalid equal sign (=) encountered while parsing (tag "%COR_LINHA" with attributes). 
Invalid equal sign (=) encountered while parsing (tag "%COR_LINHA" with attributes). 
Invalid character (*) encountered while parsing (tag "%'***" with attributes Datas=). 
Invalid character (*) encountered while parsing (tag "%'***" with attributes Datas=). 
Invalid character (*) encountered while parsing (tag "%'***" with attributes Datas=). 
Invalid character (*) encountered while parsing (tag "%'***" with attributes Datas=). 
Invalid equal sign (=) encountered while parsing (tag "%'BASE_IRRF" with attributes). 
Invalid equal sign (=) encountered while parsing (tag "%'BASE_IRRF" with attributes). 
Invalid equal sign (=) encountered while parsing (tag "%'BASE_IRRF" with attributes). 
Invalid equal sign (=) encountered while parsing (tag "%'TOTAL_DESCONTO" with attributes). 
Invalid equal sign (=) encountered while parsing (tag "%'TOTAL_DESCONTO" with attributes). 
Invalid equal sign (=) encountered while parsing (tag "%BASE_IRRF" with attributes). 
Invalid equal sign (=) encountered while parsing (tag "%BASE_IRRF" with attributes). 
Invalid equal sign (=) encountered while parsing (tag "%BASE_IRRF" with attributes). 
Invalid equal sign (=) encountered while parsing (tag "%BASE_IRRF" with attributes). 
Invalid equal sign (=) encountered while parsing (tag "%BASE_IRRF" with attributes). 
Invalid equal sign (=) encountered while parsing (tag "%TT_SALARIO" with attributes). 
Invalid equal sign (=) encountered while parsing (tag "%TT_SALARIO" with attributes). 
Invalid equal sign (=) encountered while parsing (tag "%TT_SALARIO" with attributes). 
Invalid equal sign (=) encountered while parsing (tag "%TT_SALARIO" with attributes). 
Invalid equal sign (=) encountered while parsing (tag "%TT_SALARIO" with attributes). 
Invalid equal sign (=) encountered while parsing (tag "%TT_SALARIO" with attributes). 
Invalid equal sign (=) encountered while parsing (tag "%TT_SALARIO" with attributes). 
Invalid equal sign (=) encountered while parsing (tag "%TT_SALARIO" with attributes). 
Invalid equal sign (=) encountered while parsing (tag "%TT_SALARIO" with attributes). 
Invalid equal sign (=) encountered while parsing (tag "%TT_SALARIO" with attributes). 
Invalid equal sign (=) encountered while parsing (tag "%TT_SALARIO" with attributes). 
Invalid equal sign (=) encountered while parsing (tag "%TT_SALARIO" with attributes). 
Invalid equal sign (=) encountered while parsing (tag "%TT_SALARIO" with attributes). 
Invalid equal sign (=) encountered while parsing (tag "%TT_SALARIO" with attributes). 
Invalid equal sign (=) encountered while parsing (tag "%TT_SALARIO" with attributes). 
Invalid equal sign (=) encountered while parsing (tag "%TT_SALARIO" with attributes). 
Invalid equal sign (=) encountered while parsing (tag "%TT_SALARIO" with attributes). 
Invalid equal sign (=) encountered while parsing (tag "%TT_SALARIO" with attributes). 
Invalid equal sign (=) encountered while parsing (tag "%TT_SALARIO" with attributes). 
Invalid equal sign (=) encountered while parsing (tag "%TT_SALARIO" with attributes). 
Invalid equal sign (=) encountered while parsing (tag "%TT_SALARIO" with attributes). 
Invalid equal sign (=) encountered while parsing (tag "%TT_SALARIO" with attributes). 
Invalid equal sign (=) encountered while parsing (tag "%TT_SALARIO" with attributes). 
Invalid equal sign (=) encountered while parsing (tag "%TT_SALARIO" with attributes). 
Invalid equal sign (=) encountered while parsing (tag "%TT_SALARIO" with attributes). 
Invalid equal sign (=) encountered while parsing (tag "%TT_SALARIO" with attributes). 
Invalid equal sign (=) encountered while parsing (tag "%TT_SALARIO" with attributes). 
Invalid equal sign (=) encountered while parsing (tag "%TT_SALARIO" with attributes). 
Invalid equal sign (=) encountered while parsing (tag "%COR_LINHA" with attributes). 
Invalid equal sign (=) encountered while parsing (tag "%COR_LINHA" with attributes). 
Invalid equal sign (=) encountered while parsing (tag "%CABECA_COREN" with attributes). 
Invalid equal sign (=) encountered while parsing (tag "%CABECA_COREN" with attributes). 
Invalid equal sign (=) encountered while parsing (tag "%COR_LINHA" with attributes). 
Invalid equal sign (=) encountered while parsing (tag "%COR_LINHA" with attributes). 
Invalid equal sign (=) encountered while parsing (tag "%CABECA_EXAM" with attributes). 
Invalid equal sign (=) encountered while parsing (tag "%CABECA_EXAM" with attributes). 
Invalid equal sign (=) encountered while parsing (tag "%CABECA_EXAM" with attributes). 
Invalid character (%) encountered while parsing (tag "%'IF" with attributes cabeca_exam=0 AND= ISNULL(NR_HEPATITE_B)= THEN= IF= NR_HEPATITE_B=0). 
Invalid character (%) encountered while parsing (tag "%'IF" with attributes cabeca_exam=0 AND= ISNULL(NR_HEPATITE_B)= THEN= IF= NR_HEPATITE_B=0). 
Invalid quoted string '***>' encountered while parsing (tag "%'************************************" with attributes). 
Invalid quoted string '***>' encountered while parsing (tag "%'************************************" with attributes). 
Invalid quoted string '***>' encountered while parsing (tag "%'************************************" with attributes). 
Invalid quoted string '***	EXAMES>' encountered while parsing (tag "%'************************************" with attributes). 
Invalid quoted string '***	EXAMES MÉDICOS>' encountered while parsing (tag "%'************************************" with attributes). 
Invalid quoted string '***	Vaqcina>' encountered while parsing (tag "%'****************" with attributes). 
Invalid quoted string '***	Vacina ->' encountered while parsing (tag "%'****************" with attributes). 
Invalid quoted string '***	Vacina - Hepatite>' encountered while parsing (tag "%'****************" with attributes). 
Invalid quoted string '***>' encountered while parsing (tag "%'********************************" with attributes). 
Invalid quoted string '***	Vacinas>' encountered while parsing (tag "%'********************************" with attributes). 
Invalid quoted string '***	Vacinas ->' encountered while parsing (tag "%'********************************" with attributes). 
Invalid quoted string '***	Vacinas - Dupla>' encountered while parsing (tag "%'********************************" with attributes). 
Invalid quoted string '***	Vacinas - Dupla Adulto>' encountered while parsing (tag "%'********************************" with attributes). 
Invalid quoted string '***	VACINA>' encountered while parsing (tag "%'************************" with attributes). 
Invalid quoted string '***	VACINA ->' encountered while parsing (tag "%'************************" with attributes). 
Invalid character (*) encountered while parsing (tag "%'***" with attributes). 
Invalid character (*) encountered while parsing (tag "%'***" with attributes). 
Invalid character (*) encountered while parsing (tag "%'***" with attributes). 
Invalid character (*) encountered while parsing (tag "%'***" with attributes). 
Invalid character (*) encountered while parsing (tag "%'***" with attributes). 
Invalid character (*) encountered while parsing (tag "%'***" with attributes). 
Invalid character (*) encountered while parsing (tag "%'***" with attributes). 
Invalid character (*) encountered while parsing (tag "%'***" with attributes). 
Invalid character (*) encountered while parsing (tag "%'***" with attributes). 
Invalid character (*) encountered while parsing (tag "%'***" with attributes). 
Invalid quoted string '**********************************************************************' encountered while parsing (tag "%" with attributes). 
Invalid quoted string '**********************************************************************' encountered while parsing (tag "%" with attributes). 
Invalid quoted string '**********************************************************************' encountered while parsing (tag "%" with attributes). 
Invalid quoted string '**********************************************************************' encountered while parsing (tag "%" with attributes). 
Invalid quoted string '**********************************************************************' encountered while parsing (tag "%" with attributes). 
Invalid equal sign (=) encountered while parsing (tag "%CD_UNIDADE" with attributes). 
Invalid equal sign (=) encountered while parsing (tag "%CD_UNIDADE" with attributes). 
Invalid number "12" encountered while parsing (tag "%FOR" with attributes i=1). 
Invalid number "12" encountered while parsing (tag "%FOR" with attributes i=1). 
Invalid number "12" encountered while parsing (tag "%FOR" with attributes i=1). 
Invalid number "12" encountered while parsing (tag "%FOR" with attributes i=1). 
Invalid number "12" encountered while parsing (tag "%FOR" with attributes i=1). 
Invalid number "12" encountered while parsing (tag "%FOR" with attributes i=1). 
Invalid number "12" encountered while parsing (tag "%FOR" with attributes i=1). 
Invalid number "12" encountered while parsing (tag "%FOR" with attributes i=1). 
Invalid equal sign (=) encountered while parsing (tag "%COR_LINHA" with attributes). 
Invalid equal sign (=) encountered while parsing (tag "%COR_LINHA" with attributes). 
Invalid quoted string '****************************' encountered while parsing (tag "%" with attributes). 
Invalid quoted string '****************************' encountered while parsing (tag "%" with attributes). 
Invalid quoted string '***>' encountered while parsing (tag "%'********" with attributes). 
Invalid quoted string '*** Mostra todos>' encountered while parsing (tag "%'*************************" with attributes). 
Invalid quoted string '*** Mostra todos os>' encountered while parsing (tag "%'*************************" with attributes). 
Invalid quoted string '*** Limpa>' encountered while parsing (tag "%'*************************" with attributes). 
Invalid quoted string '*** Limpa a>' encountered while parsing (tag "%'*************************" with attributes). 
Invalid quoted string '*** Limpa o>' encountered while parsing (tag "%'*************************" with attributes). 
Invalid quoted string '*** Limpa o resultado>' encountered while parsing (tag "%'*************************" with attributes). 
Invalid quoted string '*** Limpa o resultado da>' encountered while parsing (tag "%'*************************" with attributes). 
Invalid quoted string '*** Mostra elementos>' encountered while parsing (tag "%'*************************" with attributes). 
Invalid quoted string '*** Mostra elementos da>' encountered while parsing (tag "%'*************************" with attributes). 
Invalid quoted string '*** Mostra>' encountered while parsing (tag "%'********" with attributes). 
Invalid quoted string '*** Mostra busca>' encountered while parsing (tag "%'********" with attributes). 
Invalid character (*) encountered while parsing (tag "%'***" with attributes Datas=). 
Invalid character (*) encountered while parsing (tag "%'***" with attributes Datas=). 
Invalid character (*) encountered while parsing (tag "%'***" with attributes Datas=). 
Invalid character (*) encountered while parsing (tag "%'***" with attributes Datas=). 
Invalid equal sign (=) encountered while parsing (tag "%VARIAVEIS1_DESL" with attributes). 
Invalid equal sign (=) encountered while parsing (tag "%VARIAVEIS1_DESL" with attributes). 
Invalid equal sign (=) encountered while parsing (tag "%VARIAVEIS1_DESL" with attributes). 
Invalid equal sign (=) encountered while parsing (tag "%VARIAVEIS1_DESL" with attributes). 
Invalid equal sign (=) encountered while parsing (tag "%VARIAVEIS1_DESL" with attributes). 
Invalid quoted string '*** Funcionarios +1 dia  ***' encountered while parsing (tag "%" with attributes). 
Invalid quoted string '*** Funcionarios +1 dia  ***' encountered while parsing (tag "%" with attributes). 
Invalid quoted string '*** Funcionarios +1 dia  ***' encountered while parsing (tag "%" with attributes). 
Invalid quoted string '*** Funcionarios +1 dia  ***' encountered while parsing (tag "%" with attributes). 
Invalid quoted string '*** Funcionarios +1 dia  ***' encountered while parsing (tag "%" with attributes). 
Invalid quoted string '*** Funcionarios +1 dia  ***' encountered while parsing (tag "%" with attributes). 
Invalid quoted string '*** Funcionarios +1 dia  ***' encountered while parsing (tag "%" with attributes). 
Invalid quoted string '*** Funcionarios +1 dia  ***' encountered while parsing (tag "%" with attributes). 
Invalid quoted string '*** Funcionarios +1 dia  ***' encountered while parsing (tag "%" with attributes). 
Invalid quoted string '*** Funcionarios +1 dia  ***' encountered while parsing (tag "%" with attributes). 
Invalid quoted string '*** Funcionarios +1 dia  ***' encountered while parsing (tag "%" with attributes). 
Invalid quoted string '*** Funcionarios +1 dia  ***' encountered while parsing (tag "%" with attributes). 
Invalid quoted string '*** Funcionarios +1 dia  ***' encountered while parsing (tag "%" with attributes). 
Invalid quoted string '*** Funcionarios +1 dia  ***' encountered while parsing (tag "%" with attributes). 
Invalid quoted string '*** Funcionarios +1 dia  ***' encountered while parsing (tag "%" with attributes). 
Invalid quoted string '*** Funcionarios +1 dia  ***' encountered while parsing (tag "%" with attributes). 
Invalid quoted string '*** Funcionarios +1 dia  ***' encountered while parsing (tag "%" with attributes). 
Invalid quoted string '*** Funcionarios +1 dia  ***' encountered while parsing (tag "%" with attributes). 
Invalid quoted string '*** Funcionarios +1 dia  ***' encountered while parsing (tag "%" with attributes). 
Invalid quoted string '*** Funcionarios +1 dia  ***' encountered while parsing (tag "%" with attributes). 
Invalid equal sign (=) encountered while parsing (tag "%CD_USUARIO" with attributes). 
Invalid equal sign (=) encountered while parsing (tag "%CD_USUARIO" with attributes). 
Invalid equal sign (=) encountered while parsing (tag "%CD_USUARIO" with attributes). 
Invalid equal sign (=) encountered while parsing (tag "%CD_USUARIO" with attributes). 
Invalid equal sign (=) encountered while parsing (tag "%QUANTIDADE" with attributes). 
Invalid equal sign (=) encountered while parsing (tag "%QUANTIDADE" with attributes). 
Invalid character (+) encountered while parsing (tag "%" with attributes numero=1 protocolo=protocolo). 
Invalid character (+) encountered while parsing (tag "%" with attributes numero=1 protocolo=protocolo). 
Invalid character (+) encountered while parsing (tag "%" with attributes numero=1 protocolo=protocolo). 
Invalid character (+) encountered while parsing (tag "%" with attributes numero=1 protocolo=protocolo). 
Invalid character (+) encountered while parsing (tag "%" with attributes numero=1 protocolo=protocolo). 
Invalid character (+) encountered while parsing (tag "%" with attributes numero=1 protocolo=protocolo). 
Invalid character (+) encountered while parsing (tag "%" with attributes numero=1 protocolo=protocolo). 
Invalid character (+) encountered while parsing (tag "%" with attributes numero=1 protocolo=protocolo). 
Invalid equal sign (=) encountered while parsing (tag "%QUANTIDADE" with attributes). 
Invalid equal sign (=) encountered while parsing (tag "%QUANTIDADE" with attributes). 
Invalid equal sign (=) encountered while parsing (tag "%CONTA_FOLHA" with attributes). 
Invalid slash (/) encountered while parsing (tag "%'***********************************************************" with attributes). 
Invalid slash (/) encountered while parsing (tag "%'***********************************************************" with attributes). 
Invalid slash (/) encountered while parsing (tag "%'***********************************************************" with attributes). 
Invalid slash (/) encountered while parsing (tag "%'***********************************************************" with attributes). 
Invalid equal sign (=) encountered while parsing (tag "%QUANTIDADE" with attributes). 
Invalid equal sign (=) encountered while parsing (tag "%QUANTIDADE" with attributes). 
Invalid equal sign (=) encountered while parsing (tag "%CD_USER" with attributes). 
Invalid equal sign (=) encountered while parsing (tag "%CD_USER" with attributes). 
Invalid equal sign (=) encountered while parsing (tag "RET" with attributes). 
Invalid equal sign (=) encountered while parsing (tag "%COR" with attributes). 
Invalid equal sign (=) encountered while parsing (tag "%NUM" with attributes). 
Invalid equal sign (=) encountered while parsing (tag "%NUM" with attributes). 
Invalid equal sign (=) encountered while parsing (tag "%NUM" with attributes). 
Invalid equal sign (=) encountered while parsing (tag "%NUM" with attributes). 
Invalid equal sign (=) encountered while parsing (tag "%XSQL" with attributes). 
Invalid equal sign (=) encountered while parsing (tag "%XSQL" with attributes). 
Invalid equal sign (=) encountered while parsing (tag "%NUM_COR" with attributes). 
Invalid equal sign (=) encountered while parsing (tag "%NUM_COR" with attributes). 
Invalid quoted string '**** Lista os cheques ***' encountered while parsing (tag "%ELSEIF" with attributes cd_status=1). 
Invalid quoted string '**** Lista os cheques ***' encountered while parsing (tag "%ELSEIF" with attributes cd_status=1). 
Invalid quoted string '**** Lista os cheques ***' encountered while parsing (tag "%ELSEIF" with attributes cd_status=1). 
Invalid equal sign (=) encountered while parsing (tag "%X" with attributes). 
Invalid equal sign (=) encountered while parsing (tag "%X" with attributes). 
Invalid equal sign (=) encountered while parsing (tag "%X" with attributes). 
Invalid equal sign (=) encountered while parsing (tag "%X" with attributes). 
Invalid quoted string '**** S  U  B  T  O  T  A  L  ***************************************************' encountered while parsing (tag "%'******************************************************************************" with attributes). 
Invalid quoted string '**** S  U  B  T  O  T  A  L  ***************************************************' encountered while parsing (tag "%'******************************************************************************" with attributes). 
Invalid equal sign (=) encountered while parsing (tag "%CONTA_OS" with attributes). 
Invalid equal sign (=) encountered while parsing (tag "%CONTA_OS" with attributes). 
Invalid character (&) encountered while parsing (tag "%RS_CONTR.MOVENEXT" with attributes loop= IF= NOT= ISNULL(CD_FERIAS)= THEN= STRSQL=SELECT * From TBL_funcionario_ausencias where cd_codigo='). 
Invalid character (&) encountered while parsing (tag "%RS_CONTR.MOVENEXT" with attributes loop= IF= NOT= ISNULL(CD_FERIAS)= THEN= STRSQL=SELECT * From TBL_funcionario_ausencias where cd_codigo='). 
Invalid character (&) encountered while parsing (tag "%RS_CONTR.MOVENEXT" with attributes loop= IF= NOT= ISNULL(CD_FERIAS)= THEN= STRSQL=SELECT * From TBL_funcionario_ausencias where cd_codigo='). 
Invalid character (&) encountered while parsing (tag "%RS_CONTR.MOVENEXT" with attributes loop= IF= NOT= ISNULL(CD_FERIAS)= THEN= STRSQL=SELECT * From TBL_funcionario_ausencias where cd_codigo='). 
Invalid character (&) encountered while parsing (tag "%RS_CONTR.MOVENEXT" with attributes loop= IF= NOT= ISNULL(CD_FERIAS)= THEN= STRSQL=SELECT * From TBL_funcionario_ausencias where cd_codigo='). 
Invalid character (&) encountered while parsing (tag "%RS_CONTR.MOVENEXT" with attributes loop= IF= NOT= ISNULL(CD_FERIAS)= THEN= STRSQL=SELECT * From TBL_funcionario_ausencias where cd_codigo='). 
Invalid character (&) encountered while parsing (tag "%RS_CONTR.MOVENEXT" with attributes loop= IF= NOT= ISNULL(CD_FERIAS)= THEN= STRSQL=SELECT * From TBL_funcionario_ausencias where cd_codigo='). 
Invalid character (&) encountered while parsing (tag "%RS_CONTR.MOVENEXT" with attributes loop= IF= NOT= ISNULL(CD_FERIAS)= THEN= STRSQL=SELECT * From TBL_funcionario_ausencias where cd_codigo='). 
Invalid character (&) encountered while parsing (tag "%RS_CONTR.MOVENEXT" with attributes loop= IF= NOT= ISNULL(CD_FERIAS)= THEN= STRSQL=SELECT * From TBL_funcionario_ausencias where cd_codigo='). 
Invalid character (&) encountered while parsing (tag "%RS_CONTR.MOVENEXT" with attributes loop= IF= NOT= ISNULL(CD_FERIAS)= THEN= STRSQL=SELECT * From TBL_funcionario_ausencias where cd_codigo='). 
Invalid character (&) encountered while parsing (tag "%RS_CONTR.MOVENEXT" with attributes loop= IF= NOT= ISNULL(CD_FERIAS)= THEN= STRSQL=SELECT * From TBL_funcionario_ausencias where cd_codigo='). 
Invalid character (&) encountered while parsing (tag "%RS_CONTR.MOVENEXT" with attributes loop= IF= NOT= ISNULL(CD_FERIAS)= THEN= STRSQL=SELECT * From TBL_funcionario_ausencias where cd_codigo='). 
Invalid character (&) encountered while parsing (tag "%RS_CONTR.MOVENEXT" with attributes loop= IF= NOT= ISNULL(CD_FERIAS)= THEN= STRSQL=SELECT * From TBL_funcionario_ausencias where cd_codigo='). 
Invalid character (&) encountered while parsing (tag "%RS_CONTR.MOVENEXT" with attributes loop= IF= NOT= ISNULL(CD_FERIAS)= THEN= STRSQL=SELECT * From TBL_funcionario_ausencias where cd_codigo='). 
Invalid character (&) encountered while parsing (tag "%RS_CONTR.MOVENEXT" with attributes loop= IF= NOT= ISNULL(CD_FERIAS)= THEN= STRSQL=SELECT * From TBL_funcionario_ausencias where cd_codigo='). 
Invalid character (&) encountered while parsing (tag "%RS_CONTR.MOVENEXT" with attributes loop= IF= NOT= ISNULL(CD_FERIAS)= THEN= STRSQL=SELECT * From TBL_funcionario_ausencias where cd_codigo='). 
Invalid character (&) encountered while parsing (tag "%RS_CONTR.MOVENEXT" with attributes loop= IF= NOT= ISNULL(CD_FERIAS)= THEN= STRSQL=SELECT * From TBL_funcionario_ausencias where cd_codigo='). 
Invalid character (&) encountered while parsing (tag "%RS_CONTR.MOVENEXT" with attributes loop= IF= NOT= ISNULL(CD_FERIAS)= THEN= STRSQL=SELECT * From TBL_funcionario_ausencias where cd_codigo='). 
Invalid character (&) encountered while parsing (tag "%RS_CONTR.MOVENEXT" with attributes loop= IF= NOT= ISNULL(CD_FERIAS)= THEN= STRSQL=SELECT * From TBL_funcionario_ausencias where cd_codigo='). 
Invalid character (&) encountered while parsing (tag "%RS_CONTR.MOVENEXT" with attributes loop= IF= NOT= ISNULL(CD_FERIAS)= THEN= STRSQL=SELECT * From TBL_funcionario_ausencias where cd_codigo='). 
Invalid character (&) encountered while parsing (tag "%RS_CONTR.MOVENEXT" with attributes loop= IF= NOT= ISNULL(CD_FERIAS)= THEN= STRSQL=SELECT * From TBL_funcionario_ausencias where cd_codigo='). 
Invalid character (&) encountered while parsing (tag "%RS_CONTR.MOVENEXT" with attributes loop= IF= NOT= ISNULL(CD_FERIAS)= THEN= STRSQL=SELECT * From TBL_funcionario_ausencias where cd_codigo='). 
Invalid character (&) encountered while parsing (tag "%RS_CONTR.MOVENEXT" with attributes loop= IF= NOT= ISNULL(CD_FERIAS)= THEN= STRSQL=SELECT * From TBL_funcionario_ausencias where cd_codigo='). 
Invalid character (&) encountered while parsing (tag "%RS_CONTR.MOVENEXT" with attributes loop= IF= NOT= ISNULL(CD_FERIAS)= THEN= STRSQL=SELECT * From TBL_funcionario_ausencias where cd_codigo='). 
Invalid character (&) encountered while parsing (tag "%RS_CONTR.MOVENEXT" with attributes loop= IF= NOT= ISNULL(CD_FERIAS)= THEN= STRSQL=SELECT * From TBL_funcionario_ausencias where cd_codigo='). 
Invalid character (&) encountered while parsing (tag "%RS_CONTR.MOVENEXT" with attributes loop= IF= NOT= ISNULL(CD_FERIAS)= THEN= STRSQL=SELECT * From TBL_funcionario_ausencias where cd_codigo='). 
Invalid character (&) encountered while parsing (tag "%RS_CONTR.MOVENEXT" with attributes loop= IF= NOT= ISNULL(CD_FERIAS)= THEN= STRSQL=SELECT * From TBL_funcionario_ausencias where cd_codigo='). 
Invalid character (&) encountered while parsing (tag "%RS_CONTR.MOVENEXT" with attributes loop= IF= NOT= ISNULL(CD_FERIAS)= THEN= STRSQL=SELECT * From TBL_funcionario_ausencias where cd_codigo='). 
Invalid character (&) encountered while parsing (tag "%RS_CONTR.MOVENEXT" with attributes loop= IF= NOT= ISNULL(CD_FERIAS)= THEN= STRSQL=SELECT * From TBL_funcionario_ausencias where cd_codigo='). 
Invalid quoted string '<%=proc_altera%>' encountered while parsing (tag "INPUT" with attributes type=hiddens name=procedimentos_total id=value=). 
