Invalid equal sign (=) encountered while parsing (tag "%'TXTBUSCA" with attributes). 
Invalid equal sign (=) encountered while parsing (tag "%'TXTBUSCA" with attributes). 
Invalid equal sign (=) encountered while parsing (tag "%NUM_LISTA" with attributes). 
Invalid equal sign (=) encountered while parsing (tag "%NUM_LISTA" with attributes). 
Invalid equal sign (=) encountered while parsing (tag "%NUM_LISTA" with attributes). 
Invalid equal sign (=) encountered while parsing (tag "%NUM_LISTA" with attributes). 
Invalid equal sign (=) encountered while parsing (tag "%NUM_LISTA" with attributes). 
Invalid equal sign (=) encountered while parsing (tag "%NUM_LISTA" with attributes). 
Invalid equal sign (=) encountered while parsing (tag "%XSQL" with attributes). 
Invalid equal sign (=) encountered while parsing (tag "%XSQL" with attributes). 
Invalid equal sign (=) encountered while parsing (tag "%XSQL" with attributes). 
Invalid quoted string 'cd_pat_codigo' encountered while parsing (tag "%" with attributes cd_pat_codigo=request(). 
Invalid quoted string 'cd_pat_codigo' encountered while parsing (tag "%" with attributes cd_pat_codigo=request(). 
Invalid quoted string 'cd_codigo' encountered while parsing (tag "%" with attributes usuario=session(). 
Invalid quoted string 'cd_codigo' encountered while parsing (tag "%" with attributes usuario=session(). 
Invalid quoted string ' ****  A합ES  ****' encountered while parsing (tag "%IF" with attributes x=). 
Invalid quoted string ' ****  A합ES  ****' encountered while parsing (tag "%IF" with attributes x=). 
Invalid quoted string ' ****  A합ES  ****' encountered while parsing (tag "%IF" with attributes x=). 
Invalid quoted string ' ****  A합ES  ****' encountered while parsing (tag "%IF" with attributes x=). 
Invalid quoted string ' ****  A합ES  ****' encountered while parsing (tag "%IF" with attributes x=). 
Invalid quoted string ' ****  A합ES  ****' encountered while parsing (tag "%IF" with attributes x=). 
Invalid quoted string ' ****  A합ES  ****' encountered while parsing (tag "%IF" with attributes x=). 
Invalid quoted string ' ****  A합ES  ****' encountered while parsing (tag "%IF" with attributes x=). 
Invalid quoted string ' ****  A합ES  ****' encountered while parsing (tag "%IF" with attributes x=). 
Invalid quoted string ' ****  A합ES  ****' encountered while parsing (tag "%IF" with attributes x=). 
Invalid quoted string ' ****  A합ES  ****' encountered while parsing (tag "%IF" with attributes x=). 
Invalid quoted string ' ****  A합ES  ****' encountered while parsing (tag "%IF" with attributes x=). 
Invalid quoted string ' ****  A합ES  ****' encountered while parsing (tag "%IF" with attributes x=). 
Invalid quoted string ' ****  A합ES  ****' encountered while parsing (tag "%IF" with attributes x=). 
Invalid quoted string ' ****  A합ES  ****' encountered while parsing (tag "%IF" with attributes x=). 
Invalid quoted string ' ****  A합ES  ****' encountered while parsing (tag "%IF" with attributes x=). 
Invalid quoted string ' ****  A합ES  ****' encountered while parsing (tag "%IF" with attributes x=). 
Invalid quoted string ' ****  A합ES  ****' encountered while parsing (tag "%IF" with attributes x=). 
Invalid quoted string ' ****  A합ES  ****' encountered while parsing (tag "%IF" with attributes x=). 
Invalid quoted string ' ****  A합ES  ****' encountered while parsing (tag "%IF" with attributes x=). 
Invalid quoted string ' ****  A합ES  ****' encountered while parsing (tag "%IF" with attributes x=). 
Invalid quoted string ' ****  A합ES  ****' encountered while parsing (tag "%IF" with attributes x=). 
Invalid quoted string ' ****  A합ES  ****' encountered while parsing (tag "%IF" with attributes x=). 
Invalid quoted string ' ****  A합ES  ****' encountered while parsing (tag "%IF" with attributes x=). 
Invalid quoted string ' ****  A합ES  ****' encountered while parsing (tag "%IF" with attributes x=). 
Invalid quoted string ' ****  A합ES  ****' encountered while parsing (tag "%IF" with attributes x=). 
