Invalid character (,) encountered while parsing (tag "%" with attributes xsql='SELECT     *, DATEDIFF(m, dt_rgproval, GETDATE()) AS validade FROM= VIEW_FUNCIONARIO_BUSCA= WHERE= (DT_DESLIGA= IS= NULL)= AND=). 
Invalid character (,) encountered while parsing (tag "%" with attributes xsql='SELECT     *, DATEDIFF(m, dt_rgproval, GETDATE()) AS validade FROM         VIEW_funcionario_busca WHERE= (DT_DESLIGA= IS= NULL)= AND=). 
Invalid character (<) encountered while parsing (tag "%" with attributes xsql=SELECT     *, DATEDIFF(m, dt_rgproval, GETDATE()) AS validade FROM         VIEW_funcionario_busca WHERE     (dt_desliga IS NULL) AND (DATEDIFF(m, dt_rgproval, GETDATE()) <= 1)	Set rs = dbconn.execute(xsql)%>). 
Invalid equal sign (=) encountered while parsing (tag "%VALIDADE" with attributes). 
Invalid equal sign (=) encountered while parsing (tag "%VALIDADE" with attributes). 
Invalid character (+) encountered while parsing (tag "%" with attributes nm_unidade= nm_sigla= nm_status= cd_status= strcor= nm_cargo= hr_entrada= hr_saida= cab_cor=cab_cor). 
Invalid equal sign (=) encountered while parsing (tag "%NUM" with attributes). 
Invalid equal sign (=) encountered while parsing (tag "%NUM" with attributes). 
Invalid equal sign (=) encountered while parsing (tag "%NUM" with attributes). 
Invalid equal sign (=) encountered while parsing (tag "%NUM" with attributes). 
Invalid equal sign (=) encountered while parsing (tag "%NUM" with attributes). 
Invalid equal sign (=) encountered while parsing (tag "%NUM" with attributes). 
Invalid equal sign (=) encountered while parsing (tag "%NUM" with attributes). 
Invalid equal sign (=) encountered while parsing (tag "%NUM" with attributes). 
Invalid equal sign (=) encountered while parsing (tag "%NUM" with attributes). 
Invalid equal sign (=) encountered while parsing (tag "%NUM" with attributes). 
Invalid equal sign (=) encountered while parsing (tag "%NUM" with attributes). 
Invalid equal sign (=) encountered while parsing (tag "%NUM" with attributes). 
Invalid quoted string 'nm_unidade = ""' encountered while parsing (tag "%" with attributes). 
Invalid quoted string 'nm_unidade = ""' encountered while parsing (tag "%" with attributes). 
Invalid quoted string 'nm_unidade = ""' encountered while parsing (tag "%" with attributes). 
Invalid quoted string 'nm_unidade = ""' encountered while parsing (tag "%" with attributes). 
Invalid quoted string 'nm_unidade = ""' encountered while parsing (tag "%" with attributes). 
Invalid quoted string 'nm_unidade = ""' encountered while parsing (tag "%" with attributes). 
Invalid quoted string 'nm_unidade = ""' encountered while parsing (tag "%" with attributes). 
Invalid quoted string 'nm_unidade = ""' encountered while parsing (tag "%" with attributes). 
Invalid equal sign (=) encountered while parsing (tag "%FILTRO" with attributes). 
Invalid equal sign (=) encountered while parsing (tag "%FILTRO" with attributes). 
Invalid equal sign (=) encountered while parsing (tag "%FILTRO" with attributes). 
Invalid equal sign (=) encountered while parsing (tag "%FILTRO" with attributes). 
Invalid equal sign (=) encountered while parsing (tag "%FILTRO" with attributes). 
Invalid equal sign (=) encountered while parsing (tag "%FILTRO" with attributes). 
Invalid equal sign (=) encountered while parsing (tag "%FILTRO" with attributes). 
Invalid equal sign (=) encountered while parsing (tag "%FILTRO" with attributes). 
Invalid equal sign (=) encountered while parsing (tag "%FILTRO" with attributes). 
Invalid equal sign (=) encountered while parsing (tag "%FILTRO" with attributes). 
Invalid equal sign (=) encountered while parsing (tag "%XSQL" with attributes). 
Invalid equal sign (=) encountered while parsing (tag "%XSQL" with attributes). 
Invalid equal sign (=) encountered while parsing (tag "%XSQL" with attributes). 
Invalid equal sign (=) encountered while parsing (tag "%XSQL" with attributes). 
Invalid equal sign (=) encountered while parsing (tag "%XSQL" with attributes). 
Invalid equal sign (=) encountered while parsing (tag "%XSQL" with attributes). 
Invalid equal sign (=) encountered while parsing (tag "%XSQL" with attributes). 
Invalid equal sign (=) encountered while parsing (tag "%XSQL" with attributes). 
Invalid equal sign (=) encountered while parsing (tag "%XSQL" with attributes). 
Invalid equal sign (=) encountered while parsing (tag "%XSQL" with attributes). 
Invalid equal sign (=) encountered while parsing (tag "%XSQL" with attributes). 
Invalid character (*) encountered while parsing (tag "%'***" with attributes lista= TODAS= AS= EMPRESAS= DO= BANCO= DE=). 
Invalid character (*) encountered while parsing (tag "%'***" with attributes lista= TODAS= AS= EMPRESAS= DO= BANCO= DE=). 
Invalid character (*) encountered while parsing (tag "%'***" with attributes lista= TODAS= AS= EMPRESAS= DO= BANCO= DE=). 
Invalid character (*) encountered while parsing (tag "%'***" with attributes lista= TODAS= AS= EMPRESAS= DO= BANCO= DE=). 
Invalid character (*) encountered while parsing (tag "%'***" with attributes lista= TODAS= AS= EMPRESAS= DO= BANCO= DE=). 
Invalid character (*) encountered while parsing (tag "%'***" with attributes lista= TODAS= AS= EMPRESAS= DO= BANCO= DE=). 
Invalid character (*) encountered while parsing (tag "%'***" with attributes lista= TODAS= AS= EMPRESAS= DO= BANCO= DE=). 
Invalid character (*) encountered while parsing (tag "%'***" with attributes lista= TODAS= AS= EMPRESAS= DO= BANCO= DE=). 
Invalid character (*) encountered while parsing (tag "%'***" with attributes lista= TODAS= AS= EMPRESAS= DO= BANCO= DE=). 
Invalid character (*) encountered while parsing (tag "%'***" with attributes lista= TODAS= AS= EMPRESAS= DO= BANCO= DE=). 
Invalid character (*) encountered while parsing (tag "%'***" with attributes lista= TODAS= AS= EMPRESAS= DO= BANCO= DE=). 
Invalid character (*) encountered while parsing (tag "%'***" with attributes lista= TODAS= AS= EMPRESAS= DO= BANCO= DE=). 
Invalid character (*) encountered while parsing (tag "%'***" with attributes lista= TODAS= AS= EMPRESAS= DO= BANCO= DE=). 
Invalid character (*) encountered while parsing (tag "%'***" with attributes lista= TODAS= AS= EMPRESAS= DO= BANCO= DE=). 
Invalid character (*) encountered while parsing (tag "%'***" with attributes lista= TODAS= AS= EMPRESAS= DO= BANCO= DE=). 
Invalid character (*) encountered while parsing (tag "%'***" with attributes lista= TODAS= AS= EMPRESAS= DO= BANCO= DE=). 
Invalid character (*) encountered while parsing (tag "%'***" with attributes lista= TODAS= AS= EMPRESAS= DO= BANCO= DE=). 
Invalid character (*) encountered while parsing (tag "%'***" with attributes lista= TODAS= AS= EMPRESAS= DO= BANCO= DE=). 
Invalid character (*) encountered while parsing (tag "%'***" with attributes lista= TODAS= AS= EMPRESAS= DO= BANCO= DE=). 
Invalid character (*) encountered while parsing (tag "%'***" with attributes lista= TODAS= AS= EMPRESAS= DO= BANCO= DE=). 
Invalid character (*) encountered while parsing (tag "%'***" with attributes lista= TODAS= AS= EMPRESAS= DO= BANCO= DE=). 
Invalid character (*) encountered while parsing (tag "%'***" with attributes lista= TODAS= AS= EMPRESAS= DO= BANCO= DE=). 
Invalid character (*) encountered while parsing (tag "%'***" with attributes lista= TODAS= AS= EMPRESAS= DO= BANCO= DE=). 
Invalid character (*) encountered while parsing (tag "%'***" with attributes lista= TODAS= AS= EMPRESAS= DO= BANCO= DE=). 
Invalid character (*) encountered while parsing (tag "%'***" with attributes lista= TODAS= AS= EMPRESAS= DO= BANCO= DE=). 
Invalid character (*) encountered while parsing (tag "%'***" with attributes lista= TODAS= AS= EMPRESAS= DO= BANCO= DE=). 
Invalid equal sign (=) encountered while parsing (tag "%NUM_LISTA" with attributes). 
Invalid equal sign (=) encountered while parsing (tag "%NUM_LISTA" with attributes). 
Invalid equal sign (=) encountered while parsing (tag "%NUM_LISTA" with attributes). 
Invalid equal sign (=) encountered while parsing (tag "%NUM_LISTA" with attributes). 
Invalid equal sign (=) encountered while parsing (tag "%NUM_LISTA" with attributes). 
Invalid equal sign (=) encountered while parsing (tag "%NUM_LISTA" with attributes). 
Invalid equal sign (=) encountered while parsing (tag "%NUM_LISTA" with attributes). 
Invalid equal sign (=) encountered while parsing (tag "%NUM_LISTA" with attributes). 
Invalid quoted string 'acao' encountered while parsing (tag "%" with attributes acao=request(). 
Invalid quoted string 'acao' encountered while parsing (tag "%" with attributes acao=request(). 
Invalid quoted string 'acao' encountered while parsing (tag "%" with attributes acao=request(). 
Invalid quoted string 'acao' encountered while parsing (tag "%" with attributes acao=request(). 
Invalid quoted string 'acao' encountered while parsing (tag "%" with attributes acao=request(). 
Invalid quoted string 'acao' encountered while parsing (tag "%" with attributes acao=request(). 
Invalid character (%) encountered while parsing (tag "%" with attributes sql=SELECT). 
Invalid character (%) encountered while parsing (tag "%" with attributes sql=SELECT *). 
Invalid character (%) encountered while parsing (tag "%" with attributes sql=SELECT * FROM). 
Invalid character (&) encountered while parsing (tag "%" with attributes sql=SELECT * FROM  condicao= Where dt_descarte is null and cd_codigo = ). 
Invalid character (&) encountered while parsing (tag "%" with attributes sql=SELECT * FROM  condicao= Where dt_descarte is null and cd_codigo = ). 
Invalid character (&) encountered while parsing (tag "%" with attributes sql=SELECT * FROM  condicao= Where dt_descarte is null and cd_codigo = ). 
Invalid character (&) encountered while parsing (tag "%" with attributes sql=SELECT * FROM  condicao= Where dt_descarte is null and cd_codigo = ). 
Invalid character (*) encountered while parsing (tag "%'***" with attributes Lista= TODOS= OS= FUNCIONARIOS= DO= BANCO= DE=). 
Invalid character (*) encountered while parsing (tag "%'***" with attributes Lista= TODOS= OS= FUNCIONARIOS= DO= BANCO= DE=). 
Invalid character (*) encountered while parsing (tag "%'***" with attributes Lista= TODOS= OS= FUNCIONARIOS= DO= BANCO= DE=). 
Invalid character (*) encountered while parsing (tag "%'***" with attributes Lista= TODOS= OS= FUNCIONARIOS= DO= BANCO= DE=). 
Invalid character (*) encountered while parsing (tag "%'***" with attributes Lista= TODOS= OS= FUNCIONARIOS= DO= BANCO= DE=). 
Invalid character (*) encountered while parsing (tag "%'***" with attributes lista= TODAS= AS= EMPRESAS= DO= BANCO= DE=). 
Invalid character (*) encountered while parsing (tag "%'***" with attributes lista= TODAS= AS= EMPRESAS= DO= BANCO= DE=). 
Invalid character (*) encountered while parsing (tag "%'***" with attributes lista= TODAS= AS= EMPRESAS= DO= BANCO= DE=). 
Invalid character (*) encountered while parsing (tag "%'***" with attributes lista= TODAS= AS= EMPRESAS= DO= BANCO= DE=). 
Invalid character (*) encountered while parsing (tag "%'***" with attributes lista= TODAS= AS= EMPRESAS= DO= BANCO= DE=). 
Invalid character (*) encountered while parsing (tag "%'***" with attributes lista= TODAS= AS= EMPRESAS= DO= BANCO= DE=). 
Invalid character (*) encountered while parsing (tag "%'***" with attributes lista= TODAS= AS= EMPRESAS= DO= BANCO= DE=). 
Invalid character (*) encountered while parsing (tag "%'***" with attributes lista= TODAS= AS= EMPRESAS= DO= BANCO= DE=). 
Invalid quoted string 'data_selecionada' encountered while parsing (tag "%" with attributes data_selecionada=(request(). 
Invalid quoted string 'data_selecionada' encountered while parsing (tag "%" with attributes data_selecionada=(request(). 
Invalid character (*) encountered while parsing (tag "%'***" with attributes lista= TODAS= AS= EMPRESAS= DO= BANCO= DE=). 
Invalid character (*) encountered while parsing (tag "%'***" with attributes lista= TODAS= AS= EMPRESAS= DO= BANCO= DE=). 
Invalid character (*) encountered while parsing (tag "%'***" with attributes lista= TODAS= AS= EMPRESAS= DO= BANCO= DE=). 
Invalid character (*) encountered while parsing (tag "%'***" with attributes lista= TODAS= AS= EMPRESAS= DO= BANCO= DE=). 
Invalid character (*) encountered while parsing (tag "%'***" with attributes lista= TODAS= AS= EMPRESAS= DO= BANCO= DE=). 
Invalid character (*) encountered while parsing (tag "%'***" with attributes lista= TODAS= AS= EMPRESAS= DO= BANCO= DE=). 
Invalid character (*) encountered while parsing (tag "%'***" with attributes lista= TODAS= AS= EMPRESAS= DO= BANCO= DE=). 
Invalid character (+) encountered while parsing (tag "%" with attributes conta_func=conta_func). 
Invalid character (+) encountered while parsing (tag "%" with attributes conta_func=conta_func). 
Invalid character (+) encountered while parsing (tag "%" with attributes conta_func=conta_func). 
Invalid character (+) encountered while parsing (tag "%" with attributes conta_func=conta_func). 
Invalid character (+) encountered while parsing (tag "%" with attributes conta_func=conta_func). 
Invalid character (+) encountered while parsing (tag "%" with attributes conta_func=conta_func). 
Invalid character (*) encountered while parsing (tag "%'***" with attributes lista= TODAS= AS= EMPRESAS= DO= BANCO= DE=). 
Invalid character (*) encountered while parsing (tag "%'***" with attributes lista= TODAS= AS= EMPRESAS= DO= BANCO= DE=). 
Invalid quoted string 'rs_func.movenext' encountered while parsing (tag "%" with attributes funcionario_item= cabeca=1). 
Invalid character (*) encountered while parsing (tag "%'***" with attributes Lista= OS=). 
Invalid character (*) encountered while parsing (tag "%'***" with attributes Lista= OS=). 
Invalid character (&) encountered while parsing (tag "%" with attributes funcionario_item= cabeca=1 end= IF= remanescentes=remanescentes). 
Invalid character (&) encountered while parsing (tag "%" with attributes funcionario_item= cabeca=1 end= IF= remanescentes=remanescentes). 
Invalid quoted string '***' encountered while parsing (tag "%" with attributes). 
Invalid quoted string '*** retira' encountered while parsing (tag "%" with attributes). 
Invalid quoted string '*** retira o' encountered while parsing (tag "%" with attributes). 
Invalid quoted string '*** retira o funcionários' encountered while parsing (tag "%" with attributes). 
Invalid quoted string '*** retira o funcionários da' encountered while parsing (tag "%" with attributes). 
Invalid quoted string '*** retira o funcionários da lista' encountered while parsing (tag "%" with attributes). 
Invalid quoted string '*** retira o funcionários da lista de' encountered while parsing (tag "%" with attributes). 
Invalid quoted string '*** retira o funcionários da lista de remanescentes' encountered while parsing (tag "%" with attributes). 
Invalid equal sign (=) encountered while parsing (tag "%" with attributes dia_sel=mes_sel). 
Invalid equal sign (=) encountered while parsing (tag "%" with attributes dia_sel=mes_sel). 
Invalid equal sign (=) encountered while parsing (tag "%" with attributes dia_sel=mes_sel). 
Invalid quoted string 'dia_sel' encountered while parsing (tag "%" with attributes dia_sel=request(). 
Invalid quoted string 'dia_sel' encountered while parsing (tag "%" with attributes dia_sel=request(). 
Invalid quoted string 'dia_sel' encountered while parsing (tag "%" with attributes dia_sel=request(). 
Invalid quoted string 'dia_sel' encountered while parsing (tag "%" with attributes dia_sel=request(). 
Invalid quoted string 'dia_sel' encountered while parsing (tag "%" with attributes dia_sel=request(). 
Invalid quoted string 'dia_sel' encountered while parsing (tag "%" with attributes dia_sel=request(). 
Invalid quoted string 'dia_sel' encountered while parsing (tag "%" with attributes dia_sel=request(). 
Invalid quoted string 'dia_sel' encountered while parsing (tag "%" with attributes dia_sel=request(). 
Invalid quoted string 'dia_sel' encountered while parsing (tag "%" with attributes dia_sel=request(). 
Invalid quoted string 'dia_sel' encountered while parsing (tag "%" with attributes dia_sel=request(). 
Invalid quoted string 'dia_sel' encountered while parsing (tag "%" with attributes dia_sel=request(). 
Invalid quoted string 'dia_sel' encountered while parsing (tag "%" with attributes dia_sel=request(). 
Invalid quoted string 'dia_sel' encountered while parsing (tag "%" with attributes dia_sel=request(). 
Invalid quoted string 'acao' encountered while parsing (tag "%" with attributes acao=request(). 
Invalid quoted string 'acao' encountered while parsing (tag "%" with attributes acao=request(). 
Invalid quoted string 'acao' encountered while parsing (tag "%" with attributes acao=request(). 
Invalid quoted string 'acao' encountered while parsing (tag "%" with attributes acao=request(). 
Invalid quoted string 'acao' encountered while parsing (tag "%" with attributes acao=request(). 
Invalid quoted string 'acao' encountered while parsing (tag "%" with attributes acao=request(). 
Invalid quoted string 'acao' encountered while parsing (tag "%" with attributes acao=request(). 
Invalid equal sign (=) encountered while parsing (tag "%NUM_LISTA" with attributes). 
Invalid equal sign (=) encountered while parsing (tag "%NUM_LISTA" with attributes). 
