End of file encountered while parsing comment. 
End of file encountered while parsing comment. 
End of file encountered while parsing comment. 
End of file encountered while parsing comment. 
End of file encountered while parsing comment. 
End of file encountered while parsing comment. 
Invalid equal sign (=) encountered while parsing (tag "%NUM" with attributes). 
Invalid equal sign (=) encountered while parsing (tag "%NUM" with attributes). 
Invalid character (%) encountered while parsing (tag "%'ELSE" with attributes). 
Invalid character (%) encountered while parsing (tag "%'ELSE" with attributes if=). 
Invalid character (%) encountered while parsing (tag "%'ELSE" with attributes if= NOT=). 
End of file encountered while parsing comment. 
End of file encountered while parsing comment. 
End of file encountered while parsing comment. 
End of file encountered while parsing comment. 
Invalid quoted string 'teste' encountered while parsing (tag "%" with attributes teste=request(). 
Invalid quoted string 'teste' encountered while parsing (tag "%" with attributes teste=request(). 
Invalid quoted string 'teste' encountered while parsing (tag "%" with attributes teste=request(). 
Invalid quoted string 'teste' encountered while parsing (tag "%" with attributes teste=request(). 
Invalid quoted string 'teste' encountered while parsing (tag "%" with attributes teste=request(). 
Invalid quoted string 'teste' encountered while parsing (tag "%" with attributes teste=request(). 
Invalid quoted string 'teste' encountered while parsing (tag "%" with attributes teste=request(). 
Invalid quoted string 'teste' encountered while parsing (tag "%" with attributes teste=request(). 
Invalid quoted string 'teste' encountered while parsing (tag "%" with attributes teste=request(). 
Invalid quoted string 'teste' encountered while parsing (tag "%" with attributes teste=request(). 
Invalid quoted string 'teste' encountered while parsing (tag "%" with attributes teste=request(). 
Invalid quoted string 'teste' encountered while parsing (tag "%" with attributes teste=request(). 
Invalid equal sign (=) encountered while parsing (tag "%STRSQL" with attributes). 
Invalid equal sign (=) encountered while parsing (tag "%STRSQL" with attributes). 
