Invalid character (*) encountered while parsing (tag "%'*******************" with attributes Mostra= O= VALOR=). 
Invalid character (*) encountered while parsing (tag "%'*******************" with attributes Mostra= O= VALOR=). 
Invalid character (*) encountered while parsing (tag "%'*******************" with attributes Mostra= O= VALOR=). 
Invalid character (*) encountered while parsing (tag "%'*******************" with attributes Mostra= O= VALOR=). 
Invalid character (*) encountered while parsing (tag "%'*******************" with attributes Mostra= O= VALOR=). 
Invalid character (*) encountered while parsing (tag "%'*******************" with attributes Mostra= O= VALOR= TOTAL= DE= RACKS=). 
Invalid character (+) encountered while parsing (tag "%'NUMERAÁ„O" with attributes e= MUDANÁA= DAS= CORES= LINHAS= LINHA_NUMERAR=linha_numerar). 
Invalid character (+) encountered while parsing (tag "%'NUMERAÁ„O" with attributes e= MUDANÁA= DAS= CORES= LINHAS= LINHA_NUMERAR=linha_numerar). 
Invalid character (+) encountered while parsing (tag "%'NUMERAÁ„O" with attributes e= MUDANÁA= DAS= CORES= LINHAS= LINHA_NUMERAR=linha_numerar). 
Invalid character (+) encountered while parsing (tag "%'NUMERAÁ„O" with attributes e= MUDANÁA= DAS= CORES= LINHAS= LINHA_NUMERAR=linha_numerar). 
Invalid equal sign (=) encountered while parsing (tag "%TOTAL_RACKS" with attributes). 
Invalid equal sign (=) encountered while parsing (tag "%TOTAL_RACKS" with attributes). 
Invalid equal sign (=) encountered while parsing (tag "%TOTAL_RACKS" with attributes). 
Invalid equal sign (=) encountered while parsing (tag "%TOTAL_RACKS" with attributes). 
Invalid character (*) encountered while parsing (tag "%'*******************" with attributes Mostra= O= VALOR= TOTAL= DE= RACKS=). 
Invalid character (*) encountered while parsing (tag "%'*******************" with attributes Mostra= O= VALOR= TOTAL= DE= RACKS=). 
Invalid character (*) encountered while parsing (tag "%'*******************" with attributes Mostra= O= VALOR= TOTAL= DE= RACKS=). 
Invalid character (*) encountered while parsing (tag "%'*******************" with attributes Mostra= O= VALOR= TOTAL= DE= RACKS=). 
Invalid character (*) encountered while parsing (tag "%'*******************" with attributes Mostra= O= VALOR= TOTAL= DE= RACKS=). 
Invalid character (*) encountered while parsing (tag "%'*******************" with attributes Mostra= O= VALOR= TOTAL= DE= RACKS=). 
Invalid character (*) encountered while parsing (tag "%'*******************" with attributes Mostra= O= VALOR= TOTAL= DE= RACKS=). 
Invalid character (*) encountered while parsing (tag "%'*******************" with attributes Mostra= O= VALOR= TOTAL= DE= RACKS=). 
Invalid character (*) encountered while parsing (tag "%'*******************" with attributes Mostra= O= VALOR= TOTAL= DE= RACKS=). 
Invalid character (*) encountered while parsing (tag "%'*******************" with attributes Mostra= O= VALOR= TOTAL= DE= RACKS=). 
Invalid character (*) encountered while parsing (tag "%'*******************" with attributes Mostra= O= VALOR= TOTAL= DE= RACKS=). 
Invalid equal sign (=) encountered while parsing (tag "%LINHA_NUMERAR" with attributes). 
Invalid equal sign (=) encountered while parsing (tag "%LINHA_NUMERAR" with attributes). 
Invalid equal sign (=) encountered while parsing (tag "%REG_NUM" with attributes). 
Invalid equal sign (=) encountered while parsing (tag "%REG_NUM" with attributes). 
Invalid character (+) encountered while parsing (tag "%IF" with attributes cd_unidade=20 then= REG_NUM=reg_num). 
Invalid character (+) encountered while parsing (tag "%IF" with attributes cd_unidade=20 then= REG_NUM=reg_num). 
Invalid character (+) encountered while parsing (tag "%IF" with attributes emprestimos=linha_numerar_e then= TOTAL_PROCEDIMENTOS=total_procedimentos). 
Invalid character (+) encountered while parsing (tag "%IF" with attributes emprestimos=linha_numerar_e then= TOTAL_PROCEDIMENTOS=total_procedimentos). 
