Invalid equal sign (=) encountered while parsing (tag "%STR_EQUIPAMENTOS" with attributes). 
Invalid equal sign (=) encountered while parsing (tag "%DATA_ATUAL" with attributes). 
Invalid equal sign (=) encountered while parsing (tag "%DATA_ATUAL" with attributes). 
Invalid equal sign (=) encountered while parsing (tag "%DATA_ATUAL" with attributes). 
Invalid equal sign (=) encountered while parsing (tag "%DIA" with attributes). 
Invalid equal sign (=) encountered while parsing (tag "%DIA" with attributes). 
Invalid equal sign (=) encountered while parsing (tag "%DIA" with attributes). 
Invalid equal sign (=) encountered while parsing (tag "%DIA" with attributes). 
Invalid equal sign (=) encountered while parsing (tag "%DIA" with attributes). 
Invalid equal sign (=) encountered while parsing (tag "%DIA" with attributes). 
Invalid equal sign (=) encountered while parsing (tag "%DIA" with attributes). 
Invalid equal sign (=) encountered while parsing (tag "%DIA" with attributes). 
Invalid equal sign (=) encountered while parsing (tag "%DIA" with attributes). 
Invalid equal sign (=) encountered while parsing (tag "%DIA" with attributes). 
Invalid equal sign (=) encountered while parsing (tag "%DIA" with attributes). 
Invalid equal sign (=) encountered while parsing (tag "%DIA" with attributes). 
Invalid equal sign (=) encountered while parsing (tag "%DIA" with attributes). 
Invalid equal sign (=) encountered while parsing (tag "%DIA" with attributes). 
Invalid equal sign (=) encountered while parsing (tag "%DIA" with attributes). 
Invalid equal sign (=) encountered while parsing (tag "%DIA" with attributes). 
Invalid equal sign (=) encountered while parsing (tag "%DIA" with attributes). 
Invalid equal sign (=) encountered while parsing (tag "%DIA" with attributes). 
Invalid equal sign (=) encountered while parsing (tag "%DIA" with attributes). 
Invalid equal sign (=) encountered while parsing (tag "%DIA" with attributes). 
Invalid equal sign (=) encountered while parsing (tag "%DIA" with attributes). 
Invalid equal sign (=) encountered while parsing (tag "%DIA" with attributes). 
Invalid equal sign (=) encountered while parsing (tag "%DIA" with attributes). 
Invalid equal sign (=) encountered while parsing (tag "%DIA" with attributes). 
Invalid equal sign (=) encountered while parsing (tag "%DIA" with attributes). 
Invalid equal sign (=) encountered while parsing (tag "%DIA" with attributes). 
Invalid equal sign (=) encountered while parsing (tag "%DATA_ATUAL" with attributes). 
Invalid equal sign (=) encountered while parsing (tag "%DATA_ATUAL" with attributes). 
Invalid equal sign (=) encountered while parsing (tag "%DATA_ATUAL" with attributes). 
Invalid equal sign (=) encountered while parsing (tag "%DATA_ATUAL" with attributes). 
Invalid equal sign (=) encountered while parsing (tag "%DATA_ATUAL" with attributes). 
Invalid equal sign (=) encountered while parsing (tag "%DATA_ATUAL" with attributes). 
Invalid equal sign (=) encountered while parsing (tag "%DATA_ATUAL" with attributes). 
Invalid equal sign (=) encountered while parsing (tag "%POS_RESERVA" with attributes). 
Invalid equal sign (=) encountered while parsing (tag "%POS_RESERVA" with attributes). 
Invalid equal sign (=) encountered while parsing (tag "%POS_RESERVA" with attributes). 
Invalid equal sign (=) encountered while parsing (tag "%VALOR" with attributes). 
Invalid equal sign (=) encountered while parsing (tag "%VALOR" with attributes). 
Invalid equal sign (=) encountered while parsing (tag "%VALOR" with attributes). 
Invalid equal sign (=) encountered while parsing (tag "%VALOR" with attributes). 
Invalid equal sign (=) encountered while parsing (tag "%VALOR" with attributes). 
Invalid equal sign (=) encountered while parsing (tag "%VALOR" with attributes). 
Invalid equal sign (=) encountered while parsing (tag "%VALOR" with attributes). 
Invalid equal sign (=) encountered while parsing (tag "%VALOR" with attributes). 
Invalid equal sign (=) encountered while parsing (tag "%VALOR" with attributes). 
Invalid equal sign (=) encountered while parsing (tag "%VALOR" with attributes). 
Invalid equal sign (=) encountered while parsing (tag "%VALOR" with attributes). 
Invalid equal sign (=) encountered while parsing (tag "%VALOR" with attributes). 
Invalid equal sign (=) encountered while parsing (tag "%VALOR" with attributes). 
Invalid equal sign (=) encountered while parsing (tag "%VALOR" with attributes). 
Invalid equal sign (=) encountered while parsing (tag "%VALOR" with attributes). 
Invalid equal sign (=) encountered while parsing (tag "%VALOR" with attributes). 
Invalid equal sign (=) encountered while parsing (tag "%SPAN_TOTAL" with attributes). 
Invalid equal sign (=) encountered while parsing (tag "%SPAN_TOTAL" with attributes). 
Invalid equal sign (=) encountered while parsing (tag "%SPAN_TOTAL" with attributes). 
Invalid equal sign (=) encountered while parsing (tag "%SPAN_TOTAL" with attributes). 
Invalid equal sign (=) encountered while parsing (tag "%TOPO" with attributes). 
Invalid equal sign (=) encountered while parsing (tag "%TOPO" with attributes). 
Invalid equal sign (=) encountered while parsing (tag "%TOPO" with attributes). 
Invalid equal sign (=) encountered while parsing (tag "%TOPO" with attributes). 
Invalid equal sign (=) encountered while parsing (tag "%DIA_SEL" with attributes). 
Invalid equal sign (=) encountered while parsing (tag "%DIA_SEL" with attributes). 
Invalid equal sign (=) encountered while parsing (tag "%DIA_SEL" with attributes). 
Invalid equal sign (=) encountered while parsing (tag "%DIA_SEL" with attributes). 
Invalid equal sign (=) encountered while parsing (tag "%DIA_SEL" with attributes). 
Invalid equal sign (=) encountered while parsing (tag "%DIA_SEL" with attributes). 
Invalid equal sign (=) encountered while parsing (tag "%DIA_SEL" with attributes). 
Invalid equal sign (=) encountered while parsing (tag "%DIA_SEL" with attributes). 
Invalid equal sign (=) encountered while parsing (tag "%DIA_SEL" with attributes). 
Invalid equal sign (=) encountered while parsing (tag "%DIA_SEL" with attributes). 
Invalid equal sign (=) encountered while parsing (tag "%DIA_SEL" with attributes). 
Invalid equal sign (=) encountered while parsing (tag "%DIA_SEL" with attributes). 
Invalid equal sign (=) encountered while parsing (tag "%XSQL" with attributes). 
Invalid equal sign (=) encountered while parsing (tag "%XSQL" with attributes). 
Invalid equal sign (=) encountered while parsing (tag "%XSQL" with attributes). 
Invalid equal sign (=) encountered while parsing (tag "%XSQL" with attributes). 
Invalid equal sign (=) encountered while parsing (tag "%XSQL" with attributes). 
Invalid equal sign (=) encountered while parsing (tag "%XSQL" with attributes). 
Invalid equal sign (=) encountered while parsing (tag "%XSQL" with attributes). 
Invalid equal sign (=) encountered while parsing (tag "%XSQL" with attributes). 
Invalid equal sign (=) encountered while parsing (tag "%XSQL" with attributes). 
Invalid equal sign (=) encountered while parsing (tag "%XSQL" with attributes). 
Invalid equal sign (=) encountered while parsing (tag "%XSQL" with attributes). 
Invalid quoted string 'conta' encountered while parsing (tag "%WHILE" with attributes not= RS.EOF= CONTA=rs(). 
Invalid quoted string 'conta' encountered while parsing (tag "%WHILE" with attributes not= RS.EOF= CONTA=rs(). 
Invalid quoted string 'conta' encountered while parsing (tag "%WHILE" with attributes not= RS.EOF= CONTA=rs(). 
Invalid quoted string 'conta' encountered while parsing (tag "%WHILE" with attributes not= RS.EOF= CONTA=rs(). 
Invalid quoted string 'conta' encountered while parsing (tag "%WHILE" with attributes not= RS.EOF= CONTA=rs(). 
Invalid quoted string 'conta' encountered while parsing (tag "%WHILE" with attributes not= RS.EOF= CONTA=rs(). 
Invalid quoted string 'conta' encountered while parsing (tag "%WHILE" with attributes not= RS.EOF= CONTA=rs(). 
Invalid quoted string 'conta' encountered while parsing (tag "%WHILE" with attributes not= RS.EOF= CONTA=rs(). 
Invalid quoted string 'conta' encountered while parsing (tag "%WHILE" with attributes not= RS.EOF= CONTA=rs(). 
Invalid equal sign (=) encountered while parsing (tag "%LINHA" with attributes). 
Invalid equal sign (=) encountered while parsing (tag "%LINHA" with attributes). 
Invalid equal sign (=) encountered while parsing (tag "%LINHA" with attributes). 
Invalid equal sign (=) encountered while parsing (tag "%LINHA" with attributes). 
Invalid equal sign (=) encountered while parsing (tag "%LINHA" with attributes). 
Invalid equal sign (=) encountered while parsing (tag "%LINHA" with attributes). 
Invalid equal sign (=) encountered while parsing (tag "%LINHA" with attributes). 
Invalid equal sign (=) encountered while parsing (tag "%LINHA" with attributes). 
Invalid equal sign (=) encountered while parsing (tag "%LINHA" with attributes). 
Invalid equal sign (=) encountered while parsing (tag "%XSQL" with attributes). 
Invalid equal sign (=) encountered while parsing (tag "%XSQL" with attributes). 
Invalid equal sign (=) encountered while parsing (tag "%XSQL" with attributes). 
Invalid equal sign (=) encountered while parsing (tag "%XSQL" with attributes). 
Invalid quoted string '***>' encountered while parsing (tag "%'*******************************************************" with attributes). 
Invalid quoted string '*** 1>' encountered while parsing (tag "%'*******************************************************" with attributes). 
Invalid quoted string '*** 1 ->' encountered while parsing (tag "%'*******************************************************" with attributes). 
Invalid quoted string '*** 1 - Conta>' encountered while parsing (tag "%'*******************************************************" with attributes). 
Invalid quoted string '*** 1 - Conta quantos>' encountered while parsing (tag "%'*******************************************************" with attributes). 
Invalid quoted string '*** 1 - Conta quantos hospitais>' encountered while parsing (tag "%'*******************************************************" with attributes). 
Invalid quoted string '*** 1 - Conta quantos hospitais estão>' encountered while parsing (tag "%'*******************************************************" with attributes). 
Invalid quoted string '*** 1 - Conta quantos hospitais>' encountered while parsing (tag "%'*******************************************************" with attributes). 
Invalid quoted string '*** 1 - Conta quantos hospitais fazem>' encountered while parsing (tag "%'*******************************************************" with attributes). 
Invalid quoted string '*** 1 - Conta quantos hospitais fazem parte>' encountered while parsing (tag "%'*******************************************************" with attributes). 
Invalid quoted string '*** 1 - Conta quantos hospitais fazem parte dos>' encountered while parsing (tag "%'*******************************************************" with attributes). 
Invalid quoted string '*** 1 - Conta quantos hospitais fazem parte dos clientes>' encountered while parsing (tag "%'*******************************************************" with attributes). 
Invalid quoted string '*** 1 - Conta quantos hospitais fazem parte dos clientes da>' encountered while parsing (tag "%'*******************************************************" with attributes). 
Invalid quoted string '*** 1 - Conta quantos hospitais fazem parte dos clientes da empresa>' encountered while parsing (tag "%'*******************************************************" with attributes). 
Invalid quoted string '**************************************************************' encountered while parsing (tag "%" with attributes). 
Invalid quoted string '**************************************************************' encountered while parsing (tag "%" with attributes). 
Invalid quoted string '**************************************************************' encountered while parsing (tag "%" with attributes). 
Invalid quoted string '**************************************************************' encountered while parsing (tag "%" with attributes). 
Invalid quoted string '**************************************************************' encountered while parsing (tag "%" with attributes). 
Invalid quoted string '**************************************************************' encountered while parsing (tag "%" with attributes). 
Invalid quoted string '**************************************************************' encountered while parsing (tag "%" with attributes). 
Invalid quoted string '**************************************************************' encountered while parsing (tag "%" with attributes). 
Invalid quoted string '**************************************************************' encountered while parsing (tag "%" with attributes). 
Invalid quoted string '**************************************************************' encountered while parsing (tag "%" with attributes). 
Invalid quoted string '*** 1 - Conta quantos hospitais fazem parte dos clientes da empresa ***' encountered while parsing (tag "%'*********************************************************************" with attributes). 
Invalid quoted string '*** 1 - Conta quantos hospitais fazem parte dos clientes da empresa ***' encountered while parsing (tag "%'*********************************************************************" with attributes). 
Invalid quoted string '*** 1 - Conta quantos hospitais fazem parte dos clientes da empresa ***' encountered while parsing (tag "%'*********************************************************************" with attributes). 
Invalid quoted string '*** 1 - Conta quantos hospitais fazem parte dos clientes da empresa ***' encountered while parsing (tag "%'*********************************************************************" with attributes). 
Invalid quoted string '*** 1 - Conta quantos hospitais fazem parte dos clientes da empresa ***' encountered while parsing (tag "%'*********************************************************************" with attributes). 
Invalid quoted string '*** 1 - Conta quantos hospitais fazem parte dos clientes da empresa ***' encountered while parsing (tag "%'*********************************************************************" with attributes). 
Invalid quoted string '*** 1 - Conta quantos hospitais fazem parte dos clientes da empresa ***' encountered while parsing (tag "%'*********************************************************************" with attributes). 
Invalid quoted string '*** 1 - Conta quantos hospitais fazem parte dos clientes da empresa ***' encountered while parsing (tag "%'*********************************************************************" with attributes). 
Invalid quoted string '*** 1 - Conta quantos hospitais fazem parte dos clientes da empresa ***' encountered while parsing (tag "%'*********************************************************************" with attributes). 
Invalid quoted string '*** 1 - Conta quantos hospitais fazem parte dos clientes da empresa ***' encountered while parsing (tag "%'*********************************************************************" with attributes). 
Invalid quoted string '*** 1 - Conta quantos hospitais fazem parte dos clientes da empresa ***' encountered while parsing (tag "%'*********************************************************************" with attributes). 
Invalid character (*) encountered while parsing (tag "%'***" with attributes Separa= E= MOSTRA= CADA=). 
Invalid character (*) encountered while parsing (tag "%'***" with attributes Separa= E= MOSTRA= CADA=). 
Invalid character (*) encountered while parsing (tag "%'***" with attributes Separa= E= MOSTRA= CADA=). 
Invalid character (*) encountered while parsing (tag "%'***" with attributes Separa= E= MOSTRA= CADA=). 
Invalid equal sign (=) encountered while parsing (tag "%NM_MEDICO" with attributes). 
Invalid equal sign (=) encountered while parsing (tag "%NM_MEDICO" with attributes). 
Invalid equal sign (=) encountered while parsing (tag "%I_RACKS" with attributes). 
Invalid equal sign (=) encountered while parsing (tag "%I_RACKS" with attributes). 
Invalid equal sign (=) encountered while parsing (tag "%I_RACKS" with attributes). 
Invalid equal sign (=) encountered while parsing (tag "%I_RACKS" with attributes). 
Invalid character (-) encountered while parsing (tag "%END" with attributes if= STRQTD_RACKS=strqtd_racks). 
Invalid equal sign (=) encountered while parsing (tag "%TOPO" with attributes). 
Invalid equal sign (=) encountered while parsing (tag "%TOPO" with attributes). 
Invalid equal sign (=) encountered while parsing (tag "%TOPO" with attributes). 
Invalid character (*) encountered while parsing (tag "%'***" with attributes Separa= E= MOSTRA= CADA=). 
Invalid character (*) encountered while parsing (tag "%'***" with attributes Separa= E= MOSTRA= CADA=). 
Invalid character (*) encountered while parsing (tag "%'***" with attributes Separa= E= MOSTRA= CADA=). 
Invalid character (*) encountered while parsing (tag "%'***" with attributes Separa= E= MOSTRA= CADA=). 
Invalid equal sign (=) encountered while parsing (tag "%TOPO" with attributes). 
Invalid equal sign (=) encountered while parsing (tag "%TOPO" with attributes). 
Invalid equal sign (=) encountered while parsing (tag "%TOPO" with attributes). 
Invalid character (*) encountered while parsing (tag "%'***" with attributes Separa= E= MOSTRA= CADA=). 
Invalid character (*) encountered while parsing (tag "%'***" with attributes Separa= E= MOSTRA= CADA=). 
Invalid equal sign (=) encountered while parsing (tag "%'I_RACKS" with attributes). 
Invalid equal sign (=) encountered while parsing (tag "%'I_RACKS" with attributes). 
End of file encountered while parsing (tag "TD" with attributes onDblclick=>). 
End of file encountered while parsing (tag "TD" with attributes onDblclick=>). 
End of file encountered while parsing (tag "TD" with attributes onDblclick=>). 
End of file encountered while parsing (tag "TD" with attributes onDblclick=>). 
End of file encountered while parsing (tag "TD" with attributes onDblclick=>). 
End of file encountered while parsing (tag "TD" with attributes onDblclick=>). 
End of file encountered while parsing (tag "TD" with attributes onDblclick=>). 
End of file encountered while parsing (tag "TD" with attributes onDblclick=>). 
End of file encountered while parsing (tag "TD" with attributes onDblclick=>). 
End of file encountered while parsing (tag "TD" with attributes onDblclick=>). 
Invalid equal sign (=) encountered while parsing (tag "%CD_AGENDA" with attributes). 
Invalid equal sign (=) encountered while parsing (tag "%CD_AGENDA" with attributes). 
Invalid equal sign (=) encountered while parsing (tag "%CD_AGENDA" with attributes). 
Invalid equal sign (=) encountered while parsing (tag "%CD_AGENDA" with attributes). 
Invalid equal sign (=) encountered while parsing (tag "%CD_AGENDA" with attributes). 
Invalid equal sign (=) encountered while parsing (tag "%CD_AGENDA" with attributes). 
Invalid equal sign (=) encountered while parsing (tag "%CD_AGENDA" with attributes). 
Invalid equal sign (=) encountered while parsing (tag "%CD_AGENDA" with attributes). 
Invalid equal sign (=) encountered while parsing (tag "%CD_AGENDA" with attributes). 
Invalid equal sign (=) encountered while parsing (tag "%CD_AGENDA" with attributes). 
Invalid equal sign (=) encountered while parsing (tag "%CD_AGENDA" with attributes). 
Invalid equal sign (=) encountered while parsing (tag "%CD_AGENDA" with attributes). 
Invalid equal sign (=) encountered while parsing (tag "%CD_AGENDA" with attributes). 
Invalid equal sign (=) encountered while parsing (tag "%CD_AGENDA" with attributes). 
Invalid character (%) encountered while parsing (tag "%'***" with attributes Elimina= A= STRING= QUANDO= O= NUMERO= DE= HORA= FOR=1). 
Invalid character (%) encountered while parsing (tag "%'***" with attributes Elimina= A= STRING= QUANDO= O= NUMERO= DE= HORA= FOR=1). 
Invalid quoted string '>' encountered while parsing (tag "%'***" with attributes Elimina= A= STRING= QUANDO= O= NUMERO= DE= HORA= FOR=1). 
Invalid quoted string '>' encountered while parsing (tag "%'***" with attributes Elimina= A= STRING= QUANDO= O= NUMERO= DE= HORA= FOR=1 if=). 
End of file encountered while parsing (tag "%'***" with attributes Elimina= A= STRING= QUANDO= O= NUMERO= DE= HORA= FOR=1 if= QTD_CEL_SALTO=>). 
Invalid quoted string '>' encountered while parsing (tag "%'***" with attributes Elimina= A= STRING= QUANDO= O= NUMERO= DE= HORA= FOR=1 if= QTD_CEL_SALTO=1). 
Invalid character (&) encountered while parsing (tag "%'***" with attributes Elimina= A= STRING= QUANDO= O= NUMERO= DE= HORA= FOR=1 if= QTD_CEL_SALTO=1 then= STR_SALTO=replace(str_salto,str_split_salto). 
Invalid quoted string '*** Mostra o agendamento ***' encountered while parsing (tag "%'**************************" with attributes). 
Invalid quoted string '*** Mostra o agendamento ***' encountered while parsing (tag "%'**************************" with attributes). 
Invalid quoted string '*** Mostra o agendamento ***' encountered while parsing (tag "%'**************************" with attributes). 
Invalid quoted string '*** Mostra o agendamento ***' encountered while parsing (tag "%'**************************" with attributes). 
Invalid quoted string '*** Mostra o agendamento ***' encountered while parsing (tag "%'**************************" with attributes). 
Invalid quoted string '*** Mostra o agendamento ***' encountered while parsing (tag "%'**************************" with attributes). 
Invalid quoted string '*** Mostra o agendamento ***' encountered while parsing (tag "%'**************************" with attributes). 
Invalid quoted string '*** Mostra o agendamento ***' encountered while parsing (tag "%'**************************" with attributes). 
Invalid quoted string '*** Mostra o agendamento ***' encountered while parsing (tag "%'**************************" with attributes). 
Invalid quoted string '*** Mostra o agendamento ***' encountered while parsing (tag "%'**************************" with attributes). 
Invalid quoted string '*** Mostra o agendamento ***' encountered while parsing (tag "%'**************************" with attributes). 
Invalid quoted string '*** Mostra o agendamento ***' encountered while parsing (tag "%'**************************" with attributes). 
Invalid quoted string '*** Mostra o agendamento ***' encountered while parsing (tag "%'**************************" with attributes). 
Invalid quoted string '*** Mostra o agendamento ***' encountered while parsing (tag "%'**************************" with attributes). 
Invalid quoted string '*** Mostra o agendamento ***' encountered while parsing (tag "%'**************************" with attributes). 
Invalid quoted string '*** Mostra o agendamento ***' encountered while parsing (tag "%'**************************" with attributes). 
Invalid quoted string '*** Mostra o agendamento ***' encountered while parsing (tag "%'**************************" with attributes). 
Invalid quoted string '*** Mostra o agendamento ***' encountered while parsing (tag "%'**************************" with attributes). 
Invalid quoted string '*** Mostra o agendamento ***' encountered while parsing (tag "%'**************************" with attributes). 
Invalid quoted string '*** Mostra o agendamento ***' encountered while parsing (tag "%'**************************" with attributes). 
Invalid quoted string '*** Mostra o agendamento ***' encountered while parsing (tag "%'**************************" with attributes). 
Invalid quoted string '*** Mostra o agendamento ***' encountered while parsing (tag "%'**************************" with attributes). 
Invalid quoted string '*** Mostra o agendamento ***' encountered while parsing (tag "%'**************************" with attributes). 
Invalid quoted string '*** Mostra o agendamento ***' encountered while parsing (tag "%'**************************" with attributes). 
Invalid quoted string '*** Mostra o agendamento ***' encountered while parsing (tag "%'**************************" with attributes). 
Invalid quoted string '*** Mostra o agendamento ***' encountered while parsing (tag "%'**************************" with attributes). 
Invalid quoted string '*** Mostra o agendamento ***' encountered while parsing (tag "%'**************************" with attributes). 
Invalid quoted string '*** Mostra o agendamento ***' encountered while parsing (tag "%'**************************" with attributes). 
