Invalid character (&) encountered while parsing (tag "%IF" with attributes coluna_divisora=1 then= STRSQL=SELECT * FROM VIEW_os_lista2 WHERE num_os_assist = '). 
Invalid character (&) encountered while parsing (tag "%IF" with attributes coluna_divisora=1 then= STRSQL=SELECT * FROM VIEW_os_lista2 WHERE num_os_assist = '). 
Invalid character (&) encountered while parsing (tag "%IF" with attributes coluna_divisora=1 then= STRSQL=SELECT * FROM VIEW_os_lista2 WHERE num_os_assist = '). 
Invalid character (&) encountered while parsing (tag "%IF" with attributes coluna_divisora=1 then= STRSQL=SELECT * FROM VIEW_os_lista2 WHERE num_os_assist = '). 
Invalid character (&) encountered while parsing (tag "%IF" with attributes coluna_divisora=1 then= STRSQL=SELECT * FROM VIEW_os_lista2 WHERE num_os_assist = '). 
Invalid character (&) encountered while parsing (tag "%IF" with attributes coluna_divisora=1 then= STRSQL=SELECT * FROM VIEW_os_lista2 WHERE num_os_assist = '). 
Invalid character (&) encountered while parsing (tag "%IF" with attributes coluna_divisora=1 then= STRSQL=SELECT * FROM VIEW_os_lista2 WHERE num_os_assist = '). 
Invalid character (&) encountered while parsing (tag "%IF" with attributes coluna_divisora=1 then= STRSQL=SELECT * FROM VIEW_os_lista2 WHERE num_os_assist = '). 
Invalid character (&) encountered while parsing (tag "%IF" with attributes coluna_divisora=0 then= STRSQL=SELECT * FROM VIEW_os_lista2 WHERE num_os_assist = '). 
Invalid character (&) encountered while parsing (tag "%IF" with attributes coluna_divisora=0 then= STRSQL=SELECT * FROM VIEW_os_lista2 WHERE num_os_assist = '). 
Invalid character (-) encountered while parsing (tag "%NEXT" with attributes coluna_preeenchimento=6). 
Invalid character (-) encountered while parsing (tag "%NEXT" with attributes coluna_preeenchimento=6). 
Invalid character (-) encountered while parsing (tag "%NEXT" with attributes coluna_preeenchimento=6). 
Invalid character (-) encountered while parsing (tag "%NEXT" with attributes coluna_preeenchimento=6). 
Invalid character (-) encountered while parsing (tag "%NEXT" with attributes coluna_preeenchimento=6). 
Invalid character (-) encountered while parsing (tag "%NEXT" with attributes coluna_preeenchimento=6). 
Invalid character (-) encountered while parsing (tag "%NEXT" with attributes coluna_preeenchimento=6). 
Invalid quoted string '*** Ditribuição das Parcelas - Divisão 3 ***' encountered while parsing (tag "%'******************************************" with attributes). 
Invalid character (-) encountered while parsing (tag "%NEXT" with attributes coluna_preeenchimento=6). 
Invalid character (-) encountered while parsing (tag "%NEXT" with attributes coluna_preeenchimento=6). 
Invalid character (-) encountered while parsing (tag "%NEXT" with attributes coluna_preeenchimento=6). 
Invalid character (-) encountered while parsing (tag "%NEXT" with attributes coluna_preeenchimento=6). 
Invalid character (-) encountered while parsing (tag "%NEXT" with attributes coluna_preeenchimento=6). 
Invalid character (-) encountered while parsing (tag "%NEXT" with attributes coluna_preeenchimento=6). 
Invalid quoted string '*** Ditribuição das Parcelas - Divisão 3 ***' encountered while parsing (tag "%'******************************************" with attributes). 
Invalid quoted string '*** Ditribuição das Parcelas - Divisão 3 ***' encountered while parsing (tag "%'******************************************" with attributes). 
Invalid quoted string 'condicoes = cond_forn ' encountered while parsing (tag "%" with attributes). 
Invalid quoted string 'condicoes = cond_forn ' encountered while parsing (tag "%" with attributes). 
Invalid quoted string 'condicoes = cond_forn ' encountered while parsing (tag "%" with attributes). 
Invalid quoted string 'condicoes = cond_forn ' encountered while parsing (tag "%" with attributes). 
Invalid quoted string 'condicoes = cond_forn ' encountered while parsing (tag "%" with attributes). 
Invalid quoted string 'condicoes = cond_forn ' encountered while parsing (tag "%" with attributes). 
Invalid quoted string 'condicoes = cond_forn ' encountered while parsing (tag "%" with attributes). 
Invalid quoted string 'condicoes = cond_forn ' encountered while parsing (tag "%" with attributes). 
Invalid quoted string 'condicoes = cond_forn ' encountered while parsing (tag "%" with attributes). 
Invalid quoted string 'condicoes = cond_forn ' encountered while parsing (tag "%" with attributes). 
Invalid quoted string 'condicoes = cond_forn ' encountered while parsing (tag "%" with attributes). 
Invalid quoted string 'condicoes = cond_forn ' encountered while parsing (tag "%" with attributes). 
Invalid quoted string 'condicoes = cond_forn ' encountered while parsing (tag "%" with attributes). 
Invalid quoted string 'condicoes = cond_forn ' encountered while parsing (tag "%" with attributes). 
Invalid quoted string 'condicoes = cond_forn ' encountered while parsing (tag "%" with attributes). 
Invalid quoted string 'cd_codigo' encountered while parsing (tag "%WHILE" with attributes not= RS.EOF= CD_CODIGO=rs(). 
Invalid quoted string 'cd_codigo' encountered while parsing (tag "%WHILE" with attributes not= RS.EOF= CD_CODIGO=rs(). 
Invalid quoted string 'size=' encountered while parsing (tag "INPUT" with attributes type=text name=dt_resposta_orc id=atAprov). 
