Invalid equal sign (=) encountered while parsing (tag "%NUM_LISTA" with attributes). 
Invalid equal sign (=) encountered while parsing (tag "%NUM_LISTA" with attributes). 
Invalid equal sign (=) encountered while parsing (tag "%NM_ESPECIALIDADE" with attributes). 
Invalid equal sign (=) encountered while parsing (tag "%NM_ESPECIALIDADE" with attributes). 
Invalid equal sign (=) encountered while parsing (tag "%NM_ESPECIALIDADE" with attributes). 
Invalid equal sign (=) encountered while parsing (tag "%NM_ESPECIALIDADE" with attributes). 
Invalid equal sign (=) encountered while parsing (tag "%NM_ESPECIALIDADE" with attributes). 
Invalid equal sign (=) encountered while parsing (tag "%NM_ESPECIALIDADE" with attributes). 
Invalid equal sign (=) encountered while parsing (tag "%NM_ESPECIALIDADE" with attributes). 
Invalid equal sign (=) encountered while parsing (tag "%NM_ESPECIALIDADE" with attributes). 
Invalid equal sign (=) encountered while parsing (tag "%NM_ESPECIALIDADE" with attributes). 
Invalid equal sign (=) encountered while parsing (tag "%NM_ESPECIALIDADE" with attributes). 
Invalid equal sign (=) encountered while parsing (tag "%NM_ESPECIALIDADE" with attributes). 
Invalid equal sign (=) encountered while parsing (tag "%NM_ESPECIALIDADE" with attributes). 
Invalid equal sign (=) encountered while parsing (tag "%NM_ESPECIALIDADE" with attributes). 
Invalid equal sign (=) encountered while parsing (tag "%X" with attributes). 
Invalid equal sign (=) encountered while parsing (tag "%X" with attributes). 
Invalid equal sign (=) encountered while parsing (tag "%X" with attributes). 
Invalid equal sign (=) encountered while parsing (tag "%STRSQL" with attributes). 
Invalid equal sign (=) encountered while parsing (tag "%STRSQL" with attributes). 
Invalid equal sign (=) encountered while parsing (tag "%STRSQL" with attributes). 
Invalid equal sign (=) encountered while parsing (tag "%STRSQL" with attributes). 
Invalid equal sign (=) encountered while parsing (tag "%STRSQL" with attributes). 
Invalid equal sign (=) encountered while parsing (tag "%STRSQL" with attributes). 
Invalid equal sign (=) encountered while parsing (tag "%STRSQL" with attributes). 
Invalid equal sign (=) encountered while parsing (tag "%STRSQL" with attributes). 
Invalid equal sign (=) encountered while parsing (tag "%STRSQL" with attributes). 
Invalid equal sign (=) encountered while parsing (tag "%STRSQL" with attributes). 
Invalid quoted string ' *** Mostra Campo não numérico ***' encountered while parsing (tag "%ELSEIF" with attributes not= ISNUMERIC= (CD_CONVENIO)=). 
Invalid quoted string ' *** Mostra Campo não numérico ***' encountered while parsing (tag "%ELSEIF" with attributes not= ISNUMERIC= (CD_CONVENIO)=). 
Invalid quoted string ' *** Mostra Campo não numérico ***' encountered while parsing (tag "%ELSEIF" with attributes not= ISNUMERIC= (CD_CONVENIO)=). 
Invalid quoted string ' *** Mostra Campo não numérico ***' encountered while parsing (tag "%ELSEIF" with attributes not= ISNUMERIC= (CD_CONVENIO)=). 
Invalid quoted string 'Loop' encountered while parsing (tag "%RS_CONV.MOVENEXT" with attributes). 
Invalid equal sign (=) encountered while parsing (tag "%STRSQL" with attributes). 
Invalid equal sign (=) encountered while parsing (tag "%STRSQL" with attributes). 
Invalid quoted string ' *** Mostra Campo numérico ***' encountered while parsing (tag "%'ELSEIF" with attributes IsNumeric= (CD_CRM)=). 
Invalid quoted string ' *** Mostra Campo numérico ***' encountered while parsing (tag "%'ELSEIF" with attributes IsNumeric= (CD_CRM)=). 
Invalid quoted string ' *** Mostra Campo numérico ***' encountered while parsing (tag "%'ELSEIF" with attributes IsNumeric= (CD_CRM)=). 
Invalid quoted string ' *** Mostra Campo numérico ***' encountered while parsing (tag "%'ELSEIF" with attributes IsNumeric= (CD_CRM)=). 
Invalid quoted string ' *** Mostra Campo numérico ***' encountered while parsing (tag "%'ELSEIF" with attributes IsNumeric= (CD_CRM)=). 
Invalid quoted string ' *** Mostra Campo numérico ***' encountered while parsing (tag "%'ELSEIF" with attributes IsNumeric= (CD_CRM)=). 
Invalid quoted string ' *** Mostra Campo numérico ***' encountered while parsing (tag "%'ELSEIF" with attributes IsNumeric= (CD_CRM)=). 
Invalid quoted string ' *** Mostra Campo numérico ***' encountered while parsing (tag "%'ELSEIF" with attributes IsNumeric= (CD_CRM)=). 
Invalid quoted string ' *** Mostra Campo numérico ***' encountered while parsing (tag "%'ELSEIF" with attributes IsNumeric= (CD_CRM)=). 
Invalid quoted string ' *** Mostra Campo numérico ***' encountered while parsing (tag "%'ELSEIF" with attributes IsNumeric= (CD_CRM)=). 
Invalid quoted string ' *** Mostra Campo numérico ***' encountered while parsing (tag "%'ELSEIF" with attributes IsNumeric= (CD_CRM)=). 
Invalid equal sign (=) encountered while parsing (tag "%CD_MEDICO" with attributes). 
Invalid equal sign (=) encountered while parsing (tag "%CD_MEDICO" with attributes). 
Invalid equal sign (=) encountered while parsing (tag "%CD_MEDICO" with attributes). 
Invalid equal sign (=) encountered while parsing (tag "%CD_MEDICO" with attributes). 
Invalid equal sign (=) encountered while parsing (tag "%CD_MEDICO" with attributes). 
Invalid equal sign (=) encountered while parsing (tag "%CD_MEDICO" with attributes). 
Invalid equal sign (=) encountered while parsing (tag "%CD_MEDICO" with attributes). 
Invalid equal sign (=) encountered while parsing (tag "%CD_MEDICO" with attributes). 
Invalid equal sign (=) encountered while parsing (tag "%CD_MEDICO" with attributes). 
Invalid equal sign (=) encountered while parsing (tag "%CD_MEDICO" with attributes). 
Invalid character (%) encountered while parsing (tag "%'WHILE" with attributes not= RS_RACK.EOF= IF=). 
Invalid character (%) encountered while parsing (tag "%RS_RACK.MOVENEXT" with attributes rack_sel='wend). 
Invalid quoted string 'while not rs_rack.EOF' encountered while parsing (tag "%IF" with attributes not= RS_RACK.EOF=). 
End of file encountered while parsing comment. 
End of file encountered while parsing comment. 
End of file encountered while parsing comment. 
End of file encountered while parsing comment. 
End of file encountered while parsing comment. 
End of file encountered while parsing comment. 
End of file encountered while parsing comment. 
End of file encountered while parsing comment. 
End of file encountered while parsing comment. 
End of file encountered while parsing comment. 
End of file encountered while parsing comment. 
End of file encountered while parsing comment. 
End of file encountered while parsing comment. 
End of file encountered while parsing comment. 
End of file encountered while parsing comment. 
End of file encountered while parsing comment. 
End of file encountered while parsing comment. 
End of file encountered while parsing comment. 
End of file encountered while parsing comment. 
End of file encountered while parsing comment. 
End of file encountered while parsing comment. 
End of file encountered while parsing comment. 
End of file encountered while parsing comment. 
End of file encountered while parsing comment. 
End of file encountered while parsing comment. 
End of file encountered while parsing comment. 
End of file encountered while parsing comment. 
End of file encountered while parsing comment. 
End of file encountered while parsing comment. 
End of file encountered while parsing comment. 
End of file encountered while parsing comment. 
End of file encountered while parsing comment. 
End of file encountered while parsing comment. 
End of file encountered while parsing comment. 
End of file encountered while parsing comment. 
End of file encountered while parsing comment. 
End of file encountered while parsing comment. 
End of file encountered while parsing comment. 
End of file encountered while parsing comment. 
End of file encountered while parsing comment. 
