Invalid quoted string 'tipo' encountered while parsing (tag "%" with attributes tipo=request(). 
Invalid quoted string 'tipo' encountered while parsing (tag "%" with attributes tipo=request(). 
Invalid quoted string 'tipo' encountered while parsing (tag "%" with attributes tipo=request(). 
Invalid character (;) encountered while parsing (tag "INPUT" with attributes type=text name=dt_dia size=3 maxlength=2 class=inputs onKeyPress=ChecarTAB(); onKeyUp=Mostra(this, 2) onFocus=PararTAB(this); onFocus= nextfield=cd_co). 
Invalid quoted string 'tipo' encountered while parsing (tag "%" with attributes tipo=request(). 
Invalid quoted string 'tipo' encountered while parsing (tag "%" with attributes tipo=request(). 
Invalid quoted string 'tipo' encountered while parsing (tag "%" with attributes tipo=request(). 
Invalid quoted string 'tipo' encountered while parsing (tag "%" with attributes tipo=request(). 
Invalid quoted string 'tipo' encountered while parsing (tag "%" with attributes tipo=request(). 
Invalid quoted string 'tipo' encountered while parsing (tag "%" with attributes tipo=request(). 
Invalid quoted string 'tipo' encountered while parsing (tag "%" with attributes tipo=request(). 
Invalid quoted string 'tipo' encountered while parsing (tag "%" with attributes tipo=request(). 
Invalid equal sign (=) encountered while parsing (tag "%COR_LINHA" with attributes). 
Invalid equal sign (=) encountered while parsing (tag "%COR_LINHA" with attributes). 
Invalid equal sign (=) encountered while parsing (tag "%COR_LINHA" with attributes). 
Invalid equal sign (=) encountered while parsing (tag "%COR_LINHA" with attributes). 
Invalid equal sign (=) encountered while parsing (tag "%COR_LINHA" with attributes). 
Invalid equal sign (=) encountered while parsing (tag "%COR_LINHA" with attributes). 
Invalid equal sign (=) encountered while parsing (tag "%COR_LINHA" with attributes). 
Invalid equal sign (=) encountered while parsing (tag "%COR_LINHA" with attributes). 
Invalid character (*) encountered while parsing (tag "%'***" with attributes CONTATOS=). 
Invalid character (*) encountered while parsing (tag "%'***" with attributes CONTATOS=). 
Invalid character (*) encountered while parsing (tag "%'***" with attributes CONTATOS=). 
Invalid character (*) encountered while parsing (tag "%'***" with attributes CONTATOS=). 
Invalid character (*) encountered while parsing (tag "%'***" with attributes CONTATOS=). 
Invalid character (*) encountered while parsing (tag "%'***" with attributes CONTATOS=). 
Invalid character (*) encountered while parsing (tag "%'***" with attributes CONTATOS=). 
Invalid equal sign (=) encountered while parsing (tag "%COR_LINHA" with attributes). 
Invalid equal sign (=) encountered while parsing (tag "%COR_LINHA" with attributes). 
Invalid character (*) encountered while parsing (tag "%'***" with attributes). 
Invalid character (*) encountered while parsing (tag "%'***" with attributes). 
Invalid character (*) encountered while parsing (tag "%'***" with attributes). 
Invalid character (*) encountered while parsing (tag "%'***" with attributes). 
Invalid character (*) encountered while parsing (tag "%'***" with attributes). 
Invalid character (*) encountered while parsing (tag "%'***" with attributes). 
Invalid quoted string '*  DEFINE A POSIÇÃO DO DOMINGO>' encountered while parsing (tag "%'********************************" with attributes). 
Invalid quoted string '*** Lista as movimentações ***' encountered while parsing (tag "%'****************************" with attributes). 
Invalid quoted string '*** Lista as movimentações ***' encountered while parsing (tag "%'****************************" with attributes). 
Invalid equal sign (=) encountered while parsing (tag "%CAB" with attributes). 
Invalid equal sign (=) encountered while parsing (tag "%CAB" with attributes). 
Invalid equal sign (=) encountered while parsing (tag "%CAB" with attributes). 
Invalid equal sign (=) encountered while parsing (tag "%CAB" with attributes). 
Invalid equal sign (=) encountered while parsing (tag "%CAB" with attributes). 
