Invalid character (,) encountered while parsing (tag "%" with attributes procedimentos=1,2,3,4,5 virgula=InStr(1,). 
Invalid character (,) encountered while parsing (tag "%" with attributes procedimentos=1,2,3,4,5 virgula=InStr(1,). 
Invalid character (,) encountered while parsing (tag "%" with attributes procedimentos=1,2,3,4,5 virgula=InStr(1,). 
Invalid character (,) encountered while parsing (tag "%" with attributes procedimentos=1,2,3,4,5 virgula=InStr(1,). 
Invalid character (,) encountered while parsing (tag "%" with attributes procedimentos=1,2,3,4,5 virgula=InStr(1,). 
Invalid character (,) encountered while parsing (tag "%" with attributes procedimentos=1,2,3,4,5 virgula=InStr(1,). 
Invalid character (,) encountered while parsing (tag "%" with attributes procedimentos=1,2,3,4,5 virgula=InStr(1,). 
Invalid character (,) encountered while parsing (tag "%" with attributes procedimentos=1,2,3,4,5 virgula=InStr(1,). 
Invalid character (,) encountered while parsing (tag "%" with attributes procedimentos=1,2,3,4,5 virgula=InStr(1,). 
Invalid character (,) encountered while parsing (tag "%" with attributes procedimentos=12,3,4,5 virgula=InStr(1,). 
Invalid character (,) encountered while parsing (tag "%" with attributes procedimentos=12,3,4,5 virgula=InStr(1,). 
Invalid character (,) encountered while parsing (tag "%" with attributes procedimentos=12,3,4,5 virgula=InStr(1,). 
Invalid character (,) encountered while parsing (tag "%" with attributes procedimentos=12,3,4,5 virgula=InStr(1,). 
Invalid quoted string '***** Variáveis ******' encountered while parsing (tag "%" with attributes). 
Invalid quoted string '***** Variáveis ******' encountered while parsing (tag "%" with attributes). 
Invalid quoted string '***** Variáveis ******' encountered while parsing (tag "%" with attributes). 
Invalid quoted string '***** Variáveis ******' encountered while parsing (tag "%" with attributes). 
Invalid quoted string '***** Variáveis ******' encountered while parsing (tag "%" with attributes). 
Invalid quoted string '***** Variáveis ******' encountered while parsing (tag "%" with attributes). 
Invalid quoted string '***** Variáveis ******' encountered while parsing (tag "%" with attributes). 
Invalid quoted string '***** Variáveis ******' encountered while parsing (tag "%" with attributes). 
Invalid quoted string '***** Variáveis ******' encountered while parsing (tag "%" with attributes). 
Invalid quoted string '***** Variáveis ******' encountered while parsing (tag "%" with attributes). 
Invalid quoted string '***** Variáveis ******' encountered while parsing (tag "%" with attributes). 
Invalid quoted string '***** Variáveis ******' encountered while parsing (tag "%" with attributes). 
Invalid quoted string '***** Variáveis ******' encountered while parsing (tag "%" with attributes). 
Invalid quoted string '***** Variáveis ******' encountered while parsing (tag "%" with attributes). 
Invalid equal sign (=) encountered while parsing (tag "%'TXTBUSCA" with attributes). 
Invalid equal sign (=) encountered while parsing (tag "%'TXTBUSCA" with attributes). 
Invalid equal sign (=) encountered while parsing (tag "%'TXTBUSCA" with attributes). 
Invalid equal sign (=) encountered while parsing (tag "%'TXTBUSCA" with attributes). 
Invalid equal sign (=) encountered while parsing (tag "%'TXTBUSCA" with attributes). 
Invalid equal sign (=) encountered while parsing (tag "%'TXTBUSCA" with attributes). 
Invalid equal sign (=) encountered while parsing (tag "%'TXTBUSCA" with attributes). 
Invalid equal sign (=) encountered while parsing (tag "%X" with attributes). 
Invalid equal sign (=) encountered while parsing (tag "%X" with attributes). 
Invalid character (&) encountered while parsing (tag "%" with attributes ordem=Order by sequencia ). 
Invalid character (&) encountered while parsing (tag "%" with attributes ordem=Order by sequencia ). 
Invalid equal sign (=) encountered while parsing (tag "%X" with attributes). 
Invalid equal sign (=) encountered while parsing (tag "%X" with attributes). 
Invalid character (&) encountered while parsing (tag "%" with attributes sequencia=1 ordem=Order by ). 
Invalid quoted string '1' encountered while parsing (tag "%'0" with attributes if= ANDDEM_PROTOCOLO=11 Then= ULTIMO= Elseif= PRIMEIRO=a002_numpro SEGUNDO=,a002_numpro TERCEIRO=,a002_numpro QUARTO=,a002_numpro QUINTO=,a002_numpro SEXTO=,a002_numpro SETIMO=,a002_numpro OITAVO=,a002_numpro NONO=,a002_numpro DECIMO=,a002_numpro DECIMO_PRI=,a002_numpro End=). 
Invalid quoted string '1' encountered while parsing (tag "%'0" with attributes if= ANDDEM_PROTOCOLO=11 Then= ULTIMO= Elseif= PRIMEIRO=a002_numpro SEGUNDO=,a002_numpro TERCEIRO=,a002_numpro QUARTO=,a002_numpro QUINTO=,a002_numpro SEXTO=,a002_numpro SETIMO=,a002_numpro OITAVO=,a002_numpro NONO=,a002_numpro DECIMO=,a002_numpro DECIMO_PRI=,a002_numpro End=). 
Invalid quoted string '1' encountered while parsing (tag "%'0" with attributes if= ANDDEM_PROTOCOLO=11 Then= ULTIMO= Elseif= PRIMEIRO=a002_numpro SEGUNDO=,a002_numpro TERCEIRO=,a002_numpro QUARTO=,a002_numpro QUINTO=,a002_numpro SEXTO=,a002_numpro SETIMO=,a002_numpro OITAVO=,a002_numpro NONO=,a002_numpro DECIMO=,a002_numpro DECIMO_PRI=,a002_numpro End=). 
Invalid quoted string '1' encountered while parsing (tag "%'0" with attributes if= ANDDEM_PROTOCOLO=11 Then= ULTIMO= Elseif= PRIMEIRO=a002_numpro SEGUNDO=,a002_numpro TERCEIRO=,a002_numpro QUARTO=,a002_numpro QUINTO=,a002_numpro SEXTO=,a002_numpro SETIMO=,a002_numpro OITAVO=,a002_numpro NONO=,a002_numpro DECIMO=,a002_numpro DECIMO_PRI=,a002_numpro End=). 
Invalid quoted string '1' encountered while parsing (tag "%'0" with attributes if= ANDDEM_PROTOCOLO=11 Then= ULTIMO= Elseif= PRIMEIRO=a002_numpro SEGUNDO=,a002_numpro TERCEIRO=,a002_numpro QUARTO=,a002_numpro QUINTO=,a002_numpro SEXTO=,a002_numpro SETIMO=,a002_numpro OITAVO=,a002_numpro NONO=,a002_numpro DECIMO=,a002_numpro DECIMO_PRI=,a002_numpro End=). 
Invalid quoted string '1' encountered while parsing (tag "%'0" with attributes if= ANDDEM_PROTOCOLO=11 Then= ULTIMO= Elseif= PRIMEIRO=a002_numpro SEGUNDO=,a002_numpro TERCEIRO=,a002_numpro QUARTO=,a002_numpro QUINTO=,a002_numpro SEXTO=,a002_numpro SETIMO=,a002_numpro OITAVO=,a002_numpro NONO=,a002_numpro DECIMO=,a002_numpro DECIMO_PRI=,a002_numpro End=). 
Invalid quoted string '>' encountered while parsing (tag "%'0" with attributes if= ORDEM_PROTOCOLO=11 Then= ULTIMO= Elseif= PRIMEIRO=a002_numpro SEGUNDO=,a002_numpro TERCEIRO=,a002_numpro QUARTO=,a002_numpro QUINTO=,a002_numpro SEXTO=,a002_numpro SETIMO=,a002_numpro OITAVO=,a002_numpro NONO=,a002_numpro DECIMO=,a002_numpro DECIMO_PRI=,a002_numpro End=). 
End of file encountered while parsing (tag "%'0" with attributes if= ORDEM_PROTOCOLO=11 Then= ULTIMO= Elseif= PRIMEIRO=a002_numpro SEGUNDO=,a002_numpro TERCEIRO=,a002_numpro QUARTO=,a002_numpro QUINTO=,a002_numpro SEXTO=,a002_numpro SETIMO=,a002_numpro OITAVO=,a002_numpro NONO=,a002_numpro DECIMO=,a002_numpro DECIMO_PRI=,a002_numpro End= ORD=>). 
Invalid character (+) encountered while parsing (tag "%'0" with attributes if= ORDEM_PROTOCOLO=11 Then= ULTIMO= Elseif= PRIMEIRO=a002_numpro SEGUNDO=,a002_numpro TERCEIRO=,a002_numpro QUARTO=,a002_numpro QUINTO=,a002_numpro SEXTO=,a002_numpro SETIMO=,a002_numpro OITAVO=,a002_numpro NONO=,a002_numpro DECIMO=,a002_numpro DECIMO_PRI=,a002_numpro End= ORD=1). 
Invalid character (+) encountered while parsing (tag "%'0" with attributes if= ORDEM_PROTOCOLO=11 Then= ULTIMO= Elseif= PRIMEIRO=a002_numpro SEGUNDO=,a002_numpro TERCEIRO=,a002_numpro QUARTO=,a002_numpro QUINTO=,a002_numpro SEXTO=,a002_numpro SETIMO=,a002_numpro OITAVO=,a002_numpro NONO=,a002_numpro DECIMO=,a002_numpro DECIMO_PRI=,a002_numpro End= ORD=1). 
Invalid character (+) encountered while parsing (tag "%'0" with attributes if= ORDEM_PROTOCOLO=11 Then= ULTIMO= Elseif= PRIMEIRO=a002_numpro SEGUNDO=,a002_numpro TERCEIRO=,a002_numpro QUARTO=,a002_numpro QUINTO=,a002_numpro SEXTO=,a002_numpro SETIMO=,a002_numpro OITAVO=,a002_numpro NONO=,a002_numpro DECIMO=,a002_numpro DECIMO_PRI=,a002_numpro End= ORD=ord1). 
Invalid character (+) encountered while parsing (tag "%'0" with attributes if= ORDEM_PROTOCOLO=11 Then= ULTIMO= Elseif= PRIMEIRO=a002_numpro SEGUNDO=,a002_numpro TERCEIRO=,a002_numpro QUARTO=,a002_numpro QUINTO=,a002_numpro SEXTO=,a002_numpro SETIMO=,a002_numpro OITAVO=,a002_numpro NONO=,a002_numpro DECIMO=,a002_numpro DECIMO_PRI=,a002_numpro End= ORD=ord). 
Invalid character (+) encountered while parsing (tag "%'0" with attributes if= ORDEM_PROTOCOLO=11 Then= ULTIMO= Elseif= PRIMEIRO=a002_numpro SEGUNDO=,a002_numpro TERCEIRO=,a002_numpro QUARTO=,a002_numpro QUINTO=,a002_numpro SEXTO=,a002_numpro SETIMO=,a002_numpro OITAVO=,a002_numpro NONO=,a002_numpro DECIMO=,a002_numpro DECIMO_PRI=,a002_numpro End= ORD=ord). 
Invalid equal sign (=) encountered while parsing (tag "%XSQL_UND" with attributes). 
Invalid equal sign (=) encountered while parsing (tag "%XSQL_UND" with attributes). 
Invalid equal sign (=) encountered while parsing (tag "%X" with attributes). 
Invalid equal sign (=) encountered while parsing (tag "%X" with attributes). 
Invalid equal sign (=) encountered while parsing (tag "%X" with attributes). 
Invalid equal sign (=) encountered while parsing (tag "%X" with attributes). 
Invalid quoted string 'acao' encountered while parsing (tag "%" with attributes acao=request(). 
Invalid quoted string 'acao' encountered while parsing (tag "%" with attributes acao=request(). 
Invalid quoted string 'acao' encountered while parsing (tag "%" with attributes acao=request(). 
Invalid quoted string 'acao' encountered while parsing (tag "%" with attributes acao=request(). 
Invalid quoted string 'acao' encountered while parsing (tag "%" with attributes acao=request(). 
Invalid quoted string 'cd_codigo' encountered while parsing (tag "%" with attributes cd_codigo=request(). 
Invalid quoted string 'cd_codigo' encountered while parsing (tag "%" with attributes cd_codigo=request(). 
Invalid quoted string '************** Período ***********************' encountered while parsing (tag "%'********************************************" with attributes). 
Invalid quoted string '************** Período ***********************' encountered while parsing (tag "%'********************************************" with attributes). 
Invalid quoted string '************** Período ***********************' encountered while parsing (tag "%'********************************************" with attributes). 
Invalid quoted string '************** Período ***********************' encountered while parsing (tag "%'********************************************" with attributes). 
Invalid quoted string '************** Período ***********************' encountered while parsing (tag "%'********************************************" with attributes). 
Invalid quoted string '*** limpa dia de folga' encountered while parsing (tag "%'END" with attributes if= RS3.MOVENEXT=). 
Invalid quoted string '*** limpa dia de folga' encountered while parsing (tag "%'END" with attributes if= RS3.MOVENEXT=). 
Invalid quoted string '*** limpa dia de folga' encountered while parsing (tag "%'END" with attributes if= RS3.MOVENEXT=). 
Invalid quoted string '*** limpa dia de folga' encountered while parsing (tag "%'END" with attributes if= RS3.MOVENEXT=). 
Invalid quoted string 'Wscript.Shell' encountered while parsing (tag "%SET" with attributes WshShell=CreateObject(). 
Invalid quoted string 'Wscript.Shell' encountered while parsing (tag "%SET" with attributes WshShell=CreateObject(). 
Invalid equal sign (=) encountered while parsing (tag "%'XSQL" with attributes). 
Invalid equal sign (=) encountered while parsing (tag "%'XSQL" with attributes). 
Invalid equal sign (=) encountered while parsing (tag "%'XSQL" with attributes). 
Invalid equal sign (=) encountered while parsing (tag "%'XSQL" with attributes). 
Invalid equal sign (=) encountered while parsing (tag "%'XSQL" with attributes). 
Invalid equal sign (=) encountered while parsing (tag "%'XSQL" with attributes). 
Invalid quoted string '************** Período ***********************' encountered while parsing (tag "%'********************************************" with attributes). 
Invalid quoted string '************** Período ***********************' encountered while parsing (tag "%'********************************************" with attributes). 
Invalid quoted string '************** Período ***********************' encountered while parsing (tag "%'********************************************" with attributes). 
Invalid equal sign (=) encountered while parsing (tag "%'XSQL" with attributes). 
Invalid equal sign (=) encountered while parsing (tag "%'XSQL" with attributes). 
Invalid equal sign (=) encountered while parsing (tag "%'XSQL" with attributes). 
Invalid equal sign (=) encountered while parsing (tag "%'XSQL" with attributes). 
Invalid equal sign (=) encountered while parsing (tag "%'XSQL" with attributes). 
Invalid equal sign (=) encountered while parsing (tag "%'XSQL" with attributes). 
Invalid equal sign (=) encountered while parsing (tag "%'XSQL" with attributes). 
Invalid equal sign (=) encountered while parsing (tag "%ORDEM" with attributes). 
Invalid equal sign (=) encountered while parsing (tag "%ORDEM" with attributes). 
Invalid equal sign (=) encountered while parsing (tag "%ORDEM" with attributes). 
Invalid equal sign (=) encountered while parsing (tag "%ORDEM" with attributes). 
Invalid equal sign (=) encountered while parsing (tag "%ORDEM" with attributes). 
Invalid equal sign (=) encountered while parsing (tag "%ORDEM" with attributes). 
Invalid equal sign (=) encountered while parsing (tag "%ORDEM" with attributes). 
Invalid equal sign (=) encountered while parsing (tag "%ORDEM" with attributes). 
Invalid equal sign (=) encountered while parsing (tag "%ORDEM" with attributes). 
Invalid equal sign (=) encountered while parsing (tag "%ORDEM" with attributes). 
Invalid equal sign (=) encountered while parsing (tag "%ORDEM" with attributes). 
Invalid equal sign (=) encountered while parsing (tag "%ORDEM" with attributes). 
Invalid equal sign (=) encountered while parsing (tag "%ORDEM" with attributes). 
Invalid equal sign (=) encountered while parsing (tag "%ORDEM" with attributes). 
Invalid equal sign (=) encountered while parsing (tag "%ORDEM" with attributes). 
Invalid equal sign (=) encountered while parsing (tag "%ORDEM" with attributes). 
Invalid equal sign (=) encountered while parsing (tag "%ORDEM" with attributes). 
Invalid equal sign (=) encountered while parsing (tag "%ORDEM" with attributes). 
Invalid equal sign (=) encountered while parsing (tag "%ORDEM" with attributes). 
Invalid equal sign (=) encountered while parsing (tag "%ORDEM" with attributes). 
Invalid equal sign (=) encountered while parsing (tag "%ORDEM" with attributes). 
Invalid equal sign (=) encountered while parsing (tag "%ORDEM" with attributes). 
Invalid equal sign (=) encountered while parsing (tag "%ORDEM" with attributes). 
Invalid equal sign (=) encountered while parsing (tag "%ORDEM" with attributes). 
Invalid equal sign (=) encountered while parsing (tag "%ORDEM" with attributes). 
Invalid equal sign (=) encountered while parsing (tag "%ORDEM" with attributes). 
Invalid quoted string '0' encountered while parsing (tag "%" with attributes). 
Invalid quoted string '0' encountered while parsing (tag "%" with attributes). 
Invalid equal sign (=) encountered while parsing (tag "%'XSQL" with attributes). 
Invalid equal sign (=) encountered while parsing (tag "%'XSQL" with attributes). 
Invalid equal sign (=) encountered while parsing (tag "%'XSQL" with attributes). 
Invalid equal sign (=) encountered while parsing (tag "%'XSQL" with attributes). 
Invalid equal sign (=) encountered while parsing (tag "%'XSQL" with attributes). 
Invalid equal sign (=) encountered while parsing (tag "%'XSQL" with attributes). 
Invalid equal sign (=) encountered while parsing (tag "%'XSQL" with attributes). 
Invalid equal sign (=) encountered while parsing (tag "%'XSQL" with attributes). 
Invalid equal sign (=) encountered while parsing (tag "%'XSQL" with attributes). 
Invalid equal sign (=) encountered while parsing (tag "%'XSQL" with attributes). 
Invalid quoted string '0' encountered while parsing (tag "%" with attributes). 
Invalid quoted string '0' encountered while parsing (tag "%" with attributes). 
Invalid quoted string '0' encountered while parsing (tag "%" with attributes). 
Invalid quoted string '0' encountered while parsing (tag "%" with attributes). 
Invalid quoted string '0' encountered while parsing (tag "%" with attributes). 
Invalid quoted string '0' encountered while parsing (tag "%" with attributes). 
Invalid quoted string '0' encountered while parsing (tag "%" with attributes). 
Invalid equal sign (=) encountered while parsing (tag "%STRSQL" with attributes). 
Invalid equal sign (=) encountered while parsing (tag "%STRSQL" with attributes). 
Invalid equal sign (=) encountered while parsing (tag "%STRSQL" with attributes). 
Invalid equal sign (=) encountered while parsing (tag "%STRSQL" with attributes). 
Invalid equal sign (=) encountered while parsing (tag "%STRSQL" with attributes). 
Invalid quoted string '**********************************************' encountered while parsing (tag "%" with attributes). 
Invalid quoted string '**********************************************' encountered while parsing (tag "%" with attributes). 
Invalid quoted string '**********************************************' encountered while parsing (tag "%" with attributes). 
Invalid quoted string '**********************************************' encountered while parsing (tag "%" with attributes). 
Invalid quoted string '**********************************************' encountered while parsing (tag "%" with attributes). 
Invalid quoted string '**********************************************' encountered while parsing (tag "%" with attributes). 
Invalid quoted string '**********************************************' encountered while parsing (tag "%" with attributes). 
Invalid quoted string '**********************************************' encountered while parsing (tag "%" with attributes). 
Invalid quoted string '**********************************************' encountered while parsing (tag "%" with attributes). 
Invalid character (*) encountered while parsing (tag "%'***" with attributes). 
Invalid equal sign (=) encountered while parsing (tag "%NUMERO" with attributes). 
Invalid equal sign (=) encountered while parsing (tag "%NUMERO" with attributes). 
Invalid quoted string '**********************************************' encountered while parsing (tag "%" with attributes). 
Invalid quoted string '**********************************************' encountered while parsing (tag "%" with attributes). 
End of file encountered while parsing (tag "%" with attributes strsql_proc=SELECT * FROM TBL_protocolo_procedimento WHEREOrder by '>). 
End of file encountered while parsing (tag "%" with attributes strsql_proc=SELECT * FROM TBL_protocolo_procedimento WHERE a001_numseqOrder by '>). 
End of file encountered while parsing (tag "%" with attributes strsql_proc=SELECT * FROM TBL_protocolo_procedimento WHERE a001_numseq ORDEROrder by '>). 
End of file encountered while parsing (tag "%" with attributes strsql_proc=SELECT * FROM TBL_protocolo_procedimento WHERE a001_numseq =ORDER BY '>). 
End of file encountered while parsing (tag "%" with attributes strsql_proc=SELECT * FROM TBL_protocolo_procedimento WHERE a001_numseq = a001_numseqORDER BY '>). 
Invalid quoted string '**********************************************' encountered while parsing (tag "%" with attributes). 
Invalid quoted string '**********************************************' encountered while parsing (tag "%" with attributes). 
Invalid equal sign (=) encountered while parsing (tag "%STRSQL_PROC" with attributes). 
Invalid equal sign (=) encountered while parsing (tag "%STRSQL_PROC" with attributes). 
Invalid equal sign (=) encountered while parsing (tag "%STRSQL_PROC" with attributes). 
Invalid equal sign (=) encountered while parsing (tag "%STRSQL_PROC" with attributes). 
Invalid equal sign (=) encountered while parsing (tag "%STRSQL_PROC" with attributes). 
Invalid equal sign (=) encountered while parsing (tag "%STRSQL_PROC" with attributes). 
Invalid equal sign (=) encountered while parsing (tag "%'CD_UNIDADE" with attributes). 
Invalid equal sign (=) encountered while parsing (tag "%'CD_UNIDADE" with attributes). 
Invalid equal sign (=) encountered while parsing (tag "%STRSQL_RACK" with attributes). 
Invalid equal sign (=) encountered while parsing (tag "%STRSQL_RACK" with attributes). 
Invalid equal sign (=) encountered while parsing (tag "%STRSQL_RACK" with attributes). 
Invalid equal sign (=) encountered while parsing (tag "%STRSQL_RACK" with attributes). 
Invalid quoted string '**********************************************' encountered while parsing (tag "%" with attributes). 
Invalid quoted string '**********************************************' encountered while parsing (tag "%" with attributes). 
Invalid quoted string '**********************************************' encountered while parsing (tag "%" with attributes). 
Invalid quoted string '**********************************************' encountered while parsing (tag "%" with attributes). 
Invalid quoted string '**********************************************' encountered while parsing (tag "%" with attributes). 
Invalid quoted string '**********************************************' encountered while parsing (tag "%" with attributes). 
Invalid quoted string '**********************************************' encountered while parsing (tag "%" with attributes). 
Invalid quoted string '**********************************************' encountered while parsing (tag "%" with attributes). 
Invalid quoted string '**********************************************' encountered while parsing (tag "%" with attributes). 
Invalid quoted string '**********************************************' encountered while parsing (tag "%" with attributes). 
Invalid quoted string '**********************************************' encountered while parsing (tag "%" with attributes). 
Invalid quoted string '**********************************************' encountered while parsing (tag "%" with attributes). 
Invalid quoted string '**********************************************' encountered while parsing (tag "%" with attributes). 
Invalid quoted string '**********************************************' encountered while parsing (tag "%" with attributes). 
Invalid quoted string '**********************************************' encountered while parsing (tag "%" with attributes). 
Invalid quoted string '**********************************************' encountered while parsing (tag "%" with attributes). 
Invalid equal sign (=) encountered while parsing (tag "%STRSQL" with attributes). 
Invalid equal sign (=) encountered while parsing (tag "%STRSQL" with attributes). 
Invalid equal sign (=) encountered while parsing (tag "%STRSQL" with attributes). 
Invalid equal sign (=) encountered while parsing (tag "%STRSQL" with attributes). 
Invalid equal sign (=) encountered while parsing (tag "%STRSQL" with attributes). 
Invalid equal sign (=) encountered while parsing (tag "%STRSQL" with attributes). 
Invalid quoted string 'acao' encountered while parsing (tag "%" with attributes acao=request(). 
Invalid quoted string 'acao' encountered while parsing (tag "%" with attributes acao=request(). 
Invalid quoted string 'acao' encountered while parsing (tag "%" with attributes acao=request(). 
Invalid quoted string 'acao' encountered while parsing (tag "%" with attributes acao=request(). 
Invalid quoted string 'acao' encountered while parsing (tag "%" with attributes acao=request(). 
Invalid quoted string 'acao' encountered while parsing (tag "%" with attributes acao=request(). 
Invalid quoted string 'acao' encountered while parsing (tag "%" with attributes acao=request(). 
Invalid quoted string 'acao' encountered while parsing (tag "%" with attributes acao=request(). 
Invalid equal sign (=) encountered while parsing (tag "%STRSQL" with attributes). 
Invalid equal sign (=) encountered while parsing (tag "%STRSQL" with attributes). 
Invalid equal sign (=) encountered while parsing (tag "%STRSQL" with attributes). 
Invalid equal sign (=) encountered while parsing (tag "%'TXTBUSCA" with attributes). 
Invalid equal sign (=) encountered while parsing (tag "%'TXTBUSCA" with attributes). 
Invalid equal sign (=) encountered while parsing (tag "%'TXTBUSCA" with attributes). 
Invalid equal sign (=) encountered while parsing (tag "%'TXTBUSCA" with attributes). 
Invalid equal sign (=) encountered while parsing (tag "%'TXTBUSCA" with attributes). 
Invalid equal sign (=) encountered while parsing (tag "%'TXTBUSCA" with attributes). 
Invalid equal sign (=) encountered while parsing (tag "%'TXTBUSCA" with attributes). 
Invalid equal sign (=) encountered while parsing (tag "%'TXTBUSCA" with attributes). 
Invalid equal sign (=) encountered while parsing (tag "%'TXTBUSCA" with attributes). 
Invalid equal sign (=) encountered while parsing (tag "%'TXTBUSCA" with attributes). 
Invalid equal sign (=) encountered while parsing (tag "%'TXTBUSCA" with attributes). 
Invalid equal sign (=) encountered while parsing (tag "%'TXTBUSCA" with attributes). 
Invalid equal sign (=) encountered while parsing (tag "%'TXTBUSCA" with attributes). 
Invalid equal sign (=) encountered while parsing (tag "%'TXTBUSCA" with attributes). 
Invalid equal sign (=) encountered while parsing (tag "%'TXTBUSCA" with attributes). 
Invalid equal sign (=) encountered while parsing (tag "%'TXTBUSCA" with attributes). 
Invalid equal sign (=) encountered while parsing (tag "%'TXTBUSCA" with attributes). 
Invalid equal sign (=) encountered while parsing (tag "%'TXTBUSCA" with attributes). 
Invalid equal sign (=) encountered while parsing (tag "%'TXTBUSCA" with attributes). 
Invalid equal sign (=) encountered while parsing (tag "%'TXTBUSCA" with attributes). 
Invalid equal sign (=) encountered while parsing (tag "%'TXTBUSCA" with attributes). 
Invalid quoted string 'acao' encountered while parsing (tag "%" with attributes acao=request(). 
Invalid quoted string 'acao' encountered while parsing (tag "%" with attributes acao=request(). 
Invalid quoted string 'acao' encountered while parsing (tag "%" with attributes acao=request(). 
Invalid quoted string 'acao' encountered while parsing (tag "%" with attributes acao=request(). 
Invalid quoted string 'acao' encountered while parsing (tag "%" with attributes acao=request(). 
Invalid quoted string 'acao' encountered while parsing (tag "%" with attributes acao=request(). 
Invalid quoted string 'acao' encountered while parsing (tag "%" with attributes acao=request(). 
Invalid quoted string 'acao' encountered while parsing (tag "%" with attributes acao=request(). 
Invalid quoted string 'acao' encountered while parsing (tag "%" with attributes acao=request(). 
Invalid quoted string 'acao' encountered while parsing (tag "%" with attributes acao=request(). 
Invalid quoted string 'acao' encountered while parsing (tag "%" with attributes acao=request(). 
Invalid quoted string 'acao' encountered while parsing (tag "%" with attributes acao=request(). 
Invalid quoted string 'acao' encountered while parsing (tag "%" with attributes acao=request(). 
Invalid quoted string 'acao' encountered while parsing (tag "%" with attributes acao=request(). 
Invalid quoted string 'acao' encountered while parsing (tag "%" with attributes acao=request(). 
Invalid quoted string 'acao' encountered while parsing (tag "%" with attributes acao=request(). 
Invalid quoted string 'acao' encountered while parsing (tag "%" with attributes acao=request(). 
Invalid quoted string 'acao' encountered while parsing (tag "%" with attributes acao=request(). 
Invalid equal sign (=) encountered while parsing (tag "%'TXTBUSCA" with attributes). 
Invalid equal sign (=) encountered while parsing (tag "%'TXTBUSCA" with attributes). 
Invalid equal sign (=) encountered while parsing (tag "%CD_COD_CRM" with attributes). 
Invalid equal sign (=) encountered while parsing (tag "%CD_COD_CRM" with attributes). 
Invalid quoted string '***** Variáveis ******' encountered while parsing (tag "%" with attributes). 
Invalid quoted string '***** Variáveis ******' encountered while parsing (tag "%" with attributes). 
Invalid quoted string '***** Variáveis ******' encountered while parsing (tag "%" with attributes). 
Invalid quoted string '***** Variáveis ******' encountered while parsing (tag "%" with attributes). 
Invalid quoted string '***** Variáveis ******' encountered while parsing (tag "%" with attributes). 
Invalid quoted string '***** Variáveis ******' encountered while parsing (tag "%" with attributes). 
Invalid quoted string '***** Variáveis ******' encountered while parsing (tag "%" with attributes). 
Invalid quoted string '***** Variáveis ******' encountered while parsing (tag "%" with attributes). 
Invalid quoted string '***** Variáveis ******' encountered while parsing (tag "%" with attributes). 
Invalid character (&) encountered while parsing (tag "%END" with attributes if= STRSQL=SELECT * FROM TBL_protocolo_etiquetas WHERE cd_unidade = '). 
Invalid character (&) encountered while parsing (tag "%END" with attributes if= STRSQL=SELECT * FROM TBL_protocolo_etiquetas WHERE cd_unidade = '). 
Invalid character (&) encountered while parsing (tag "%END" with attributes if= STRSQL=SELECT * FROM TBL_protocolo_etiquetas WHERE cd_unidade = '). 
Invalid character (&) encountered while parsing (tag "%END" with attributes if= STRSQL=SELECT * FROM TBL_protocolo_etiquetas WHERE cd_unidade = '). 
Invalid character (&) encountered while parsing (tag "%END" with attributes if= STRSQL=SELECT * FROM TBL_protocolo_etiquetas WHERE cd_unidade = '). 
Invalid equal sign (=) encountered while parsing (tag "%LINHA_NUM" with attributes). 
Invalid equal sign (=) encountered while parsing (tag "%LINHA_NUM" with attributes). 
Invalid equal sign (=) encountered while parsing (tag "%LINHA_NUM" with attributes). 
Invalid equal sign (=) encountered while parsing (tag "%LINHA_NUM" with attributes). 
Invalid equal sign (=) encountered while parsing (tag "%LINHA_NUM" with attributes). 
Invalid equal sign (=) encountered while parsing (tag "%LINHA_NUM" with attributes). 
Invalid equal sign (=) encountered while parsing (tag "%LINHA_NUM" with attributes). 
Invalid equal sign (=) encountered while parsing (tag "%LINHA_NUM" with attributes). 
Invalid equal sign (=) encountered while parsing (tag "%LINHA_NUM" with attributes). 
Invalid equal sign (=) encountered while parsing (tag "%LINHA_NUM" with attributes). 
Invalid equal sign (=) encountered while parsing (tag "%LINHA_NUM" with attributes). 
Invalid equal sign (=) encountered while parsing (tag "%LINHA_NUM" with attributes). 
Invalid equal sign (=) encountered while parsing (tag "%LINHA_NUM" with attributes). 
Invalid equal sign (=) encountered while parsing (tag "%LINHA_NUM" with attributes). 
Invalid equal sign (=) encountered while parsing (tag "%LINHA_NUM" with attributes). 
Invalid equal sign (=) encountered while parsing (tag "%LINHA_NUM" with attributes). 
Invalid equal sign (=) encountered while parsing (tag "%LINHA_NUM" with attributes). 
Invalid equal sign (=) encountered while parsing (tag "%LINHA_NUM" with attributes). 
Invalid equal sign (=) encountered while parsing (tag "%LINHA_NUM" with attributes). 
Invalid equal sign (=) encountered while parsing (tag "%LINHA_NUM" with attributes). 
Invalid equal sign (=) encountered while parsing (tag "%LINHA_NUM" with attributes). 
Invalid equal sign (=) encountered while parsing (tag "%LINHA_NUM" with attributes). 
Invalid equal sign (=) encountered while parsing (tag "%LINHA_NUM" with attributes). 
Invalid equal sign (=) encountered while parsing (tag "%LINHA_NUM" with attributes). 
Invalid equal sign (=) encountered while parsing (tag "%LINHA_NUM" with attributes). 
Invalid equal sign (=) encountered while parsing (tag "%LINHA_NUM" with attributes). 
Invalid equal sign (=) encountered while parsing (tag "%LINHA_NUM" with attributes). 
Invalid equal sign (=) encountered while parsing (tag "%LINHA_NUM" with attributes). 
Invalid equal sign (=) encountered while parsing (tag "%LINHA_NUMERAR" with attributes). 
Invalid equal sign (=) encountered while parsing (tag "%LINHA_NUMERAR" with attributes). 
Invalid character (+) encountered while parsing (tag "%ELSEIF" with attributes tipo_print=4 then= COLUNA=1 linha=1 numero=0 msup=msup mesq='Borda esquerda da etiqueta). 
Invalid character (+) encountered while parsing (tag "%ELSEIF" with attributes tipo_print=4 then= COLUNA=1 linha=1 numero=0 msup=msup mesq='Borda esquerda da etiqueta). 
Invalid character (+) encountered while parsing (tag "%" with attributes if= COLUNA=0 then= linha=linha). 
Invalid character (+) encountered while parsing (tag "%" with attributes if= COLUNA=0 then= linha=linha). 
Invalid character (+) encountered while parsing (tag "%" with attributes if= COLUNA=0 then= linha=linha). 
Invalid character (+) encountered while parsing (tag "%" with attributes if= COLUNA=0 then= linha=linha). 
Invalid character (+) encountered while parsing (tag "%ELSEIF" with attributes tipo_print=4 then= COLUNA=1 linha=1 numero=0 msup=msup mesq='Borda esquerda da etiqueta). 
Invalid character (+) encountered while parsing (tag "%ELSEIF" with attributes tipo_print=4 then= COLUNA=1 linha=1 numero=0 msup=msup mesq='Borda esquerda da etiqueta). 
Invalid character (+) encountered while parsing (tag "%ELSEIF" with attributes tipo_print=4 then= COLUNA=1 linha=1 numero=0 msup=msup mesq='Borda esquerda da etiqueta). 
Invalid character (+) encountered while parsing (tag "%ELSEIF" with attributes tipo_print=4 then= COLUNA=1 linha=1 numero=0 msup=msup mesq='Borda esquerda da etiqueta). 
Invalid character (&) encountered while parsing (tag "%END" with attributes if= STRSQL=SELECT * FROM TBL_protocolo_etiquetas WHERE cd_unidade = '). 
Invalid character (&) encountered while parsing (tag "%END" with attributes if= STRSQL=SELECT * FROM TBL_protocolo_etiquetas WHERE cd_unidade = '). 
Invalid character (+) encountered while parsing (tag "%" with attributes if= COLUNA=0 then= linha=linha). 
Invalid character (+) encountered while parsing (tag "%" with attributes if= COLUNA=0 then= linha=linha). 
Invalid character (&) encountered while parsing (tag "%END" with attributes if= STRSQL=SELECT * FROM TBL_protocolo_etiquetas WHERE cd_unidade = '). 
Invalid character (&) encountered while parsing (tag "%END" with attributes if= STRSQL=SELECT * FROM TBL_protocolo_etiquetas WHERE cd_unidade = '). 
Invalid character (+) encountered while parsing (tag "%" with attributes if= COLUNA=0 then= linha=linha). 
Invalid character (+) encountered while parsing (tag "%" with attributes if= COLUNA=0 then= linha=linha). 
Invalid character (+) encountered while parsing (tag "%" with attributes if= COLUNA=0 then= linha=linha). 
Invalid character (+) encountered while parsing (tag "%" with attributes if= COLUNA=0 then= linha=linha). 
Invalid character (+) encountered while parsing (tag "%" with attributes numero=numero). 
End of file encountered while parsing (tag "TD" with attributes colspan=>). 
End of file encountered while parsing (tag "TD" with attributes colspan=>). 
Invalid equal sign (=) encountered while parsing (tag "%MOSTRA_CAB" with attributes). 
Invalid equal sign (=) encountered while parsing (tag "%MOSTRA_CAB" with attributes). 
Invalid quoted string '***>' encountered while parsing (tag "%'************************" with attributes). 
Invalid quoted string '*** Define>' encountered while parsing (tag "%'************************" with attributes). 
Invalid quoted string '*** Define a>' encountered while parsing (tag "%'************************" with attributes). 
Invalid quoted string '*** Define a quantidade>' encountered while parsing (tag "%'************************" with attributes). 
Invalid quoted string '*** Define a quantidade de>' encountered while parsing (tag "%'************************" with attributes). 
Invalid quoted string '*** Define a quantidade de linhas>' encountered while parsing (tag "%'************************" with attributes). 
Invalid quoted string '*** Define a quantidade de linhas por>' encountered while parsing (tag "%'************************" with attributes). 
Invalid quoted string '*** Define a quantidade de linhas por página>' encountered while parsing (tag "%'************************" with attributes). 
Invalid quoted string '*** Define a quantidade de linhas por página ***' encountered while parsing (tag "%'**********************************************" with attributes). 
Invalid quoted string '*** Define a quantidade de linhas por página ***' encountered while parsing (tag "%'**********************************************" with attributes). 
Invalid quoted string '*** Define a quantidade de linhas por página ***' encountered while parsing (tag "%'**********************************************" with attributes). 
Invalid quoted string '*** Define a quantidade de linhas por página ***' encountered while parsing (tag "%'**********************************************" with attributes). 
Invalid quoted string '*** Define a quantidade de linhas por página ***' encountered while parsing (tag "%'**********************************************" with attributes). 
Invalid quoted string '*** Define a quantidade de linhas por página ***' encountered while parsing (tag "%'**********************************************" with attributes). 
Invalid quoted string '*** Define a quantidade de linhas por página ***' encountered while parsing (tag "%'**********************************************" with attributes). 
Invalid quoted string '*** Define a quantidade de linhas por página ***' encountered while parsing (tag "%'**********************************************" with attributes). 
Invalid quoted string '*** Define a quantidade de linhas por página ***' encountered while parsing (tag "%'**********************************************" with attributes). 
Invalid quoted string '*** Define a quantidade de linhas por página ***' encountered while parsing (tag "%'**********************************************" with attributes). 
Invalid quoted string '*** Define a quantidade de linhas por página ***' encountered while parsing (tag "%'**********************************************" with attributes). 
Invalid quoted string '***>' encountered while parsing (tag "%'**********************************************" with attributes). 
Invalid quoted string '***  Define a quantidade de linhas por página>' encountered while parsing (tag "%'***********************************************" with attributes). 
Invalid quoted string '***  Define a quantidade de linhas por página  ***' encountered while parsing (tag "%'************************************************" with attributes). 
Invalid quoted string '***  Define a quantidade de linhas por página  ***' encountered while parsing (tag "%'************************************************" with attributes). 
Invalid quoted string '***  Define a quantidade de linhas por página  ***' encountered while parsing (tag "%'************************************************" with attributes). 
Invalid quoted string '***>' encountered while parsing (tag "%'************************************************" with attributes). 
Invalid quoted string '***>' encountered while parsing (tag "%'************************************************" with attributes). 
Invalid quoted string '***    Define a quantidade de linhas por página>' encountered while parsing (tag "%'************************************************" with attributes). 
Invalid quoted string '***    Define a quantidade de linhas por página>' encountered while parsing (tag "%'************************************************" with attributes). 
Invalid quoted string '***    Define a quantidade de linhas por página>' encountered while parsing (tag "%'************************************************" with attributes). 
Invalid quoted string '***>' encountered while parsing (tag "%'************************************************" with attributes). 
Invalid quoted string 'a002_numseq' encountered while parsing (tag "%IF" with attributes not= RS_MAT.EOF= THEN= WHILE= A002_NUMPRO=rs_mat(). 
Invalid quoted string 'a002_numseq' encountered while parsing (tag "%IF" with attributes not= RS_MAT.EOF= THEN= WHILE= A002_NUMPRO=rs_mat(). 
Invalid quoted string '***     Define a quantidade de linhas por página     ***' encountered while parsing (tag "%'******************************************************" with attributes). 
Invalid quoted string '***     Define a quantidade de linhas por página     ***' encountered while parsing (tag "%'******************************************************" with attributes). 
Invalid quoted string '***     Define a quantidade de linhas por página     ***' encountered while parsing (tag "%'******************************************************" with attributes). 
Invalid quoted string '***     Define a quantidade de linhas por página     ***' encountered while parsing (tag "%'******************************************************" with attributes). 
Invalid quoted string '***     Define a quantidade de linhas por página     ***' encountered while parsing (tag "%'******************************************************" with attributes). 
Invalid quoted string '***     Define a quantidade de linhas por página     ***' encountered while parsing (tag "%'******************************************************" with attributes). 
Invalid quoted string '***     Define a quantidade de linhas por página     ***' encountered while parsing (tag "%'******************************************************" with attributes). 
Invalid quoted string '***     Define a quantidade de linhas por página     ***' encountered while parsing (tag "%'******************************************************" with attributes). 
Invalid quoted string '***     Define a quantidade de linhas por página     ***' encountered while parsing (tag "%'******************************************************" with attributes). 
Invalid quoted string '***     Define a quantidade de linhas por página     ***' encountered while parsing (tag "%'******************************************************" with attributes). 
Invalid quoted string '***     Define a quantidade de linhas por página     ***' encountered while parsing (tag "%'******************************************************" with attributes). 
Invalid quoted string '***     Define a quantidade de linhas por página     ***' encountered while parsing (tag "%'******************************************************" with attributes). 
Invalid quoted string '***     Define a quantidade de linhas por página     ***' encountered while parsing (tag "%'******************************************************" with attributes). 
Invalid quoted string '***     Define a quantidade de linhas por página     ***' encountered while parsing (tag "%'******************************************************" with attributes). 
Invalid quoted string '***     Define a quantidade de linhas por página     ***' encountered while parsing (tag "%'******************************************************" with attributes). 
Invalid equal sign (=) encountered while parsing (tag "%MOSTRA_CAB" with attributes). 
Invalid equal sign (=) encountered while parsing (tag "%MOSTRA_CAB" with attributes). 
Invalid character (+) encountered while parsing (tag "%END" with attributes if= LINHA_PAGINA=linha_pagina). 
Invalid equal sign (=) encountered while parsing (tag "%MOSTRA_ROD" with attributes). 
Invalid character (+) encountered while parsing (tag "%END" with attributes if= QTD_PROC_E=0 linha_pagina=linha_pagina). 
Invalid equal sign (=) encountered while parsing (tag "%'MOSTRA_ROD" with attributes). 
Invalid equal sign (=) encountered while parsing (tag "%MOSTRA_CAB" with attributes). 
Invalid equal sign (=) encountered while parsing (tag "%MOSTRA_CAB" with attributes). 
Invalid equal sign (=) encountered while parsing (tag "%MOSTRA_CAB" with attributes). 
Invalid equal sign (=) encountered while parsing (tag "%MOSTRA_CAB" with attributes). 
Invalid equal sign (=) encountered while parsing (tag "%MOSTRA_CAB" with attributes). 
Invalid character (+) encountered while parsing (tag "%" with attributes linha_pagina=linha_pagina). 
Invalid character (+) encountered while parsing (tag "%" with attributes linha_pagina=linha_pagina). 
Invalid character (+) encountered while parsing (tag "%" with attributes linha_pagina=linha_pagina). 
Invalid character (+) encountered while parsing (tag "%" with attributes linha_pagina=linha_pagina). 
Invalid equal sign (=) encountered while parsing (tag "%MOSTRA_CAB" with attributes). 
Invalid equal sign (=) encountered while parsing (tag "%MOSTRA_CAB" with attributes). 
Invalid equal sign (=) encountered while parsing (tag "%MOSTRA_CAB" with attributes). 
Invalid equal sign (=) encountered while parsing (tag "%MOSTRA_CAB" with attributes). 
Invalid equal sign (=) encountered while parsing (tag "%MOSTRA_CAB" with attributes). 
Invalid equal sign (=) encountered while parsing (tag "%MOSTRA_CAB" with attributes). 
Invalid equal sign (=) encountered while parsing (tag "%MOSTRA_ROD" with attributes). 
Invalid equal sign (=) encountered while parsing (tag "%MOSTRA_ROD" with attributes). 
Invalid equal sign (=) encountered while parsing (tag "%QTD_LINHAS_MAT" with attributes). 
Invalid equal sign (=) encountered while parsing (tag "%QTD_LINHAS_MAT" with attributes). 
Invalid equal sign (=) encountered while parsing (tag "%QTD_LINHAS_MAT" with attributes). 
Invalid equal sign (=) encountered while parsing (tag "%QTD_LINHAS_MAT" with attributes). 
Invalid quoted string '***     Define a quantidade de linhas por página     ***' encountered while parsing (tag "%'******************************************************" with attributes). 
Invalid quoted string '***     Define a quantidade de linhas por página     ***' encountered while parsing (tag "%'******************************************************" with attributes). 
Invalid quoted string '***     Define a quantidade de linhas por página     ***' encountered while parsing (tag "%'******************************************************" with attributes). 
Invalid quoted string '***     Define a quantidade de linhas por página     ***' encountered while parsing (tag "%'******************************************************" with attributes). 
Invalid quoted string '***     Define a quantidade de linhas por página     ***' encountered while parsing (tag "%'******************************************************" with attributes). 
Invalid character (+) encountered while parsing (tag "%" with attributes linha_pagina=linha_pagina). 
Invalid character (+) encountered while parsing (tag "%" with attributes linha_pagina=linha_pagina). 
Invalid quoted string '****' encountered while parsing (tag "%NEXT" with attributes). 
Invalid quoted string '**** Fim' encountered while parsing (tag "%NEXT" with attributes). 
Invalid quoted string '**** Fim do' encountered while parsing (tag "%NEXT" with attributes). 
Invalid quoted string '**** Fim do relatório' encountered while parsing (tag "%NEXT" with attributes). 
Invalid quoted string '**** Fim do relatório de' encountered while parsing (tag "%NEXT" with attributes). 
Invalid quoted string '**** Fim do relatório de procedimentos' encountered while parsing (tag "%NEXT" with attributes). 
Invalid quoted string '**** Fim do relatório de procedimentos cirurgicos****' encountered while parsing (tag "%NEXT" with attributes). 
Invalid quoted string 'while not rs_proc.EOF' encountered while parsing (tag "%IF" with attributes not= RS_PROC.EOF=). 
Invalid quoted string 'while not rs_proc.EOF' encountered while parsing (tag "%IF" with attributes not= RS_PROC.EOF=). 
Invalid quoted string 'while not rs_proc.EOF' encountered while parsing (tag "%IF" with attributes not= RS_PROC.EOF=). 
Invalid quoted string 'while not rs_proc.EOF' encountered while parsing (tag "%IF" with attributes not= RS_PROC.EOF=). 
End of file encountered while parsing comment. 
End of file encountered while parsing comment. 
End of file encountered while parsing comment. 
End of file encountered while parsing comment. 
End of file encountered while parsing comment. 
Invalid character (+) encountered while parsing (tag "%" with attributes linha_1_emprestimo= mostra_cab=mostra_cab). 
Invalid character (+) encountered while parsing (tag "%" with attributes linha_1_emprestimo= mostra_cab=mostra_cab). 
Invalid equal sign (=) encountered while parsing (tag "%LINHA_1_EMPRESTIMO" with attributes). 
Invalid equal sign (=) encountered while parsing (tag "%LINHA_1_EMPRESTIMO" with attributes). 
Invalid equal sign (=) encountered while parsing (tag "%LINHA_1_EMPRESTIMO" with attributes). 
Invalid equal sign (=) encountered while parsing (tag "%LINHA_1_EMPRESTIMO" with attributes). 
Invalid equal sign (=) encountered while parsing (tag "%LINHA_1_EMPRESTIMO" with attributes). 
Invalid equal sign (=) encountered while parsing (tag "%LINHA_1_EMPRESTIMO" with attributes). 
Invalid equal sign (=) encountered while parsing (tag "%LINHA_1_EMPRESTIMO" with attributes). 
Invalid equal sign (=) encountered while parsing (tag "%LINHA_1_EMPRESTIMO" with attributes). 
Invalid equal sign (=) encountered while parsing (tag "%LINHA_1_EMPRESTIMO" with attributes). 
Invalid equal sign (=) encountered while parsing (tag "%LINHA_1_EMPRESTIMO" with attributes). 
Invalid equal sign (=) encountered while parsing (tag "%LINHA_1_EMPRESTIMO" with attributes). 
Invalid equal sign (=) encountered while parsing (tag "%LINHA_1_EMPRESTIMO" with attributes). 
Invalid equal sign (=) encountered while parsing (tag "%ULTIMO_ANTES_PULO" with attributes). 
Invalid equal sign (=) encountered while parsing (tag "%ULTIMO_ANTES_PULO" with attributes). 
Invalid equal sign (=) encountered while parsing (tag "%LINHA_1_EMPRESTIMO" with attributes). 
Invalid equal sign (=) encountered while parsing (tag "%LINHA_1_EMPRESTIMO" with attributes). 
Invalid equal sign (=) encountered while parsing (tag "%PAG_EMPRESTIMO" with attributes). 
Invalid equal sign (=) encountered while parsing (tag "%PAG_EMPRESTIMO" with attributes). 
Invalid equal sign (=) encountered while parsing (tag "%PAGINA" with attributes). 
Invalid equal sign (=) encountered while parsing (tag "%PAGINA" with attributes). 
Invalid equal sign (=) encountered while parsing (tag "%PAGINA" with attributes). 
Invalid equal sign (=) encountered while parsing (tag "%PAGINA" with attributes). 
Invalid equal sign (=) encountered while parsing (tag "%PAG_EMPRESTIMO" with attributes). 
Invalid equal sign (=) encountered while parsing (tag "%PAG_EMPRESTIMO" with attributes). 
Invalid equal sign (=) encountered while parsing (tag "%LINHA_1_EMPRESTIMO" with attributes). 
Invalid equal sign (=) encountered while parsing (tag "%LINHA_1_EMPRESTIMO" with attributes). 
Invalid equal sign (=) encountered while parsing (tag "%LINHA_1_EMPRESTIMO" with attributes). 
Invalid equal sign (=) encountered while parsing (tag "%LINHA_1_EMPRESTIMO" with attributes). 
Invalid equal sign (=) encountered while parsing (tag "%LINHA_1_EMPRESTIMO" with attributes). 
Invalid equal sign (=) encountered while parsing (tag "%PAG_EMPRESTIMO" with attributes). 
Invalid equal sign (=) encountered while parsing (tag "%PAG_EMPRESTIMO" with attributes). 
Invalid equal sign (=) encountered while parsing (tag "%MOSTRA_CAB" with attributes). 
Invalid equal sign (=) encountered while parsing (tag "%MOSTRA_CAB" with attributes). 
Invalid equal sign (=) encountered while parsing (tag "%MOSTRA_ROD" with attributes). 
Invalid equal sign (=) encountered while parsing (tag "%MOSTRA_ROD" with attributes). 
Invalid quoted string '****************************************************************************************************' encountered while parsing (tag "%NEXT" with attributes). 
Invalid quoted string '****************************************************************************************************' encountered while parsing (tag "%NEXT" with attributes). 
Invalid quoted string '****************************************************************************************************' encountered while parsing (tag "%NEXT" with attributes). 
Invalid quoted string '****************************************************************************************************' encountered while parsing (tag "%NEXT" with attributes). 
Invalid quoted string '*************************************** RODAPÉ DO RELATÓRIO DE PROCEDIMENTOS ************************************************' encountered while parsing (tag "%'*****************************************************************************************************************************" with attributes). 
Invalid quoted string '*************************************** RODAPÉ DO RELATÓRIO DE PROCEDIMENTOS ************************************************' encountered while parsing (tag "%'*****************************************************************************************************************************" with attributes). 
Invalid quoted string '*************************************** RODAPÉ DO RELATÓRIO DE PROCEDIMENTOS ************************************************' encountered while parsing (tag "%'*****************************************************************************************************************************" with attributes). 
Invalid quoted string '*************************************** RODAPÉ DO RELATÓRIO DE PROCEDIMENTOS ************************************************' encountered while parsing (tag "%'*****************************************************************************************************************************" with attributes). 
Invalid quoted string '*************************************** RODAPÉ DO RELATÓRIO DE PROCEDIMENTOS ************************************************' encountered while parsing (tag "%'*****************************************************************************************************************************" with attributes). 
Invalid quoted string '*************************************** RODAPÉ DO RELATÓRIO DE PROCEDIMENTOS ************************************************' encountered while parsing (tag "%'*****************************************************************************************************************************" with attributes). 
Invalid equal sign (=) encountered while parsing (tag "%MOSTRA_ROD" with attributes). 
Invalid equal sign (=) encountered while parsing (tag "%MOSTRA_ROD" with attributes). 
Invalid equal sign (=) encountered while parsing (tag "%MOSTRA_ROD" with attributes). 
Invalid equal sign (=) encountered while parsing (tag "%MOSTRA_ROD" with attributes). 
Invalid quoted string '*************************************** RODAPÉ DO RELATÓRIO DE PROCEDIMENTOS ************************************************' encountered while parsing (tag "%'*****************************************************************************************************************************" with attributes). 
Invalid quoted string '*************************************** RODAPÉ DO RELATÓRIO DE PROCEDIMENTOS ************************************************' encountered while parsing (tag "%'*****************************************************************************************************************************" with attributes). 
Invalid quoted string '*************************************** RODAPÉ DO RELATÓRIO DE PROCEDIMENTOS ************************************************' encountered while parsing (tag "%'*****************************************************************************************************************************" with attributes). 
Invalid quoted string '*************************************** RODAPÉ DO RELATÓRIO DE PROCEDIMENTOS ************************************************' encountered while parsing (tag "%'*****************************************************************************************************************************" with attributes). 
Invalid quoted string '*************************************** RODAPÉ DO RELATÓRIO DE PROCEDIMENTOS ************************************************' encountered while parsing (tag "%'*****************************************************************************************************************************" with attributes). 
Invalid equal sign (=) encountered while parsing (tag "%MOSTRA_ROD" with attributes). 
Invalid equal sign (=) encountered while parsing (tag "%MOSTRA_ROD" with attributes). 
Invalid quoted string '***     Define a quantidade de linhas por página     ***' encountered while parsing (tag "%'******************************************************" with attributes). 
Invalid quoted string '***     Define a quantidade de linhas por página     ***' encountered while parsing (tag "%'******************************************************" with attributes). 
Invalid quoted string '***     Define a quantidade de linhas por página     ***' encountered while parsing (tag "%'******************************************************" with attributes). 
Invalid equal sign (=) encountered while parsing (tag "%MOSTRA_ROD" with attributes). 
Invalid equal sign (=) encountered while parsing (tag "%MOSTRA_ROD" with attributes). 
Invalid equal sign (=) encountered while parsing (tag "%MOSTRA_ROD" with attributes). 
Invalid equal sign (=) encountered while parsing (tag "%MOSTRA_ROD" with attributes). 
Invalid equal sign (=) encountered while parsing (tag "%MOSTRA_CAB" with attributes). 
Invalid equal sign (=) encountered while parsing (tag "%MOSTRA_CAB" with attributes). 
Invalid character (+) encountered while parsing (tag "%IF" with attributes rack_num= AND= CD_UNIDADE=20 then= SALTO_PAGINA_MEIO=1 mostra_rod=mostrarod). 
Invalid quoted string '***** Variáveis ******' encountered while parsing (tag "%" with attributes). 
Invalid quoted string '***** Variáveis ******' encountered while parsing (tag "%" with attributes). 
Invalid quoted string '***** Variáveis ******' encountered while parsing (tag "%" with attributes). 
Invalid quoted string '***** Variáveis ******' encountered while parsing (tag "%" with attributes). 
Invalid equal sign (=) encountered while parsing (tag "%'SEL_ANO" with attributes). 
Invalid equal sign (=) encountered while parsing (tag "%'SEL_ANO" with attributes). 
Invalid equal sign (=) encountered while parsing (tag "%NUMERO" with attributes). 
Invalid equal sign (=) encountered while parsing (tag "%NUMERO" with attributes). 
Invalid equal sign (=) encountered while parsing (tag "%NUMERO" with attributes). 
Invalid equal sign (=) encountered while parsing (tag "%NUMERO" with attributes). 
Invalid equal sign (=) encountered while parsing (tag "%'STRSQL_UNIDADE" with attributes). 
Invalid equal sign (=) encountered while parsing (tag "%'STRSQL_UNIDADE" with attributes). 
Invalid equal sign (=) encountered while parsing (tag "%'STRSQL_UNIDADE" with attributes). 
Invalid equal sign (=) encountered while parsing (tag "%'STRSQL_UNIDADE" with attributes). 
Invalid equal sign (=) encountered while parsing (tag "%'STRSQL_UNIDADE" with attributes). 
Invalid equal sign (=) encountered while parsing (tag "%'STRSQL_UNIDADE" with attributes). 
Invalid equal sign (=) encountered while parsing (tag "%'STRSQL_UNIDADE" with attributes). 
Invalid equal sign (=) encountered while parsing (tag "%'STRSQL_UNIDADE" with attributes). 
Invalid equal sign (=) encountered while parsing (tag "%'STRSQL_UNIDADE" with attributes). 
Invalid equal sign (=) encountered while parsing (tag "%'STRSQL_UNIDADE" with attributes). 
Invalid equal sign (=) encountered while parsing (tag "%STRSQL_UNIDADE" with attributes). 
Invalid equal sign (=) encountered while parsing (tag "%'STRSQL_UNIDADE" with attributes). 
Invalid equal sign (=) encountered while parsing (tag "%'STRSQL_UNIDADE" with attributes). 
Invalid equal sign (=) encountered while parsing (tag "%'STRSQL_UNIDADE" with attributes). 
Invalid equal sign (=) encountered while parsing (tag "%'STRSQL_UNIDADE" with attributes). 
Invalid equal sign (=) encountered while parsing (tag "%'STRSQL_UNIDADE" with attributes). 
Invalid equal sign (=) encountered while parsing (tag "%'STRSQL_UNIDADE" with attributes). 
Invalid character (&) encountered while parsing (tag "%WHILE" with attributes not= NUMERO=13 fim_mes=UltimoDiaMes(numero,sel_ano) if= ISNUMERIC(CD_UNIDADE)= THEN= STRSQL_ESTAT=SELECT COUNT (a002_numpro) AS conta, dt_ano, dt_mes,a053_codung, nm_sigla,a057_codesp,nm_sigla, nm_especialidade FROM VIEW_protocolo_lista Where A002_datpro BETWEEN '). 
Invalid quoted string 'strsql_anoanterior = "SELECT COUNT (a002_numpro) AS conta_anterior, a053_codung, nm_sigla,a057_codesp,nm_sigla, nm_especialidade FROM VIEW_protocolo_lista Where A002_datpro BETWEEN ' encountered while parsing (tag "%" with attributes). 
Invalid quoted string 'strsql_anoanterior = "SELECT COUNT (a002_numpro) AS conta_anterior, a053_codung, nm_sigla,a057_codesp,nm_sigla, nm_especialidade FROM VIEW_protocolo_lista Where A002_datpro BETWEEN ' encountered while parsing (tag "%" with attributes). 
Invalid equal sign (=) encountered while parsing (tag "%NUMERO" with attributes). 
Invalid equal sign (=) encountered while parsing (tag "%NUMERO" with attributes). 
Invalid character (&) encountered while parsing (tag "%WHILE" with attributes not= NUMERO=13 fim_mes=UltimoDiaMes(numero,sel_ano) if= ISNUMERIC(CD_UNIDADE)= THEN= STRSQL_ESTAT=SELECT COUNT (a002_numpro) AS conta, dt_ano, dt_mes,a053_codung, nm_sigla,a057_codesp,nm_sigla, nm_especialidade FROM VIEW_protocolo_lista Where A002_datpro BETWEEN '). 
Invalid equal sign (=) encountered while parsing (tag "%STRSQL" with attributes). 
Invalid equal sign (=) encountered while parsing (tag "%STRSQL" with attributes). 
Invalid equal sign (=) encountered while parsing (tag "%HEAD" with attributes). 
Invalid equal sign (=) encountered while parsing (tag "%HEAD" with attributes). 
Invalid equal sign (=) encountered while parsing (tag "%HEAD" with attributes). 
Invalid equal sign (=) encountered while parsing (tag "%HEAD" with attributes). 
Invalid equal sign (=) encountered while parsing (tag "%HEAD" with attributes). 
Invalid equal sign (=) encountered while parsing (tag "%HEAD" with attributes). 
Invalid equal sign (=) encountered while parsing (tag "%HEAD" with attributes). 
Invalid equal sign (=) encountered while parsing (tag "%HEAD" with attributes). 
Invalid equal sign (=) encountered while parsing (tag "%HEAD" with attributes). 
Invalid equal sign (=) encountered while parsing (tag "%NUM_LISTA" with attributes). 
Invalid equal sign (=) encountered while parsing (tag "%NUM_LISTA" with attributes). 
Invalid equal sign (=) encountered while parsing (tag "%NUM_LISTA" with attributes). 
Invalid equal sign (=) encountered while parsing (tag "%NUM_LISTA" with attributes). 
Invalid equal sign (=) encountered while parsing (tag "%NUM_LISTA" with attributes). 
Invalid equal sign (=) encountered while parsing (tag "%NM_ESPECIALIDADE" with attributes). 
Invalid equal sign (=) encountered while parsing (tag "%NM_ESPECIALIDADE" with attributes). 
Invalid equal sign (=) encountered while parsing (tag "%NM_ESPECIALIDADE" with attributes). 
Invalid equal sign (=) encountered while parsing (tag "%NM_ESPECIALIDADE" with attributes). 
End of file encountered while parsing comment. 
End of file encountered while parsing comment. 
Invalid equal sign (=) encountered while parsing (tag "%MAT_ARRAY" with attributes). 
Invalid equal sign (=) encountered while parsing (tag "%MAT_ARRAY" with attributes). 
Invalid equal sign (=) encountered while parsing (tag "%MAT_ARRAY" with attributes). 
Invalid equal sign (=) encountered while parsing (tag "%MAT_ARRAY" with attributes). 
Invalid equal sign (=) encountered while parsing (tag "%MAT_ARRAY" with attributes). 
Invalid equal sign (=) encountered while parsing (tag "%MAT_ARRAY" with attributes). 
Invalid character (*) encountered while parsing (tag "%'*****" with attributes Substitui= A= VíRGULA= PELA= SENTENçA= DE=). 
Invalid character (*) encountered while parsing (tag "%'*****" with attributes Substitui= A= VíRGULA= PELA= SENTENçA= DE=). 
Invalid character (*) encountered while parsing (tag "%'*****" with attributes Substitui= A= VíRGULA= PELA= SENTENçA= DE=). 
Invalid character (*) encountered while parsing (tag "%'*****" with attributes Substitui= A= VíRGULA= PELA= SENTENçA= DE=). 
Invalid character (*) encountered while parsing (tag "%'*****" with attributes Substitui= A= VíRGULA= PELA= SENTENçA= DE=). 
Invalid character (*) encountered while parsing (tag "%'*****" with attributes Substitui= A= VíRGULA= PELA= SENTENçA= DE=). 
