Invalid equal sign (=) encountered while parsing (tag "%DIA_SEMANA" with attributes). 
Invalid equal sign (=) encountered while parsing (tag "%DIA_SEMANA" with attributes). 
Invalid equal sign (=) encountered while parsing (tag "%INICIO_MES" with attributes). 
Invalid equal sign (=) encountered while parsing (tag "%XSQL" with attributes). 
Invalid equal sign (=) encountered while parsing (tag "%XSQL" with attributes). 
Invalid equal sign (=) encountered while parsing (tag "%XSQL" with attributes). 
Invalid equal sign (=) encountered while parsing (tag "%XSQL" with attributes). 
Invalid equal sign (=) encountered while parsing (tag "%XSQL" with attributes). 
Invalid equal sign (=) encountered while parsing (tag "%XSQL" with attributes). 
Invalid equal sign (=) encountered while parsing (tag "%XSQL" with attributes). 
Invalid equal sign (=) encountered while parsing (tag "%XSQL_CARGO" with attributes). 
Invalid equal sign (=) encountered while parsing (tag "%XSQL_CARGO" with attributes). 
Invalid equal sign (=) encountered while parsing (tag "%XSQL" with attributes). 
Invalid equal sign (=) encountered while parsing (tag "%XSQL" with attributes). 
Invalid equal sign (=) encountered while parsing (tag "%XSQL_CARGO" with attributes). 
Invalid equal sign (=) encountered while parsing (tag "%XSQL_CARGO" with attributes). 
Invalid equal sign (=) encountered while parsing (tag "%CONTAGEM" with attributes). 
Invalid equal sign (=) encountered while parsing (tag "%CONTAGEM" with attributes). 
Invalid equal sign (=) encountered while parsing (tag "%CONTAGEM" with attributes). 
Invalid equal sign (=) encountered while parsing (tag "%CONTAGEM" with attributes). 
Invalid equal sign (=) encountered while parsing (tag "%CONTAGEM" with attributes). 
Invalid equal sign (=) encountered while parsing (tag "%CONTAGEM" with attributes). 
Invalid equal sign (=) encountered while parsing (tag "%CONTAGEM" with attributes). 
Invalid equal sign (=) encountered while parsing (tag "%CONTAGEM" with attributes). 
Invalid equal sign (=) encountered while parsing (tag "%CONTAGEM" with attributes). 
Invalid equal sign (=) encountered while parsing (tag "%CONTAGEM" with attributes). 
End of file encountered while parsing (tag "TD" with attributes id=>). 
End of file encountered while parsing (tag "TD" with attributes id=>). 
End of file encountered while parsing (tag "TD" with attributes id=>). 
Invalid equal sign (=) encountered while parsing (tag "%CONTAGEM" with attributes). 
Invalid equal sign (=) encountered while parsing (tag "%CONTAGEM" with attributes). 
