Invalid quoted string 'unidade = "20"' encountered while parsing (tag "%" with attributes). 
Invalid quoted string 'unidade = "20"' encountered while parsing (tag "%" with attributes). 
Invalid quoted string 'unidade = "20"' encountered while parsing (tag "%" with attributes). 
Invalid quoted string 'unidade = "20"' encountered while parsing (tag "%" with attributes). 
Invalid quoted string 'unidade = "20"' encountered while parsing (tag "%" with attributes). 
Invalid quoted string 'unidade = "20"' encountered while parsing (tag "%" with attributes). 
Invalid quoted string 'unidade = "20"' encountered while parsing (tag "%" with attributes). 
Invalid quoted string 'unidade = "20"' encountered while parsing (tag "%" with attributes). 
Invalid quoted string 'unidade = "20"' encountered while parsing (tag "%" with attributes). 
Invalid quoted string 'unidade = "20"' encountered while parsing (tag "%" with attributes). 
Invalid quoted string 'unidade = "20"' encountered while parsing (tag "%" with attributes). 
Invalid quoted string 'unidade = "20"' encountered while parsing (tag "%" with attributes). 
Invalid quoted string 'unidade = "20"' encountered while parsing (tag "%" with attributes). 
Invalid quoted string 'unidade = "20"' encountered while parsing (tag "%" with attributes). 
Invalid quoted string 'unidade = "20"' encountered while parsing (tag "%" with attributes). 
Invalid quoted string 'unidade = "20"' encountered while parsing (tag "%" with attributes). 
Invalid quoted string 'unidade = "20"' encountered while parsing (tag "%" with attributes). 
Invalid quoted string 'unidade = "20"' encountered while parsing (tag "%" with attributes). 
Invalid quoted string 'unidade = "20"' encountered while parsing (tag "%" with attributes). 
Invalid quoted string 'unidade = "20"' encountered while parsing (tag "%" with attributes). 
Invalid quoted string 'Dim TextString' encountered while parsing (tag "%" with attributes). 
Invalid quoted string 'Dim TextString' encountered while parsing (tag "%" with attributes). 
Invalid equal sign (=) encountered while parsing (tag "%X" with attributes). 
Invalid equal sign (=) encountered while parsing (tag "%X" with attributes). 
Invalid character (+) encountered while parsing (tag "%" with attributes protocolo=protocolo). 
Invalid character (+) encountered while parsing (tag "%" with attributes protocolo=protocolo). 
End of file encountered while parsing (tag "%" with attributes nm_unidade=São cd_unidade=>). 
End of file encountered while parsing (tag "%" with attributes nm_unidade=São Luiz cd_unidade=>). 
Invalid quoted string 'cd_unidade' encountered while parsing (tag "%" with attributes cd_unidade=request(). 
Invalid quoted string 'cd_unidade' encountered while parsing (tag "%" with attributes cd_unidade=request(). 
Invalid quoted string 'cd_unidade' encountered while parsing (tag "%" with attributes cd_unidade=request(). 
Invalid quoted string 'cd_unidade' encountered while parsing (tag "%" with attributes cd_unidade=request(). 
Invalid quoted string 'cd_unidade' encountered while parsing (tag "%" with attributes cd_unidade=request(). 
Invalid quoted string 'cd_unidade' encountered while parsing (tag "%" with attributes cd_unidade=request(). 
Invalid quoted string 'cd_unidade' encountered while parsing (tag "%" with attributes cd_unidade=request(). 
Invalid quoted string 'cd_unidade' encountered while parsing (tag "%" with attributes cd_unidade=request(). 
Invalid quoted string 'cd_unidade' encountered while parsing (tag "%" with attributes cd_unidade=request(). 
Invalid quoted string 'cd_unidade' encountered while parsing (tag "%" with attributes cd_unidade=request(). 
Invalid quoted string 'cd_unidade' encountered while parsing (tag "%" with attributes cd_unidade=request(). 
Invalid quoted string 'cd_unidade' encountered while parsing (tag "%" with attributes cd_unidade=request(). 
Invalid character (+) encountered while parsing (tag "%" with attributes protocolo=protocolo). 
Invalid character (&) encountered while parsing (tag "%'ELSE" with attributes nm_unidade='cd_unidade = "3" protocolo=1 num_protocolo=cd_unidade). 
Invalid character (&) encountered while parsing (tag "%'ELSE" with attributes nm_unidade='cd_unidade = "3" protocolo=1 num_protocolo=cd_unidade). 
Invalid character (&) encountered while parsing (tag "%ELSE" with attributes nm_unidade='cd_unidade = "3" protocolo=1 num_protocolo=cd_unidade). 
Invalid character (;) encountered while parsing (tag "DIV" with attributes). 
Invalid equal sign (=) encountered while parsing (tag "%STRSQL" with attributes). 
Invalid equal sign (=) encountered while parsing (tag "%STRSQL" with attributes). 
Invalid equal sign (=) encountered while parsing (tag "%STRSQL" with attributes). 
Invalid equal sign (=) encountered while parsing (tag "%STRSQL" with attributes). 
Invalid equal sign (=) encountered while parsing (tag "%STRSQL" with attributes). 
Invalid equal sign (=) encountered while parsing (tag "%STRSQL" with attributes). 
Invalid equal sign (=) encountered while parsing (tag "%'N_LINHAS" with attributes). 
Invalid equal sign (=) encountered while parsing (tag "%'N_LINHAS" with attributes). 
Invalid equal sign (=) encountered while parsing (tag "%'N_LINHAS" with attributes). 
Invalid equal sign (=) encountered while parsing (tag "%'N_LINHAS" with attributes). 
Invalid equal sign (=) encountered while parsing (tag "%PAD_ITEM" with attributes). 
Invalid quoted string 'nm_unidade = "Hospital"' encountered while parsing (tag "%" with attributes). 
