Invalid equal sign (=) encountered while parsing (tag "%'TXTBUSCA" with attributes). 
Invalid equal sign (=) encountered while parsing (tag "%'TXTBUSCA" with attributes). 
Invalid equal sign (=) encountered while parsing (tag "%'TXTBUSCA" with attributes). 
Invalid equal sign (=) encountered while parsing (tag "%STRSQL" with attributes). 
Invalid equal sign (=) encountered while parsing (tag "%STRSQL" with attributes). 
Invalid equal sign (=) encountered while parsing (tag "%STRSQL" with attributes). 
Invalid equal sign (=) encountered while parsing (tag "%STRSQL" with attributes). 
Invalid equal sign (=) encountered while parsing (tag "%STRSQL" with attributes). 
Invalid equal sign (=) encountered while parsing (tag "%STRSQL" with attributes). 
Invalid equal sign (=) encountered while parsing (tag "%STRSQL" with attributes). 
Invalid equal sign (=) encountered while parsing (tag "%STRSQL" with attributes). 
Invalid equal sign (=) encountered while parsing (tag "%STRSQL" with attributes). 
Invalid equal sign (=) encountered while parsing (tag "%STRSQL" with attributes). 
Invalid equal sign (=) encountered while parsing (tag "%STRSQL" with attributes). 
Invalid equal sign (=) encountered while parsing (tag "%STRSQL" with attributes). 
Invalid equal sign (=) encountered while parsing (tag "%STRSQL" with attributes). 
Invalid equal sign (=) encountered while parsing (tag "%'STRSQL" with attributes). 
Invalid equal sign (=) encountered while parsing (tag "%'STRSQL" with attributes). 
Invalid equal sign (=) encountered while parsing (tag "%'STRSQL" with attributes). 
Invalid equal sign (=) encountered while parsing (tag "%'TXTBUSCA" with attributes). 
Invalid equal sign (=) encountered while parsing (tag "%'TXTBUSCA" with attributes). 
Invalid equal sign (=) encountered while parsing (tag "%'TXTBUSCA" with attributes). 
Invalid equal sign (=) encountered while parsing (tag "%'TXTBUSCA" with attributes). 
Invalid equal sign (=) encountered while parsing (tag "%'TXTBUSCA" with attributes). 
Invalid equal sign (=) encountered while parsing (tag "%'TXTBUSCA" with attributes). 
Invalid equal sign (=) encountered while parsing (tag "%'TXTBUSCA" with attributes). 
Invalid equal sign (=) encountered while parsing (tag "%'TXTBUSCA" with attributes). 
Invalid equal sign (=) encountered while parsing (tag "%'TXTBUSCA" with attributes). 
Invalid equal sign (=) encountered while parsing (tag "%'TXTBUSCA" with attributes). 
Invalid equal sign (=) encountered while parsing (tag "%'TXTBUSCA" with attributes). 
Invalid equal sign (=) encountered while parsing (tag "%'TXTBUSCA" with attributes). 
Invalid equal sign (=) encountered while parsing (tag "%'TXTBUSCA" with attributes). 
Invalid equal sign (=) encountered while parsing (tag "%'TXTBUSCA" with attributes). 
Invalid equal sign (=) encountered while parsing (tag "%'TXTBUSCA" with attributes). 
Invalid equal sign (=) encountered while parsing (tag "%'TXTBUSCA" with attributes). 
Invalid equal sign (=) encountered while parsing (tag "%'TXTBUSCA" with attributes). 
Invalid equal sign (=) encountered while parsing (tag "%'TXTBUSCA" with attributes). 
Invalid equal sign (=) encountered while parsing (tag "%'STRSQL" with attributes). 
Invalid equal sign (=) encountered while parsing (tag "%'STRSQL" with attributes). 
Invalid equal sign (=) encountered while parsing (tag "%'STRSQL" with attributes). 
Invalid equal sign (=) encountered while parsing (tag "%'STRSQL" with attributes). 
Invalid equal sign (=) encountered while parsing (tag "%'STRSQL" with attributes). 
Invalid equal sign (=) encountered while parsing (tag "%'STRSQL" with attributes). 
Invalid equal sign (=) encountered while parsing (tag "%'STRSQL" with attributes). 
Invalid quoted string 'cd_codigo' encountered while parsing (tag "%" with attributes cd_user=session(). 
Invalid quoted string 'cd_codigo' encountered while parsing (tag "%" with attributes cd_user=session(). 
Invalid quoted string 'cd_codigo' encountered while parsing (tag "%" with attributes cd_user=session(). 
Invalid quoted string 'cd_codigo' encountered while parsing (tag "%" with attributes cd_user=session(). 
Invalid quoted string 'cd_codigo' encountered while parsing (tag "%" with attributes cd_user=session(). 
Invalid quoted string 'cd_codigo' encountered while parsing (tag "%" with attributes cd_user=session(). 
Invalid quoted string 'cd_codigo' encountered while parsing (tag "%" with attributes cd_user=session(). 
Invalid quoted string 'variavel' encountered while parsing (tag "%" with attributes variavel=request(). 
Invalid quoted string 'variavel' encountered while parsing (tag "%" with attributes variavel=request(). 
Invalid quoted string 'variavel' encountered while parsing (tag "%" with attributes variavel=request(). 
Invalid quoted string 'variavel' encountered while parsing (tag "%" with attributes variavel=request(). 
Invalid quoted string 'variavel' encountered while parsing (tag "%" with attributes variavel=request(). 
Invalid quoted string 'variavel' encountered while parsing (tag "%" with attributes variavel=request(). 
Invalid equal sign (=) encountered while parsing (tag "%'STRSQL" with attributes). 
Invalid equal sign (=) encountered while parsing (tag "%'STRSQL" with attributes). 
Invalid quoted string 'cd_codigo' encountered while parsing (tag "%" with attributes cd_user=session(). 
Invalid quoted string 'cd_codigo' encountered while parsing (tag "%" with attributes cd_user=session(). 
Invalid quoted string 'cd_codigo' encountered while parsing (tag "%" with attributes cd_user=session(). 
Invalid quoted string 'cd_codigo' encountered while parsing (tag "%" with attributes cd_user=session(). 
Invalid quoted string 'cd_codigo' encountered while parsing (tag "%" with attributes cd_user=session(). 
Invalid quoted string 'cd_codigo' encountered while parsing (tag "%" with attributes cd_user=session(). 
Invalid quoted string 'cd_codigo' encountered while parsing (tag "%" with attributes cd_user=session(). 
Invalid quoted string 'cd_codigo' encountered while parsing (tag "%" with attributes cd_user=session(). 
Invalid quoted string 'cd_codigo' encountered while parsing (tag "%" with attributes cd_user=session(). 
Invalid quoted string 'cd_codigo' encountered while parsing (tag "%" with attributes cd_user=session(). 
Invalid quoted string 'cd_codigo' encountered while parsing (tag "%" with attributes cd_user=session(). 
Invalid equal sign (=) encountered while parsing (tag "%TT_SALARIO" with attributes). 
Invalid equal sign (=) encountered while parsing (tag "%TT_SALARIO" with attributes). 
Invalid equal sign (=) encountered while parsing (tag "%TT_SALARIO" with attributes). 
Invalid equal sign (=) encountered while parsing (tag "%TT_SALARIO" with attributes). 
Invalid equal sign (=) encountered while parsing (tag "%FGTS" with attributes). 
Invalid quoted string 'd' encountered while parsing (tag "%" with attributes elseif= ISDATE(DT_INICIAL)= AND= ISDATE(DT_FINAL)= THEN= ELSE= DIFERENCA=Datediff(). 
Invalid quoted string 'd' encountered while parsing (tag "%" with attributes elseif= ISDATE(DT_INICIAL)= AND= ISDATE(DT_FINAL)= THEN= DIFERENCA=Datediff(). 
Invalid quoted string 'cod_horario' encountered while parsing (tag "%" with attributes). 
Invalid quoted string 'cod_horario' encountered while parsing (tag "%" with attributes). 
Invalid quoted string 'cod_horario' encountered while parsing (tag "%" with attributes). 
Invalid quoted string 'cod_horario' encountered while parsing (tag "%" with attributes). 
Invalid quoted string 'cod_horario' encountered while parsing (tag "%" with attributes). 
Invalid quoted string 'cod_horario' encountered while parsing (tag "%" with attributes). 
Invalid quoted string 'cod_horario' encountered while parsing (tag "%" with attributes). 
Invalid quoted string 'cod_horario' encountered while parsing (tag "%" with attributes). 
Invalid quoted string 'cod_horario' encountered while parsing (tag "%" with attributes). 
Invalid quoted string 'cod_horario' encountered while parsing (tag "%" with attributes). 
Invalid quoted string 'cod_horario' encountered while parsing (tag "%" with attributes). 
Invalid quoted string 'cod_horario' encountered while parsing (tag "%" with attributes). 
Invalid quoted string 'cod_horario' encountered while parsing (tag "%" with attributes). 
Invalid quoted string 'cod_horario' encountered while parsing (tag "%" with attributes). 
Invalid quoted string 'cod_horario' encountered while parsing (tag "%" with attributes). 
Invalid quoted string 'cod_horario' encountered while parsing (tag "%" with attributes). 
Invalid equal sign (=) encountered while parsing (tag "%'STRSQL" with attributes). 
Invalid equal sign (=) encountered while parsing (tag "%'STRSQL" with attributes). 
Invalid equal sign (=) encountered while parsing (tag "%'STRSQL" with attributes). 
Invalid equal sign (=) encountered while parsing (tag "%'STRSQL" with attributes). 
Invalid equal sign (=) encountered while parsing (tag "%'STRSQL" with attributes). 
Invalid equal sign (=) encountered while parsing (tag "%'STRSQL" with attributes). 
Invalid equal sign (=) encountered while parsing (tag "%'STRSQL" with attributes). 
Invalid equal sign (=) encountered while parsing (tag "%'STRSQL" with attributes). 
Invalid equal sign (=) encountered while parsing (tag "%'STRSQL" with attributes). 
Invalid character (&) encountered while parsing (tag "%RS_CONTR.MOVENEXT" with attributes loop= IF= NOT= ISNULL(CD_FERIAS)= THEN= STRSQL=SELECT * From TBL_funcionario_ausencias where cd_codigo=). 
Invalid character (&) encountered while parsing (tag "%RS_CONTR.MOVENEXT" with attributes loop= IF= NOT= ISNULL(CD_FERIAS)= THEN= STRSQL=SELECT * From TBL_funcionario_ausencias where cd_codigo=). 
Invalid character (&) encountered while parsing (tag "%RS_CONTR.MOVENEXT" with attributes loop= IF= NOT= ISNULL(CD_FERIAS)= THEN= STRSQL=SELECT * From TBL_funcionario_ausencias where cd_codigo=). 
Invalid character (&) encountered while parsing (tag "%RS_CONTR.MOVENEXT" with attributes loop= IF= NOT= ISNULL(CD_FERIAS)= THEN= STRSQL=SELECT * From TBL_funcionario_ausencias where cd_codigo=). 
Invalid character (&) encountered while parsing (tag "%RS_CONTR.MOVENEXT" with attributes loop= IF= NOT= ISNULL(CD_FERIAS)= THEN= STRSQL=SELECT * From TBL_funcionario_ausencias where cd_codigo=). 
Invalid quoted string 'cd_codigo' encountered while parsing (tag "%" with attributes cd_user=session(). 
Invalid quoted string 'cd_codigo' encountered while parsing (tag "%" with attributes cd_user=session(). 
Invalid equal sign (=) encountered while parsing (tag "%'STRSQL" with attributes). 
