Invalid equal sign (=) encountered while parsing (tag "%NUM_LISTA" with attributes). 
Invalid equal sign (=) encountered while parsing (tag "%NUM_LISTA" with attributes). 
Invalid quoted string 'end if' encountered while parsing (tag "%" with attributes). 
Invalid quoted string 'end if' encountered while parsing (tag "%" with attributes). 
Invalid quoted string 'end if' encountered while parsing (tag "%" with attributes). 
Invalid equal sign (=) encountered while parsing (tag "%NUM_LISTA" with attributes). 
Invalid equal sign (=) encountered while parsing (tag "%NUM_LISTA" with attributes). 
Invalid quoted string 'end if' encountered while parsing (tag "%" with attributes). 
Invalid quoted string 'end if' encountered while parsing (tag "%" with attributes). 
Invalid quoted string 'end if' encountered while parsing (tag "%" with attributes). 
Invalid quoted string 'end if' encountered while parsing (tag "%" with attributes). 
Invalid quoted string 'end if' encountered while parsing (tag "%" with attributes). 
Invalid quoted string 'end if' encountered while parsing (tag "%" with attributes). 
Invalid quoted string 'end if' encountered while parsing (tag "%" with attributes). 
Invalid quoted string 'end if' encountered while parsing (tag "%" with attributes). 
Invalid quoted string 'end if' encountered while parsing (tag "%" with attributes). 
Invalid quoted string 'end if' encountered while parsing (tag "%" with attributes). 
Invalid quoted string 'end if' encountered while parsing (tag "%" with attributes). 
Invalid quoted string 'end if' encountered while parsing (tag "%" with attributes). 
Invalid quoted string 'end if' encountered while parsing (tag "%" with attributes). 
Invalid equal sign (=) encountered while parsing (tag "%NUM_LISTA" with attributes). 
Invalid equal sign (=) encountered while parsing (tag "%NUM_LISTA" with attributes). 
Invalid quoted string '	cabeca = 1' encountered while parsing (tag "%'ELSE" with attributes). 
Invalid quoted string '	cabeca = 1' encountered while parsing (tag "%'ELSE" with attributes). 
Invalid equal sign (=) encountered while parsing (tag "%NUM_LISTA" with attributes). 
Invalid equal sign (=) encountered while parsing (tag "%NUM_LISTA" with attributes). 
Invalid quoted string '	cabeca = 1' encountered while parsing (tag "%'ELSE" with attributes). 
Invalid quoted string '	cabeca = 1' encountered while parsing (tag "%'ELSE" with attributes). 
Invalid quoted string '	cabeca = 1' encountered while parsing (tag "%'ELSE" with attributes). 
Invalid quoted string '	cabeca = 1' encountered while parsing (tag "%'ELSE" with attributes). 
Invalid quoted string '	cabeca = 1' encountered while parsing (tag "%'ELSE" with attributes). 
Invalid quoted string '	cabeca = 1' encountered while parsing (tag "%'ELSE" with attributes). 
Invalid quoted string '	cabeca = 1' encountered while parsing (tag "%'ELSE" with attributes). 
Invalid quoted string '	cabeca = 1' encountered while parsing (tag "%'ELSE" with attributes). 
Invalid quoted string '	cabeca = 1' encountered while parsing (tag "%'ELSE" with attributes). 
Invalid quoted string '	cabeca = 1' encountered while parsing (tag "%'ELSE" with attributes). 
Invalid quoted string '	cabeca = 1' encountered while parsing (tag "%'ELSE" with attributes). 
Invalid quoted string '	cabeca = 1' encountered while parsing (tag "%'ELSE" with attributes). 
Invalid quoted string '	cabeca = 1' encountered while parsing (tag "%'ELSE" with attributes). 
Invalid quoted string '	cabeca = 1' encountered while parsing (tag "%'ELSE" with attributes). 
Invalid quoted string '	cabeca = 1' encountered while parsing (tag "%'ELSE" with attributes). 
Invalid quoted string '	cabeca = 1' encountered while parsing (tag "%'ELSE" with attributes). 
Invalid quoted string '	cabeca = 1' encountered while parsing (tag "%'ELSE" with attributes). 
Invalid quoted string '	cabeca = 1' encountered while parsing (tag "%'ELSE" with attributes). 
Invalid quoted string '	cabeca = 1' encountered while parsing (tag "%'ELSE" with attributes). 
Invalid quoted string '	cabeca = 1' encountered while parsing (tag "%'ELSE" with attributes). 
Invalid quoted string '	cabeca = 1' encountered while parsing (tag "%'ELSE" with attributes). 
Invalid quoted string '	cabeca = 1' encountered while parsing (tag "%'ELSE" with attributes). 
Invalid equal sign (=) encountered while parsing (tag "%NUM_LISTA" with attributes). 
Invalid equal sign (=) encountered while parsing (tag "%NUM_LISTA" with attributes). 
Invalid equal sign (=) encountered while parsing (tag "%LINHAS_DIF" with attributes). 
Invalid equal sign (=) encountered while parsing (tag "%LINHAS_DIF" with attributes). 
Invalid quoted string 'dia_sel' encountered while parsing (tag "%" with attributes dia_sel=request(). 
Invalid quoted string 'dia_sel' encountered while parsing (tag "%" with attributes dia_sel=request(). 
Invalid quoted string 'patrimonio/patrimonio_cad.asp?tipo=cadastro&cd_pat_codigo=cd_pat_codigo%>' encountered while parsing (tag "A" with attributes href=javascript:viod(0); onclick=window.open(). 
Invalid equal sign (=) encountered while parsing (tag "%XSQL" with attributes). 
Invalid equal sign (=) encountered while parsing (tag "%XSQL" with attributes). 
Invalid quoted string '***>' encountered while parsing (tag "%'********************************************************************************************************" with attributes). 
Invalid quoted string '***>' encountered while parsing (tag "%'********************************************************************************************************" with attributes). 
Invalid quoted string '***>' encountered while parsing (tag "%'********************************************************************************************************" with attributes). 
Invalid quoted string '***>' encountered while parsing (tag "%'********************************************************************************************************" with attributes). 
Invalid quoted string '***>' encountered while parsing (tag "%'********************************************************************************************************" with attributes). 
Invalid quoted string '***>' encountered while parsing (tag "%'********************************************************************************************************" with attributes). 
Invalid quoted string '***>' encountered while parsing (tag "%'********************************************************************************************************" with attributes). 
Invalid quoted string '***>' encountered while parsing (tag "%'********************************************************************************************************" with attributes). 
Invalid quoted string '***>' encountered while parsing (tag "%'********************************************************************************************************" with attributes). 
Invalid quoted string '***>' encountered while parsing (tag "%'********************************************************************************************************" with attributes). 
Invalid quoted string '***>' encountered while parsing (tag "%'********************************************************************************************************" with attributes). 
Invalid quoted string '***>' encountered while parsing (tag "%'********************************************************************************************************" with attributes). 
Invalid quoted string '***>' encountered while parsing (tag "%'********************************************************************************************************" with attributes). 
Invalid quoted string '***>' encountered while parsing (tag "%'********************************************************************************************************" with attributes). 
Invalid quoted string '***>' encountered while parsing (tag "%'********************************************************************************************************" with attributes). 
Invalid quoted string '***>' encountered while parsing (tag "%'********************************************************************************************************" with attributes). 
Invalid quoted string '***>' encountered while parsing (tag "%'********************************************************************************************************" with attributes). 
Invalid quoted string '***>' encountered while parsing (tag "%'********************************************************************************************************" with attributes). 
Invalid quoted string '***>' encountered while parsing (tag "%'********************************************************************************************************" with attributes). 
Invalid quoted string '***>' encountered while parsing (tag "%'********************************************************************************************************" with attributes). 
Invalid quoted string '***>' encountered while parsing (tag "%'********************************************************************************************************" with attributes). 
Invalid quoted string '***>' encountered while parsing (tag "%'********************************************************************************************************" with attributes). 
Invalid quoted string '***>' encountered while parsing (tag "%'********************************************************************************************************" with attributes). 
Invalid quoted string '***>' encountered while parsing (tag "%'********************************************************************************************************" with attributes). 
Invalid quoted string '***>' encountered while parsing (tag "%'********************************************************************************************************" with attributes). 
Invalid quoted string '***>' encountered while parsing (tag "%'********************************************************************************************************" with attributes). 
Invalid quoted string '***>' encountered while parsing (tag "%'********************************************************************************************************" with attributes). 
Invalid quoted string '***>' encountered while parsing (tag "%'********************************************************************************************************" with attributes). 
Invalid quoted string '***>' encountered while parsing (tag "%'********************************************************************************************************" with attributes). 
Invalid quoted string '***>' encountered while parsing (tag "%'********************************************************************************************************" with attributes). 
Invalid quoted string '***                        Ajudade>' encountered while parsing (tag "%'********************************************************************************************************" with attributes). 
Invalid quoted string '***                        Ajuda>' encountered while parsing (tag "%'********************************************************************************************************" with attributes). 
Invalid quoted string '***                        Ajuda de Custo>' encountered while parsing (tag "%'********************************************************************************************************" with attributes). 
Invalid quoted string '***                        Ajuda de Custo>' encountered while parsing (tag "%'********************************************************************************************************" with attributes). 
Invalid quoted string '***                        Ajuda de Custo>' encountered while parsing (tag "%'********************************************************************************************************" with attributes). 
Invalid quoted string '***                        Ajuda de Custo>' encountered while parsing (tag "%'********************************************************************************************************" with attributes). 
Invalid quoted string '***                        Ajuda de Custo>' encountered while parsing (tag "%'********************************************************************************************************" with attributes). 
Invalid quoted string '***                        Ajuda de Custo>' encountered while parsing (tag "%'********************************************************************************************************" with attributes). 
Invalid quoted string '***                        Ajuda de Custo>' encountered while parsing (tag "%'********************************************************************************************************" with attributes). 
Invalid quoted string '***                        Ajuda de Custo>' encountered while parsing (tag "%'********************************************************************************************************" with attributes). 
Invalid quoted string '***                        Ajuda de Custo>' encountered while parsing (tag "%'********************************************************************************************************" with attributes). 
Invalid quoted string '***                        Ajuda de Custo>' encountered while parsing (tag "%'********************************************************************************************************" with attributes). 
Invalid quoted string '***                        Ajuda de Custo>' encountered while parsing (tag "%'********************************************************************************************************" with attributes). 
Invalid quoted string '***                        Ajuda de Custo>' encountered while parsing (tag "%'********************************************************************************************************" with attributes). 
Invalid quoted string '***                        Ajuda de Custo>' encountered while parsing (tag "%'********************************************************************************************************" with attributes). 
Invalid quoted string '***                        Ajuda de Custo>' encountered while parsing (tag "%'********************************************************************************************************" with attributes). 
Invalid quoted string '***                        Ajuda de Custo>' encountered while parsing (tag "%'********************************************************************************************************" with attributes). 
Invalid quoted string '***                        Ajuda de Custo>' encountered while parsing (tag "%'********************************************************************************************************" with attributes). 
Invalid quoted string '***                        Ajuda de Custo>' encountered while parsing (tag "%'********************************************************************************************************" with attributes). 
Invalid quoted string '***                        Ajuda de Custo>' encountered while parsing (tag "%'********************************************************************************************************" with attributes). 
Invalid quoted string '***                        Ajuda de Custo>' encountered while parsing (tag "%'********************************************************************************************************" with attributes). 
Invalid quoted string '***                        Ajuda de Custo>' encountered while parsing (tag "%'********************************************************************************************************" with attributes). 
Invalid quoted string '***                        Ajuda de Custo>' encountered while parsing (tag "%'********************************************************************************************************" with attributes). 
Invalid quoted string '***                        Ajuda de Custo>' encountered while parsing (tag "%'********************************************************************************************************" with attributes). 
Invalid quoted string '***                        Ajuda de Custo>' encountered while parsing (tag "%'********************************************************************************************************" with attributes). 
Invalid quoted string '***                        Ajuda de Custo>' encountered while parsing (tag "%'********************************************************************************************************" with attributes). 
Invalid quoted string '***                        Ajuda de Custo>' encountered while parsing (tag "%'********************************************************************************************************" with attributes). 
Invalid quoted string '***                        Ajuda de Custo>' encountered while parsing (tag "%'********************************************************************************************************" with attributes). 
Invalid quoted string '***                        Ajuda de Custo>' encountered while parsing (tag "%'********************************************************************************************************" with attributes). 
Invalid quoted string '***                        Ajuda de Custo>' encountered while parsing (tag "%'********************************************************************************************************" with attributes). 
Invalid quoted string '***                        Insalubridade>' encountered while parsing (tag "%'**********************************************************************" with attributes). 
Invalid quoted string '***                        Insalubridade>' encountered while parsing (tag "%'**********************************************************************" with attributes). 
Invalid quoted string '***>' encountered while parsing (tag "%'**********************************************************************" with attributes). 
Invalid equal sign (=) encountered while parsing (tag "%QTD_DIA_NOTURNO" with attributes). 
Invalid quoted string '***                         Adicional Noturno                        ***' encountered while parsing (tag "%'**********************************************************************" with attributes). 
Invalid quoted string '***                         Adicional Noturno                        ***' encountered while parsing (tag "%'**********************************************************************" with attributes). 
Invalid quoted string '***                         Adicional Noturno                        ***' encountered while parsing (tag "%'**********************************************************************" with attributes). 
Invalid quoted string '***                         Adicional Noturno                        ***' encountered while parsing (tag "%'**********************************************************************" with attributes). 
Invalid quoted string '***                         Adicional Noturno                        ***' encountered while parsing (tag "%'**********************************************************************" with attributes). 
Invalid quoted string '***                         Horas>' encountered while parsing (tag "%'**********************************************************************" with attributes). 
Invalid quoted string '***                         Horas Extras>' encountered while parsing (tag "%'**********************************************************************" with attributes). 
Invalid quoted string '***                         Horas Extras		                        ***' encountered while parsing (tag "%'************************************************************************" with attributes). 
Invalid quoted string '***                         Horas Extras		                        ***' encountered while parsing (tag "%'************************************************************************" with attributes). 
Invalid quoted string '***                         Horas Extras		                        ***' encountered while parsing (tag "%'************************************************************************" with attributes). 
Invalid quoted string '***                         Adicional Noturno                        ***' encountered while parsing (tag "%'**********************************************************************" with attributes). 
Invalid quoted string '***                         Adicional Noturno                        ***' encountered while parsing (tag "%'**********************************************************************" with attributes). 
Invalid quoted string '***                         Adicional Noturno                        ***' encountered while parsing (tag "%'**********************************************************************" with attributes). 
Invalid quoted string '***                         Adicional Noturno                        ***' encountered while parsing (tag "%'**********************************************************************" with attributes). 
Invalid quoted string '***                         Adicional Noturno                        ***' encountered while parsing (tag "%'**********************************************************************" with attributes). 
Invalid quoted string 'dia_sel' encountered while parsing (tag "%" with attributes dt_inicio_sys=01/01/2007 nome_arquivo='nome_arquivo = request("arquivo") dia_sel=zero(request(). 
Invalid quoted string '***>' encountered while parsing (tag "%'********************************************" with attributes). 
Invalid quoted string '*** se>' encountered while parsing (tag "%'********************************************" with attributes). 
Invalid quoted string '*** se o>' encountered while parsing (tag "%'********************************************" with attributes). 
Invalid quoted string '*** se o relatorio>' encountered while parsing (tag "%'********************************************" with attributes). 
Invalid quoted string '*** se o relatorio abranger>' encountered while parsing (tag "%'********************************************" with attributes). 
Invalid quoted string '*** se o relatorio abranger todos>' encountered while parsing (tag "%'********************************************" with attributes). 
Invalid quoted string '*** se o relatorio abranger todos os>' encountered while parsing (tag "%'********************************************" with attributes). 
Invalid quoted string '*** se o relatorio abranger todos os medicos, mostra>' encountered while parsing (tag "%'********************************************" with attributes). 
Invalid quoted string '*** se o relatorio abranger todos os medicos, mostra a>' encountered while parsing (tag "%'********************************************" with attributes). 
Invalid quoted string '*** se o relatorio abranger todos os medicos, mostra o>' encountered while parsing (tag "%'********************************************" with attributes). 
Invalid quoted string '*** se o relatorio abranger todos os medicos, mostra o nome>' encountered while parsing (tag "%'********************************************" with attributes). 
Invalid quoted string '*** se o relatorio abranger todos os medicos, mostra o nome da>' encountered while parsing (tag "%'********************************************" with attributes). 
Invalid quoted string '*** se o relatorio abranger todos os medicos, mostra o nome da equipe>' encountered while parsing (tag "%'********************************************" with attributes). 
Invalid equal sign (=) encountered while parsing (tag "%STRSQL" with attributes). 
Invalid equal sign (=) encountered while parsing (tag "%STRSQL" with attributes). 
Invalid equal sign (=) encountered while parsing (tag "%STRSQL" with attributes). 
Invalid equal sign (=) encountered while parsing (tag "%STRSQL" with attributes). 
Invalid equal sign (=) encountered while parsing (tag "%STRSQL" with attributes). 
Invalid equal sign (=) encountered while parsing (tag "%STRSQL" with attributes). 
Invalid equal sign (=) encountered while parsing (tag "%STRSQL" with attributes). 
Invalid equal sign (=) encountered while parsing (tag "%STRSQL" with attributes). 
Invalid equal sign (=) encountered while parsing (tag "%STRSQL" with attributes). 
Invalid equal sign (=) encountered while parsing (tag "%STRSQL" with attributes). 
Invalid equal sign (=) encountered while parsing (tag "%STRSQL" with attributes). 
Invalid equal sign (=) encountered while parsing (tag "%STRSQL" with attributes). 
Invalid equal sign (=) encountered while parsing (tag "%STRSQL" with attributes). 
Invalid equal sign (=) encountered while parsing (tag "%STRSQL" with attributes). 
Invalid equal sign (=) encountered while parsing (tag "%STRSQL" with attributes). 
Invalid equal sign (=) encountered while parsing (tag "%STRSQL" with attributes). 
Invalid equal sign (=) encountered while parsing (tag "%STRSQL" with attributes). 
Invalid equal sign (=) encountered while parsing (tag "%STRSQL" with attributes). 
Invalid equal sign (=) encountered while parsing (tag "%STRSQL" with attributes). 
Invalid equal sign (=) encountered while parsing (tag "%STRSQL" with attributes). 
Invalid equal sign (=) encountered while parsing (tag "%STRSQL" with attributes). 
Invalid equal sign (=) encountered while parsing (tag "%STRSQL" with attributes). 
Invalid equal sign (=) encountered while parsing (tag "%STRSQL" with attributes). 
Invalid equal sign (=) encountered while parsing (tag "%STRSQL" with attributes). 
Invalid equal sign (=) encountered while parsing (tag "%STRSQL" with attributes). 
Invalid equal sign (=) encountered while parsing (tag "%STRSQL" with attributes). 
Invalid equal sign (=) encountered while parsing (tag "%STRSQL" with attributes). 
Invalid equal sign (=) encountered while parsing (tag "%STRSQL" with attributes). 
Invalid equal sign (=) encountered while parsing (tag "%STRSQL" with attributes). 
Invalid equal sign (=) encountered while parsing (tag "%STRSQL" with attributes). 
Invalid equal sign (=) encountered while parsing (tag "%STRSQL" with attributes). 
Invalid equal sign (=) encountered while parsing (tag "%STRSQL" with attributes). 
Invalid equal sign (=) encountered while parsing (tag "%STRSQL" with attributes). 
Invalid equal sign (=) encountered while parsing (tag "%STRSQL" with attributes). 
Invalid equal sign (=) encountered while parsing (tag "%CABECA" with attributes). 
Invalid equal sign (=) encountered while parsing (tag "%CABECA" with attributes). 
Invalid equal sign (=) encountered while parsing (tag "%CABECA" with attributes). 
Invalid equal sign (=) encountered while parsing (tag "%CABECA" with attributes). 
Invalid quoted string 'cd_codigo' encountered while parsing (tag "%" with attributes cd_user=session(). 
Invalid quoted string 'cd_codigo' encountered while parsing (tag "%" with attributes cd_user=session(). 
Invalid quoted string 'cd_codigo' encountered while parsing (tag "%" with attributes cd_user=session(). 
Invalid quoted string 'cd_codigo' encountered while parsing (tag "%" with attributes cd_user=session(). 
Invalid quoted string 'cd_codigo' encountered while parsing (tag "%" with attributes cd_user=session(). 
Invalid quoted string 'cd_codigo' encountered while parsing (tag "%" with attributes cd_user=session(). 
Invalid quoted string 'cd_codigo' encountered while parsing (tag "%" with attributes cd_user=session(). 
Invalid quoted string 'cd_codigo' encountered while parsing (tag "%" with attributes cd_user=session(). 
Invalid quoted string 'cd_codigo' encountered while parsing (tag "%" with attributes cd_user=session(). 
Invalid equal sign (=) encountered while parsing (tag "%CABECA" with attributes). 
Invalid equal sign (=) encountered while parsing (tag "%CABECA" with attributes). 
Invalid equal sign (=) encountered while parsing (tag "%CABECA" with attributes). 
Invalid equal sign (=) encountered while parsing (tag "%CABECA" with attributes). 
Invalid equal sign (=) encountered while parsing (tag "%CABECA" with attributes). 
Invalid equal sign (=) encountered while parsing (tag "%CABECA" with attributes). 
Invalid equal sign (=) encountered while parsing (tag "%CABECA" with attributes). 
Invalid equal sign (=) encountered while parsing (tag "%CABECA" with attributes). 
Invalid equal sign (=) encountered while parsing (tag "%CABECA" with attributes). 
Invalid equal sign (=) encountered while parsing (tag "%CABECA" with attributes). 
Invalid equal sign (=) encountered while parsing (tag "%CABECA" with attributes). 
Invalid equal sign (=) encountered while parsing (tag "%CABECA" with attributes). 
Invalid quoted string 'dia_sel' encountered while parsing (tag "%" with attributes dia_sel=request(). 
Invalid quoted string 'dia_sel' encountered while parsing (tag "%" with attributes dia_sel=request(). 
Invalid quoted string 'dia_sel' encountered while parsing (tag "%" with attributes dia_sel=request(). 
Invalid quoted string 'dia_sel' encountered while parsing (tag "%" with attributes dia_sel=request(). 
Invalid quoted string 'dia_sel' encountered while parsing (tag "%" with attributes dia_sel=request(). 
Invalid quoted string 'dia_sel' encountered while parsing (tag "%" with attributes dia_sel=request(). 
Invalid quoted string 'dia_sel' encountered while parsing (tag "%" with attributes dia_sel=request(). 
Invalid quoted string 'dia_sel' encountered while parsing (tag "%" with attributes dia_sel=request(). 
Invalid quoted string 'dia_sel' encountered while parsing (tag "%" with attributes dia_sel=request(). 
Invalid quoted string 'dia_sel' encountered while parsing (tag "%" with attributes dia_sel=request(). 
Invalid quoted string 'cd_codigo' encountered while parsing (tag "%" with attributes cd_user=session(). 
Invalid quoted string 'cd_codigo' encountered while parsing (tag "%" with attributes cd_user=session(). 
Invalid quoted string 'cd_codigo' encountered while parsing (tag "%" with attributes cd_user=session(). 
Invalid quoted string ' ****  A합ES  ****' encountered while parsing (tag "%IF" with attributes x=). 
Invalid quoted string ' ****  A합ES  ****' encountered while parsing (tag "%IF" with attributes x=). 
Invalid quoted string ' ****  A합ES  ****' encountered while parsing (tag "%IF" with attributes x=). 
Invalid quoted string ' ****  A합ES  ****' encountered while parsing (tag "%IF" with attributes x=). 
Invalid quoted string ' ****  A합ES  ****' encountered while parsing (tag "%IF" with attributes x=). 
Invalid quoted string ' ****  A합ES  ****' encountered while parsing (tag "%IF" with attributes x=). 
Invalid quoted string ' ****  A합ES  ****' encountered while parsing (tag "%IF" with attributes x=). 
Invalid quoted string ' ****  A합ES  ****' encountered while parsing (tag "%IF" with attributes x=). 
Invalid quoted string ' ****  A합ES  ****' encountered while parsing (tag "%IF" with attributes x=). 
Invalid quoted string ' ****  A합ES  ****' encountered while parsing (tag "%IF" with attributes x=). 
Invalid quoted string ' ****  A합ES  ****' encountered while parsing (tag "%IF" with attributes x=). 
Invalid quoted string ' ****  A합ES  ****' encountered while parsing (tag "%IF" with attributes x=). 
Invalid quoted string ' ****  A합ES  ****' encountered while parsing (tag "%IF" with attributes x=). 
Invalid quoted string ' ****  A합ES  ****' encountered while parsing (tag "%IF" with attributes x=). 
Invalid quoted string ' ****  A합ES  ****' encountered while parsing (tag "%IF" with attributes x=). 
Invalid quoted string ' ****  A합ES  ****' encountered while parsing (tag "%IF" with attributes x=). 
Invalid quoted string ' ****  A합ES  ****' encountered while parsing (tag "%IF" with attributes x=). 
Invalid quoted string ' ****  A합ES  ****' encountered while parsing (tag "%IF" with attributes x=). 
Invalid equal sign (=) encountered while parsing (tag "%'STRSQL" with attributes). 
Invalid equal sign (=) encountered while parsing (tag "%'STRSQL" with attributes). 
Invalid equal sign (=) encountered while parsing (tag "%'STRSQL" with attributes). 
Invalid equal sign (=) encountered while parsing (tag "%'STRSQL" with attributes). 
Invalid equal sign (=) encountered while parsing (tag "%'STRSQL" with attributes). 
Invalid equal sign (=) encountered while parsing (tag "%'STRSQL" with attributes). 
Invalid equal sign (=) encountered while parsing (tag "%'STRSQL" with attributes). 
Invalid equal sign (=) encountered while parsing (tag "%'STRSQL" with attributes). 
Invalid equal sign (=) encountered while parsing (tag "%'STRSQL" with attributes). 
Invalid equal sign (=) encountered while parsing (tag "%'XSQL" with attributes). 
Invalid equal sign (=) encountered while parsing (tag "%'XSQL" with attributes). 
