Invalid equal sign (=) encountered while parsing (tag "%'STRSQL" with attributes). 
Invalid equal sign (=) encountered while parsing (tag "%'STRSQL" with attributes). 
Invalid equal sign (=) encountered while parsing (tag "%'STRSQL" with attributes). 
Invalid equal sign (=) encountered while parsing (tag "%'STRSQL" with attributes). 
Invalid equal sign (=) encountered while parsing (tag "%'STRSQL" with attributes). 
Invalid equal sign (=) encountered while parsing (tag "%'STRSQL" with attributes). 
Invalid equal sign (=) encountered while parsing (tag "%'STRSQL" with attributes). 
Invalid equal sign (=) encountered while parsing (tag "%'STRSQL" with attributes). 
Invalid equal sign (=) encountered while parsing (tag "%'STRSQL" with attributes). 
Invalid equal sign (=) encountered while parsing (tag "%NUM_LISTA" with attributes). 
Invalid equal sign (=) encountered while parsing (tag "%NUM_LISTA" with attributes). 
Invalid equal sign (=) encountered while parsing (tag "%NUM_LISTA" with attributes). 
Invalid equal sign (=) encountered while parsing (tag "%NUM_LISTA" with attributes). 
Invalid equal sign (=) encountered while parsing (tag "%NUM_LISTA" with attributes). 
Invalid equal sign (=) encountered while parsing (tag "%NUM_LISTA" with attributes). 
Invalid equal sign (=) encountered while parsing (tag "%NUM_LISTA" with attributes). 
Invalid equal sign (=) encountered while parsing (tag "%NUM_LISTA" with attributes). 
Invalid equal sign (=) encountered while parsing (tag "%NUM_LISTA" with attributes). 
Invalid equal sign (=) encountered while parsing (tag "%NUM_LISTA" with attributes). 
Invalid equal sign (=) encountered while parsing (tag "%NUM_LISTA" with attributes). 
Invalid equal sign (=) encountered while parsing (tag "%NUM_LISTA" with attributes). 
Invalid equal sign (=) encountered while parsing (tag "%NUM_LISTA" with attributes). 
Invalid equal sign (=) encountered while parsing (tag "%NUM_LISTA" with attributes). 
Invalid equal sign (=) encountered while parsing (tag "%NUM_LISTA" with attributes). 
Invalid equal sign (=) encountered while parsing (tag "%NUM_LISTA" with attributes). 
Invalid equal sign (=) encountered while parsing (tag "%NUM_LISTA" with attributes). 
Invalid equal sign (=) encountered while parsing (tag "%NUM_LISTA" with attributes). 
Invalid equal sign (=) encountered while parsing (tag "%NUM_LISTA" with attributes). 
Invalid equal sign (=) encountered while parsing (tag "%NUM_LISTA" with attributes). 
Invalid equal sign (=) encountered while parsing (tag "%NUM_LISTA" with attributes). 
Invalid equal sign (=) encountered while parsing (tag "%NUM_LISTA" with attributes). 
Invalid equal sign (=) encountered while parsing (tag "%NUM_LISTA" with attributes). 
Invalid equal sign (=) encountered while parsing (tag "%NUM_LISTA" with attributes). 
Invalid equal sign (=) encountered while parsing (tag "%NUM_LISTA" with attributes). 
Invalid equal sign (=) encountered while parsing (tag "%NUM_LISTA" with attributes). 
Invalid equal sign (=) encountered while parsing (tag "%NUM_LISTA" with attributes). 
Invalid equal sign (=) encountered while parsing (tag "%NUM_LISTA" with attributes). 
Invalid equal sign (=) encountered while parsing (tag "%NUM_LISTA" with attributes). 
Invalid equal sign (=) encountered while parsing (tag "%NUM_LISTA" with attributes). 
Invalid equal sign (=) encountered while parsing (tag "%NUM_LISTA" with attributes). 
Invalid equal sign (=) encountered while parsing (tag "%NUM_LISTA" with attributes). 
Invalid equal sign (=) encountered while parsing (tag "%NUM_LISTA" with attributes). 
Invalid equal sign (=) encountered while parsing (tag "%NUM_LISTA" with attributes). 
Invalid equal sign (=) encountered while parsing (tag "%NUM_LISTA" with attributes). 
Invalid equal sign (=) encountered while parsing (tag "%NUM_LISTA" with attributes). 
Invalid equal sign (=) encountered while parsing (tag "%NUM_LISTA" with attributes). 
Invalid equal sign (=) encountered while parsing (tag "%NUM_LISTA" with attributes). 
Invalid equal sign (=) encountered while parsing (tag "%NUM_LISTA" with attributes). 
Invalid equal sign (=) encountered while parsing (tag "%NUM_LISTA" with attributes). 
Invalid equal sign (=) encountered while parsing (tag "%NUM_LISTA" with attributes). 
Invalid equal sign (=) encountered while parsing (tag "%NUM_LISTA" with attributes). 
Invalid equal sign (=) encountered while parsing (tag "%NUM_LISTA" with attributes). 
Invalid equal sign (=) encountered while parsing (tag "%NUM_LISTA" with attributes). 
Invalid equal sign (=) encountered while parsing (tag "%NUM_LISTA" with attributes). 
Invalid equal sign (=) encountered while parsing (tag "%NUM_LISTA" with attributes). 
Invalid equal sign (=) encountered while parsing (tag "%NUM_LISTA" with attributes). 
Invalid equal sign (=) encountered while parsing (tag "%NUM_LISTA" with attributes). 
Invalid equal sign (=) encountered while parsing (tag "%NUM_LISTA" with attributes). 
Invalid equal sign (=) encountered while parsing (tag "%NUM_LISTA" with attributes). 
Invalid equal sign (=) encountered while parsing (tag "%NUM_LISTA" with attributes). 
Invalid equal sign (=) encountered while parsing (tag "%NUM_LISTA" with attributes). 
Invalid equal sign (=) encountered while parsing (tag "%NUM_LISTA" with attributes). 
Invalid equal sign (=) encountered while parsing (tag "%NUM_LISTA" with attributes). 
Invalid equal sign (=) encountered while parsing (tag "%NUM_LISTA" with attributes). 
Invalid equal sign (=) encountered while parsing (tag "%NUM_LISTA" with attributes). 
Invalid equal sign (=) encountered while parsing (tag "%NUM_LISTA" with attributes). 
Invalid equal sign (=) encountered while parsing (tag "%NUM_LISTA" with attributes). 
Invalid equal sign (=) encountered while parsing (tag "%NUM_LISTA" with attributes). 
Invalid equal sign (=) encountered while parsing (tag "%NUM_LISTA" with attributes). 
Invalid equal sign (=) encountered while parsing (tag "%NUM_LISTA" with attributes). 
Invalid equal sign (=) encountered while parsing (tag "%NUM_LISTA" with attributes). 
Invalid quoted string 'cd_pat_codigo' encountered while parsing (tag "%" with attributes cd_pat_codigo=request(). 
Invalid equal sign (=) encountered while parsing (tag "%NUM_LISTA" with attributes). 
Invalid equal sign (=) encountered while parsing (tag "%NUM_LISTA" with attributes). 
Invalid equal sign (=) encountered while parsing (tag "%NUM_LISTA" with attributes). 
Invalid equal sign (=) encountered while parsing (tag "%NUM_LISTA" with attributes). 
Invalid quoted string 'acao' encountered while parsing (tag "%" with attributes acao=request(). 
Invalid quoted string 'acao' encountered while parsing (tag "%" with attributes acao=request(). 
Invalid quoted string 'acao' encountered while parsing (tag "%" with attributes acao=request(). 
Invalid quoted string 'acao' encountered while parsing (tag "%" with attributes acao=request(). 
Invalid quoted string 'acao' encountered while parsing (tag "%" with attributes acao=request(). 
Invalid quoted string 'acao' encountered while parsing (tag "%" with attributes acao=request(). 
Invalid quoted string 'acao' encountered while parsing (tag "%" with attributes acao=request(). 
Invalid equal sign (=) encountered while parsing (tag "%NUM_LISTA" with attributes). 
Invalid equal sign (=) encountered while parsing (tag "%NUM_LISTA" with attributes). 
Invalid equal sign (=) encountered while parsing (tag "%NUM_LISTA" with attributes). 
Invalid equal sign (=) encountered while parsing (tag "%NUM_LISTA" with attributes). 
Invalid character (+) encountered while parsing (tag "%" with attributes item=item). 
Invalid quoted string 'cd_pat_codigo' encountered while parsing (tag "%" with attributes cd_pat_codigo=request(). 
Invalid quoted string 'cd_pat_codigo' encountered while parsing (tag "%" with attributes cd_pat_codigo=request(). 
Invalid quoted string 'cd_pat_codigo' encountered while parsing (tag "%" with attributes cd_pat_codigo=request(). 
Invalid quoted string 'cd_pat_codigo' encountered while parsing (tag "%" with attributes cd_pat_codigo=request(). 
Invalid quoted string 'cd_pat_codigo' encountered while parsing (tag "%" with attributes cd_pat_codigo=request(). 
Invalid quoted string 'cd_pat_codigo' encountered while parsing (tag "%" with attributes cd_pat_codigo=request(). 
Invalid quoted string 'cd_pat_codigo' encountered while parsing (tag "%" with attributes cd_pat_codigo=request(). 
Invalid quoted string 'cd_pat_codigo' encountered while parsing (tag "%" with attributes cd_pat_codigo=request(). 
Invalid quoted string 'cd_pat_codigo' encountered while parsing (tag "%" with attributes cd_pat_codigo=request(). 
Invalid equal sign (=) encountered while parsing (tag "%NUM_LISTA" with attributes). 
Invalid equal sign (=) encountered while parsing (tag "%NUM_LISTA" with attributes). 
Invalid equal sign (=) encountered while parsing (tag "%NUM_LISTA" with attributes). 
Invalid equal sign (=) encountered while parsing (tag "%NUM_LISTA" with attributes). 
Invalid equal sign (=) encountered while parsing (tag "%NUM_LISTA" with attributes). 
Invalid equal sign (=) encountered while parsing (tag "%NUM_LISTA" with attributes). 
Invalid equal sign (=) encountered while parsing (tag "%NUM_LISTA" with attributes). 
Invalid equal sign (=) encountered while parsing (tag "%NUM_LISTA" with attributes). 
Invalid equal sign (=) encountered while parsing (tag "%NUM_LISTA" with attributes). 
