Invalid quoted string 'cd_codigo' encountered while parsing (tag "%DO" with attributes While= NOT= RS_UNID.EOF= CD_UNID=rs_unid(). 
Invalid quoted string 'cd_codigo' encountered while parsing (tag "%DO" with attributes While= NOT= RS_UNID.EOF= CD_UNID=rs_unid(). 
Invalid quoted string '' encountered while parsing (tag "%" with attributes dt_mes=request(). 
Invalid quoted string '' encountered while parsing (tag "%" with attributes dt_mes=request(). 
Invalid quoted string 'dia_vencimento' encountered while parsing (tag "%" with attributes dia_vencimento=request(). 
Invalid quoted string 'dia_vencimento' encountered while parsing (tag "%" with attributes dia_vencimento=request(). 
Invalid quoted string 'dia_vencimento' encountered while parsing (tag "%" with attributes dia_vencimento=request(). 
Invalid quoted string 'dia_vencimento' encountered while parsing (tag "%" with attributes dia_vencimento=request(). 
Invalid quoted string 'dia_vencimento' encountered while parsing (tag "%" with attributes dia_vencimento=request(). 
Invalid quoted string 'dia_vencimento' encountered while parsing (tag "%" with attributes dia_vencimento=request(). 
Invalid quoted string 'dia_vencimento' encountered while parsing (tag "%" with attributes dia_vencimento=request(). 
Invalid quoted string 'dia_vencimento' encountered while parsing (tag "%" with attributes dia_vencimento=request(). 
Invalid quoted string 'dia_vencimento' encountered while parsing (tag "%" with attributes dia_vencimento=request(). 
Invalid quoted string 'dia_vencimento' encountered while parsing (tag "%" with attributes dia_vencimento=request(). 
Invalid quoted string 'dia_vencimento' encountered while parsing (tag "%" with attributes dia_vencimento=request(). 
Invalid quoted string 'dia_vencimento' encountered while parsing (tag "%" with attributes dia_vencimento=request(). 
Invalid quoted string 'dia_vencimento' encountered while parsing (tag "%" with attributes dia_vencimento=request(). 
Invalid quoted string 'dia_vencimento' encountered while parsing (tag "%" with attributes dia_vencimento=request(). 
Invalid quoted string 'dia_vencimento' encountered while parsing (tag "%" with attributes dia_vencimento=request(). 
Invalid quoted string 'dia_vencimento' encountered while parsing (tag "%" with attributes dia_vencimento=request(). 
Invalid quoted string 'dia_vencimento' encountered while parsing (tag "%" with attributes dia_vencimento=request(). 
Invalid quoted string 'dia_vencimento' encountered while parsing (tag "%" with attributes dia_vencimento=request(). 
Invalid quoted string 'dia_vencimento' encountered while parsing (tag "%" with attributes dia_vencimento=request(). 
Invalid quoted string 'dia_vencimento' encountered while parsing (tag "%" with attributes dia_vencimento=request(). 
Invalid quoted string 'dia_vencimento' encountered while parsing (tag "%" with attributes dia_vencimento=request(). 
Invalid quoted string 'dia_vencimento' encountered while parsing (tag "%" with attributes dia_vencimento=request(). 
Invalid quoted string 'dia_vencimento' encountered while parsing (tag "%" with attributes dia_vencimento=request(). 
Invalid quoted string 'dia_vencimento' encountered while parsing (tag "%" with attributes dia_vencimento=request(). 
Invalid quoted string 'dia_vencimento' encountered while parsing (tag "%" with attributes dia_vencimento=request(). 
Invalid quoted string 'dia_vencimento' encountered while parsing (tag "%" with attributes dia_vencimento=request(). 
Invalid equal sign (=) encountered while parsing (tag "%DIA_VENCIMENTO" with attributes). 
Invalid equal sign (=) encountered while parsing (tag "%DIA_VENCIMENTO" with attributes). 
Invalid equal sign (=) encountered while parsing (tag "%DIA_VENCIMENTO" with attributes). 
Invalid equal sign (=) encountered while parsing (tag "%DIA_VENCIMENTO" with attributes). 
Invalid equal sign (=) encountered while parsing (tag "%DIA_VENCIMENTO" with attributes). 
Invalid equal sign (=) encountered while parsing (tag "%DIA_VENCIMENTO" with attributes). 
Invalid equal sign (=) encountered while parsing (tag "%DIA_VENCIMENTO" with attributes). 
Invalid equal sign (=) encountered while parsing (tag "%DIA_VENCIMENTO" with attributes). 
Invalid equal sign (=) encountered while parsing (tag "%DIA_VENCIMENTO" with attributes). 
Invalid equal sign (=) encountered while parsing (tag "%DIA_VENCIMENTO" with attributes). 
Invalid equal sign (=) encountered while parsing (tag "%DIA_VENCIMENTO" with attributes). 
Invalid equal sign (=) encountered while parsing (tag "%DIA_VENCIMENTO" with attributes). 
Invalid equal sign (=) encountered while parsing (tag "%DIA_VENCIMENTO" with attributes). 
Invalid equal sign (=) encountered while parsing (tag "%DIA_VENCIMENTO" with attributes). 
Invalid equal sign (=) encountered while parsing (tag "%DIA_VENCIMENTO" with attributes). 
Invalid equal sign (=) encountered while parsing (tag "%DIA_VENCIMENTO" with attributes). 
Invalid equal sign (=) encountered while parsing (tag "%DIA_VENCIMENTO" with attributes). 
Invalid equal sign (=) encountered while parsing (tag "%DIA_VENCIMENTO" with attributes). 
Invalid equal sign (=) encountered while parsing (tag "%DIA_VENCIMENTO" with attributes). 
Invalid equal sign (=) encountered while parsing (tag "%DIA_VENCIMENTO" with attributes). 
Invalid character (,) encountered while parsing (tag "%'DIM" with attributes). 
Invalid character (,) encountered while parsing (tag "%'DIM" with attributes). 
Invalid character (,) encountered while parsing (tag "%'DIM" with attributes). 
Invalid equal sign (=) encountered while parsing (tag "%STRSQL" with attributes). 
Invalid equal sign (=) encountered while parsing (tag "%STRSQL" with attributes). 
Invalid equal sign (=) encountered while parsing (tag "%STRSQL" with attributes). 
Invalid equal sign (=) encountered while parsing (tag "%STRSQL" with attributes). 
Invalid equal sign (=) encountered while parsing (tag "%STRSQL" with attributes). 
Invalid equal sign (=) encountered while parsing (tag "%STRSQL" with attributes). 
Invalid equal sign (=) encountered while parsing (tag "%STRSQL" with attributes). 
Invalid equal sign (=) encountered while parsing (tag "%STRSQL" with attributes). 
Invalid equal sign (=) encountered while parsing (tag "%STRSQL" with attributes). 
Invalid equal sign (=) encountered while parsing (tag "%STRSQL" with attributes). 
Invalid equal sign (=) encountered while parsing (tag "%STRSQL" with attributes). 
Invalid equal sign (=) encountered while parsing (tag "%STRSQL" with attributes). 
Invalid equal sign (=) encountered while parsing (tag "%STRSQL" with attributes). 
Invalid equal sign (=) encountered while parsing (tag "%STRSQL" with attributes). 
Invalid equal sign (=) encountered while parsing (tag "%STRSQL" with attributes). 
Invalid equal sign (=) encountered while parsing (tag "%STRSQL" with attributes). 
Invalid equal sign (=) encountered while parsing (tag "%STRSQL" with attributes). 
Invalid equal sign (=) encountered while parsing (tag "%STRSQL" with attributes). 
Invalid equal sign (=) encountered while parsing (tag "%STRSQL" with attributes). 
Invalid equal sign (=) encountered while parsing (tag "%STRSQL" with attributes). 
Invalid equal sign (=) encountered while parsing (tag "%STRSQL" with attributes). 
Invalid equal sign (=) encountered while parsing (tag "%STRSQL" with attributes). 
Invalid equal sign (=) encountered while parsing (tag "%STRSQL" with attributes). 
Invalid equal sign (=) encountered while parsing (tag "%STRSQL" with attributes). 
Invalid equal sign (=) encountered while parsing (tag "%STRSQL" with attributes). 
Invalid equal sign (=) encountered while parsing (tag "%STRSQL" with attributes). 
Invalid equal sign (=) encountered while parsing (tag "%STRSQL" with attributes). 
Invalid equal sign (=) encountered while parsing (tag "%STRSQL" with attributes). 
Invalid equal sign (=) encountered while parsing (tag "%STRSQL" with attributes). 
Invalid equal sign (=) encountered while parsing (tag "%STRSQL" with attributes). 
Invalid equal sign (=) encountered while parsing (tag "%STRSQL" with attributes). 
Invalid equal sign (=) encountered while parsing (tag "%STRSQL" with attributes). 
Invalid equal sign (=) encountered while parsing (tag "%'TXTBUSCA" with attributes). 
Invalid equal sign (=) encountered while parsing (tag "%'TXTBUSCA" with attributes). 
Invalid quoted string 'cd_codigo' encountered while parsing (tag "%DO" with attributes while= NOT= RS_FORNECEDOR.EOF= CD_FORNECEDOR=rs_fornecedor(). 
Invalid quoted string 'cd_codigo' encountered while parsing (tag "%DO" with attributes while= NOT= RS_FORNECEDOR.EOF= CD_FORNECEDOR=rs_fornecedor(). 
Invalid equal sign (=) encountered while parsing (tag "%STRSQL" with attributes). 
Invalid equal sign (=) encountered while parsing (tag "%STRSQL" with attributes). 
Invalid equal sign (=) encountered while parsing (tag "%STRSQL" with attributes). 
Invalid equal sign (=) encountered while parsing (tag "%STRSQL" with attributes). 
Invalid equal sign (=) encountered while parsing (tag "%STRSQL" with attributes). 
Invalid equal sign (=) encountered while parsing (tag "%STRSQL" with attributes). 
Invalid equal sign (=) encountered while parsing (tag "%DIA_VENCIMENTO" with attributes). 
Invalid equal sign (=) encountered while parsing (tag "%DIA_VENCIMENTO" with attributes). 
Invalid equal sign (=) encountered while parsing (tag "%DIA_VENCIMENTO" with attributes). 
Invalid equal sign (=) encountered while parsing (tag "%DIA_VENCIMENTO" with attributes). 
Invalid equal sign (=) encountered while parsing (tag "%DIA_VENCIMENTO" with attributes). 
Invalid equal sign (=) encountered while parsing (tag "%DIA_VENCIMENTO" with attributes). 
Invalid equal sign (=) encountered while parsing (tag "%DIA_VENCIMENTO" with attributes). 
Invalid equal sign (=) encountered while parsing (tag "%DIA_VENCIMENTO" with attributes). 
Invalid equal sign (=) encountered while parsing (tag "%DIA_VENCIMENTO" with attributes). 
Invalid equal sign (=) encountered while parsing (tag "%DIA_VENCIMENTO" with attributes). 
Invalid equal sign (=) encountered while parsing (tag "%DIA_VENCIMENTO" with attributes). 
Invalid equal sign (=) encountered while parsing (tag "%DIA_VENCIMENTO" with attributes). 
Invalid equal sign (=) encountered while parsing (tag "%DIA_VENCIMENTO" with attributes). 
Invalid equal sign (=) encountered while parsing (tag "%DIA_VENCIMENTO" with attributes). 
Invalid equal sign (=) encountered while parsing (tag "%DIA_VENCIMENTO" with attributes). 
Invalid equal sign (=) encountered while parsing (tag "%DIA_VENCIMENTO" with attributes). 
Invalid equal sign (=) encountered while parsing (tag "%DIA_VENCIMENTO" with attributes). 
Invalid equal sign (=) encountered while parsing (tag "%DIA_VENCIMENTO" with attributes). 
Invalid equal sign (=) encountered while parsing (tag "%DIA_VENCIMENTO" with attributes). 
Invalid equal sign (=) encountered while parsing (tag "%DIA_VENCIMENTO" with attributes). 
Invalid equal sign (=) encountered while parsing (tag "%DIA_VENCIMENTO" with attributes). 
Invalid equal sign (=) encountered while parsing (tag "%DIA_VENCIMENTO" with attributes). 
Invalid equal sign (=) encountered while parsing (tag "%DIA_VENCIMENTO" with attributes). 
Invalid equal sign (=) encountered while parsing (tag "%STRSQL" with attributes). 
Invalid equal sign (=) encountered while parsing (tag "%STRSQL" with attributes). 
Invalid equal sign (=) encountered while parsing (tag "%STRSQL" with attributes). 
Invalid equal sign (=) encountered while parsing (tag "%STRSQL" with attributes). 
Invalid equal sign (=) encountered while parsing (tag "%DIA_VENCIMENTO" with attributes). 
Invalid equal sign (=) encountered while parsing (tag "%DIA_VENCIMENTO" with attributes). 
Invalid equal sign (=) encountered while parsing (tag "%DIA_VENCIMENTO" with attributes). 
Invalid equal sign (=) encountered while parsing (tag "%DIA_VENCIMENTO" with attributes). 
Invalid equal sign (=) encountered while parsing (tag "%DIA_VENCIMENTO" with attributes). 
Invalid equal sign (=) encountered while parsing (tag "%DIA_VENCIMENTO" with attributes). 
Invalid equal sign (=) encountered while parsing (tag "%DIA_VENCIMENTO" with attributes). 
Invalid equal sign (=) encountered while parsing (tag "%DIA_VENCIMENTO" with attributes). 
Invalid equal sign (=) encountered while parsing (tag "%DIA_VENCIMENTO" with attributes). 
Invalid equal sign (=) encountered while parsing (tag "%DIA_VENCIMENTO" with attributes). 
Invalid equal sign (=) encountered while parsing (tag "%DIA_VENCIMENTO" with attributes). 
Invalid equal sign (=) encountered while parsing (tag "%DIA_VENCIMENTO" with attributes). 
Invalid equal sign (=) encountered while parsing (tag "%DIA_VENCIMENTO" with attributes). 
Invalid equal sign (=) encountered while parsing (tag "%DIA_VENCIMENTO" with attributes). 
Invalid equal sign (=) encountered while parsing (tag "%DIA_VENCIMENTO" with attributes). 
Invalid equal sign (=) encountered while parsing (tag "%DIA_VENCIMENTO" with attributes). 
Invalid equal sign (=) encountered while parsing (tag "%DIA_VENCIMENTO" with attributes). 
Invalid equal sign (=) encountered while parsing (tag "%DIA_VENCIMENTO" with attributes). 
Invalid equal sign (=) encountered while parsing (tag "%DIA_VENCIMENTO" with attributes). 
Invalid equal sign (=) encountered while parsing (tag "%DIA_VENCIMENTO" with attributes). 
Invalid equal sign (=) encountered while parsing (tag "%DIA_VENCIMENTO" with attributes). 
Invalid equal sign (=) encountered while parsing (tag "%DIA_VENCIMENTO" with attributes). 
Invalid equal sign (=) encountered while parsing (tag "%DIA_VENCIMENTO" with attributes). 
Invalid equal sign (=) encountered while parsing (tag "%DIA_VENCIMENTO" with attributes). 
Invalid equal sign (=) encountered while parsing (tag "%DIA_VENCIMENTO" with attributes). 
Invalid equal sign (=) encountered while parsing (tag "%DIA_VENCIMENTO" with attributes). 
Invalid equal sign (=) encountered while parsing (tag "%DIA_VENCIMENTO" with attributes). 
Invalid equal sign (=) encountered while parsing (tag "%DIA_VENCIMENTO" with attributes). 
Invalid equal sign (=) encountered while parsing (tag "%DIA_VENCIMENTO" with attributes). 
Invalid equal sign (=) encountered while parsing (tag "%DIA_VENCIMENTO" with attributes). 
Invalid equal sign (=) encountered while parsing (tag "%DIA_VENCIMENTO" with attributes). 
Invalid equal sign (=) encountered while parsing (tag "%DIA_VENCIMENTO" with attributes). 
Invalid equal sign (=) encountered while parsing (tag "%DIA_VENCIMENTO" with attributes). 
Invalid equal sign (=) encountered while parsing (tag "%DIA_VENCIMENTO" with attributes). 
Invalid equal sign (=) encountered while parsing (tag "%DIA_VENCIMENTO" with attributes). 
Invalid equal sign (=) encountered while parsing (tag "%DIA_VENCIMENTO" with attributes). 
Invalid equal sign (=) encountered while parsing (tag "%DIA_VENCIMENTO" with attributes). 
Invalid equal sign (=) encountered while parsing (tag "%DIA_VENCIMENTO" with attributes). 
Invalid equal sign (=) encountered while parsing (tag "%DIA_VENCIMENTO" with attributes). 
Invalid equal sign (=) encountered while parsing (tag "%DIA_VENCIMENTO" with attributes). 
Invalid equal sign (=) encountered while parsing (tag "%DIA_VENCIMENTO" with attributes). 
Invalid equal sign (=) encountered while parsing (tag "%DIA_VENCIMENTO" with attributes). 
Invalid equal sign (=) encountered while parsing (tag "%DIA_VENCIMENTO" with attributes). 
Invalid equal sign (=) encountered while parsing (tag "%DIA_VENCIMENTO" with attributes). 
Invalid equal sign (=) encountered while parsing (tag "%DIA_VENCIMENTO" with attributes). 
Invalid equal sign (=) encountered while parsing (tag "%DIA_VENCIMENTO" with attributes). 
Invalid equal sign (=) encountered while parsing (tag "%DIA_VENCIMENTO" with attributes). 
Invalid equal sign (=) encountered while parsing (tag "%DIA_VENCIMENTO" with attributes). 
Invalid equal sign (=) encountered while parsing (tag "%DIA_VENCIMENTO" with attributes). 
Invalid equal sign (=) encountered while parsing (tag "%STRSQL" with attributes). 
Invalid equal sign (=) encountered while parsing (tag "%STRSQL" with attributes). 
Invalid equal sign (=) encountered while parsing (tag "%STRSQL" with attributes). 
Invalid equal sign (=) encountered while parsing (tag "%STRSQL" with attributes). 
Invalid equal sign (=) encountered while parsing (tag "%STRSQL" with attributes). 
Invalid equal sign (=) encountered while parsing (tag "%STRSQL" with attributes). 
Invalid equal sign (=) encountered while parsing (tag "%STRSQL" with attributes). 
Invalid equal sign (=) encountered while parsing (tag "%STRSQL" with attributes). 
Invalid equal sign (=) encountered while parsing (tag "%STRSQL" with attributes). 
Invalid equal sign (=) encountered while parsing (tag "%STRSQL" with attributes). 
Invalid equal sign (=) encountered while parsing (tag "%STRSQL" with attributes). 
Invalid equal sign (=) encountered while parsing (tag "%STRSQL" with attributes). 
Invalid equal sign (=) encountered while parsing (tag "%CD_DIARIO" with attributes). 
Invalid equal sign (=) encountered while parsing (tag "%CD_DIARIO" with attributes). 
Invalid equal sign (=) encountered while parsing (tag "%CD_DIARIO" with attributes). 
Invalid equal sign (=) encountered while parsing (tag "%CD_DIARIO" with attributes). 
Invalid equal sign (=) encountered while parsing (tag "%CD_DIARIO" with attributes). 
Invalid equal sign (=) encountered while parsing (tag "%CD_DIARIO" with attributes). 
Invalid equal sign (=) encountered while parsing (tag "%CD_DIARIO" with attributes). 
Invalid equal sign (=) encountered while parsing (tag "%CD_DIARIO" with attributes). 
Invalid equal sign (=) encountered while parsing (tag "%CD_DIARIO" with attributes). 
Invalid equal sign (=) encountered while parsing (tag "%CD_DIARIO" with attributes). 
Invalid equal sign (=) encountered while parsing (tag "%CD_DIARIO" with attributes). 
Invalid equal sign (=) encountered while parsing (tag "%CD_DIARIO" with attributes). 
Invalid equal sign (=) encountered while parsing (tag "%CD_DIARIO" with attributes). 
Invalid equal sign (=) encountered while parsing (tag "%CD_DIARIO" with attributes). 
Invalid equal sign (=) encountered while parsing (tag "%CD_DIARIO" with attributes). 
Invalid equal sign (=) encountered while parsing (tag "%CD_DIARIO" with attributes). 
Invalid equal sign (=) encountered while parsing (tag "%CD_DIARIO" with attributes). 
Invalid equal sign (=) encountered while parsing (tag "%CD_DIARIO" with attributes). 
Invalid equal sign (=) encountered while parsing (tag "%CD_DIARIO" with attributes). 
Invalid equal sign (=) encountered while parsing (tag "%CD_DIARIO" with attributes). 
Invalid equal sign (=) encountered while parsing (tag "%CD_DIARIO" with attributes). 
Invalid equal sign (=) encountered while parsing (tag "%CD_DIARIO" with attributes). 
Invalid equal sign (=) encountered while parsing (tag "%CD_DIARIO" with attributes). 
Invalid equal sign (=) encountered while parsing (tag "%CD_DIARIO" with attributes). 
Invalid equal sign (=) encountered while parsing (tag "%CD_DIARIO" with attributes). 
Invalid equal sign (=) encountered while parsing (tag "%CD_DIARIO" with attributes). 
Invalid equal sign (=) encountered while parsing (tag "%CD_DIARIO" with attributes). 
Invalid equal sign (=) encountered while parsing (tag "%CD_DIARIO" with attributes). 
Invalid equal sign (=) encountered while parsing (tag "%CD_DIARIO" with attributes). 
Invalid equal sign (=) encountered while parsing (tag "%CD_DIARIO" with attributes). 
Invalid equal sign (=) encountered while parsing (tag "%CD_DIARIO" with attributes). 
Invalid equal sign (=) encountered while parsing (tag "%CD_DIARIO" with attributes). 
Invalid equal sign (=) encountered while parsing (tag "%CD_DIARIO" with attributes). 
Invalid equal sign (=) encountered while parsing (tag "%NUM_LINHA" with attributes). 
Invalid equal sign (=) encountered while parsing (tag "%NUM_LINHA" with attributes). 
Invalid equal sign (=) encountered while parsing (tag "%NUM_LINHA" with attributes). 
Invalid equal sign (=) encountered while parsing (tag "%NUM_LINHA" with attributes). 
Invalid equal sign (=) encountered while parsing (tag "%NUM_LINHA" with attributes). 
Invalid equal sign (=) encountered while parsing (tag "%NUM_LINHA" with attributes). 
Invalid equal sign (=) encountered while parsing (tag "%NUM_LINHA" with attributes). 
Invalid equal sign (=) encountered while parsing (tag "%NUM_LINHA" with attributes). 
Invalid equal sign (=) encountered while parsing (tag "%NUM_LINHA" with attributes). 
Invalid equal sign (=) encountered while parsing (tag "%NUM_LINHA" with attributes). 
Invalid equal sign (=) encountered while parsing (tag "%NUM_LINHA" with attributes). 
Invalid equal sign (=) encountered while parsing (tag "%NUM_LINHA" with attributes). 
Invalid quoted string 'variavel' encountered while parsing (tag "%" with attributes variavel=request(). 
Invalid quoted string 'variavel' encountered while parsing (tag "%" with attributes variavel=request(). 
Invalid quoted string 'variavel' encountered while parsing (tag "%" with attributes variavel=request(). 
Invalid quoted string 'variavel' encountered while parsing (tag "%" with attributes variavel=request(). 
Invalid quoted string 'variavel' encountered while parsing (tag "%" with attributes variavel=request(). 
Invalid quoted string 'variavel' encountered while parsing (tag "%" with attributes variavel=request(). 
Invalid quoted string 'variavel' encountered while parsing (tag "%" with attributes variavel=request(). 
Invalid quoted string 'variavel' encountered while parsing (tag "%" with attributes variavel=request(). 
Invalid quoted string 'variavel' encountered while parsing (tag "%" with attributes variavel=request(). 
Invalid quoted string 'variavel' encountered while parsing (tag "%" with attributes variavel=request(). 
Invalid quoted string 'variavel' encountered while parsing (tag "%" with attributes variavel=request(). 
Invalid quoted string 'variavel' encountered while parsing (tag "%" with attributes variavel=request(). 
Invalid quoted string 'variavel' encountered while parsing (tag "%" with attributes variavel=request(). 
Invalid quoted string 'variavel' encountered while parsing (tag "%" with attributes variavel=request(). 
Invalid quoted string 'variavel' encountered while parsing (tag "%" with attributes variavel=request(). 
Invalid quoted string 'cd_codigo' encountered while parsing (tag "%" with attributes cd_user=session(). 
Invalid quoted string 'cd_codigo' encountered while parsing (tag "%" with attributes cd_user=session(). 
Invalid quoted string 'cd_codigo' encountered while parsing (tag "%" with attributes cd_user=session(). 
Invalid quoted string 'cd_codigo' encountered while parsing (tag "%" with attributes cd_user=session(). 
Invalid equal sign (=) encountered while parsing (tag "%STRSQL" with attributes). 
Invalid equal sign (=) encountered while parsing (tag "%STRSQL" with attributes). 
Invalid equal sign (=) encountered while parsing (tag "%STRSQL" with attributes). 
Invalid equal sign (=) encountered while parsing (tag "%STRSQL" with attributes). 
Invalid equal sign (=) encountered while parsing (tag "%STRSQL" with attributes). 
Invalid equal sign (=) encountered while parsing (tag "%STRSQL" with attributes). 
Invalid equal sign (=) encountered while parsing (tag "%STRSQL" with attributes). 
Invalid equal sign (=) encountered while parsing (tag "%STRSQL" with attributes). 
Invalid equal sign (=) encountered while parsing (tag "%STRSQL" with attributes). 
Invalid quoted string 'cd_codigo' encountered while parsing (tag "%" with attributes cd_user=session(). 
Invalid quoted string 'cd_codigo' encountered while parsing (tag "%" with attributes cd_user=session(). 
Invalid equal sign (=) encountered while parsing (tag "%NUM_LINHA" with attributes). 
Invalid equal sign (=) encountered while parsing (tag "%NUM_LINHA" with attributes). 
Invalid equal sign (=) encountered while parsing (tag "%NUM_LINHA" with attributes). 
Invalid equal sign (=) encountered while parsing (tag "%DT_VENCIMENTO_ANTERIOR" with attributes). 
Invalid equal sign (=) encountered while parsing (tag "%DT_VENCIMENTO_ANTERIOR" with attributes). 
Invalid equal sign (=) encountered while parsing (tag "%DT_VENCIMENTO_ANTERIOR" with attributes). 
Invalid equal sign (=) encountered while parsing (tag "%DT_VENCIMENTO_ANTERIOR" with attributes). 
Invalid equal sign (=) encountered while parsing (tag "%DT_VENCIMENTO_ANTERIOR" with attributes). 
Invalid equal sign (=) encountered while parsing (tag "%LINHA_SEPARADORA" with attributes). 
Invalid equal sign (=) encountered while parsing (tag "%LINHA_SEPARADORA" with attributes). 
Invalid equal sign (=) encountered while parsing (tag "%CD_DIARIO" with attributes). 
Invalid equal sign (=) encountered while parsing (tag "%CD_DIARIO" with attributes). 
Invalid equal sign (=) encountered while parsing (tag "%NUM_LINHA" with attributes). 
Invalid equal sign (=) encountered while parsing (tag "%NUM_LINHA" with attributes). 
Invalid equal sign (=) encountered while parsing (tag "%NUM_LINHA" with attributes). 
Invalid equal sign (=) encountered while parsing (tag "%NUM_LINHA" with attributes). 
Invalid character (,) encountered while parsing (tag "%'DIM" with attributes). 
Invalid character (,) encountered while parsing (tag "%'DIM" with attributes). 
Invalid character (,) encountered while parsing (tag "%'DIM" with attributes). 
Invalid quoted string 'cd_codigo' encountered while parsing (tag "%WHILE" with attributes Not= RS_FORNEC.EOF= CD_FORNEC=rs_fornec(). 
Invalid quoted string 'cd_codigo' encountered while parsing (tag "%WHILE" with attributes Not= RS_FORNEC.EOF= CD_FORNEC=rs_fornec(). 
Invalid equal sign (=) encountered while parsing (tag "%XSQL" with attributes). 
Invalid equal sign (=) encountered while parsing (tag "%XSQL" with attributes). 
Invalid equal sign (=) encountered while parsing (tag "%XSQL" with attributes). 
Invalid equal sign (=) encountered while parsing (tag "%XSQL" with attributes). 
Invalid equal sign (=) encountered while parsing (tag "%XSQL" with attributes). 
Invalid equal sign (=) encountered while parsing (tag "%XSQL" with attributes). 
Invalid equal sign (=) encountered while parsing (tag "%XSQL" with attributes). 
Invalid equal sign (=) encountered while parsing (tag "%XSQL" with attributes). 
Invalid equal sign (=) encountered while parsing (tag "%XSQL" with attributes). 
Invalid equal sign (=) encountered while parsing (tag "%XSQL" with attributes). 
Invalid equal sign (=) encountered while parsing (tag "%XSQL" with attributes). 
Invalid equal sign (=) encountered while parsing (tag "%XSQL" with attributes). 
Invalid equal sign (=) encountered while parsing (tag "%XSQL" with attributes). 
Invalid equal sign (=) encountered while parsing (tag "%XSQL" with attributes). 
Invalid equal sign (=) encountered while parsing (tag "%XSQL" with attributes). 
Invalid equal sign (=) encountered while parsing (tag "%XSQL" with attributes). 
Invalid equal sign (=) encountered while parsing (tag "%XSQL" with attributes). 
Invalid equal sign (=) encountered while parsing (tag "%CD_DIARIO" with attributes). 
Invalid equal sign (=) encountered while parsing (tag "%CD_DIARIO" with attributes). 
Invalid equal sign (=) encountered while parsing (tag "%STRSQL" with attributes). 
Invalid quoted string 'variavel' encountered while parsing (tag "%" with attributes variavel=request(). 
Invalid quoted string 'variavel' encountered while parsing (tag "%" with attributes variavel=request(). 
Invalid equal sign (=) encountered while parsing (tag "%XSQL" with attributes). 
Invalid equal sign (=) encountered while parsing (tag "%XSQL" with attributes). 
Invalid equal sign (=) encountered while parsing (tag "%CD_DIARIO" with attributes). 
Invalid equal sign (=) encountered while parsing (tag "%CD_DIARIO" with attributes). 
Invalid quoted string '***Impede que apareçam campos desnecessários' encountered while parsing (tag "%IF" with attributes acao=editar_valor OR=). 
Invalid quoted string '*** Impede que apareçam campos desnecessários**' encountered while parsing (tag "%IF" with attributes acao=editar_valor OR=). 
Invalid equal sign (=) encountered while parsing (tag "%MENOR_VALOR_PAGO" with attributes). 
Invalid equal sign (=) encountered while parsing (tag "%MENOR_VALOR_PAGO" with attributes). 
Invalid equal sign (=) encountered while parsing (tag "%PRIMEIRO_DIA_MES" with attributes). 
Invalid equal sign (=) encountered while parsing (tag "%PRIMEIRO_DIA_MES" with attributes). 
Invalid equal sign (=) encountered while parsing (tag "%PRIMEIRO_DIA_MES" with attributes). 
Invalid equal sign (=) encountered while parsing (tag "%PRIMEIRO_DIA_MES" with attributes). 
Invalid equal sign (=) encountered while parsing (tag "%PRIMEIRO_DIA_MES" with attributes). 
Invalid equal sign (=) encountered while parsing (tag "%PRIMEIRO_DIA_MES" with attributes). 
Invalid equal sign (=) encountered while parsing (tag "%PRIMEIRO_DIA_MES" with attributes). 
Invalid equal sign (=) encountered while parsing (tag "%PRIMEIRO_DIA_MES" with attributes). 
Invalid equal sign (=) encountered while parsing (tag "%PRIMEIRO_DIA_MES" with attributes). 
Invalid equal sign (=) encountered while parsing (tag "%PRIMEIRO_DIA_MES" with attributes). 
Invalid equal sign (=) encountered while parsing (tag "%PRIMEIRO_DIA_MES" with attributes). 
Invalid equal sign (=) encountered while parsing (tag "%PRIMEIRO_DIA_MES" with attributes). 
Invalid equal sign (=) encountered while parsing (tag "%PRIMEIRO_DIA_MES" with attributes). 
Invalid equal sign (=) encountered while parsing (tag "%PRIMEIRO_DIA_MES" with attributes). 
Invalid equal sign (=) encountered while parsing (tag "%PRIMEIRO_DIA_MES" with attributes). 
Invalid equal sign (=) encountered while parsing (tag "%PRIMEIRO_DIA_MES" with attributes). 
Invalid equal sign (=) encountered while parsing (tag "%PRIMEIRO_DIA_MES" with attributes). 
Invalid equal sign (=) encountered while parsing (tag "%PRIMEIRO_DIA_MES" with attributes). 
Invalid equal sign (=) encountered while parsing (tag "%PRIMEIRO_DIA_MES" with attributes). 
Invalid equal sign (=) encountered while parsing (tag "%PRIMEIRO_DIA_MES" with attributes). 
Invalid equal sign (=) encountered while parsing (tag "%PRIMEIRO_DIA_MES" with attributes). 
Invalid equal sign (=) encountered while parsing (tag "%PRIMEIRO_DIA_MES" with attributes). 
Invalid equal sign (=) encountered while parsing (tag "%PRIMEIRO_DIA_MES" with attributes). 
Invalid equal sign (=) encountered while parsing (tag "%PRIMEIRO_DIA_MES" with attributes). 
Invalid equal sign (=) encountered while parsing (tag "%SEMANA" with attributes). 
Invalid equal sign (=) encountered while parsing (tag "%PRIMEIRO_DIA_MES" with attributes). 
Invalid equal sign (=) encountered while parsing (tag "%PRIMEIRO_DIA_MES" with attributes). 
Invalid equal sign (=) encountered while parsing (tag "%PRIMEIRO_DIA_MES" with attributes). 
Invalid equal sign (=) encountered while parsing (tag "%PRIMEIRO_DIA_MES" with attributes). 
Invalid character (+) encountered while parsing (tag "%" with attributes cabecalho_semana=cabecalho_semana). 
Invalid character (+) encountered while parsing (tag "%" with attributes cabecalho_semana=cabecalho_semana). 
Invalid character (+) encountered while parsing (tag "%" with attributes cabecalho_semana=cabecalho_semana). 
Invalid character (+) encountered while parsing (tag "%" with attributes cabecalho_semana=cabecalho_semana). 
Invalid character (+) encountered while parsing (tag "%" with attributes cabecalho_semana=cabecalho_semana). 
Invalid character (+) encountered while parsing (tag "%" with attributes cabecalho_semana=cabecalho_semana). 
Invalid character (+) encountered while parsing (tag "%" with attributes cabecalho_semana=cabecalho_semana). 
Invalid character (+) encountered while parsing (tag "%" with attributes cabecalho_semana=cabecalho_semana). 
Invalid character (+) encountered while parsing (tag "%" with attributes cabecalho_semana=cabecalho_semana). 
Invalid character (+) encountered while parsing (tag "%" with attributes cabecalho_semana=cabecalho_semana). 
Invalid character (+) encountered while parsing (tag "%" with attributes cabecalho_semana=cabecalho_semana). 
Invalid character (+) encountered while parsing (tag "%" with attributes cabecalho_semana=cabecalho_semana). 
Invalid character (+) encountered while parsing (tag "%" with attributes cabecalho_semana=cabecalho_semana). 
Invalid character (+) encountered while parsing (tag "%" with attributes cabecalho_semana=cabecalho_semana). 
Invalid character (+) encountered while parsing (tag "%" with attributes cabecalho_semana=cabecalho_semana). 
Invalid character (+) encountered while parsing (tag "%" with attributes cabecalho_semana=cabecalho_semana). 
Invalid character (+) encountered while parsing (tag "%" with attributes cabecalho_semana=cabecalho_semana). 
Invalid character (+) encountered while parsing (tag "%" with attributes cabecalho_semana=cabecalho_semana). 
Invalid quoted string '1/' encountered while parsing (tag "%IF" with attributes cabecalho_semana= then= PRIMEIRO_DIA_MES=weekday(). 
Invalid quoted string '1/' encountered while parsing (tag "%IF" with attributes cabecalho_semana= then= PRIMEIRO_DIA_MES=weekday(). 
Invalid quoted string '1/' encountered while parsing (tag "%IF" with attributes cabecalho_semana= then= PRIMEIRO_DIA_MES=weekday(). 
Invalid quoted string '1/' encountered while parsing (tag "%IF" with attributes cabecalho_semana= then= PRIMEIRO_DIA_MES=weekday(). 
Invalid equal sign (=) encountered while parsing (tag "%PRIMEIRO_DIA_MES" with attributes). 
Invalid equal sign (=) encountered while parsing (tag "%PRIMEIRO_DIA_MES" with attributes). 
Invalid equal sign (=) encountered while parsing (tag "%PRIMEIRO_DIA_MES" with attributes). 
Invalid equal sign (=) encountered while parsing (tag "%PRIMEIRO_DIA_MES" with attributes). 
Invalid equal sign (=) encountered while parsing (tag "%PRIMEIRO_DIA_MES" with attributes). 
Invalid equal sign (=) encountered while parsing (tag "%PRIMEIRO_DIA_MES" with attributes). 
Invalid equal sign (=) encountered while parsing (tag "%PRIMEIRO_DIA_MES" with attributes). 
Invalid equal sign (=) encountered while parsing (tag "%PRIMEIRO_DIA_MES" with attributes). 
Invalid equal sign (=) encountered while parsing (tag "%PRIMEIRO_DIA_MES" with attributes). 
Invalid equal sign (=) encountered while parsing (tag "%PRIMEIRO_DIA_MES" with attributes). 
Invalid equal sign (=) encountered while parsing (tag "%PRIMEIRO_DIA_MES" with attributes). 
Invalid equal sign (=) encountered while parsing (tag "%PRIMEIRO_DIA_MES" with attributes). 
Invalid equal sign (=) encountered while parsing (tag "%PRIMEIRO_DIA_MES" with attributes). 
Invalid equal sign (=) encountered while parsing (tag "%PRIMEIRO_DIA_MES" with attributes). 
Invalid character (+) encountered while parsing (tag "%" with attributes cabecalho_semana=cabecalho_semana). 
Invalid character (+) encountered while parsing (tag "%" with attributes cabecalho_semana=cabecalho_semana). 
Invalid character (+) encountered while parsing (tag "%" with attributes cabecalho_semana=cabecalho_semana). 
Invalid quoted string '>' encountered while parsing (tag "%'IF" with attributes cabecalho_semana= then= IF= PRE_ORDEM=fim_semanathen). 
Invalid quoted string 'E:ServerDesenvolvimentoproducaointranet' encountered while parsing (tag "%FOR" with attributes each= NOME_ARQUIVO=Replace(nome_arquivo, IN= ARQUIVOS=). 
Invalid character (-) encountered while parsing (tag "%" with attributes mes_faturamento=dt_mes). 
End of file encountered while parsing (tag "TD" with attributes align=>). 
End of file encountered while parsing (tag "TD" with attributes align=>). 
Invalid equal sign (=) encountered while parsing (tag "%NUM_LINHA" with attributes). 
Invalid equal sign (=) encountered while parsing (tag "%NUM_LINHA" with attributes). 
End of file encountered while parsing (tag "TD" with attributes align=>). 
End of file encountered while parsing (tag "TD" with attributes align=>). 
End of file encountered while parsing (tag "TD" with attributes align=>). 
Invalid equal sign (=) encountered while parsing (tag "%NUM_LINHA" with attributes). 
Invalid equal sign (=) encountered while parsing (tag "%NUM_LINHA" with attributes). 
Invalid equal sign (=) encountered while parsing (tag "%PRIMEIRO_DIA_MES" with attributes). 
Invalid equal sign (=) encountered while parsing (tag "%PRIMEIRO_DIA_MES" with attributes). 
Invalid equal sign (=) encountered while parsing (tag "%PRIMEIRO_DIA_MES" with attributes). 
Invalid equal sign (=) encountered while parsing (tag "%PRIMEIRO_DIA_MES" with attributes). 
Invalid equal sign (=) encountered while parsing (tag "%PRIMEIRO_DIA_MES" with attributes). 
Invalid equal sign (=) encountered while parsing (tag "%PRIMEIRO_DIA_MES" with attributes). 
Invalid equal sign (=) encountered while parsing (tag "%PRIMEIRO_DIA_MES" with attributes). 
Invalid equal sign (=) encountered while parsing (tag "%PRIMEIRO_DIA_MES" with attributes). 
Invalid equal sign (=) encountered while parsing (tag "%QTD_DIAS_SEMANA" with attributes). 
Invalid equal sign (=) encountered while parsing (tag "%QTD_DIAS_SEMANA" with attributes). 
Invalid equal sign (=) encountered while parsing (tag "%QTD_DIAS_SEMANA" with attributes). 
Invalid equal sign (=) encountered while parsing (tag "%QTD_DIAS_SEMANA" with attributes). 
Invalid equal sign (=) encountered while parsing (tag "%QTD_DIAS_SEMANA" with attributes). 
Invalid equal sign (=) encountered while parsing (tag "%QTD_DIAS_SEMANA" with attributes). 
Invalid equal sign (=) encountered while parsing (tag "%QTD_DIAS_SEMANA" with attributes). 
Invalid equal sign (=) encountered while parsing (tag "%QTD_DIAS_SEMANA" with attributes). 
Invalid equal sign (=) encountered while parsing (tag "%DIA_SEMANA" with attributes). 
Invalid equal sign (=) encountered while parsing (tag "%DIA_SEMANA" with attributes). 
Invalid equal sign (=) encountered while parsing (tag "%CABECALHO_SEMANA" with attributes). 
Invalid equal sign (=) encountered while parsing (tag "%CABECALHO_SEMANA" with attributes). 
Invalid equal sign (=) encountered while parsing (tag "%QTD_DIAS_SEMANA" with attributes). 
Invalid equal sign (=) encountered while parsing (tag "%QTD_DIAS_SEMANA" with attributes). 
Invalid equal sign (=) encountered while parsing (tag "%'CABECALHO_SEMANA" with attributes). 
Invalid equal sign (=) encountered while parsing (tag "%'CABECALHO_SEMANA" with attributes). 
Invalid equal sign (=) encountered while parsing (tag "%'CABECALHO_SEMANA" with attributes). 
Invalid equal sign (=) encountered while parsing (tag "%QTD_DIAS_SEMANA" with attributes). 
Invalid equal sign (=) encountered while parsing (tag "%QTD_DIAS_SEMANA" with attributes). 
Invalid equal sign (=) encountered while parsing (tag "%QTD_DIAS_SEMANA" with attributes). 
Invalid equal sign (=) encountered while parsing (tag "%QTD_DIAS_SEMANA" with attributes). 
Invalid equal sign (=) encountered while parsing (tag "%QTD_DIAS_SEMANA" with attributes). 
Invalid equal sign (=) encountered while parsing (tag "%QTD_DIAS_SEMANA" with attributes). 
Invalid equal sign (=) encountered while parsing (tag "%QTD_DIAS_SEMANA" with attributes). 
Invalid equal sign (=) encountered while parsing (tag "%'CABECALHO_SEMANA" with attributes). 
Invalid equal sign (=) encountered while parsing (tag "%'CABECALHO_SEMANA" with attributes). 
Invalid equal sign (=) encountered while parsing (tag "%'CABECALHO_SEMANA" with attributes). 
Invalid equal sign (=) encountered while parsing (tag "%'CABECALHO_SEMANA" with attributes). 
Invalid equal sign (=) encountered while parsing (tag "%'CABECALHO_SEMANA" with attributes). 
Invalid equal sign (=) encountered while parsing (tag "%'CABECALHO_SEMANA" with attributes). 
Invalid equal sign (=) encountered while parsing (tag "%'CABECALHO_SEMANA" with attributes). 
Invalid equal sign (=) encountered while parsing (tag "%'CABECALHO_SEMANA" with attributes). 
Invalid equal sign (=) encountered while parsing (tag "%'CABECALHO_SEMANA" with attributes). 
Invalid equal sign (=) encountered while parsing (tag "%'CABECALHO_SEMANA" with attributes). 
Invalid equal sign (=) encountered while parsing (tag "%'CABECALHO_SEMANA" with attributes). 
Invalid equal sign (=) encountered while parsing (tag "%'CABECALHO_SEMANA" with attributes). 
Invalid equal sign (=) encountered while parsing (tag "%'CABECALHO_SEMANA" with attributes). 
Invalid equal sign (=) encountered while parsing (tag "%'CABECALHO_SEMANA" with attributes). 
Invalid equal sign (=) encountered while parsing (tag "%'CABECALHO_SEMANA" with attributes). 
Invalid equal sign (=) encountered while parsing (tag "%'CABECALHO_SEMANA" with attributes). 
Invalid equal sign (=) encountered while parsing (tag "%'CABECALHO_SEMANA" with attributes). 
Invalid equal sign (=) encountered while parsing (tag "%'CABECALHO_SEMANA" with attributes). 
Invalid equal sign (=) encountered while parsing (tag "%'CABECALHO_SEMANA" with attributes). 
Invalid equal sign (=) encountered while parsing (tag "%'CABECALHO_SEMANA" with attributes). 
Invalid equal sign (=) encountered while parsing (tag "%'CABECALHO_SEMANA" with attributes). 
Invalid equal sign (=) encountered while parsing (tag "%'CABECALHO_SEMANA" with attributes). 
Invalid equal sign (=) encountered while parsing (tag "%CABECALHO_SEMANA" with attributes). 
Invalid equal sign (=) encountered while parsing (tag "%CABECALHO_SEMANA" with attributes). 
Invalid equal sign (=) encountered while parsing (tag "%CABECALHO_SEMANA" with attributes). 
Invalid equal sign (=) encountered while parsing (tag "%CABECALHO_SEMANA" with attributes). 
Invalid equal sign (=) encountered while parsing (tag "%CABECALHO_SEMANA" with attributes). 
Invalid equal sign (=) encountered while parsing (tag "%CABECALHO_SEMANA" with attributes). 
Invalid equal sign (=) encountered while parsing (tag "%CABECALHO_SEMANA" with attributes). 
Invalid equal sign (=) encountered while parsing (tag "%CABECALHO_SEMANA" with attributes). 
Invalid equal sign (=) encountered while parsing (tag "%'CABECALHO_SEMANA" with attributes). 
Invalid equal sign (=) encountered while parsing (tag "%'CABECALHO_SEMANA" with attributes). 
Invalid equal sign (=) encountered while parsing (tag "%QTD_DIAS_SEMANA" with attributes). 
Invalid equal sign (=) encountered while parsing (tag "%QTD_DIAS_SEMANA" with attributes). 
Invalid equal sign (=) encountered while parsing (tag "%QTD_DIAS_SEMANA" with attributes). 
Invalid equal sign (=) encountered while parsing (tag "%QTD_DIAS_SEMANA" with attributes). 
End of file encountered while parsing (tag "TD" with attributes colspan=>). 
End of file encountered while parsing (tag "TD" with attributes colspan=>). 
End of file encountered while parsing (tag "TD" with attributes colspan=>). 
End of file encountered while parsing (tag "TD" with attributes colspan=>). 
End of file encountered while parsing (tag "TD" with attributes colspan=>). 
End of file encountered while parsing (tag "TD" with attributes colspan=>). 
End of file encountered while parsing (tag "TD" with attributes colspan=>). 
End of file encountered while parsing (tag "TD" with attributes colspan=>). 
End of file encountered while parsing (tag "TD" with attributes colspan=>). 
End of file encountered while parsing (tag "TD" with attributes colspan=>). 
End of file encountered while parsing (tag "TD" with attributes colspan=>). 
End of file encountered while parsing (tag "TD" with attributes colspan=>). 
Invalid character (,) encountered while parsing (tag "%'DIM" with attributes). 
Invalid character (,) encountered while parsing (tag "%'DIM" with attributes). 
Invalid quoted string 'if acao = "editar" then' encountered while parsing (tag "%IF" with attributes acao=editar OR=). 
Invalid quoted string 'if acao = "editar" then' encountered while parsing (tag "%IF" with attributes acao=editar OR=). 
Invalid quoted string '*** Impede que apareçam campos desnecessários ***' encountered while parsing (tag "%IF" with attributes acao=editar). 
Invalid character (-) encountered while parsing (tag "%RS_HIST_VAL.MOVENEXT" with attributes wend= DIFERENCA_ULTIMOS_VALORES=valor_ultimo_mes). 
Invalid equal sign (=) encountered while parsing (tag "%LISTA_PAGTO" with attributes). 
Invalid equal sign (=) encountered while parsing (tag "%LISTA_PAGTO" with attributes). 
Invalid equal sign (=) encountered while parsing (tag "%LISTA_PAGTO" with attributes). 
Invalid equal sign (=) encountered while parsing (tag "%LISTA_PAGTO" with attributes). 
Invalid equal sign (=) encountered while parsing (tag "%LISTA_PAGTO" with attributes). 
Invalid equal sign (=) encountered while parsing (tag "%LISTA_PAGTO" with attributes). 
Invalid equal sign (=) encountered while parsing (tag "%LISTA_PAGTO" with attributes). 
Invalid equal sign (=) encountered while parsing (tag "%LISTA_PAGTO" with attributes). 
Invalid equal sign (=) encountered while parsing (tag "%LISTA_PAGTO" with attributes). 
Invalid equal sign (=) encountered while parsing (tag "%PAGTO_ARRAY" with attributes). 
Invalid equal sign (=) encountered while parsing (tag "%PAGTO_ARRAY" with attributes). 
Invalid equal sign (=) encountered while parsing (tag "%PAGTO_ARRAY" with attributes). 
Invalid equal sign (=) encountered while parsing (tag "%PAGTO_ARRAY" with attributes). 
Invalid equal sign (=) encountered while parsing (tag "%PAGTO_ARRAY" with attributes). 
Invalid equal sign (=) encountered while parsing (tag "%PAGTO_ARRAY" with attributes). 
Invalid equal sign (=) encountered while parsing (tag "%PAGTO_ARRAY" with attributes). 
Invalid equal sign (=) encountered while parsing (tag "%PAGTO_ARRAY" with attributes). 
Invalid equal sign (=) encountered while parsing (tag "%PAGTO_ARRAY" with attributes). 
Invalid equal sign (=) encountered while parsing (tag "%PAGTO_ARRAY" with attributes). 
Invalid equal sign (=) encountered while parsing (tag "%PAGTO_ARRAY" with attributes). 
Invalid equal sign (=) encountered while parsing (tag "%PAGTO_ARRAY" with attributes). 
Invalid equal sign (=) encountered while parsing (tag "%PAGTO_ARRAY" with attributes). 
Invalid equal sign (=) encountered while parsing (tag "%PAGTO_ARRAY" with attributes). 
Invalid equal sign (=) encountered while parsing (tag "%PAGTO_ARRAY" with attributes). 
Invalid equal sign (=) encountered while parsing (tag "%PAGTO_ARRAY" with attributes). 
Invalid equal sign (=) encountered while parsing (tag "%PAGTO_ARRAY" with attributes). 
Invalid equal sign (=) encountered while parsing (tag "%PAGTO_ARRAY" with attributes). 
Invalid equal sign (=) encountered while parsing (tag "%NUM_LINHA" with attributes). 
Invalid equal sign (=) encountered while parsing (tag "%NUM_LINHA" with attributes). 
Invalid equal sign (=) encountered while parsing (tag "%NUM_LINHA" with attributes). 
Invalid equal sign (=) encountered while parsing (tag "%NUM_LINHA" with attributes). 
Invalid equal sign (=) encountered while parsing (tag "%STRSQL" with attributes). 
Invalid equal sign (=) encountered while parsing (tag "%STRSQL" with attributes). 
Invalid equal sign (=) encountered while parsing (tag "%STRSQL" with attributes). 
Invalid equal sign (=) encountered while parsing (tag "%STRSQL" with attributes). 
Invalid equal sign (=) encountered while parsing (tag "%STRSQL" with attributes). 
Invalid equal sign (=) encountered while parsing (tag "%STRSQL" with attributes). 
Invalid equal sign (=) encountered while parsing (tag "%STRSQL" with attributes). 
Invalid equal sign (=) encountered while parsing (tag "%STRSQL" with attributes). 
Invalid equal sign (=) encountered while parsing (tag "%NUM_LINHA" with attributes). 
Invalid equal sign (=) encountered while parsing (tag "%NUM_LINHA" with attributes). 
Invalid equal sign (=) encountered while parsing (tag "%STRSQL" with attributes). 
Invalid equal sign (=) encountered while parsing (tag "%STRSQL" with attributes). 
Invalid equal sign (=) encountered while parsing (tag "%CHECK1" with attributes). 
Invalid equal sign (=) encountered while parsing (tag "%CHECK1" with attributes). 
Invalid equal sign (=) encountered while parsing (tag "%CHECK1" with attributes). 
Invalid equal sign (=) encountered while parsing (tag "%CHECK1" with attributes). 
Invalid equal sign (=) encountered while parsing (tag "%CHECK1" with attributes). 
Invalid equal sign (=) encountered while parsing (tag "%CHECK1" with attributes). 
Invalid quoted string 'diario_pagamentos.asp?cd_cheque=&cd_cheque' encountered while parsing (tag "IMG" with attributes src=../../imagens/check_aguarda.gif alt=Exclui width=25 height=12 border=0 onClick=onClick=). 
Invalid equal sign (=) encountered while parsing (tag "%CD_CONTA_BANCO" with attributes). 
Invalid equal sign (=) encountered while parsing (tag "%CD_CONTA_BANCO" with attributes). 
Invalid equal sign (=) encountered while parsing (tag "%NUM_LINHA" with attributes). 
Invalid equal sign (=) encountered while parsing (tag "%NUM_LINHA" with attributes). 
Invalid equal sign (=) encountered while parsing (tag "%NUM_LINHA" with attributes). 
Invalid equal sign (=) encountered while parsing (tag "%NUM_LINHA" with attributes). 
Invalid equal sign (=) encountered while parsing (tag "%NUM_LINHA" with attributes). 
Invalid equal sign (=) encountered while parsing (tag "%NUM_LINHA" with attributes). 
Invalid equal sign (=) encountered while parsing (tag "%NUM_LINHA" with attributes). 
Invalid equal sign (=) encountered while parsing (tag "%NUM_LINHA" with attributes). 
Invalid equal sign (=) encountered while parsing (tag "%NUM_LINHA" with attributes). 
Invalid equal sign (=) encountered while parsing (tag "%NUM_LINHA" with attributes). 
Invalid equal sign (=) encountered while parsing (tag "%NUM_LINHA" with attributes). 
Invalid equal sign (=) encountered while parsing (tag "%NUM_LINHA" with attributes). 
Invalid equal sign (=) encountered while parsing (tag "%CHECK1" with attributes). 
Invalid equal sign (=) encountered while parsing (tag "%CHECK1" with attributes). 
Invalid equal sign (=) encountered while parsing (tag "%CHECK1" with attributes). 
Invalid equal sign (=) encountered while parsing (tag "%CHECK1" with attributes). 
Invalid equal sign (=) encountered while parsing (tag "%DT_VENCIMENTO_ANTERIOR" with attributes). 
Invalid equal sign (=) encountered while parsing (tag "%DT_VENCIMENTO_ANTERIOR" with attributes). 
Invalid equal sign (=) encountered while parsing (tag "%CHECK1" with attributes). 
Invalid equal sign (=) encountered while parsing (tag "%CHECK1" with attributes). 
Invalid equal sign (=) encountered while parsing (tag "%CHECK1" with attributes). 
Invalid equal sign (=) encountered while parsing (tag "%DT_VENCIMENTO_ANTERIOR" with attributes). 
Invalid equal sign (=) encountered while parsing (tag "%DT_VENCIMENTO_ANTERIOR" with attributes). 
Invalid equal sign (=) encountered while parsing (tag "%DT_VENCIMENTO_ANTERIOR" with attributes). 
Invalid equal sign (=) encountered while parsing (tag "%DT_VENCIMENTO_ANTERIOR" with attributes). 
Invalid quoted string '>' encountered while parsing (tag "%'***" with attributes). 
Invalid quoted string ' Define a posição do domingo:>' encountered while parsing (tag "%'*******************************" with attributes). 
Invalid quoted string ' Define a posição do domingo:>' encountered while parsing (tag "%'*******************************" with attributes). 
Invalid quoted string ' Define a posição do domingo:   *' encountered while parsing (tag "%'*******************************" with attributes). 
Invalid quoted string ' Define a posição do domingo:   *' encountered while parsing (tag "%'*******************************" with attributes). 
Invalid quoted string ' Define a posição do domingo:   *' encountered while parsing (tag "%'*******************************" with attributes). 
Invalid quoted string ' Define a posição do domingo:   *' encountered while parsing (tag "%'*******************************" with attributes). 
Invalid quoted string ' Define a posição do domingo:   *' encountered while parsing (tag "%'*******************************" with attributes). 
Invalid quoted string '*>' encountered while parsing (tag "%'*******************************" with attributes). 
Invalid quoted string '*  Define a posição do domingo:   *' encountered while parsing (tag "%'*******************************" with attributes). 
Invalid quoted string '*  Define a posição do domingo:   *' encountered while parsing (tag "%'*******************************" with attributes). 
Invalid quoted string '*  DEFINE>' encountered while parsing (tag "%'*******************************" with attributes). 
Invalid quoted string '*  DEFINE A>' encountered while parsing (tag "%'*******************************" with attributes). 
Invalid quoted string '*  DEFINE A POSICÇÃO>' encountered while parsing (tag "%'*******************************" with attributes). 
Invalid quoted string '*  DEFINE A POSICÇÃO DO>' encountered while parsing (tag "%'*******************************" with attributes). 
Invalid quoted string '*  DEFINE A POSICÇÃO DO DOMINGO>' encountered while parsing (tag "%'*******************************" with attributes). 
Invalid quoted string '*  DEFINE A POSICÇÃO DO DOMINGO  *' encountered while parsing (tag "%'********************************" with attributes). 
Invalid quoted string '*  DEFINE A POSICÇÃO DO DOMINGO  *' encountered while parsing (tag "%'********************************" with attributes). 
Invalid equal sign (=) encountered while parsing (tag "%'QTD_DIAS_SEMANA" with attributes). 
Invalid equal sign (=) encountered while parsing (tag "%'QTD_DIAS_SEMANA" with attributes). 
Invalid equal sign (=) encountered while parsing (tag "%'QTD_DIAS_SEMANA" with attributes). 
Invalid equal sign (=) encountered while parsing (tag "%'QTD_DIAS_SEMANA" with attributes). 
Invalid equal sign (=) encountered while parsing (tag "%'QTD_DIAS_SEMANA" with attributes). 
Invalid equal sign (=) encountered while parsing (tag "%'QTD_DIAS_SEMANA" with attributes). 
Invalid equal sign (=) encountered while parsing (tag "%XSQL" with attributes). 
Invalid equal sign (=) encountered while parsing (tag "%XSQL" with attributes). 
Invalid equal sign (=) encountered while parsing (tag "%XSQL" with attributes). 
Invalid equal sign (=) encountered while parsing (tag "%XSQL" with attributes). 
Invalid equal sign (=) encountered while parsing (tag "BODY" with attributes). 
Invalid equal sign (=) encountered while parsing (tag "%DT_VENCIMENTO_ANTERIOR" with attributes). 
Invalid equal sign (=) encountered while parsing (tag "%DT_VENCIMENTO_ANTERIOR" with attributes). 
Invalid equal sign (=) encountered while parsing (tag "%CD_CONTA_BANCO" with attributes). 
Invalid equal sign (=) encountered while parsing (tag "%CD_CONTA_BANCO" with attributes). 
Invalid equal sign (=) encountered while parsing (tag "%CD_CONTA_BANCO" with attributes). 
Invalid equal sign (=) encountered while parsing (tag "%CD_CONTA_BANCO" with attributes). 
