Invalid character (+) encountered while parsing (tag "%RS.MOVENEXT" with attributes grava_info=compara sub_conta=sub_conta). 
Invalid character (+) encountered while parsing (tag "%RS.MOVENEXT" with attributes grava_info=compara sub_conta=sub_conta). 
Invalid character (+) encountered while parsing (tag "%RS.MOVENEXT" with attributes grava_info=compara sub_conta=sub_conta). 
Invalid character (+) encountered while parsing (tag "%RS.MOVENEXT" with attributes grava_info=compara sub_conta=sub_conta). 
Invalid equal sign (=) encountered while parsing (tag "%MAT_ARRAY" with attributes). 
Invalid equal sign (=) encountered while parsing (tag "%MAT_ARRAY" with attributes). 
Invalid character (+) encountered while parsing (tag "%" with attributes conta_linha=conta_linha). 
End of file encountered while parsing comment. 
Invalid quoted string 'Sim' encountered while parsing (tag "%IF" with attributes cd_co=1 then=). 
Invalid quoted string 'Sim' encountered while parsing (tag "%IF" with attributes cd_co=1 then=). 
Invalid equal sign (=) encountered while parsing (tag "%XSQL" with attributes). 
Invalid equal sign (=) encountered while parsing (tag "%XSQL" with attributes). 
End of file encountered while parsing comment. 
End of file encountered while parsing comment. 
Invalid quoted string '***     Define a quantidade de linhas por página     ***' encountered while parsing (tag "%'******************************************************" with attributes). 
Invalid quoted string '***     Define a quantidade de linhas por página     ***' encountered while parsing (tag "%'******************************************************" with attributes). 
Invalid quoted string '***     Define a quantidade de linhas por página     ***' encountered while parsing (tag "%'******************************************************" with attributes). 
Invalid quoted string '***     Define a quantidade de linhas por página     ***' encountered while parsing (tag "%'******************************************************" with attributes). 
Invalid quoted string '***     Define a quantidade de linhas por página     ***' encountered while parsing (tag "%'******************************************************" with attributes). 
Invalid quoted string '***     Define a quantidade de linhas por página     ***' encountered while parsing (tag "%'******************************************************" with attributes). 
Invalid quoted string '***     Define a quantidade de linhas por página     ***' encountered while parsing (tag "%'******************************************************" with attributes). 
Invalid quoted string '***     Define a quantidade de linhas por página     ***' encountered while parsing (tag "%'******************************************************" with attributes). 
Invalid quoted string '***     Define a quantidade de linhas por página     ***' encountered while parsing (tag "%'******************************************************" with attributes). 
Invalid quoted string '***     Define a quantidade de linhas por página     ***' encountered while parsing (tag "%'******************************************************" with attributes). 
Invalid quoted string '***     Define a quantidade de linhas por página     ***' encountered while parsing (tag "%'******************************************************" with attributes). 
Invalid quoted string '***     Define a quantidade de linhas por página     ***' encountered while parsing (tag "%'******************************************************" with attributes). 
Invalid quoted string '***     Define a quantidade de linhas por página     ***' encountered while parsing (tag "%'******************************************************" with attributes). 
Invalid quoted string '***     Define a quantidade de linhas por página     ***' encountered while parsing (tag "%'******************************************************" with attributes). 
Invalid quoted string '***     Define a quantidade de linhas por página     ***' encountered while parsing (tag "%'******************************************************" with attributes). 
Invalid quoted string '***     Define a quantidade de linhas por página     ***' encountered while parsing (tag "%'******************************************************" with attributes). 
Invalid quoted string '***     Define a quantidade de linhas por página     ***' encountered while parsing (tag "%'******************************************************" with attributes). 
Invalid quoted string '***     Define a quantidade de linhas por página     ***' encountered while parsing (tag "%'******************************************************" with attributes). 
Invalid quoted string '***     Define a quantidade de linhas por página     ***' encountered while parsing (tag "%'******************************************************" with attributes). 
Invalid quoted string '***     Define a quantidade de linhas por página     ***' encountered while parsing (tag "%'******************************************************" with attributes). 
Invalid quoted string '***     Define a quantidade de linhas por página     ***' encountered while parsing (tag "%'******************************************************" with attributes). 
Invalid quoted string '***     Define a quantidade de linhas por página     ***' encountered while parsing (tag "%'******************************************************" with attributes). 
Invalid quoted string '***     Define a quantidade de linhas por página     ***' encountered while parsing (tag "%'******************************************************" with attributes). 
Invalid quoted string '***     Define a quantidade de linhas por página     ***' encountered while parsing (tag "%'******************************************************" with attributes). 
Invalid quoted string '***     Define a quantidade de linhas por página     ***' encountered while parsing (tag "%'******************************************************" with attributes). 
Invalid quoted string '***     Define a quantidade de linhas por página     ***' encountered while parsing (tag "%'******************************************************" with attributes). 
Invalid quoted string '***     Define a quantidade de linhas por página     ***' encountered while parsing (tag "%'******************************************************" with attributes). 
Invalid quoted string '***     Define a quantidade de linhas por página     ***' encountered while parsing (tag "%'******************************************************" with attributes). 
Invalid quoted string '***     Define a quantidade de linhas por página     ***' encountered while parsing (tag "%'******************************************************" with attributes). 
Invalid quoted string '***     Define a quantidade de linhas por página     ***' encountered while parsing (tag "%'******************************************************" with attributes). 
Invalid quoted string '***     Define a quantidade de linhas por página     ***' encountered while parsing (tag "%'******************************************************" with attributes). 
Invalid quoted string '***     Define a quantidade de linhas por página     ***' encountered while parsing (tag "%'******************************************************" with attributes). 
Invalid quoted string '***     Define a quantidade de linhas por página     ***' encountered while parsing (tag "%'******************************************************" with attributes). 
Invalid quoted string '***     Define a quantidade de linhas por página     ***' encountered while parsing (tag "%'******************************************************" with attributes). 
Invalid quoted string '***     Define a quantidade de linhas por página     ***' encountered while parsing (tag "%'******************************************************" with attributes). 
Invalid quoted string '***     Define a quantidade de linhas por página     ***' encountered while parsing (tag "%'******************************************************" with attributes). 
Invalid quoted string '***     Define a quantidade de linhas por página     ***' encountered while parsing (tag "%'******************************************************" with attributes). 
Invalid quoted string '***     Define a quantidade de linhas por página     ***' encountered while parsing (tag "%'******************************************************" with attributes). 
Invalid quoted string '***     Define a quantidade de linhas por página     ***' encountered while parsing (tag "%'******************************************************" with attributes). 
Invalid quoted string '***     Define a quantidade de linhas por página     ***' encountered while parsing (tag "%'******************************************************" with attributes). 
Invalid character (+) encountered while parsing (tag "%'NUMERAçãO" with attributes e= MUDANçA= DAS= CORES= LINHAS= LINHA_NUMERAR=linha_numerar). 
Invalid character (+) encountered while parsing (tag "%'NUMERAçãO" with attributes e= MUDANçA= DAS= CORES= LINHAS= LINHA_NUMERAR=linha_numerar). 
Invalid character (+) encountered while parsing (tag "%'NUMERAçãO" with attributes e= MUDANçA= DAS= CORES= LINHAS= LINHA_NUMERAR=linha_numerar). 
Invalid character (+) encountered while parsing (tag "%'NUMERAçãO" with attributes e= MUDANçA= DAS= CORES= LINHAS= LINHA_NUMERAR=linha_numerar). 
Invalid equal sign (=) encountered while parsing (tag "%LINHA_NUMERAR" with attributes). 
Invalid equal sign (=) encountered while parsing (tag "%LINHA_NUMERAR" with attributes). 
Invalid quoted string '%>' encountered while parsing (tag "%IF" with attributes rack_numerar=0 then=). 
Invalid quoted string ' Reinicia%>' encountered while parsing (tag "%IF" with attributes rack_numerar=0 then=). 
Invalid quoted string ' Reinicia a%>' encountered while parsing (tag "%IF" with attributes rack_numerar=0 then=). 
Invalid quoted string ' Reinicia a contagem%>' encountered while parsing (tag "%IF" with attributes rack_numerar=0 then=). 
Invalid quoted string ' Reinicia a contagem do%>' encountered while parsing (tag "%IF" with attributes rack_numerar=0 then=). 
Invalid quoted string 'Salto de página caso alcance 46 registros ou se o alcançar a quantidade de registros por rack' encountered while parsing (tag "%IF" with attributes reg_num=qtd_linhas_pag OR= RACK_NUMERAR=rack_num). 
Invalid quoted string 'Salto de página caso alcance 46 registros ou se o alcançar a quantidade de registros por rack' encountered while parsing (tag "%IF" with attributes reg_num=qtd_linhas_pag OR= RACK_NUMERAR=rack_num). 
Invalid quoted string 'Salto de página caso alcance 46 registros ou se o alcançar a quantidade de registros por rack' encountered while parsing (tag "%IF" with attributes reg_num=qtd_linhas_pag OR= RACK_NUMERAR=rack_num). 
Invalid quoted string 'Salto de página caso alcance 46 registros ou se o alcançar a quantidade de registros por rack' encountered while parsing (tag "%IF" with attributes reg_num=qtd_linhas_pag OR= RACK_NUMERAR=rack_num). 
Invalid quoted string 'Salto de página caso alcance 46 registros ou se o alcançar a quantidade de registros por rack' encountered while parsing (tag "%IF" with attributes reg_num=qtd_linhas_pag OR= RACK_NUMERAR=rack_num). 
Invalid quoted string 'Salto de página caso alcance 46 registros ou se o alcançar a quantidade de registros por rack' encountered while parsing (tag "%IF" with attributes reg_num=qtd_linhas_pag OR= RACK_NUMERAR=rack_num). 
Invalid quoted string 'Salto de página caso alcance 46 registros ou se o alcançar a quantidade de registros por rack' encountered while parsing (tag "%IF" with attributes reg_num=qtd_linhas_pag OR= RACK_NUMERAR=rack_num). 
Invalid quoted string 'Salto de página caso alcance 46 registros ou se o alcançar a quantidade de registros por rack' encountered while parsing (tag "%IF" with attributes reg_num=qtd_linhas_pag OR= RACK_NUMERAR=rack_num). 
Invalid quoted string 'Salto de página caso alcance 46 registros ou se o alcançar a quantidade de registros por rack' encountered while parsing (tag "%IF" with attributes reg_num=qtd_linhas_pag OR= RACK_NUMERAR=rack_num). 
Invalid quoted string 'Salto de página caso alcance 46 registros ou se o alcançar a quantidade de registros por rack' encountered while parsing (tag "%IF" with attributes reg_num=qtd_linhas_pag OR= RACK_NUMERAR=rack_num). 
Invalid quoted string 'Salto de página caso alcance 46 registros ou se o alcançar a quantidade de registros por rack' encountered while parsing (tag "%IF" with attributes reg_num=qtd_linhas_pag OR= RACK_NUMERAR=rack_num). 
Invalid quoted string 'Salto de página caso alcance 46 registros ou se o alcançar a quantidade de registros por rack' encountered while parsing (tag "%IF" with attributes reg_num=qtd_linhas_pag OR= RACK_NUMERAR=rack_num). 
Invalid quoted string 'Salto de página caso alcance 46 registros ou se o alcançar a quantidade de registros por rack' encountered while parsing (tag "%IF" with attributes reg_num=qtd_linhas_pag OR= RACK_NUMERAR=rack_num). 
Invalid quoted string 'Salto de página caso alcance 46 registros ou se o alcançar a quantidade de registros por rack' encountered while parsing (tag "%IF" with attributes reg_num=qtd_linhas_pag OR= RACK_NUMERAR=rack_num). 
Invalid quoted string 'Salto de página caso alcance 46 registros ou se o alcançar a quantidade de registros por rack' encountered while parsing (tag "%IF" with attributes reg_num=qtd_linhas_pag OR= RACK_NUMERAR=rack_num). 
Invalid quoted string 'Salto de página caso alcance 46 registros ou se o alcançar a quantidade de registros por rack' encountered while parsing (tag "%IF" with attributes reg_num=qtd_linhas_pag OR= RACK_NUMERAR=rack_num). 
Invalid quoted string 'Salto de página caso alcance 46 registros ou se o alcançar a quantidade de registros por rack' encountered while parsing (tag "%IF" with attributes reg_num=qtd_linhas_pag OR= RACK_NUMERAR=rack_num). 
Invalid quoted string 'Salto de página caso alcance 46 registros ou se o alcançar a quantidade de registros por rack' encountered while parsing (tag "%IF" with attributes reg_num=qtd_linhas_pag OR= RACK_NUMERAR=rack_num). 
Invalid quoted string 'Salto de página caso alcance 46 registros ou se o alcançar a quantidade de registros por rack' encountered while parsing (tag "%IF" with attributes reg_num=qtd_linhas_pag OR= RACK_NUMERAR=rack_num). 
Invalid quoted string 'Salto de página caso alcance 46 registros ou se o alcançar a quantidade de registros por rack' encountered while parsing (tag "%IF" with attributes reg_num=qtd_linhas_pag OR= RACK_NUMERAR=rack_num). 
Invalid quoted string 'Salto de página caso alcance 46 registros ou se o alcançar a quantidade de registros por rack' encountered while parsing (tag "%IF" with attributes reg_num=qtd_linhas_pag OR= RACK_NUMERAR=rack_num). 
Invalid quoted string 'Salto de página caso alcance 46 registros ou se o alcançar a quantidade de registros por rack' encountered while parsing (tag "%IF" with attributes reg_num=qtd_linhas_pag OR= RACK_NUMERAR=rack_num). 
Invalid quoted string 'Salto de página caso alcance 46 registros ou se o alcançar a quantidade de registros por rack' encountered while parsing (tag "%IF" with attributes reg_num=qtd_linhas_pag OR= RACK_NUMERAR=rack_num). 
Invalid quoted string 'Salto de página caso alcance 46 registros ou se o alcançar a quantidade de registros por rack' encountered while parsing (tag "%IF" with attributes reg_num=qtd_linhas_pag OR= RACK_NUMERAR=rack_num). 
Invalid equal sign (=) encountered while parsing (tag "%LINHA_NUMERAR" with attributes). 
Invalid equal sign (=) encountered while parsing (tag "%LINHA_NUMERAR" with attributes). 
Invalid character (+) encountered while parsing (tag "%'NUMERAçãO" with attributes e= MUDANçA= DAS= CORES= LINHAS= LINHA_NUMERAR=linha_numerar). 
Invalid character (+) encountered while parsing (tag "%'NUMERAçãO" with attributes e= MUDANçA= DAS= CORES= LINHAS= LINHA_NUMERAR=linha_numerar). 
Invalid character (+) encountered while parsing (tag "%'NUMERAçãO" with attributes e= MUDANçA= DAS= CORES= LINHAS= LINHA_NUMERAR=linha_numerar). 
Invalid character (+) encountered while parsing (tag "%'NUMERAçãO" with attributes e= MUDANçA= DAS= CORES= LINHAS= LINHA_NUMERAR=linha_numerar). 
Invalid quoted string 'Salto de página caso alcance 46 registros ou se o alcançar a quantidade de registros por rack' encountered while parsing (tag "%IF" with attributes reg_num=qtd_linhas_pag OR= RACK_NUMERAR=rack_num PROCEDIMENTOS=reg_num). 
Invalid quoted string 'Salto de página caso alcance 46 registros ou se o alcançar a quantidade de registros por rack' encountered while parsing (tag "%IF" with attributes reg_num=qtd_linhas_pag OR= RACK_NUMERAR=rack_num PROCEDIMENTOS=reg_num). 
End of file encountered while parsing comment. 
End of file encountered while parsing comment. 
End of file encountered while parsing comment. 
End of file encountered while parsing comment. 
End of file encountered while parsing comment. 
End of file encountered while parsing comment. 
End of file encountered while parsing comment. 
End of file encountered while parsing comment. 
End of file encountered while parsing comment. 
End of file encountered while parsing comment. 
End of file encountered while parsing comment. 
End of file encountered while parsing comment. 
End of file encountered while parsing comment. 
End of file encountered while parsing comment. 
End of file encountered while parsing comment. 
Invalid quoted string 'B.2 - Mostra os procedimentos ->' encountered while parsing (tag "%'******************************************************************************************************" with attributes). 
Invalid character (%) encountered while parsing (tag "%'=UCASE(MES_SELECIONADO(INT(MES_SEL)))" with attributes). 
Invalid character (%) encountered while parsing (tag "%'=UCASE(MES_SELECIONADO(INT(MES_SEL)))" with attributes if=). 
Invalid character (%) encountered while parsing (tag "%'=UCASE(MES_SELECIONADO(INT(MES_SEL)))" with attributes if=). 
Invalid character (%) encountered while parsing (tag "%'=UCASE(MES_SELECIONADO(INT(MES_SEL)))" with attributes if= MES_SEL=1). 
Invalid character (%) encountered while parsing (tag "%'=UCASE(MES_SELECIONADO(INT(MES_SEL)))" with attributes if= MES_SEL=1 then=). 
Invalid character (%) encountered while parsing (tag "%'=UCASE(MES_SELECIONADO(INT(MES_SEL)))" with attributes if= MES_SEL=1 then= MOSTRA= END=). 
Invalid character (%) encountered while parsing (tag "%'=UCASE(MES_SELECIONADO(INT(MES_SEL)))" with attributes if= MES_SEL=1 then= MOSTRA=end). 
