Invalid equal sign (=) encountered while parsing (tag "%CD_UNIDADE" with attributes). 
Invalid equal sign (=) encountered while parsing (tag "%CD_UNIDADE" with attributes). 
Invalid quoted string 'acao' encountered while parsing (tag "%" with attributes acao=request(). 
Invalid quoted string 'acao' encountered while parsing (tag "%" with attributes acao=request(). 
Invalid quoted string 'acao' encountered while parsing (tag "%" with attributes acao=request(). 
Invalid quoted string 'acao' encountered while parsing (tag "%" with attributes acao=request(). 
Invalid quoted string 'acao' encountered while parsing (tag "%" with attributes acao=request(). 
Invalid quoted string 'acao' encountered while parsing (tag "%" with attributes acao=request(). 
Invalid quoted string 'acao' encountered while parsing (tag "%" with attributes acao=request(). 
Invalid quoted string 'acao' encountered while parsing (tag "%" with attributes acao=request(). 
Invalid quoted string 'acao' encountered while parsing (tag "%" with attributes acao=request(). 
Invalid quoted string 'acao' encountered while parsing (tag "%" with attributes acao=request(). 
Invalid quoted string 'acao' encountered while parsing (tag "%" with attributes acao=request(). 
Invalid quoted string 'acao' encountered while parsing (tag "%" with attributes acao=request(). 
Invalid quoted string 'acao' encountered while parsing (tag "%" with attributes acao=request(). 
Invalid quoted string 'acao' encountered while parsing (tag "%" with attributes acao=request(). 
Invalid quoted string 'acao' encountered while parsing (tag "%" with attributes acao=request(). 
Invalid quoted string 'acao' encountered while parsing (tag "%" with attributes acao=request(). 
Invalid quoted string 'acao' encountered while parsing (tag "%" with attributes acao=request(). 
Invalid quoted string 'acao' encountered while parsing (tag "%" with attributes acao=request(). 
Invalid quoted string 'acao' encountered while parsing (tag "%" with attributes acao=request(). 
Invalid quoted string 'acao' encountered while parsing (tag "%" with attributes acao=request(). 
Invalid quoted string 'acao' encountered while parsing (tag "%" with attributes acao=request(). 
Invalid quoted string 'acao' encountered while parsing (tag "%" with attributes acao=request(). 
Invalid quoted string 'acao' encountered while parsing (tag "%" with attributes acao=request(). 
Invalid quoted string 'acao' encountered while parsing (tag "%" with attributes acao=request(). 
Invalid quoted string 'acao' encountered while parsing (tag "%" with attributes acao=request(). 
Invalid character (+) encountered while parsing (tag "%" with attributes protocolo=protocolo). 
Invalid character (+) encountered while parsing (tag "%" with attributes protocolo=protocolo). 
Invalid character (+) encountered while parsing (tag "%" with attributes protocolo=protocolo). 
Invalid character (+) encountered while parsing (tag "%" with attributes protocolo=protocolo). 
Invalid character (”) encountered while parsing (tag "INPUT" with attributes). 
Invalid equal sign (=) encountered while parsing (tag "%CD_COD_ESPEC" with attributes). 
Invalid equal sign (=) encountered while parsing (tag "%CD_COD_ESPEC" with attributes). 
Invalid equal sign (=) encountered while parsing (tag "%STRSQL" with attributes). 
Invalid equal sign (=) encountered while parsing (tag "%STRSQL" with attributes). 
Invalid equal sign (=) encountered while parsing (tag "%STRSQL" with attributes). 
Invalid equal sign (=) encountered while parsing (tag "%STRSQL" with attributes). 
Invalid equal sign (=) encountered while parsing (tag "%STRSQL" with attributes). 
Invalid equal sign (=) encountered while parsing (tag "%STRSQL" with attributes). 
Invalid equal sign (=) encountered while parsing (tag "%STRSQL" with attributes). 
Invalid equal sign (=) encountered while parsing (tag "%'TXTBUSCA" with attributes). 
Invalid equal sign (=) encountered while parsing (tag "%'TXTBUSCA" with attributes). 
Invalid equal sign (=) encountered while parsing (tag "%'TXTBUSCA" with attributes). 
Invalid equal sign (=) encountered while parsing (tag "%'TXTBUSCA" with attributes). 
Invalid equal sign (=) encountered while parsing (tag "%'TXTBUSCA" with attributes). 
Invalid equal sign (=) encountered while parsing (tag "%'TXTBUSCA" with attributes). 
Invalid equal sign (=) encountered while parsing (tag "%'TXTBUSCA" with attributes). 
Invalid equal sign (=) encountered while parsing (tag "%'TXTBUSCA" with attributes). 
Invalid equal sign (=) encountered while parsing (tag "%'TXTBUSCA" with attributes). 
Invalid equal sign (=) encountered while parsing (tag "%'TXTBUSCA" with attributes). 
Invalid equal sign (=) encountered while parsing (tag "%'TXTBUSCA" with attributes). 
Invalid equal sign (=) encountered while parsing (tag "%'TXTBUSCA" with attributes). 
Invalid character (;) encountered while parsing (tag "A" with attributes href=Javascript:void(0); return=). 
Invalid character (%) encountered while parsing (tag "%'RS_PROC.MOVENEXT" with attributes). 
End of file encountered while parsing comment. 
End of file encountered while parsing comment. 
End of file encountered while parsing comment. 
End of file encountered while parsing comment. 
End of file encountered while parsing comment. 
Invalid equal sign (=) encountered while parsing (tag "%'TXTBUSCA" with attributes). 
Invalid equal sign (=) encountered while parsing (tag "%'TXTBUSCA" with attributes). 
Invalid equal sign (=) encountered while parsing (tag "%'TXTBUSCA" with attributes). 
Invalid equal sign (=) encountered while parsing (tag "%'TXTBUSCA" with attributes). 
Invalid equal sign (=) encountered while parsing (tag "%'TXTBUSCA" with attributes). 
Invalid equal sign (=) encountered while parsing (tag "%'TXTBUSCA" with attributes). 
Invalid equal sign (=) encountered while parsing (tag "%'TXTBUSCA" with attributes). 
Invalid equal sign (=) encountered while parsing (tag "%CD_COD_CRM" with attributes). 
Invalid equal sign (=) encountered while parsing (tag "%CD_COD_CRM" with attributes). 
