Invalid equal sign (=) encountered while parsing (tag "%CABECA" with attributes). 
Invalid equal sign (=) encountered while parsing (tag "%CABECA" with attributes). 
Invalid quoted string 'cd_valor' encountered while parsing (tag "%" with attributes cd_valor=request(). 
Invalid quoted string 'cd_valor' encountered while parsing (tag "%" with attributes cd_valor=request(). 
Invalid quoted string 'cd_valor' encountered while parsing (tag "%" with attributes cd_valor=request(). 
Invalid quoted string 'cd_valor' encountered while parsing (tag "%" with attributes cd_valor=request(). 
Invalid quoted string 'cd_valor' encountered while parsing (tag "%" with attributes cd_valor=request(). 
Invalid quoted string 'cd_valor' encountered while parsing (tag "%" with attributes cd_valor=request(). 
Invalid quoted string 'cd_valor' encountered while parsing (tag "%" with attributes cd_valor=request(). 
Invalid quoted string 'cd_valor' encountered while parsing (tag "%" with attributes cd_valor=request(). 
Invalid quoted string 'cd_valor' encountered while parsing (tag "%" with attributes cd_valor=request(). 
Invalid quoted string 'cd_valor' encountered while parsing (tag "%" with attributes cd_valor=request(). 
Invalid quoted string 'cd_valor' encountered while parsing (tag "%" with attributes cd_valor=request(). 
Invalid quoted string 'cd_valor' encountered while parsing (tag "%" with attributes cd_valor=request(). 
Invalid quoted string 'cd_valor' encountered while parsing (tag "%" with attributes cd_valor=request(). 
Invalid equal sign (=) encountered while parsing (tag "%COR_LINHA" with attributes). 
Invalid equal sign (=) encountered while parsing (tag "%COR_LINHA" with attributes). 
Invalid equal sign (=) encountered while parsing (tag "%COR_LINHA" with attributes). 
Invalid equal sign (=) encountered while parsing (tag "%COR_LINHA" with attributes). 
Invalid equal sign (=) encountered while parsing (tag "%COR_LINHA" with attributes). 
Invalid equal sign (=) encountered while parsing (tag "%COR_LINHA" with attributes). 
Invalid equal sign (=) encountered while parsing (tag "%TOTAL_FUNC_LIQ" with attributes). 
Invalid equal sign (=) encountered while parsing (tag "%TOTAL_FUNC_LIQ" with attributes). 
Invalid equal sign (=) encountered while parsing (tag "%TOTAL_FUNC_LIQ" with attributes). 
Invalid equal sign (=) encountered while parsing (tag "%T_FUNC_RECEITA" with attributes). 
Invalid equal sign (=) encountered while parsing (tag "%T_FUNC_RECEITA" with attributes). 
Invalid equal sign (=) encountered while parsing (tag "%BASE_INSS" with attributes). 
Invalid equal sign (=) encountered while parsing (tag "%BASE_INSS" with attributes). 
Invalid equal sign (=) encountered while parsing (tag "%BASE_INSS" with attributes). 
Invalid equal sign (=) encountered while parsing (tag "%BASE_INSS" with attributes). 
Invalid equal sign (=) encountered while parsing (tag "%BASE_INSS" with attributes). 
Invalid equal sign (=) encountered while parsing (tag "%BASE_INSS" with attributes). 
Invalid equal sign (=) encountered while parsing (tag "%XSQL" with attributes). 
Invalid equal sign (=) encountered while parsing (tag "%T_FUNC_RECEITA" with attributes). 
Invalid equal sign (=) encountered while parsing (tag "%T_FUNC_RECEITA" with attributes). 
Invalid equal sign (=) encountered while parsing (tag "%T_FUNC_RECEITA" with attributes). 
Invalid equal sign (=) encountered while parsing (tag "%T_FUNC_RECEITA" with attributes). 
Invalid equal sign (=) encountered while parsing (tag "%T_FUNC_RECEITA" with attributes). 
Invalid equal sign (=) encountered while parsing (tag "%T_FUNC_RECEITA" with attributes). 
Invalid equal sign (=) encountered while parsing (tag "%T_FUNC_RECEITA" with attributes). 
Invalid equal sign (=) encountered while parsing (tag "%T_FUNC_RECEITA" with attributes). 
Invalid equal sign (=) encountered while parsing (tag "%T_FUNC_RECEITA" with attributes). 
Invalid equal sign (=) encountered while parsing (tag "%T_FUNC_RECEITA" with attributes). 
Invalid equal sign (=) encountered while parsing (tag "%T_FUNC_RECEITA" with attributes). 
Invalid equal sign (=) encountered while parsing (tag "%T_FUNC_RECEITA" with attributes). 
Invalid equal sign (=) encountered while parsing (tag "%T_FUNC_RECEITA" with attributes). 
Invalid equal sign (=) encountered while parsing (tag "%T_FUNC_RECEITA" with attributes). 
Invalid quoted string '**********************************************************************' encountered while parsing (tag "%" with attributes). 
Invalid quoted string '**********************************************************************' encountered while parsing (tag "%" with attributes). 
Invalid quoted string '**********************************************************************' encountered while parsing (tag "%" with attributes). 
Invalid quoted string '**********************************************************************' encountered while parsing (tag "%" with attributes). 
Invalid quoted string '**********************************************************************' encountered while parsing (tag "%" with attributes). 
Invalid character (*) encountered while parsing (tag "%'***" with attributes Verifica= A= QUANTIDADE= DE=). 
Invalid character (*) encountered while parsing (tag "%'***" with attributes Verifica= A= QUANTIDADE= DE=). 
Invalid character (*) encountered while parsing (tag "%'***" with attributes Verifica= A= QUANTIDADE= DE=). 
Invalid character (*) encountered while parsing (tag "%'***" with attributes Verifica= A= QUANTIDADE= DE=). 
Invalid character (*) encountered while parsing (tag "%'***" with attributes Verifica= A= QUANTIDADE= DE=). 
Invalid character (*) encountered while parsing (tag "%'***" with attributes Verifica= A= QUANTIDADE= DE=). 
Invalid character (*) encountered while parsing (tag "%'***" with attributes Verifica= A= QUANTIDADE= DE=). 
Invalid equal sign (=) encountered while parsing (tag "%STR_TITULO" with attributes). 
Invalid equal sign (=) encountered while parsing (tag "%STR_TITULO" with attributes). 
Invalid character (*) encountered while parsing (tag "%'***" with attributes Abre= A= JANELA= DE=). 
Invalid character (*) encountered while parsing (tag "%'***" with attributes Abre= A= JANELA= DE=). 
Invalid equal sign (=) encountered while parsing (tag "%STR_TITULO" with attributes). 
Invalid equal sign (=) encountered while parsing (tag "%STR_TITULO" with attributes). 
Invalid character (*) encountered while parsing (tag "%'***" with attributes Abre= A= JANELA= DE=). 
Invalid character (*) encountered while parsing (tag "%'***" with attributes Abre= A= JANELA= DE=). 
Invalid character (*) encountered while parsing (tag "%'***" with attributes Abre= A= JANELA= DE=). 
Invalid character (*) encountered while parsing (tag "%'***" with attributes Abre= A= JANELA= DE=). 
Invalid character (*) encountered while parsing (tag "%'***" with attributes Abre= A= JANELA= DE=). 
Invalid character (*) encountered while parsing (tag "%'***" with attributes Abre= A= JANELA= DE=). 
Invalid character (*) encountered while parsing (tag "%'***" with attributes Abre= A= JANELA= DE=). 
Invalid character (*) encountered while parsing (tag "%'***" with attributes Abre= A= JANELA= DE=). 
Invalid character (*) encountered while parsing (tag "%'***" with attributes Abre= A= JANELA= DE=). 
Invalid character (*) encountered while parsing (tag "%'***" with attributes Abre= A= JANELA= DE=). 
Invalid character (*) encountered while parsing (tag "%'***" with attributes Abre= A= JANELA= DE=). 
Invalid character (*) encountered while parsing (tag "%'***" with attributes Abre= A= JANELA= DE=). 
Invalid character (*) encountered while parsing (tag "%'***" with attributes Abre= A= JANELA= DE=). 
Invalid character (*) encountered while parsing (tag "%'***" with attributes Abre= A= JANELA= DE=). 
Invalid character (*) encountered while parsing (tag "%'***" with attributes Abre= A= JANELA= DE=). 
Invalid equal sign (=) encountered while parsing (tag "%STR_TITULO" with attributes). 
Invalid equal sign (=) encountered while parsing (tag "%STR_TITULO" with attributes). 
Invalid equal sign (=) encountered while parsing (tag "%STR_TITULO" with attributes). 
Invalid equal sign (=) encountered while parsing (tag "%STR_TITULO" with attributes). 
Invalid equal sign (=) encountered while parsing (tag "%STR_TITULO" with attributes). 
Invalid equal sign (=) encountered while parsing (tag "%STR_TITULO" with attributes). 
Invalid equal sign (=) encountered while parsing (tag "%STR_TITULO" with attributes). 
Invalid equal sign (=) encountered while parsing (tag "%STR_TITULO" with attributes). 
Invalid equal sign (=) encountered while parsing (tag "%STR_TITULO" with attributes). 
Invalid equal sign (=) encountered while parsing (tag "%STR_TITULO" with attributes). 
Invalid equal sign (=) encountered while parsing (tag "%STR_TITULO" with attributes). 
Invalid equal sign (=) encountered while parsing (tag "%STR_TITULO" with attributes). 
Invalid equal sign (=) encountered while parsing (tag "%STR_TITULO" with attributes). 
Invalid equal sign (=) encountered while parsing (tag "%STR_TITULO" with attributes). 
Invalid equal sign (=) encountered while parsing (tag "%X" with attributes). 
Invalid equal sign (=) encountered while parsing (tag "%X" with attributes). 
Invalid quoted string 'xsql = ""&selecao&" FROM VIEW_os_lista "&cond&" "&cond_mes&" "&cond_ano&" "&cond_ns&" "&cond_patrimonio&" "&cond_pat_vazio&" "&cond_eqp&" "&cond_und&" "&cond_forn&" "&cond_esp&" "&cond_aval&" "&cond_marca&" "&agrupamento&" "&ordem&" "&sentido&""' encountered while parsing (tag "%" with attributes). 
Invalid equal sign (=) encountered while parsing (tag "%GESTAO_ARRAY" with attributes). 
Invalid equal sign (=) encountered while parsing (tag "%GESTAO_ARRAY" with attributes). 
Invalid equal sign (=) encountered while parsing (tag "%GESTAO_ARRAY" with attributes). 
Invalid equal sign (=) encountered while parsing (tag "%GESTAO_ARRAY" with attributes). 
Invalid equal sign (=) encountered while parsing (tag "%GESTAO_ARRAY" with attributes). 
Invalid equal sign (=) encountered while parsing (tag "%GESTAO_ARRAY" with attributes). 
Invalid equal sign (=) encountered while parsing (tag "%GESTAO_ARRAY" with attributes). 
Invalid equal sign (=) encountered while parsing (tag "%GESTAO_ARRAY" with attributes). 
Invalid equal sign (=) encountered while parsing (tag "%GESTAO_ARRAY" with attributes). 
Invalid equal sign (=) encountered while parsing (tag "%GESTAO_ARRAY" with attributes). 
Invalid equal sign (=) encountered while parsing (tag "%GESTAO_ARRAY" with attributes). 
Invalid equal sign (=) encountered while parsing (tag "%GESTAO_ARRAY" with attributes). 
Invalid equal sign (=) encountered while parsing (tag "%GESTAO_ARRAY" with attributes). 
Invalid equal sign (=) encountered while parsing (tag "%GESTAO_ARRAY" with attributes). 
Invalid equal sign (=) encountered while parsing (tag "%GESTAO_ARRAY" with attributes). 
Invalid equal sign (=) encountered while parsing (tag "%GESTAO_ARRAY" with attributes). 
Invalid equal sign (=) encountered while parsing (tag "%GESTAO_ARRAY" with attributes). 
Invalid equal sign (=) encountered while parsing (tag "%GESTAO_ARRAY" with attributes). 
Invalid equal sign (=) encountered while parsing (tag "%TITULO" with attributes). 
Invalid equal sign (=) encountered while parsing (tag "%TITULO" with attributes). 
Invalid equal sign (=) encountered while parsing (tag "%GESTAO_ARRAY" with attributes). 
Invalid equal sign (=) encountered while parsing (tag "%GESTAO_ARRAY" with attributes). 
Invalid equal sign (=) encountered while parsing (tag "%GESTAO_ARRAY" with attributes). 
Invalid equal sign (=) encountered while parsing (tag "%GESTAO_ARRAY" with attributes). 
Invalid equal sign (=) encountered while parsing (tag "%GESTAO_ARRAY" with attributes). 
Invalid equal sign (=) encountered while parsing (tag "%'STRSQL" with attributes). 
Invalid equal sign (=) encountered while parsing (tag "%'STRSQL" with attributes). 
Invalid equal sign (=) encountered while parsing (tag "%'STRSQL" with attributes). 
Invalid equal sign (=) encountered while parsing (tag "%'STRSQL" with attributes). 
Invalid equal sign (=) encountered while parsing (tag "%XSQL" with attributes). 
Invalid equal sign (=) encountered while parsing (tag "%XSQL" with attributes). 
Invalid equal sign (=) encountered while parsing (tag "%NUM_LINHA" with attributes). 
Invalid equal sign (=) encountered while parsing (tag "%XSQL" with attributes). 
Invalid equal sign (=) encountered while parsing (tag "%XSQL" with attributes). 
Invalid equal sign (=) encountered while parsing (tag "%XSQL" with attributes). 
Invalid equal sign (=) encountered while parsing (tag "%XSQL" with attributes). 
Invalid equal sign (=) encountered while parsing (tag "%XSQL" with attributes). 
Invalid equal sign (=) encountered while parsing (tag "%LISTA_GEST_PARC" with attributes). 
Invalid equal sign (=) encountered while parsing (tag "%LISTA_GEST_PARC" with attributes). 
Invalid equal sign (=) encountered while parsing (tag "%LISTA_GEST_PARC" with attributes). 
Invalid equal sign (=) encountered while parsing (tag "%LISTA_GEST_PARC" with attributes). 
Invalid equal sign (=) encountered while parsing (tag "%LISTA_GEST_PARC" with attributes). 
Invalid equal sign (=) encountered while parsing (tag "%LISTA_GEST_PARC" with attributes). 
Invalid equal sign (=) encountered while parsing (tag "%STRSQL" with attributes). 
Invalid equal sign (=) encountered while parsing (tag "%STRSQL" with attributes). 
Invalid equal sign (=) encountered while parsing (tag "%STRSQL" with attributes). 
Invalid equal sign (=) encountered while parsing (tag "%STRSQL" with attributes). 
Invalid character (&) encountered while parsing (tag "%" with attributes if= LINHA=1 then= XSQL=UPDATE TBL_Protocolo_15_8_11 SET a002_horfin = '). 
Invalid character (&) encountered while parsing (tag "%" with attributes if= LINHA=1 then= XSQL=UPDATE TBL_Protocolo_15_8_11 SET a002_horfin = '). 
Invalid equal sign (=) encountered while parsing (tag "%LINHA" with attributes). 
Invalid equal sign (=) encountered while parsing (tag "%LINHA" with attributes). 
Invalid equal sign (=) encountered while parsing (tag "%LINHA" with attributes). 
Invalid equal sign (=) encountered while parsing (tag "%LINHA" with attributes). 
Invalid equal sign (=) encountered while parsing (tag "%LINHA" with attributes). 
Invalid equal sign (=) encountered while parsing (tag "%LINHA" with attributes). 
Invalid equal sign (=) encountered while parsing (tag "%LINHA" with attributes). 
Invalid equal sign (=) encountered while parsing (tag "%LINHA" with attributes). 
Invalid equal sign (=) encountered while parsing (tag "%LINHA" with attributes). 
Invalid equal sign (=) encountered while parsing (tag "%LINHA" with attributes). 
Invalid equal sign (=) encountered while parsing (tag "%LINHA" with attributes). 
Invalid equal sign (=) encountered while parsing (tag "%LINHA" with attributes). 
Invalid equal sign (=) encountered while parsing (tag "%LINHA" with attributes). 
Invalid equal sign (=) encountered while parsing (tag "%LINHA" with attributes). 
Invalid equal sign (=) encountered while parsing (tag "%LINHA" with attributes). 
Invalid equal sign (=) encountered while parsing (tag "%LINHA" with attributes). 
Invalid equal sign (=) encountered while parsing (tag "%LINHA" with attributes). 
Invalid equal sign (=) encountered while parsing (tag "%LINHA" with attributes). 
Invalid equal sign (=) encountered while parsing (tag "%LINHA" with attributes). 
Invalid equal sign (=) encountered while parsing (tag "%LINHA" with attributes). 
Invalid equal sign (=) encountered while parsing (tag "%LINHA" with attributes). 
Invalid equal sign (=) encountered while parsing (tag "%LINHA" with attributes). 
Invalid equal sign (=) encountered while parsing (tag "%LINHA" with attributes). 
Invalid equal sign (=) encountered while parsing (tag "%LINHA" with attributes). 
Invalid equal sign (=) encountered while parsing (tag "%LINHA" with attributes). 
Invalid equal sign (=) encountered while parsing (tag "%LINHA" with attributes). 
Invalid equal sign (=) encountered while parsing (tag "%LINHA" with attributes). 
Invalid equal sign (=) encountered while parsing (tag "%LINHA" with attributes). 
Invalid equal sign (=) encountered while parsing (tag "%LINHA" with attributes). 
Invalid equal sign (=) encountered while parsing (tag "%LINHA" with attributes). 
Invalid equal sign (=) encountered while parsing (tag "%LINHA" with attributes). 
Invalid equal sign (=) encountered while parsing (tag "%LINHA" with attributes). 
Invalid equal sign (=) encountered while parsing (tag "%LINHA" with attributes). 
Invalid equal sign (=) encountered while parsing (tag "%LINHA" with attributes). 
Invalid equal sign (=) encountered while parsing (tag "%LINHA" with attributes). 
Invalid equal sign (=) encountered while parsing (tag "%LINHA" with attributes). 
Invalid equal sign (=) encountered while parsing (tag "%LINHA" with attributes). 
Invalid equal sign (=) encountered while parsing (tag "%LINHA" with attributes). 
Invalid equal sign (=) encountered while parsing (tag "%LINHA" with attributes). 
Invalid equal sign (=) encountered while parsing (tag "%LINHA" with attributes). 
Invalid equal sign (=) encountered while parsing (tag "%LINHA" with attributes). 
Invalid equal sign (=) encountered while parsing (tag "%LINHA" with attributes). 
Invalid equal sign (=) encountered while parsing (tag "%LINHA" with attributes). 
Invalid equal sign (=) encountered while parsing (tag "%LINHA" with attributes). 
Invalid equal sign (=) encountered while parsing (tag "%LINHA" with attributes). 
Invalid equal sign (=) encountered while parsing (tag "%LINHA" with attributes). 
Invalid equal sign (=) encountered while parsing (tag "%LINHA" with attributes). 
Invalid equal sign (=) encountered while parsing (tag "%LINHA" with attributes). 
Invalid equal sign (=) encountered while parsing (tag "%LINHA" with attributes). 
Invalid character (+) encountered while parsing (tag "%END" with attributes if= LINHA=linha). 
Invalid character (+) encountered while parsing (tag "%END" with attributes if= LINHA=linha). 
Invalid character (+) encountered while parsing (tag "%END" with attributes if= LINHA=linha). 
Invalid character (+) encountered while parsing (tag "%END" with attributes if= LINHA=linha). 
Invalid equal sign (=) encountered while parsing (tag "%COR_LINHA" with attributes). 
Invalid equal sign (=) encountered while parsing (tag "%COR_LINHA" with attributes). 
Invalid equal sign (=) encountered while parsing (tag "%COR_LINHA" with attributes). 
Invalid equal sign (=) encountered while parsing (tag "%COR_LINHA" with attributes). 
Invalid equal sign (=) encountered while parsing (tag "%CABECA_ATIVO" with attributes). 
Invalid quoted string 'cd_codigo' encountered while parsing (tag "%" with attributes cd_user=session(). 
Invalid quoted string 'cd_codigo' encountered while parsing (tag "%" with attributes cd_user=session(). 
