Invalid character (+) encountered while parsing (tag "%RS.MOVENEXT" with attributes grava_info=compara sub_conta=sub_conta). 
Invalid character (+) encountered while parsing (tag "%RS.MOVENEXT" with attributes grava_info=compara sub_conta=sub_conta). 
Invalid character (+) encountered while parsing (tag "%RS.MOVENEXT" with attributes grava_info=compara sub_conta=sub_conta). 
Invalid character (+) encountered while parsing (tag "%RS.MOVENEXT" with attributes grava_info=compara sub_conta=sub_conta). 
Invalid equal sign (=) encountered while parsing (tag "%'TXTBUSCA" with attributes). 
Invalid equal sign (=) encountered while parsing (tag "%'TXTBUSCA" with attributes). 
Invalid equal sign (=) encountered while parsing (tag "%CD_UNIDADE" with attributes). 
Invalid equal sign (=) encountered while parsing (tag "%CD_UNIDADE" with attributes). 
Invalid quoted string '***     Define a quantidade de linhas por página     ***' encountered while parsing (tag "%'******************************************************" with attributes). 
Invalid quoted string '***     Define a quantidade de linhas por página     ***' encountered while parsing (tag "%'******************************************************" with attributes). 
Invalid quoted string '***     Define a quantidade de linhas por página     ***' encountered while parsing (tag "%'******************************************************" with attributes). 
Invalid quoted string '***     Define a quantidade de linhas por página     ***' encountered while parsing (tag "%'******************************************************" with attributes). 
Invalid quoted string '***     Define a quantidade de linhas por página     ***' encountered while parsing (tag "%'******************************************************" with attributes). 
Invalid quoted string '***     Define a quantidade de linhas por página     ***' encountered while parsing (tag "%'******************************************************" with attributes). 
Invalid quoted string '***     Define a quantidade de linhas por página     ***' encountered while parsing (tag "%'******************************************************" with attributes). 
Invalid quoted string '***     Define a quantidade de linhas por página     ***' encountered while parsing (tag "%'******************************************************" with attributes). 
Invalid quoted string '***     Define a quantidade de linhas por página     ***' encountered while parsing (tag "%'******************************************************" with attributes). 
Invalid quoted string '***     Define a quantidade de linhas por página     ***' encountered while parsing (tag "%'******************************************************" with attributes). 
Invalid quoted string '***     Define a quantidade de linhas por página     ***' encountered while parsing (tag "%'******************************************************" with attributes). 
Invalid quoted string '***     Define a quantidade de linhas por página     ***' encountered while parsing (tag "%'******************************************************" with attributes). 
Invalid quoted string '***     Define a quantidade de linhas por página     ***' encountered while parsing (tag "%'******************************************************" with attributes). 
Invalid quoted string '***     Define a quantidade de linhas por página     ***' encountered while parsing (tag "%'******************************************************" with attributes). 
Invalid quoted string '***     Define a quantidade de linhas por página     ***' encountered while parsing (tag "%'******************************************************" with attributes). 
Invalid quoted string '***     Define a quantidade de linhas por página     ***' encountered while parsing (tag "%'******************************************************" with attributes). 
Invalid quoted string '***     Define a quantidade de linhas por página     ***' encountered while parsing (tag "%'******************************************************" with attributes). 
Invalid quoted string '***     Define a quantidade de linhas por página     ***' encountered while parsing (tag "%'******************************************************" with attributes). 
Invalid quoted string '***     Define a quantidade de linhas por página     ***' encountered while parsing (tag "%'******************************************************" with attributes). 
Invalid quoted string '***     Define a quantidade de linhas por página     ***' encountered while parsing (tag "%'******************************************************" with attributes). 
Invalid quoted string '***     Define a quantidade de linhas por página     ***' encountered while parsing (tag "%'******************************************************" with attributes). 
Invalid quoted string '***     Define a quantidade de linhas por página     ***' encountered while parsing (tag "%'******************************************************" with attributes). 
Invalid quoted string '***     Define a quantidade de linhas por página     ***' encountered while parsing (tag "%'******************************************************" with attributes). 
Invalid quoted string '***     Define a quantidade de linhas por página     ***' encountered while parsing (tag "%'******************************************************" with attributes). 
Invalid quoted string '***     Define a quantidade de linhas por página     ***' encountered while parsing (tag "%'******************************************************" with attributes). 
Invalid character (+) encountered while parsing (tag "%" with attributes linha_numerar=1 reg_num=procedimentos). 
Invalid quoted string 'cod' encountered while parsing (tag "%" with attributes strcod=request(). 
Invalid quoted string 'cod' encountered while parsing (tag "%" with attributes strcod=request(). 
Invalid quoted string 'cod' encountered while parsing (tag "%" with attributes strcod=request(). 
Invalid equal sign (=) encountered while parsing (tag "%STRSQL_DIFF" with attributes). 
Invalid equal sign (=) encountered while parsing (tag "%STRSQL_DIFF" with attributes). 
Invalid equal sign (=) encountered while parsing (tag "%STRSQL_DIFF" with attributes). 
Invalid equal sign (=) encountered while parsing (tag "%STRSQL_DIFF" with attributes). 
Invalid equal sign (=) encountered while parsing (tag "%STRSQL_DIFF" with attributes). 
Invalid equal sign (=) encountered while parsing (tag "%DIFERENCA_TOTAL" with attributes). 
Invalid equal sign (=) encountered while parsing (tag "%DIFERENCA_TOTAL" with attributes). 
Invalid equal sign (=) encountered while parsing (tag "%LINHA_NUM" with attributes). 
Invalid equal sign (=) encountered while parsing (tag "%LINHA_NUM" with attributes). 
Invalid character (&) encountered while parsing (tag "%" with attributes strsql_diff=SELECT * FROM TBL_Protocolo WHERE (NOT EXISTS (SELECT * FROM VIEW_protocolo_lista WHERE TBL_Protocolo.a002_numseq = VIEW_protocolo_lista.a002_numseq)) AND (A002_datpro BETWEEN '). 
Invalid character (&) encountered while parsing (tag "%" with attributes strsql_diff=SELECT * FROM TBL_Protocolo WHERE (NOT EXISTS (SELECT * FROM VIEW_protocolo_lista WHERE TBL_Protocolo.a002_numseq = VIEW_protocolo_lista.a002_numseq)) AND (A002_datpro BETWEEN '). 
Invalid character (&) encountered while parsing (tag "%" with attributes strsql_diff=SELECT * FROM TBL_Protocolo WHERE (NOT EXISTS (SELECT * FROM VIEW_protocolo_lista WHERE TBL_Protocolo.a002_numseq = VIEW_protocolo_lista.a002_numseq)) AND (A002_datpro BETWEEN '). 
Invalid character (&) encountered while parsing (tag "%" with attributes strsql_diff=SELECT * FROM TBL_Protocolo WHERE (NOT EXISTS (SELECT * FROM VIEW_protocolo_lista WHERE TBL_Protocolo.a002_numseq = VIEW_protocolo_lista.a002_numseq)) AND (A002_datpro BETWEEN '). 
Invalid character (&) encountered while parsing (tag "%" with attributes strsql_diff=SELECT * FROM TBL_Protocolo WHERE (NOT EXISTS (SELECT * FROM VIEW_protocolo_lista WHERE TBL_Protocolo.a002_numseq = VIEW_protocolo_lista.a002_numseq)) AND (A002_datpro BETWEEN '). 
Invalid character (&) encountered while parsing (tag "%" with attributes strsql_diff=SELECT * FROM TBL_Protocolo WHERE (NOT EXISTS (SELECT * FROM VIEW_protocolo_lista WHERE TBL_Protocolo.a002_numseq = VIEW_protocolo_lista.a002_numseq)) AND (A002_datpro BETWEEN '). 
Invalid character (&) encountered while parsing (tag "%" with attributes strsql_diff=SELECT * FROM TBL_Protocolo WHERE (NOT EXISTS (SELECT * FROM VIEW_protocolo_lista WHERE TBL_Protocolo.a002_numseq = VIEW_protocolo_lista.a002_numseq)) AND (A002_datpro BETWEEN '). 
Invalid quoted string 'dia_sel' encountered while parsing (tag "%" with attributes dt_inicio_sys=01/01/2005 nome_arquivo='nome_arquivo = request("arquivo") dia_sel=zero(request(). 
Invalid quoted string 'dia_sel' encountered while parsing (tag "%" with attributes dt_inicio_sys=01/01/2005 nome_arquivo='nome_arquivo = request("arquivo") dia_sel=zero(request(). 
Invalid quoted string 'dia_sel' encountered while parsing (tag "%" with attributes dt_inicio_sys=01/01/2005 nome_arquivo='nome_arquivo = request("arquivo") dia_sel=zero(request(). 
Invalid quoted string 'dia_sel' encountered while parsing (tag "%" with attributes dt_inicio_sys=01/01/2005 nome_arquivo='nome_arquivo = request("arquivo") dia_sel=zero(request(). 
Invalid quoted string 'dia_sel' encountered while parsing (tag "%" with attributes dt_inicio_sys=01/01/2005 nome_arquivo='nome_arquivo = request("arquivo") dia_sel=zero(request(). 
Invalid quoted string 'dia_sel' encountered while parsing (tag "%" with attributes dt_inicio_sys=01/01/2005 nome_arquivo='nome_arquivo = request("arquivo") dia_sel=zero(request(). 
Invalid quoted string 'dia_sel' encountered while parsing (tag "%" with attributes dt_inicio_sys=01/01/2005 nome_arquivo='nome_arquivo = request("arquivo") dia_sel=zero(request(). 
Invalid quoted string 'dia_sel' encountered while parsing (tag "%" with attributes dt_inicio_sys=01/01/2005 nome_arquivo='nome_arquivo = request("arquivo") dia_sel=zero(request(). 
Invalid quoted string 'dia_sel' encountered while parsing (tag "%" with attributes dt_inicio_sys=01/01/2005 nome_arquivo='nome_arquivo = request("arquivo") dia_sel=zero(request(). 
Invalid quoted string 'dia_sel' encountered while parsing (tag "%" with attributes dt_inicio_sys=01/01/2007 nome_arquivo='nome_arquivo = request("arquivo") dia_sel=zero(request(). 
Invalid quoted string 'dia_sel' encountered while parsing (tag "%" with attributes dt_inicio_sys=01/01/2007 nome_arquivo='nome_arquivo = request("arquivo") dia_sel=zero(request(). 
Invalid quoted string 'dia_sel' encountered while parsing (tag "%" with attributes dt_inicio_sys=01/01/2007 nome_arquivo='nome_arquivo = request("arquivo") dia_sel=zero(request(). 
Invalid quoted string 'dia_sel' encountered while parsing (tag "%" with attributes dt_inicio_sys=01/01/2007 nome_arquivo='nome_arquivo = request("arquivo") dia_sel=zero(request(). 
Invalid quoted string 'dia_sel' encountered while parsing (tag "%" with attributes dt_inicio_sys=01/01/2007 nome_arquivo='nome_arquivo = request("arquivo") dia_sel=zero(request(). 
Invalid quoted string 'dia_sel' encountered while parsing (tag "%" with attributes dt_inicio_sys=01/01/2007 nome_arquivo='nome_arquivo = request("arquivo") dia_sel=zero(request(). 
Invalid quoted string 'dia_sel' encountered while parsing (tag "%" with attributes dt_inicio_sys=01/01/2007 nome_arquivo='nome_arquivo = request("arquivo") dia_sel=zero(request(). 
Invalid quoted string 'dia_sel' encountered while parsing (tag "%" with attributes dt_inicio_sys=01/01/2007 nome_arquivo='nome_arquivo = request("arquivo") dia_sel=zero(request(). 
Invalid quoted string 'dia_sel' encountered while parsing (tag "%" with attributes dt_inicio_sys=01/01/2007 nome_arquivo='nome_arquivo = request("arquivo") dia_sel=zero(request(). 
Invalid equal sign (=) encountered while parsing (tag "%STRSQL_PENDENTES" with attributes). 
Invalid equal sign (=) encountered while parsing (tag "%STRSQL_PENDENTES" with attributes). 
Invalid equal sign (=) encountered while parsing (tag "%STRSQL_PENDENTES" with attributes). 
Invalid equal sign (=) encountered while parsing (tag "%STRSQL_PENDENTES" with attributes). 
Invalid equal sign (=) encountered while parsing (tag "%STRSQL_PENDENTES" with attributes). 
Invalid equal sign (=) encountered while parsing (tag "%STRSQL_PENDENTES" with attributes). 
Invalid equal sign (=) encountered while parsing (tag "%X" with attributes). 
Invalid equal sign (=) encountered while parsing (tag "%X" with attributes). 
Invalid equal sign (=) encountered while parsing (tag "%X" with attributes). 
Invalid equal sign (=) encountered while parsing (tag "%X" with attributes). 
Invalid equal sign (=) encountered while parsing (tag "%X" with attributes). 
Invalid equal sign (=) encountered while parsing (tag "%X" with attributes). 
Invalid equal sign (=) encountered while parsing (tag "%X" with attributes). 
Invalid equal sign (=) encountered while parsing (tag "%X" with attributes). 
Invalid equal sign (=) encountered while parsing (tag "%X" with attributes). 
Invalid equal sign (=) encountered while parsing (tag "%X" with attributes). 
Invalid equal sign (=) encountered while parsing (tag "%X" with attributes). 
Invalid equal sign (=) encountered while parsing (tag "%X" with attributes). 
Invalid equal sign (=) encountered while parsing (tag "%X" with attributes). 
Invalid equal sign (=) encountered while parsing (tag "%X" with attributes). 
Invalid equal sign (=) encountered while parsing (tag "%X" with attributes). 
Invalid equal sign (=) encountered while parsing (tag "%X" with attributes). 
Invalid equal sign (=) encountered while parsing (tag "%X" with attributes). 
Invalid equal sign (=) encountered while parsing (tag "%X" with attributes). 
Invalid equal sign (=) encountered while parsing (tag "%X" with attributes). 
Invalid equal sign (=) encountered while parsing (tag "%X" with attributes). 
Invalid equal sign (=) encountered while parsing (tag "%X" with attributes). 
Invalid quoted string 'a002_numpro' encountered while parsing (tag "%IF" with attributes not= RS_PENDENTES.EOF= THEN= A002_PROTOCOLO=rs_pendentes(). 
Invalid quoted string 'a002_numpro' encountered while parsing (tag "%IF" with attributes not= RS_PENDENTES.EOF= THEN= A002_PROTOCOLO=rs_pendentes(). 
Invalid quoted string 'a002_numpro' encountered while parsing (tag "%IF" with attributes not= RS_PENDENTES.EOF= THEN= A002_PROTOCOLO=rs_pendentes(). 
Invalid equal sign (=) encountered while parsing (tag "%CD_UNIDADE" with attributes). 
Invalid equal sign (=) encountered while parsing (tag "%CD_UNIDADE" with attributes). 
Invalid equal sign (=) encountered while parsing (tag "%CD_UNIDADE" with attributes). 
Invalid quoted string 'cd_codigo' encountered while parsing (tag "%WHILE" with attributes not= RS_ETIQ.EOF= CD_CODIGO=rs_etiq(). 
Invalid quoted string 'cd_codigo' encountered while parsing (tag "%WHILE" with attributes not= RS_ETIQ.EOF= CD_CODIGO=rs_etiq(). 
Invalid quoted string 'cd_codigo' encountered while parsing (tag "%WHILE" with attributes not= RS_ETIQ.EOF= CD_CODIGO=rs_etiq(). 
Invalid quoted string 'cd_codigo' encountered while parsing (tag "%WHILE" with attributes not= RS_ETIQ.EOF= CD_CODIGO=rs_etiq(). 
Invalid quoted string 'cd_codigo' encountered while parsing (tag "%WHILE" with attributes not= RS_ETIQ.EOF= CD_CODIGO=rs_etiq(). 
Invalid quoted string 'cd_codigo' encountered while parsing (tag "%WHILE" with attributes not= RS_ETIQ.EOF= CD_CODIGO=rs_etiq(). 
Invalid quoted string 'cd_codigo' encountered while parsing (tag "%WHILE" with attributes not= RS_ETIQ.EOF= CD_CODIGO=rs_etiq(). 
Invalid quoted string 'cd_codigo' encountered while parsing (tag "%WHILE" with attributes not= RS_ETIQ.EOF= CD_CODIGO=rs_etiq(). 
Invalid quoted string 'cd_codigo' encountered while parsing (tag "%WHILE" with attributes not= RS_ETIQ.EOF= CD_CODIGO=rs_etiq(). 
Invalid quoted string 'cd_codigo' encountered while parsing (tag "%WHILE" with attributes not= RS_ETIQ.EOF= CD_CODIGO=rs_etiq(). 
Invalid quoted string 'cd_codigo' encountered while parsing (tag "%WHILE" with attributes not= RS_ETIQ.EOF= CD_CODIGO=rs_etiq(). 
Invalid quoted string 'cd_codigo' encountered while parsing (tag "%WHILE" with attributes not= RS_ETIQ.EOF= CD_CODIGO=rs_etiq(). 
Invalid quoted string 'cd_codigo' encountered while parsing (tag "%WHILE" with attributes not= RS_ETIQ.EOF= CD_CODIGO=rs_etiq(). 
Invalid quoted string 'cd_codigo' encountered while parsing (tag "%WHILE" with attributes not= RS_ETIQ.EOF= CD_CODIGO=rs_etiq(). 
